15 [main] INFO nl.utwente.fmt.rers.Main - multiplier is: 1.0
15 [main] INFO nl.utwente.fmt.rers.Main - minimum unfolds is : 3
205 [main] INFO nl.utwente.fmt.rers.RERSExperiment - Parsed formula #1: (false R (!(letter == "Z") || ((!(((letter == "W") && !(letter == "C")) && X (!(letter == "C") U ((letter == "S") && !(letter == "C")))) U ((letter == "C") || (letter == "U"))) || (false R !((letter == "W") && X (true U (letter == "S")))))))
207 [main] INFO nl.utwente.fmt.rers.RERSExperiment - Parsed formula #2: (false R ((letter == "B") && (!!(letter == "F") || ((!(letter == "C") || (!(letter == "F") U ((letter == "X") && !(letter == "F")))) W (letter == "F")))))
209 [main] INFO nl.utwente.fmt.rers.RERSExperiment - Parsed formula #3: (!(true U (letter == "X")) || (!(letter == "S") U ((letter == "Z") || (letter == "X"))))
211 [main] INFO nl.utwente.fmt.rers.RERSExperiment - Parsed formula #4: (false R (!((letter == "F") && (true U (letter == "A"))) || (!(letter == "O") U ((letter == "A") || (((letter == "U") && !(letter == "O")) && X (!(letter == "O") U (letter == "B")))))))
212 [main] INFO nl.utwente.fmt.rers.RERSExperiment - Parsed formula #5: (false R (!(letter == "G") || (false R (!(letter == "H") || ((letter == "T") && X (true U (letter == "Q")))))))
213 [main] INFO nl.utwente.fmt.rers.RERSExperiment - Parsed formula #6: (false R (!(letter == "V") || ((!(((letter == "X") && !(letter == "O")) && X (!(letter == "O") U ((letter == "T") && !(letter == "O")))) U ((letter == "O") || (letter == "G"))) || (false R !((letter == "X") && X (true U (letter == "T")))))))
214 [main] INFO nl.utwente.fmt.rers.RERSExperiment - Parsed formula #7: (false R (!(letter == "I") || (true U ((letter == "P") && X (true U (letter == "Q"))))))
215 [main] INFO nl.utwente.fmt.rers.RERSExperiment - Parsed formula #8: (false R (!((letter == "Z") && (true U (letter == "G"))) || (!(((letter == "U") && !(letter == "G")) && X (!(letter == "G") U ((letter == "X") && !(letter == "G")))) U ((letter == "G") || (letter == "F")))))
215 [main] INFO nl.utwente.fmt.rers.RERSExperiment - Parsed formula #9: (false R (!(letter == "H") || (true U ((letter == "V") && X (true U (letter == "Y"))))))
216 [main] INFO nl.utwente.fmt.rers.RERSExperiment - Parsed formula #10: ((false R !(letter == "E")) || (true U ((letter == "E") && (!(letter == "Z") W (letter == "T")))))
216 [main] INFO nl.utwente.fmt.rers.RERSExperiment - Parsed formula #11: (!(true U (letter == "Q")) || (!(letter == "Q") U (((letter == "U") && !(letter == "Q")) && X (!(letter == "Q") U (letter == "A")))))
217 [main] INFO nl.utwente.fmt.rers.RERSExperiment - Parsed formula #12: (false R (!(letter == "R") || (false R (!(letter == "E") || ((letter == "O") && X (true U (letter == "V")))))))
218 [main] INFO nl.utwente.fmt.rers.RERSExperiment - Parsed formula #13: (false R (!((letter == "Z") && (true U (letter == "I"))) || (((letter == "H") && (!X (!(letter == "I") U (letter == "D")) || X (!(letter == "I") U ((letter == "D") && (true U (letter == "W")))))) U (letter == "I"))))
218 [main] INFO nl.utwente.fmt.rers.RERSExperiment - Parsed formula #14: (false R (!(letter == "E") || (true U (((letter == "S") && !(letter == "X")) && X (!(letter == "X") U (letter == "T"))))))
219 [main] INFO nl.utwente.fmt.rers.RERSExperiment - Parsed formula #15: (!(true U (letter == "Q")) || ((!(letter == "J") || (!(letter == "Q") U ((((letter == "S") && !(letter == "Q")) && !(letter == "P")) && X ((!(letter == "Q") && !(letter == "P")) U (letter == "Z"))))) U (letter == "Q")))
220 [main] INFO nl.utwente.fmt.rers.RERSExperiment - Parsed formula #16: (!(true U ((letter == "T") && X (true U (letter == "Y")))) || (!(letter == "T") U (letter == "W")))
220 [main] INFO nl.utwente.fmt.rers.RERSExperiment - Parsed formula #17: (!(true U (letter == "A")) || (!(letter == "W") U ((letter == "A") || (((letter == "H") && !(letter == "W")) && X (!(letter == "W") U (letter == "I"))))))
221 [main] INFO nl.utwente.fmt.rers.RERSExperiment - Parsed formula #18: (false R (!(letter == "F") || ((!(letter == "C") || (!(letter == "O") U ((((letter == "Y") && !(letter == "O")) && !(letter == "R")) && X ((!(letter == "O") && !(letter == "R")) U (letter == "T"))))) U ((letter == "O") || (false R (!(letter == "C") || (((letter == "Y") && !(letter == "R")) && X (!(letter == "R") U (letter == "T")))))))))
221 [main] INFO nl.utwente.fmt.rers.RERSExperiment - Parsed formula #19: ((false R !(letter == "D")) || (true U ((letter == "D") && (!(letter == "P") W (letter == "R")))))
221 [main] INFO nl.utwente.fmt.rers.RERSExperiment - Parsed formula #20: (!(true U ((letter == "U") && X (true U (letter == "Y")))) || (!(letter == "U") U (letter == "E")))
222 [main] INFO nl.utwente.fmt.rers.RERSExperiment - Parsed formula #21: (false R (!(letter == "H") || ((!(letter == "C") || (!(letter == "O") U ((((letter == "X") && !(letter == "O")) && !(letter == "P")) && X ((!(letter == "O") && !(letter == "P")) U (letter == "Y"))))) U ((letter == "O") || (false R (!(letter == "C") || (((letter == "X") && !(letter == "P")) && X (!(letter == "P") U (letter == "Y")))))))))
223 [main] INFO nl.utwente.fmt.rers.RERSExperiment - Parsed formula #22: (false R (!((letter == "T") && (true U (letter == "B"))) || (((letter == "E") && (!X (!(letter == "B") U (letter == "G")) || X (!(letter == "B") U ((letter == "G") && (true U (letter == "O")))))) U (letter == "B"))))
223 [main] INFO nl.utwente.fmt.rers.RERSExperiment - Parsed formula #23: ((false R !(letter == "Z")) || (true U ((letter == "Z") && (!(letter == "V") W (letter == "O")))))
224 [main] INFO nl.utwente.fmt.rers.RERSExperiment - Parsed formula #24: (false R (!(letter == "S") || (false R ((letter == "J") && (!X (true U (letter == "I")) || X (!(letter == "I") U ((letter == "I") && (true U (letter == "Z")))))))))
224 [main] INFO nl.utwente.fmt.rers.RERSExperiment - Parsed formula #25: (false R (!((letter == "O") && (true U (letter == "T"))) || (!(((letter == "S") && !(letter == "T")) && X (!(letter == "T") U ((letter == "W") && !(letter == "T")))) U ((letter == "T") || (letter == "V")))))
224 [main] INFO nl.utwente.fmt.rers.RERSExperiment - Parsed formula #26: (!(true U (letter == "F")) || (((letter == "G") && (!X (!(letter == "F") U (letter == "B")) || X (!(letter == "F") U ((letter == "B") && (true U (letter == "V")))))) U (letter == "F")))
225 [main] INFO nl.utwente.fmt.rers.RERSExperiment - Parsed formula #27: (!(true U (letter == "R")) || (!(letter == "R") U (((letter == "J") && !(letter == "R")) && X (!(letter == "R") U (letter == "D")))))
225 [main] INFO nl.utwente.fmt.rers.RERSExperiment - Parsed formula #28: (!(true U (letter == "A")) || (!(letter == "W") U ((letter == "C") || (letter == "A"))))
225 [main] INFO nl.utwente.fmt.rers.RERSExperiment - Parsed formula #29: (false R (!((letter == "J") && (true U (letter == "E"))) || (!(letter == "O") U ((letter == "E") || (((letter == "P") && !(letter == "O")) && X (!(letter == "O") U (letter == "Z")))))))
226 [main] INFO nl.utwente.fmt.rers.RERSExperiment - Parsed formula #30: (false R (!(((letter == "I") && !(letter == "P")) && (true U (letter == "P"))) || ((!(letter == "E") || (!(letter == "P") U ((letter == "S") && !(letter == "P")))) U (letter == "P"))))
226 [main] INFO nl.utwente.fmt.rers.RERSExperiment - Parsed formula #31: (!(true U (letter == "Q")) || ((!(letter == "D") || (!(letter == "Q") U ((letter == "P") && !(letter == "Q")))) U (letter == "Q")))
226 [main] INFO nl.utwente.fmt.rers.RERSExperiment - Parsed formula #32: (!(true U (letter == "V")) || (!(((letter == "O") && !(letter == "V")) && X (!(letter == "V") U ((letter == "Z") && !(letter == "V")))) U ((letter == "V") || (letter == "B"))))
226 [main] INFO nl.utwente.fmt.rers.RERSExperiment - Parsed formula #33: (false R (!(letter == "H") || (true U ((letter == "V") && X (true U (letter == "U"))))))
227 [main] INFO nl.utwente.fmt.rers.RERSExperiment - Parsed formula #34: (!(true U (letter == "O")) || ((!(letter == "C") || (!(letter == "O") U ((letter == "U") && !(letter == "O")))) U (letter == "O")))
227 [main] INFO nl.utwente.fmt.rers.RERSExperiment - Parsed formula #35: ((false R !(letter == "T")) || (!(letter == "T") U ((letter == "T") && (!(true U (letter == "S")) || (!(letter == "S") U (((letter == "B") && !(letter == "S")) && X (!(letter == "S") U (letter == "Q"))))))))
227 [main] INFO nl.utwente.fmt.rers.RERSExperiment - Parsed formula #36: (false R (!(letter == "I") || (true U (letter == "W"))))
228 [main] INFO nl.utwente.fmt.rers.RERSExperiment - Parsed formula #37: (false R (!((letter == "J") && (true U (letter == "H"))) || (!(((letter == "Q") && !(letter == "H")) && X (!(letter == "H") U ((letter == "V") && !(letter == "H")))) U ((letter == "H") || (letter == "D")))))
228 [main] INFO nl.utwente.fmt.rers.RERSExperiment - Parsed formula #38: (false R (!(letter == "A") || (false R ((letter == "B") && (!X (true U (letter == "F")) || X (!(letter == "F") U ((letter == "F") && (true U (letter == "Q")))))))))
228 [main] INFO nl.utwente.fmt.rers.RERSExperiment - Parsed formula #39: (false R (!(letter == "I") || (true U ((letter == "Q") && X (true U (letter == "V"))))))
229 [main] INFO nl.utwente.fmt.rers.RERSExperiment - Parsed formula #40: (false R (!(letter == "G") || (false R (!(letter == "J") || (true U (letter == "R"))))))
229 [main] INFO nl.utwente.fmt.rers.RERSExperiment - Parsed formula #41: ((false R !(letter == "S")) || (!(letter == "S") U ((letter == "S") && (!(true U (letter == "P")) || (!(letter == "P") U (((letter == "O") && !(letter == "P")) && X (!(letter == "P") U (letter == "I"))))))))
229 [main] INFO nl.utwente.fmt.rers.RERSExperiment - Parsed formula #42: ((false R !(letter == "D")) || (true U ((letter == "D") && (!(letter == "S") W (letter == "U")))))
230 [main] INFO nl.utwente.fmt.rers.RERSExperiment - Parsed formula #43: (false R (!(letter == "D") || (true U ((letter == "W") && X (true U (letter == "P"))))))
230 [main] INFO nl.utwente.fmt.rers.RERSExperiment - Parsed formula #44: (false R (!(letter == "C") || ((!(letter == "I") || (!(letter == "U") U (((letter == "Q") && !(letter == "U")) && X (!(letter == "U") U (letter == "O"))))) U ((letter == "U") || (false R (!(letter == "I") || ((letter == "Q") && X (true U (letter == "O")))))))))
231 [main] INFO nl.utwente.fmt.rers.RERSExperiment - Parsed formula #45: (false R ((letter == "U") && (!!(letter == "W") || (!(letter == "Z") W ((letter == "O") || (letter == "W"))))))
231 [main] INFO nl.utwente.fmt.rers.RERSExperiment - Parsed formula #46: (false R (!(letter == "J") || (true U ((letter == "X") && X (true U (letter == "Q"))))))
231 [main] INFO nl.utwente.fmt.rers.RERSExperiment - Parsed formula #47: (false R (!(letter == "V") || (false R (!(letter == "C") || (((letter == "S") && !(letter == "T")) && X (!(letter == "T") U (letter == "Z")))))))
231 [main] INFO nl.utwente.fmt.rers.RERSExperiment - Parsed formula #48: (!(true U (letter == "R")) || ((!(letter == "F") || (!(letter == "R") U ((((letter == "U") && !(letter == "R")) && !(letter == "W")) && X ((!(letter == "R") && !(letter == "W")) U (letter == "S"))))) U (letter == "R")))
232 [main] INFO nl.utwente.fmt.rers.RERSExperiment - Parsed formula #49: (false R (!((letter == "A") && (true U (letter == "W"))) || (!(letter == "O") U ((letter == "W") || (((letter == "Z") && !(letter == "O")) && X (!(letter == "O") U (letter == "E")))))))
232 [main] INFO nl.utwente.fmt.rers.RERSExperiment - Parsed formula #50: (false R (!(letter == "H") || ((!(letter == "E") || (!(letter == "X") U (((letter == "U") && !(letter == "X")) && X (!(letter == "X") U (letter == "V"))))) U ((letter == "X") || (false R (!(letter == "E") || ((letter == "U") && X (true U (letter == "V")))))))))
232 [main] INFO nl.utwente.fmt.rers.RERSExperiment - Parsed formula #51: (false R (!(letter == "S") || ((!(letter == "J") || (!(letter == "Z") U ((((letter == "X") && !(letter == "Z")) && !(letter == "R")) && X ((!(letter == "Z") && !(letter == "R")) U (letter == "U"))))) U ((letter == "Z") || (false R (!(letter == "J") || (((letter == "X") && !(letter == "R")) && X (!(letter == "R") U (letter == "U")))))))))
232 [main] INFO nl.utwente.fmt.rers.RERSExperiment - Parsed formula #52: (false R (!((letter == "A") && (true U (letter == "W"))) || (((letter == "H") && (!X (!(letter == "W") U (letter == "I")) || X (!(letter == "W") U ((letter == "I") && (true U (letter == "S")))))) U (letter == "W"))))
233 [main] INFO nl.utwente.fmt.rers.RERSExperiment - Parsed formula #53: (!(true U (letter == "T")) || (!(letter == "Z") U ((letter == "P") || (letter == "T"))))
233 [main] INFO nl.utwente.fmt.rers.RERSExperiment - Parsed formula #54: (!(true U (letter == "S")) || (!(letter == "V") U ((letter == "S") || (((letter == "O") && !(letter == "V")) && X (!(letter == "V") U (letter == "G"))))))
233 [main] INFO nl.utwente.fmt.rers.RERSExperiment - Parsed formula #55: (false R (!(letter == "Q") || (!(true U (letter == "Y")) || (!(letter == "Y") U ((letter == "X") || (((letter == "Z") && !(letter == "Y")) && X (!(letter == "Y") U (letter == "B"))))))))
233 [main] INFO nl.utwente.fmt.rers.RERSExperiment - Parsed formula #56: (false R ((letter == "U") && (!!(letter == "D") || ((!(letter == "C") || (!(letter == "D") U ((letter == "T") && !(letter == "D")))) W (letter == "D")))))
233 [main] INFO nl.utwente.fmt.rers.RERSExperiment - Parsed formula #57: (!(true U (letter == "J")) || (!(letter == "Z") U ((letter == "J") || (((letter == "W") && !(letter == "Z")) && X (!(letter == "Z") U (letter == "I"))))))
234 [main] INFO nl.utwente.fmt.rers.RERSExperiment - Parsed formula #58: (!(true U (letter == "O")) || (!(letter == "X") U ((letter == "E") || (letter == "O"))))
234 [main] INFO nl.utwente.fmt.rers.RERSExperiment - Parsed formula #59: (false R (!(letter == "A") || (true U ((letter == "X") && X (true U (letter == "Q"))))))
234 [main] INFO nl.utwente.fmt.rers.RERSExperiment - Parsed formula #60: (!(letter == "S") W (letter == "X"))
234 [main] INFO nl.utwente.fmt.rers.RERSExperiment - Parsed formula #61: (false R (!(letter == "F") || (true U ((letter == "Q") && X (true U (letter == "P"))))))
234 [main] INFO nl.utwente.fmt.rers.RERSExperiment - Parsed formula #62: ((false R !(letter == "W")) || (!(letter == "W") U ((letter == "W") && (!(true U ((letter == "Z") && X (true U (letter == "X")))) || (!(letter == "Z") U (letter == "I"))))))
235 [main] INFO nl.utwente.fmt.rers.RERSExperiment - Parsed formula #63: (false R (!(letter == "J") || (!(true U (letter == "T")) || (!(letter == "T") U ((letter == "R") || (((letter == "E") && !(letter == "T")) && X (!(letter == "T") U (letter == "F"))))))))
236 [main] INFO nl.utwente.fmt.rers.RERSExperiment - Parsed formula #64: (false R (!(((letter == "I") && !(letter == "D")) && (true U (letter == "D"))) || (!(letter == "R") U ((letter == "F") || (letter == "D")))))
236 [main] INFO nl.utwente.fmt.rers.RERSExperiment - Parsed formula #65: (false R (!(((letter == "U") && !(letter == "O")) && (true U (letter == "O"))) || (!(letter == "S") U ((letter == "Y") || (letter == "O")))))
236 [main] INFO nl.utwente.fmt.rers.RERSExperiment - Parsed formula #66: (false R (!((letter == "R") && (true U (letter == "Q"))) || (!(letter == "W") U ((letter == "Q") || (((letter == "X") && !(letter == "W")) && X (!(letter == "W") U (letter == "E")))))))
237 [main] INFO nl.utwente.fmt.rers.RERSExperiment - Parsed formula #67: (!(true U (letter == "U")) || (!(((letter == "X") && !(letter == "U")) && X (!(letter == "U") U ((letter == "W") && !(letter == "U")))) U ((letter == "U") || (letter == "E"))))
237 [main] INFO nl.utwente.fmt.rers.RERSExperiment - Parsed formula #68: (false R (!((letter == "C") && (true U (letter == "A"))) || (!(letter == "V") U ((letter == "A") || (((letter == "P") && !(letter == "V")) && X (!(letter == "V") U (letter == "X")))))))
237 [main] INFO nl.utwente.fmt.rers.RERSExperiment - Parsed formula #69: (false R ((letter == "Y") && (!!(letter == "R") || (!(letter == "U") W ((letter == "D") || (letter == "R"))))))
237 [main] INFO nl.utwente.fmt.rers.RERSExperiment - Parsed formula #70: (!(true U (letter == "H")) || (!(((letter == "O") && !(letter == "H")) && X (!(letter == "H") U ((letter == "R") && !(letter == "H")))) U ((letter == "H") || (letter == "W"))))
237 [main] INFO nl.utwente.fmt.rers.RERSExperiment - Parsed formula #71: (false R (!((letter == "D") && (true U (letter == "Y"))) || (((letter == "E") && (!X (!(letter == "Y") U (letter == "I")) || X (!(letter == "Y") U ((letter == "I") && (true U (letter == "P")))))) U (letter == "Y"))))
238 [main] INFO nl.utwente.fmt.rers.RERSExperiment - Parsed formula #72: ((false R !(letter == "I")) || (!(letter == "I") U ((letter == "I") && (!(true U (letter == "W")) || (!(letter == "W") U (((letter == "U") && !(letter == "W")) && X (!(letter == "W") U (letter == "Y"))))))))
238 [main] INFO nl.utwente.fmt.rers.RERSExperiment - Parsed formula #73: (!(letter == "Q") W (letter == "C"))
238 [main] INFO nl.utwente.fmt.rers.RERSExperiment - Parsed formula #74: ((false R !(letter == "E")) || (!(letter == "E") U ((letter == "E") && (!(true U ((letter == "V") && X (true U (letter == "Q")))) || (!(letter == "V") U (letter == "W"))))))
238 [main] INFO nl.utwente.fmt.rers.RERSExperiment - Parsed formula #75: (false R (!((letter == "P") && (true U (letter == "Z"))) || (((letter == "A") && (!X (!(letter == "Z") U (letter == "J")) || X (!(letter == "Z") U ((letter == "J") && (true U (letter == "V")))))) U (letter == "Z"))))
239 [main] INFO nl.utwente.fmt.rers.RERSExperiment - Parsed formula #76: (false R (!(letter == "S") || (!(true U (letter == "T")) || (!(letter == "T") U ((letter == "V") || (((letter == "C") && !(letter == "T")) && X (!(letter == "T") U (letter == "Q"))))))))
239 [main] INFO nl.utwente.fmt.rers.RERSExperiment - Parsed formula #77: (!(true U (letter == "C")) || ((!(letter == "J") || (!(letter == "C") U (((letter == "P") && !(letter == "C")) && X (!(letter == "C") U (letter == "O"))))) U (letter == "C")))
239 [main] INFO nl.utwente.fmt.rers.RERSExperiment - Parsed formula #78: (!(true U (letter == "D")) || (!(letter == "T") U ((letter == "D") || (((letter == "W") && !(letter == "T")) && X (!(letter == "T") U (letter == "H"))))))
239 [main] INFO nl.utwente.fmt.rers.RERSExperiment - Parsed formula #79: (false R (!(letter == "G") || (false R (!(letter == "J") || (true U (letter == "W"))))))
239 [main] INFO nl.utwente.fmt.rers.RERSExperiment - Parsed formula #80: ((false R !(letter == "Z")) || (!(letter == "Z") U ((letter == "Z") && (!(true U ((letter == "X") && X (true U (letter == "Q")))) || (!(letter == "X") U (letter == "D"))))))
239 [main] INFO nl.utwente.fmt.rers.RERSExperiment - Parsed formula #81: (false R (!(((letter == "Q") && !(letter == "B")) && (true U (letter == "B"))) || (!(letter == "W") U ((letter == "O") || (letter == "B")))))
240 [main] INFO nl.utwente.fmt.rers.RERSExperiment - Parsed formula #82: ((false R !(letter == "J")) || (true U ((letter == "J") && (!(letter == "R") W (letter == "C")))))
240 [main] INFO nl.utwente.fmt.rers.RERSExperiment - Parsed formula #83: (false R (!(((letter == "X") && !(letter == "P")) && (true U (letter == "P"))) || ((!(letter == "C") || (!(letter == "P") U ((letter == "S") && !(letter == "P")))) U (letter == "P"))))
240 [main] INFO nl.utwente.fmt.rers.RERSExperiment - Parsed formula #84: (false R (!((letter == "P") && (true U (letter == "S"))) || (!(((letter == "Z") && !(letter == "S")) && X (!(letter == "S") U ((letter == "R") && !(letter == "S")))) U ((letter == "S") || (letter == "O")))))
240 [main] INFO nl.utwente.fmt.rers.RERSExperiment - Parsed formula #85: ((false R !(letter == "H")) || (!(letter == "H") U ((letter == "H") && (!(true U ((letter == "S") && X (true U (letter == "X")))) || (!(letter == "S") U (letter == "V"))))))
240 [main] INFO nl.utwente.fmt.rers.RERSExperiment - Parsed formula #86: (false R (!(letter == "D") || (!(true U (letter == "Q")) || (!(letter == "Q") U ((letter == "B") || (((letter == "C") && !(letter == "Q")) && X (!(letter == "Q") U (letter == "Y"))))))))
241 [main] INFO nl.utwente.fmt.rers.RERSExperiment - Parsed formula #87: (!(true U (letter == "O")) || ((!(letter == "D") || (!(letter == "O") U ((((letter == "V") && !(letter == "O")) && !(letter == "T")) && X ((!(letter == "O") && !(letter == "T")) U (letter == "S"))))) U (letter == "O")))
241 [main] INFO nl.utwente.fmt.rers.RERSExperiment - Parsed formula #88: (false R ((letter == "P") && (!!(letter == "W") || ((!(letter == "I") || (!(letter == "W") U ((letter == "Y") && !(letter == "W")))) W (letter == "W")))))
242 [main] INFO nl.utwente.fmt.rers.RERSExperiment - Parsed formula #89: (!(true U (letter == "H")) || ((!(letter == "E") || (!(letter == "H") U ((letter == "S") && !(letter == "H")))) U (letter == "H")))
242 [main] INFO nl.utwente.fmt.rers.RERSExperiment - Parsed formula #90: (false R (!(letter == "J") || (!(true U (letter == "P")) || (!(letter == "P") U ((letter == "V") || (((letter == "W") && !(letter == "P")) && X (!(letter == "P") U (letter == "Y"))))))))
242 [main] INFO nl.utwente.fmt.rers.RERSExperiment - Parsed formula #91: ((false R !(letter == "H")) || (!(letter == "H") U ((letter == "H") && (!(true U (letter == "X")) || (!(letter == "X") U (((letter == "A") && !(letter == "X")) && X (!(letter == "X") U (letter == "J"))))))))
242 [main] INFO nl.utwente.fmt.rers.RERSExperiment - Parsed formula #92: (false R (!((letter == "X") && (true U (letter == "U"))) || (!(letter == "V") U ((letter == "U") || (((letter == "C") && !(letter == "V")) && X (!(letter == "V") U (letter == "S")))))))
243 [main] INFO nl.utwente.fmt.rers.RERSExperiment - Parsed formula #93: (false R (!(((letter == "A") && !(letter == "P")) && (true U (letter == "P"))) || ((!(letter == "J") || (!(letter == "P") U ((letter == "U") && !(letter == "P")))) U (letter == "P"))))
243 [main] INFO nl.utwente.fmt.rers.RERSExperiment - Parsed formula #94: (false R (!(letter == "E") || (true U (letter == "S"))))
243 [main] INFO nl.utwente.fmt.rers.RERSExperiment - Parsed formula #95: (false R (!(letter == "D") || ((!(letter == "E") || (!(letter == "Y") U (((letter == "V") && !(letter == "Y")) && X (!(letter == "Y") U (letter == "T"))))) U ((letter == "Y") || (false R (!(letter == "E") || ((letter == "V") && X (true U (letter == "T")))))))))
243 [main] INFO nl.utwente.fmt.rers.RERSExperiment - Parsed formula #96: (!(true U (letter == "P")) || (((letter == "E") && (!X (!(letter == "P") U (letter == "H")) || X (!(letter == "P") U ((letter == "H") && (true U (letter == "U")))))) U (letter == "P")))
243 [main] INFO nl.utwente.fmt.rers.RERSExperiment - Parsed formula #97: (false R (!(letter == "H") || (true U ((letter == "T") && X (true U (letter == "S"))))))
244 [main] INFO nl.utwente.fmt.rers.RERSExperiment - Parsed formula #98: ((false R !(letter == "E")) || (!(letter == "E") U ((letter == "E") && (!(true U ((letter == "R") && X (true U (letter == "O")))) || (!(letter == "R") U (letter == "P"))))))
245 [main] INFO nl.utwente.fmt.rers.RERSExperiment - Parsed formula #99: ((false R !(letter == "V")) || (!(letter == "V") U ((letter == "V") && (!(true U ((letter == "W") && X (true U (letter == "R")))) || (!(letter == "W") U (letter == "A"))))))
245 [main] INFO nl.utwente.fmt.rers.RERSExperiment - Parsed formula #100: (false R (!(((letter == "B") && !(letter == "Q")) && (true U (letter == "Q"))) || (!(letter == "S") U ((letter == "Z") || (letter == "Q")))))
252 [main] INFO de.learnlib.util.Experiment - Starting round 1
252 [main] INFO de.learnlib.util.Experiment - Learning
261 [main] INFO de.learnlib.util.BBCExperiment - Searching for property violation
846 [main] INFO de.learnlib.api.logging.LoggingBlackBoxProperty - Spurious counterexample found for property: '(false R ((letter == "Y") && (!!(letter == "R") || (!(letter == "U") W ((letter == "D") || (letter == "R"))))))'
846 [main] INFO de.learnlib.api.logging.LoggingBlackBoxProperty - Spurious counterexample: Query[ε|I I I I / O   ]
853 [main] INFO de.learnlib.util.BBCExperiment - Searching for property violation
1166 [main] INFO de.learnlib.api.logging.LoggingBlackBoxProperty - Spurious counterexample found for property: '(false R ((letter == "Y") && (!!(letter == "R") || (!(letter == "U") W ((letter == "D") || (letter == "R"))))))'
1166 [main] INFO de.learnlib.api.logging.LoggingBlackBoxProperty - Spurious counterexample: Query[ε|I F F F / O T  ]
1169 [main] INFO de.learnlib.util.BBCExperiment - Searching for property violation
1546 [main] INFO de.learnlib.api.logging.LoggingBlackBoxProperty - Spurious counterexample found for property: '(false R (!(letter == "R") || (false R (!(letter == "E") || ((letter == "O") && X (true U (letter == "V")))))))'
1546 [main] INFO de.learnlib.api.logging.LoggingBlackBoxProperty - Spurious counterexample: Query[ε|I F C H E E E E E E / O T R T Y     ]
1548 [main] INFO de.learnlib.util.BBCExperiment - Searching for property violation
1922 [main] INFO nl.utwente.fmt.rers.RERSProperty - possibly false: #11, (false R (!(letter == "R") || (false R (!(letter == "E") || ((letter == "O") && X (true U (letter == "V"))))))) (1 times, fixed)
1922 [main] INFO nl.utwente.fmt.rers.RERSProperty - query: Query[ε|I F C H E A H E A H E A H E / O T R T Y T T Y T T Y T T Y]
1965 [main] INFO nl.utwente.fmt.rers.RERSProperty - possibly false: #11, (false R (!(letter == "R") || (false R (!(letter == "E") || ((letter == "O") && X (true U (letter == "V"))))))) (1 times, relative)
1965 [main] INFO nl.utwente.fmt.rers.RERSProperty - query: Query[ε|I F C H E A H E A H E A H E A H E A H E A H E / O T R T Y T T Y T T Y T T Y T T Y T T Y T T Y]
2005 [main] INFO de.learnlib.api.logging.LoggingBlackBoxProperty - Property violated: '(false R ((letter == "Y") && (!!(letter == "R") || (!(letter == "U") W ((letter == "D") || (letter == "R"))))))'
2006 [main] INFO de.learnlib.api.logging.LoggingBlackBoxProperty - Counter example for property: OmegaQuery[ε|I F C H C H C H C H C H C H / O T R T R T R T R T R T R T, [2, 4, 6, 8, 10, 12] - [-256198708, -1332477942, -1332477942, -1332477942, -1332477942, -1332477942]]
2700 [main] INFO de.learnlib.api.logging.LoggingBlackBoxProperty - Spurious counterexample found for property: '(!(letter == "S") W (letter == "X"))'
2700 [main] INFO de.learnlib.api.logging.LoggingBlackBoxProperty - Spurious counterexample: Query[ε|G I C H C H C H C H C H C H / P S            ]
2704 [main] INFO de.learnlib.util.BBCExperiment - Searching for property violation
3121 [main] INFO nl.utwente.fmt.rers.RERSProperty - possibly false: #11, (false R (!(letter == "R") || (false R (!(letter == "E") || ((letter == "O") && X (true U (letter == "V"))))))) (2 times, fixed)
3121 [main] INFO nl.utwente.fmt.rers.RERSProperty - query: Query[ε|I F C H E A H E A H E A H E / O T R T Y T T Y T T Y T T Y]
3179 [main] INFO nl.utwente.fmt.rers.RERSProperty - possibly false: #11, (false R (!(letter == "R") || (false R (!(letter == "E") || ((letter == "O") && X (true U (letter == "V"))))))) (2 times, relative)
3179 [main] INFO nl.utwente.fmt.rers.RERSProperty - query: Query[ε|I F C H E A H E A H E A H E A H E A H E A H E A H E A H E A H E / O T R T Y T T Y T T Y T T Y T T Y T T Y T T Y T T Y T T Y T T Y]
3786 [main] INFO de.learnlib.api.logging.LoggingBlackBoxProperty - Property violated: '(!(letter == "S") W (letter == "X"))'
3786 [main] INFO de.learnlib.api.logging.LoggingBlackBoxProperty - Counter example for property: OmegaQuery[ε|G I B I I I I I I I I I / P S Z V V V V V V V V V, [3, 4, 5, 6, 7, 8, 9, 10, 11] - [809931126, 809931126, 809931126, 809931126, 809931126, 809931126, 809931126, 809931126, 809931126]]
4033 [main] INFO de.learnlib.api.logging.LoggingBlackBoxProperty - Spurious counterexample found for property: '(false R (!(letter == "A") || (false R ((letter == "B") && (!X (true U (letter == "F")) || X (!(letter == "F") U ((letter == "F") && (true U (letter == "Q")))))))))'
4033 [main] INFO de.learnlib.api.logging.LoggingBlackBoxProperty - Spurious counterexample: Query[ε|I F C F A H C H C H C H C H C H C H C H C H C / O T R Y   T                ]
4036 [main] INFO de.learnlib.util.BBCExperiment - Searching for property violation
4544 [main] INFO nl.utwente.fmt.rers.RERSProperty - possibly false: #11, (false R (!(letter == "R") || (false R (!(letter == "E") || ((letter == "O") && X (true U (letter == "V"))))))) (3 times, fixed)
4544 [main] INFO nl.utwente.fmt.rers.RERSProperty - query: Query[ε|I F C H E A H E A H E A H E / O T R T Y T T Y T T Y T T Y]
4602 [main] INFO nl.utwente.fmt.rers.RERSProperty - possibly false: #11, (false R (!(letter == "R") || (false R (!(letter == "E") || ((letter == "O") && X (true U (letter == "V"))))))) (3 times, relative)
4602 [main] INFO nl.utwente.fmt.rers.RERSProperty - query: Query[ε|I F C H E A H E A H E A H E A H E A H E A H E A H E A H E A H E A H E A H E / O T R T Y T T Y T T Y T T Y T T Y T T Y T T Y T T Y T T Y T T Y T T Y T T Y]
5350 [main] INFO de.learnlib.api.logging.LoggingBlackBoxProperty - Property violated: '(false R (!(letter == "A") || (false R ((letter == "B") && (!X (true U (letter == "F")) || X (!(letter == "F") U ((letter == "F") && (true U (letter == "Q")))))))))'
5351 [main] INFO de.learnlib.api.logging.LoggingBlackBoxProperty - Counter example for property: OmegaQuery[ε|I F C F C A B I I I I I I I I I I I / O T R Y T S Z V V V V V V V V V V V, [7, 8, 9, 10, 11, 12, 13, 14, 15, 16, 17] - [809844101, 809844101, 809844101, 809844101, 809844101, 809844101, 809844101, 809844101, 809844101, 809844101, 809844101]]
5504 [main] INFO de.learnlib.api.logging.LoggingBlackBoxProperty - Property violated: '(false R ((letter == "U") && (!!(letter == "W") || (!(letter == "Z") W ((letter == "O") || (letter == "W"))))))'
5504 [main] INFO de.learnlib.api.logging.LoggingBlackBoxProperty - Counter example for property: OmegaQuery[ε|I F C H C H C H C H C H C H C H C H C H C H C H / O T R T R T R T R T R T R T R T R T R T R T R T, [2, 4, 6, 8, 10, 12, 14, 16, 18, 20, 22] - [-256198708, -1332477942, -1332477942, -1332477942, -1332477942, -1332477942, -1332477942, -1332477942, -1332477942, -1332477942, -1332477942]]
5812 [main] INFO de.learnlib.api.logging.LoggingBlackBoxProperty - Property violated: '(false R (!((letter == "Z") && (true U (letter == "I"))) || (((letter == "H") && (!X (!(letter == "I") U (letter == "D")) || X (!(letter == "I") U ((letter == "D") && (true U (letter == "W")))))) U (letter == "I"))))'
5812 [main] INFO de.learnlib.api.logging.LoggingBlackBoxProperty - Counter example for property: OmegaQuery[ε|I F C F C A B I I I I I I I I I I I I / O T R Y T S Z V V V V V V V V V V V V, [8, 9, 10, 11, 12, 13, 14, 15, 16, 17, 18] - [809844101, 809844101, 809844101, 809844101, 809844101, 809844101, 809844101, 809844101, 809844101, 809844101, 809844101]]
6017 [main] INFO de.learnlib.api.logging.LoggingBlackBoxProperty - Property violated: '((false R !(letter == "H")) || (!(letter == "H") U ((letter == "H") && (!(true U ((letter == "S") && X (true U (letter == "X")))) || (!(letter == "S") U (letter == "V"))))))'
6017 [main] INFO de.learnlib.api.logging.LoggingBlackBoxProperty - Counter example for property: OmegaQuery[ε|I F C H C F C A E B B I I I I I I I I I I I / O T R T R Y T S Y X Z V V V V V V V V V V V, [11, 12, 13, 14, 15, 16, 17, 18, 19, 20, 21] - [797726740, 797726740, 797726740, 797726740, 797726740, 797726740, 797726740, 797726740, 797726740, 797726740, 797726740]]
6646 [main] INFO de.learnlib.api.logging.LoggingBlackBoxProperty - Property violated: '(!(true U (letter == "X")) || (!(letter == "S") U ((letter == "Z") || (letter == "X"))))'
6646 [main] INFO de.learnlib.api.logging.LoggingBlackBoxProperty - Counter example for property: OmegaQuery[ε|I F C F C A E B B I I I I I I I I I I I / O T R Y T S Y X Z V V V V V V V V V V V, [9, 10, 11, 12, 13, 14, 15, 16, 17, 18, 19] - [797726740, 797726740, 797726740, 797726740, 797726740, 797726740, 797726740, 797726740, 797726740, 797726740, 797726740]]
7563 [main] INFO de.learnlib.api.logging.LoggingBlackBoxProperty - Property violated: '(false R (!(letter == "I") || (true U ((letter == "Q") && X (true U (letter == "V"))))))'
7563 [main] INFO de.learnlib.api.logging.LoggingBlackBoxProperty - Counter example for property: OmegaQuery[ε|I F C H C H C H C H C H C H C H C H C H C H C H / O T R T R T R T R T R T R T R T R T R T R T R T, [2, 4, 6, 8, 10, 12, 14, 16, 18, 20, 22] - [-256198708, -1332477942, -1332477942, -1332477942, -1332477942, -1332477942, -1332477942, -1332477942, -1332477942, -1332477942, -1332477942]]
7671 [main] INFO de.learnlib.api.logging.LoggingBlackBoxProperty - Property violated: '(false R (!(letter == "H") || (true U ((letter == "V") && X (true U (letter == "Y"))))))'
7671 [main] INFO de.learnlib.api.logging.LoggingBlackBoxProperty - Counter example for property: OmegaQuery[ε|I F C H C H C H C H C H C H C H C H C H C H C H C H / O T R T R T R T R T R T R T R T R T R T R T R T R T, [4, 6, 8, 10, 12, 14, 16, 18, 20, 22, 24] - [-1332477942, -1332477942, -1332477942, -1332477942, -1332477942, -1332477942, -1332477942, -1332477942, -1332477942, -1332477942, -1332477942]]
8062 [main] INFO de.learnlib.api.logging.LoggingBlackBoxProperty - Property violated: '(false R (!((letter == "T") && (true U (letter == "B"))) || (((letter == "E") && (!X (!(letter == "B") U (letter == "G")) || X (!(letter == "B") U ((letter == "G") && (true U (letter == "O")))))) U (letter == "B"))))'
8062 [main] INFO de.learnlib.api.logging.LoggingBlackBoxProperty - Counter example for property: OmegaQuery[ε|I F C F C A B I I I I I I I I I I I / O T R Y T S Z V V V V V V V V V V V, [7, 8, 9, 10, 11, 12, 13, 14, 15, 16, 17] - [809844101, 809844101, 809844101, 809844101, 809844101, 809844101, 809844101, 809844101, 809844101, 809844101, 809844101]]
8386 [main] INFO de.learnlib.api.logging.LoggingBlackBoxProperty - Property violated: '(false R ((letter == "B") && (!!(letter == "F") || ((!(letter == "C") || (!(letter == "F") U ((letter == "X") && !(letter == "F")))) W (letter == "F")))))'
8386 [main] INFO de.learnlib.api.logging.LoggingBlackBoxProperty - Counter example for property: OmegaQuery[ε|I F C H C H C H C H C H C H C H C H C H C H C H / O T R T R T R T R T R T R T R T R T R T R T R T, [2, 4, 6, 8, 10, 12, 14, 16, 18, 20, 22] - [-256198708, -1332477942, -1332477942, -1332477942, -1332477942, -1332477942, -1332477942, -1332477942, -1332477942, -1332477942, -1332477942]]
8550 [main] INFO de.learnlib.api.logging.LoggingBlackBoxProperty - Property violated: '(false R (!(letter == "F") || ((!(letter == "C") || (!(letter == "O") U ((((letter == "Y") && !(letter == "O")) && !(letter == "R")) && X ((!(letter == "O") && !(letter == "R")) U (letter == "T"))))) U ((letter == "O") || (false R (!(letter == "C") || (((letter == "Y") && !(letter == "R")) && X (!(letter == "R") U (letter == "T")))))))))'
8550 [main] INFO de.learnlib.api.logging.LoggingBlackBoxProperty - Counter example for property: OmegaQuery[ε|I F C F G C H C H C H C H C H C H C H C H C H C H C H / O T R Y Y R T R T R T R T R T R T R T R T R T R T R T, [5, 7, 9, 11, 13, 15, 17, 19, 21, 23, 25] - [809885633, -1332523195, -1332523195, -1332523195, -1332523195, -1332523195, -1332523195, -1332523195, -1332523195, -1332523195, -1332523195]]
8766 [main] INFO de.learnlib.api.logging.LoggingBlackBoxProperty - Property violated: '((false R !(letter == "Z")) || (true U ((letter == "Z") && (!(letter == "V") W (letter == "O")))))'
8767 [main] INFO de.learnlib.api.logging.LoggingBlackBoxProperty - Counter example for property: OmegaQuery[ε|I F C F C A B I I I I I I I I I I I I / O T R Y T S Z V V V V V V V V V V V V, [8, 9, 10, 11, 12, 13, 14, 15, 16, 17, 18] - [809844101, 809844101, 809844101, 809844101, 809844101, 809844101, 809844101, 809844101, 809844101, 809844101, 809844101]]
9543 [main] INFO de.learnlib.api.logging.LoggingBlackBoxProperty - Property violated: '(!(true U (letter == "F")) || (((letter == "G") && (!X (!(letter == "F") U (letter == "B")) || X (!(letter == "F") U ((letter == "B") && (true U (letter == "V")))))) U (letter == "F")))'
9543 [main] INFO de.learnlib.api.logging.LoggingBlackBoxProperty - Counter example for property: OmegaQuery[ε|I F C H C H C H C H C H C H C H C H C H C H C H / O T R T R T R T R T R T R T R T R T R T R T R T, [2, 4, 6, 8, 10, 12, 14, 16, 18, 20, 22] - [-256198708, -1332477942, -1332477942, -1332477942, -1332477942, -1332477942, -1332477942, -1332477942, -1332477942, -1332477942, -1332477942]]
9932 [main] INFO de.learnlib.api.logging.LoggingBlackBoxProperty - Property violated: '(!(true U (letter == "H")) || ((!(letter == "E") || (!(letter == "H") U ((letter == "S") && !(letter == "H")))) U (letter == "H")))'
9932 [main] INFO de.learnlib.api.logging.LoggingBlackBoxProperty - Counter example for property: OmegaQuery[ε|I F E A H C H C H C H C H C H C H C H C H C H C H C H / O T Y T T R T R T R T R T R T R T R T R T R T R T R T, [5, 7, 9, 11, 13, 15, 17, 19, 21, 23, 25] - [-1332481423, -1332481423, -1332481423, -1332481423, -1332481423, -1332481423, -1332481423, -1332481423, -1332481423, -1332481423, -1332481423]]
10145 [main] INFO de.learnlib.api.logging.LoggingBlackBoxProperty - Property violated: '(false R (!(letter == "A") || (true U ((letter == "X") && X (true U (letter == "Q"))))))'
10145 [main] INFO de.learnlib.api.logging.LoggingBlackBoxProperty - Counter example for property: OmegaQuery[ε|I F C F C A B I I I I I I I I I I I / O T R Y T S Z V V V V V V V V V V V, [7, 8, 9, 10, 11, 12, 13, 14, 15, 16, 17] - [809844101, 809844101, 809844101, 809844101, 809844101, 809844101, 809844101, 809844101, 809844101, 809844101, 809844101]]
10349 [main] INFO de.learnlib.api.logging.LoggingBlackBoxProperty - Property violated: '(false R (!(letter == "H") || ((!(letter == "E") || (!(letter == "X") U (((letter == "U") && !(letter == "X")) && X (!(letter == "X") U (letter == "V"))))) U ((letter == "X") || (false R (!(letter == "E") || ((letter == "U") && X (true U (letter == "V")))))))))'
10349 [main] INFO de.learnlib.api.logging.LoggingBlackBoxProperty - Counter example for property: OmegaQuery[ε|I F C H C F C A E I I I I I I I I I I I / O T R T R Y T S Y Z Z Z Z Z Z Z Z Z Z Z, [9, 10, 11, 12, 13, 14, 15, 16, 17, 18, 19] - [1265746236, -1887868677, -1887868677, -1887868677, -1887868677, -1887868677, -1887868677, -1887868677, -1887868677, -1887868677, -1887868677]]
12145 [main] INFO de.learnlib.api.logging.LoggingBlackBoxProperty - Property violated: '(false R (!(letter == "E") || (true U (((letter == "S") && !(letter == "X")) && X (!(letter == "X") U (letter == "T"))))))'
12145 [main] INFO de.learnlib.api.logging.LoggingBlackBoxProperty - Counter example for property: OmegaQuery[ε|I F C F C A E I I I I I I I I I I I / O T R Y T S Y Z Z Z Z Z Z Z Z Z Z Z, [7, 8, 9, 10, 11, 12, 13, 14, 15, 16, 17] - [1265746236, -1887868677, -1887868677, -1887868677, -1887868677, -1887868677, -1887868677, -1887868677, -1887868677, -1887868677, -1887868677]]
12568 [main] INFO de.learnlib.api.logging.LoggingBlackBoxProperty - Property violated: '(false R (!((letter == "P") && (true U (letter == "Z"))) || (((letter == "A") && (!X (!(letter == "Z") U (letter == "J")) || X (!(letter == "Z") U ((letter == "J") && (true U (letter == "V")))))) U (letter == "Z"))))'
12568 [main] INFO de.learnlib.api.logging.LoggingBlackBoxProperty - Counter example for property: OmegaQuery[ε|G I B I I I I I I I I I I I / P S Z V V V V V V V V V V V, [3, 4, 5, 6, 7, 8, 9, 10, 11, 12, 13] - [809931126, 809931126, 809931126, 809931126, 809931126, 809931126, 809931126, 809931126, 809931126, 809931126, 809931126]]
12941 [main] INFO de.learnlib.api.logging.LoggingBlackBoxProperty - Property violated: '(!(true U ((letter == "T") && X (true U (letter == "Y")))) || (!(letter == "T") U (letter == "W")))'
12941 [main] INFO de.learnlib.api.logging.LoggingBlackBoxProperty - Counter example for property: OmegaQuery[ε|I F C F C A B I I I I I I I I I I I / O T R Y T S Z V V V V V V V V V V V, [7, 8, 9, 10, 11, 12, 13, 14, 15, 16, 17] - [809844101, 809844101, 809844101, 809844101, 809844101, 809844101, 809844101, 809844101, 809844101, 809844101, 809844101]]
13363 [main] INFO de.learnlib.api.logging.LoggingBlackBoxProperty - Property violated: '(false R (!(letter == "I") || (true U ((letter == "P") && X (true U (letter == "Q"))))))'
13363 [main] INFO de.learnlib.api.logging.LoggingBlackBoxProperty - Counter example for property: OmegaQuery[ε|I F C H C H C H C H C H C H C H C H C H C H C H / O T R T R T R T R T R T R T R T R T R T R T R T, [2, 4, 6, 8, 10, 12, 14, 16, 18, 20, 22] - [-256198708, -1332477942, -1332477942, -1332477942, -1332477942, -1332477942, -1332477942, -1332477942, -1332477942, -1332477942, -1332477942]]
13455 [main] INFO de.learnlib.api.logging.LoggingBlackBoxProperty - Property violated: '(false R ((letter == "P") && (!!(letter == "W") || ((!(letter == "I") || (!(letter == "W") U ((letter == "Y") && !(letter == "W")))) W (letter == "W")))))'
13455 [main] INFO de.learnlib.api.logging.LoggingBlackBoxProperty - Counter example for property: OmegaQuery[ε|I F C H C H C H C H C H C H C H C H C H C H C H / O T R T R T R T R T R T R T R T R T R T R T R T, [2, 4, 6, 8, 10, 12, 14, 16, 18, 20, 22] - [-256198708, -1332477942, -1332477942, -1332477942, -1332477942, -1332477942, -1332477942, -1332477942, -1332477942, -1332477942, -1332477942]]
13537 [main] INFO de.learnlib.api.logging.LoggingBlackBoxProperty - Property violated: '(false R ((letter == "U") && (!!(letter == "D") || ((!(letter == "C") || (!(letter == "D") U ((letter == "T") && !(letter == "D")))) W (letter == "D")))))'
13537 [main] INFO de.learnlib.api.logging.LoggingBlackBoxProperty - Counter example for property: OmegaQuery[ε|I F C H C H C H C H C H C H C H C H C H C H C H / O T R T R T R T R T R T R T R T R T R T R T R T, [2, 4, 6, 8, 10, 12, 14, 16, 18, 20, 22] - [-256198708, -1332477942, -1332477942, -1332477942, -1332477942, -1332477942, -1332477942, -1332477942, -1332477942, -1332477942, -1332477942]]
13866 [main] INFO de.learnlib.api.logging.LoggingBlackBoxProperty - Spurious counterexample found for property: '(!(true U (letter == "O")) || ((!(letter == "C") || (!(letter == "O") U ((letter == "U") && !(letter == "O")))) U (letter == "O")))'
13866 [main] INFO de.learnlib.api.logging.LoggingBlackBoxProperty - Spurious counterexample: Query[ε|E C A B A A B I I I I I I I I I I I / W                 ]
13867 [main] INFO de.learnlib.util.BBCExperiment - Searching for property violation
14270 [main] INFO de.learnlib.api.logging.LoggingBlackBoxProperty - Property violated: '(false R (!(letter == "R") || (false R (!(letter == "E") || ((letter == "O") && X (true U (letter == "V")))))))'
14270 [main] INFO de.learnlib.api.logging.LoggingBlackBoxProperty - Counter example for property: OmegaQuery[ε|I F C H E A H E A H E A H E A H E A H E A H E A H E A H E A H E A H E A H E A H E / O T R T Y T T Y T T Y T T Y T T Y T T Y T T Y T T Y T T Y T T Y T T Y T T Y T T Y, [5, 8, 11, 14, 17, 20, 23, 26, 29, 32, 35, 38] - [-512668464, -512671945, -512675426, -512678907, -512682388, -512685869, -512689350, -512692831, -512696312, -512661502, -512664983, -512668464]]
22442 [main] INFO de.learnlib.api.logging.LoggingBlackBoxProperty - Property violated: '((false R !(letter == "E")) || (true U ((letter == "E") && (!(letter == "Z") W (letter == "T")))))'
22442 [main] INFO de.learnlib.api.logging.LoggingBlackBoxProperty - Counter example for property: OmegaQuery[ε|I F C F C A E I I I I I I I I I I I I I / O T R Y T S Y Z Z Z Z Z Z Z Z Z Z Z Z Z, [8, 9, 10, 11, 12, 13, 14, 15, 16, 17, 18, 19] - [-1887868677, -1887868677, -1887868677, -1887868677, -1887868677, -1887868677, -1887868677, -1887868677, -1887868677, -1887868677, -1887868677, -1887868677]]
22582 [main] INFO de.learnlib.api.logging.LoggingBlackBoxProperty - Property violated: '(false R (!(letter == "H") || (true U ((letter == "V") && X (true U (letter == "U"))))))'
22582 [main] INFO de.learnlib.api.logging.LoggingBlackBoxProperty - Counter example for property: OmegaQuery[ε|I F C H C H C H C H C H C H C H C H C H C H C H C H C H / O T R T R T R T R T R T R T R T R T R T R T R T R T R T, [4, 6, 8, 10, 12, 14, 16, 18, 20, 22, 24, 26] - [-1332477942, -1332477942, -1332477942, -1332477942, -1332477942, -1332477942, -1332477942, -1332477942, -1332477942, -1332477942, -1332477942, -1332477942]]
23346 [main] INFO de.learnlib.api.logging.LoggingBlackBoxProperty - Property violated: '(!(true U (letter == "V")) || (!(((letter == "O") && !(letter == "V")) && X (!(letter == "V") U ((letter == "Z") && !(letter == "V")))) U ((letter == "V") || (letter == "B"))))'
23346 [main] INFO de.learnlib.api.logging.LoggingBlackBoxProperty - Counter example for property: OmegaQuery[ε|I F C F C A B I I I I I I I I I I I I I / O T R Y T S Z V V V V V V V V V V V V V, [8, 9, 10, 11, 12, 13, 14, 15, 16, 17, 18, 19] - [809844101, 809844101, 809844101, 809844101, 809844101, 809844101, 809844101, 809844101, 809844101, 809844101, 809844101, 809844101]]
23519 [main] INFO de.learnlib.api.logging.LoggingBlackBoxProperty - Property violated: '(false R (!(letter == "E") || (true U (letter == "S"))))'
23519 [main] INFO de.learnlib.api.logging.LoggingBlackBoxProperty - Counter example for property: OmegaQuery[ε|I F C F C A E I I I I I I I I I I I I / O T R Y T S Y Z Z Z Z Z Z Z Z Z Z Z Z, [7, 8, 9, 10, 11, 12, 13, 14, 15, 16, 17, 18] - [1265746236, -1887868677, -1887868677, -1887868677, -1887868677, -1887868677, -1887868677, -1887868677, -1887868677, -1887868677, -1887868677, -1887868677]]
23902 [main] INFO de.learnlib.api.logging.LoggingBlackBoxProperty - Property violated: '(!(true U (letter == "P")) || (((letter == "E") && (!X (!(letter == "P") U (letter == "H")) || X (!(letter == "P") U ((letter == "H") && (true U (letter == "U")))))) U (letter == "P")))'
23902 [main] INFO de.learnlib.api.logging.LoggingBlackBoxProperty - Counter example for property: OmegaQuery[ε|G I B I I I I I I I I I I I I / P S Z V V V V V V V V V V V V, [3, 4, 5, 6, 7, 8, 9, 10, 11, 12, 13, 14] - [809931126, 809931126, 809931126, 809931126, 809931126, 809931126, 809931126, 809931126, 809931126, 809931126, 809931126, 809931126]]
24532 [main] INFO de.learnlib.api.logging.LoggingBlackBoxProperty - Property violated: '(false R (!(letter == "I") || (true U (letter == "W"))))'
24532 [main] INFO de.learnlib.api.logging.LoggingBlackBoxProperty - Counter example for property: OmegaQuery[ε|I F C H C H C H C H C H C H C H C H C H C H C H C H / O T R T R T R T R T R T R T R T R T R T R T R T R T, [2, 4, 6, 8, 10, 12, 14, 16, 18, 20, 22, 24] - [-256198708, -1332477942, -1332477942, -1332477942, -1332477942, -1332477942, -1332477942, -1332477942, -1332477942, -1332477942, -1332477942, -1332477942]]
24841 [main] INFO de.learnlib.api.logging.LoggingBlackBoxProperty - Property violated: '(false R (!(letter == "C") || ((!(letter == "I") || (!(letter == "U") U (((letter == "Q") && !(letter == "U")) && X (!(letter == "U") U (letter == "O"))))) U ((letter == "U") || (false R (!(letter == "I") || ((letter == "Q") && X (true U (letter == "O")))))))))'
24841 [main] INFO de.learnlib.api.logging.LoggingBlackBoxProperty - Counter example for property: OmegaQuery[ε|I F C F C A B I I I I I I I I I I I I I / O T R Y T S Z V V V V V V V V V V V V V, [8, 9, 10, 11, 12, 13, 14, 15, 16, 17, 18, 19] - [809844101, 809844101, 809844101, 809844101, 809844101, 809844101, 809844101, 809844101, 809844101, 809844101, 809844101, 809844101]]
25088 [main] INFO de.learnlib.api.logging.LoggingBlackBoxProperty - Property violated: '((false R !(letter == "H")) || (!(letter == "H") U ((letter == "H") && (!(true U (letter == "X")) || (!(letter == "X") U (((letter == "A") && !(letter == "X")) && X (!(letter == "X") U (letter == "J"))))))))'
25089 [main] INFO de.learnlib.api.logging.LoggingBlackBoxProperty - Counter example for property: OmegaQuery[ε|I F C H C F C A E B B I I I I I I I I I I I I / O T R T R Y T S Y X Z V V V V V V V V V V V V, [11, 12, 13, 14, 15, 16, 17, 18, 19, 20, 21, 22] - [797726740, 797726740, 797726740, 797726740, 797726740, 797726740, 797726740, 797726740, 797726740, 797726740, 797726740, 797726740]]
25312 [main] INFO de.learnlib.api.logging.LoggingBlackBoxProperty - Property violated: '(false R (!(letter == "H") || ((!(letter == "C") || (!(letter == "O") U ((((letter == "X") && !(letter == "O")) && !(letter == "P")) && X ((!(letter == "O") && !(letter == "P")) U (letter == "Y"))))) U ((letter == "O") || (false R (!(letter == "C") || (((letter == "X") && !(letter == "P")) && X (!(letter == "P") U (letter == "Y")))))))))'
25312 [main] INFO de.learnlib.api.logging.LoggingBlackBoxProperty - Counter example for property: OmegaQuery[ε|I F C H C H C H C H C H C H C H C H C H C H C H C H C H / O T R T R T R T R T R T R T R T R T R T R T R T R T R T, [4, 6, 8, 10, 12, 14, 16, 18, 20, 22, 24, 26] - [-1332477942, -1332477942, -1332477942, -1332477942, -1332477942, -1332477942, -1332477942, -1332477942, -1332477942, -1332477942, -1332477942, -1332477942]]
25752 [main] INFO de.learnlib.api.logging.LoggingBlackBoxProperty - Property violated: '((false R !(letter == "E")) || (!(letter == "E") U ((letter == "E") && (!(true U ((letter == "R") && X (true U (letter == "O")))) || (!(letter == "R") U (letter == "P"))))))'
25752 [main] INFO de.learnlib.api.logging.LoggingBlackBoxProperty - Counter example for property: OmegaQuery[ε|I F E A H C F C A B A A B I I I I I I I I I I I I / O T Y T T R Y T S Z O S Z V V V V V V V V V V V V, [13, 14, 15, 16, 17, 18, 19, 20, 21, 22, 23, 24] - [809826696, 809826696, 809826696, 809826696, 809826696, 809826696, 809826696, 809826696, 809826696, 809826696, 809826696, 809826696]]
26225 [main] INFO de.learnlib.api.logging.LoggingBlackBoxProperty - Property violated: '(false R (!(letter == "S") || (false R ((letter == "J") && (!X (true U (letter == "I")) || X (!(letter == "I") U ((letter == "I") && (true U (letter == "Z")))))))))'
26225 [main] INFO de.learnlib.api.logging.LoggingBlackBoxProperty - Counter example for property: OmegaQuery[ε|I F C F C A B I I I I I I I I I I I I / O T R Y T S Z V V V V V V V V V V V V, [7, 8, 9, 10, 11, 12, 13, 14, 15, 16, 17, 18] - [809844101, 809844101, 809844101, 809844101, 809844101, 809844101, 809844101, 809844101, 809844101, 809844101, 809844101, 809844101]]
26493 [main] INFO de.learnlib.api.logging.LoggingBlackBoxProperty - Property violated: '(false R (!(letter == "F") || (true U ((letter == "Q") && X (true U (letter == "P"))))))'
26493 [main] INFO de.learnlib.api.logging.LoggingBlackBoxProperty - Counter example for property: OmegaQuery[ε|I F C H C H C H C H C H C H C H C H C H C H C H C H / O T R T R T R T R T R T R T R T R T R T R T R T R T, [2, 4, 6, 8, 10, 12, 14, 16, 18, 20, 22, 24] - [-256198708, -1332477942, -1332477942, -1332477942, -1332477942, -1332477942, -1332477942, -1332477942, -1332477942, -1332477942, -1332477942, -1332477942]]
26590 [main] INFO de.learnlib.api.logging.LoggingBlackBoxProperty - Property violated: '(!(true U (letter == "H")) || (!(((letter == "O") && !(letter == "H")) && X (!(letter == "H") U ((letter == "R") && !(letter == "H")))) U ((letter == "H") || (letter == "W"))))'
26590 [main] INFO de.learnlib.api.logging.LoggingBlackBoxProperty - Counter example for property: OmegaQuery[ε|I F C H C H C H C H C H C H C H C H C H C H C H C H C H / O T R T R T R T R T R T R T R T R T R T R T R T R T R T, [4, 6, 8, 10, 12, 14, 16, 18, 20, 22, 24, 26] - [-1332477942, -1332477942, -1332477942, -1332477942, -1332477942, -1332477942, -1332477942, -1332477942, -1332477942, -1332477942, -1332477942, -1332477942]]
26693 [main] INFO de.learnlib.api.logging.LoggingBlackBoxProperty - Property violated: '(!(true U (letter == "R")) || (!(letter == "R") U (((letter == "J") && !(letter == "R")) && X (!(letter == "R") U (letter == "D")))))'
26693 [main] INFO de.learnlib.api.logging.LoggingBlackBoxProperty - Counter example for property: OmegaQuery[ε|I F C H C H C H C H C H C H C H C H C H C H C H C H C / O T R T R T R T R T R T R T R T R T R T R T R T R T R, [3, 5, 7, 9, 11, 13, 15, 17, 19, 21, 23, 25] - [-1332477940, -1332477940, -1332477940, -1332477940, -1332477940, -1332477940, -1332477940, -1332477940, -1332477940, -1332477940, -1332477940, -1332477940]]
26804 [main] INFO de.learnlib.api.logging.LoggingBlackBoxProperty - Property violated: '(!(true U (letter == "R")) || ((!(letter == "F") || (!(letter == "R") U ((((letter == "U") && !(letter == "R")) && !(letter == "W")) && X ((!(letter == "R") && !(letter == "W")) U (letter == "S"))))) U (letter == "R")))'
26804 [main] INFO de.learnlib.api.logging.LoggingBlackBoxProperty - Counter example for property: OmegaQuery[ε|I F C H C H C H C H C H C H C H C H C H C H C H C H C / O T R T R T R T R T R T R T R T R T R T R T R T R T R, [3, 5, 7, 9, 11, 13, 15, 17, 19, 21, 23, 25] - [-1332477940, -1332477940, -1332477940, -1332477940, -1332477940, -1332477940, -1332477940, -1332477940, -1332477940, -1332477940, -1332477940, -1332477940]]
27156 [main] INFO de.learnlib.api.logging.LoggingBlackBoxProperty - Property violated: '(false R (!(letter == "G") || (false R (!(letter == "H") || ((letter == "T") && X (true U (letter == "Q")))))))'
27156 [main] INFO de.learnlib.api.logging.LoggingBlackBoxProperty - Counter example for property: OmegaQuery[ε|I F C F G C H C H C H C H C H C H C H C H C H C H C H C H C H / O T R Y Y R T R T R T R T R T R T R T R T R T R T R T R T R T, [7, 9, 11, 13, 15, 17, 19, 21, 23, 25, 27, 29] - [-1332523195, -1332523195, -1332523195, -1332523195, -1332523195, -1332523195, -1332523195, -1332523195, -1332523195, -1332523195, -1332523195, -1332523195]]
27364 [main] INFO de.learnlib.api.logging.LoggingBlackBoxProperty - Property violated: '((false R !(letter == "T")) || (!(letter == "T") U ((letter == "T") && (!(true U (letter == "S")) || (!(letter == "S") U (((letter == "B") && !(letter == "S")) && X (!(letter == "S") U (letter == "Q"))))))))'
27364 [main] INFO de.learnlib.api.logging.LoggingBlackBoxProperty - Counter example for property: OmegaQuery[ε|I F C F C A B I I I I I I I I I I I I / O T R Y T S Z V V V V V V V V V V V V, [7, 8, 9, 10, 11, 12, 13, 14, 15, 16, 17, 18] - [809844101, 809844101, 809844101, 809844101, 809844101, 809844101, 809844101, 809844101, 809844101, 809844101, 809844101, 809844101]]
28003 [main] INFO de.learnlib.api.logging.LoggingBlackBoxProperty - Property violated: '(false R (!(letter == "H") || (true U ((letter == "T") && X (true U (letter == "S"))))))'
28003 [main] INFO de.learnlib.api.logging.LoggingBlackBoxProperty - Counter example for property: OmegaQuery[ε|I F C H C H C H C H C H C H C H C H C H C H C H C H C H / O T R T R T R T R T R T R T R T R T R T R T R T R T R T, [4, 6, 8, 10, 12, 14, 16, 18, 20, 22, 24, 26] - [-1332477942, -1332477942, -1332477942, -1332477942, -1332477942, -1332477942, -1332477942, -1332477942, -1332477942, -1332477942, -1332477942, -1332477942]]
28270 [main] INFO de.learnlib.util.Experiment - Searching for counterexample
28298 [main] INFO de.learnlib.util.Experiment - Query[ε|G I E I E / P S Y Z Z]
28299 [main] INFO de.learnlib.util.Experiment - Starting round 2
28299 [main] INFO de.learnlib.util.Experiment - Learning
28299 [main] INFO de.learnlib.util.BBCExperiment - Searching for property violation
31217 [main] INFO de.learnlib.api.logging.LoggingBlackBoxProperty - Property violated: '((false R !(letter == "S")) || (!(letter == "S") U ((letter == "S") && (!(true U (letter == "P")) || (!(letter == "P") U (((letter == "O") && !(letter == "P")) && X (!(letter == "P") U (letter == "I"))))))))'
31217 [main] INFO de.learnlib.api.logging.LoggingBlackBoxProperty - Counter example for property: OmegaQuery[ε|I F C F C A E I F I B I I I I I I I I I I I I I / O T R Y T S Y Z P S Z V V V V V V V V V V V V V, [11, 12, 13, 14, 15, 16, 17, 18, 19, 20, 21, 22, 23] - [797754588, 797754588, 797754588, 797754588, 797754588, 797754588, 797754588, 797754588, 797754588, 797754588, 797754588, 797754588, 797754588]]
36709 [main] INFO de.learnlib.api.logging.LoggingBlackBoxProperty - Property violated: '(false R (!(((letter == "I") && !(letter == "P")) && (true U (letter == "P"))) || ((!(letter == "E") || (!(letter == "P") U ((letter == "S") && !(letter == "P")))) U (letter == "P"))))'
36709 [main] INFO de.learnlib.api.logging.LoggingBlackBoxProperty - Counter example for property: OmegaQuery[ε|I F C F C A E I F I B I I I I I I I I I I I I I / O T R Y T S Y Z P S Z V V V V V V V V V V V V V, [11, 12, 13, 14, 15, 16, 17, 18, 19, 20, 21, 22, 23] - [797754588, 797754588, 797754588, 797754588, 797754588, 797754588, 797754588, 797754588, 797754588, 797754588, 797754588, 797754588, 797754588]]
40429 [main] INFO de.learnlib.util.Experiment - Searching for counterexample
40445 [main] INFO de.learnlib.util.Experiment - Query[ε|E H H E / W S  ]
40445 [main] INFO de.learnlib.util.Experiment - Starting round 3
40445 [main] INFO de.learnlib.util.Experiment - Learning
40445 [main] INFO de.learnlib.util.BBCExperiment - Searching for property violation
45728 [main] INFO de.learnlib.api.logging.LoggingBlackBoxProperty - Spurious counterexample found for property: '(false R (!(letter == "D") || (true U ((letter == "W") && X (true U (letter == "P"))))))'
45728 [main] INFO de.learnlib.api.logging.LoggingBlackBoxProperty - Spurious counterexample: Query[ε|E H D D D D D D D D D D D D D D D / W S X W             ]
45734 [main] INFO de.learnlib.util.BBCExperiment - Searching for property violation
48762 [main] INFO de.learnlib.api.logging.LoggingBlackBoxProperty - Spurious counterexample found for property: '((false R !(letter == "D")) || (true U ((letter == "D") && (!(letter == "S") W (letter == "U")))))'
48763 [main] INFO de.learnlib.api.logging.LoggingBlackBoxProperty - Spurious counterexample: Query[ε|E H D D F D G C C E G C C E G C C E G C C E G C C E G C C E G C C E G C C E G C C E G C C E G C C E G C C E G C C E G C C E G C C E G C C E G C C E G C C E G C C E G C C E G C C E G C / W S X W W P R S Y W                                                                                  ]
48765 [main] INFO de.learnlib.util.BBCExperiment - Searching for property violation
52003 [main] INFO de.learnlib.api.logging.LoggingBlackBoxProperty - Spurious counterexample found for property: '((false R !(letter == "D")) || (true U ((letter == "D") && (!(letter == "S") W (letter == "U")))))'
52003 [main] INFO de.learnlib.api.logging.LoggingBlackBoxProperty - Spurious counterexample: Query[ε|E H D D F D G C C E B F D G C C E B F D G C C E B F D G C C E B F D G C C E B F D G C C E B F D G C C E B F D G C C E B F D G C C E B F D G C C E B F D G C C E B F D G C C E B F D G C C E B F D G C C E B F D G C C E B F D G C C E B F D G C C E B F D G C C E B F D G C C E B F D G C C E B F D G C C E B F D G C C E B F D / W S X W W P R S Y W X W       Y U    R   W      W P R S Y W X W       Y U    R   W      W P R S Y W X W       Y U    R   W      W P R S Y W X W       Y U    R   W      W P R S Y W X W       Y U    R   W      W P R S Y W X W       Y U]
52009 [main] INFO de.learnlib.util.BBCExperiment - Searching for property violation
53111 [main] INFO de.learnlib.api.logging.LoggingBlackBoxProperty - Property violated: '(false R (!(letter == "D") || ((!(letter == "E") || (!(letter == "Y") U (((letter == "V") && !(letter == "Y")) && X (!(letter == "Y") U (letter == "T"))))) U ((letter == "Y") || (false R (!(letter == "E") || ((letter == "V") && X (true U (letter == "T")))))))))'
53111 [main] INFO de.learnlib.api.logging.LoggingBlackBoxProperty - Counter example for property: OmegaQuery[ε|E H D D F D G C C E B F F D E D F D G C C E B F F D E D F D G C C E B F F D E D F D G C C E B F F D E D F D G C C E B F F D E D F D G C C E B F F D E D F D G C C E B F F D E D F D G C C E B F F D E D F D G C C E B F F D E D F D G C C E B F F D E D F D G C C E B F F D E D F D G C C E B F F D E D F D G C C E B F F D E D F D G C C E B F F D E D F D G C C E B F F D E D F D G C C E B F F D E D F D G C C E B F F D E D F D G C C E B F F D E D F D G C C E B F F D E D F D G C C E B F F D E D F D G C C E B F F D E D F D G C C E B F F D E D F D G C C E B F F D E D F D G C C E B F F D E D F D G C C E B F F D E D F D G C C E B F F D E D F D G C C E B F F D E D F D G C C / W S X W W P R S Y W X W Y U R W W P R S Y W X W Y U R W W P R S Y W X W Y U R W W P R S Y W X W Y U R W W P R S Y W X W Y U R W W P R S Y W X W Y U R W W P R S Y W X W Y U R W W P R S Y W X W Y U R W W P R S Y W X W Y U R W W P R S Y W X W Y U R W W P R S Y W X W Y U R W W P R S Y W X W Y U R W W P R S Y W X W Y U R W W P R S Y W X W Y U R W W P R S Y W X W Y U R W W P R S Y W X W Y U R W W P R S Y W X W Y U R W W P R S Y W X W Y U R W W P R S Y W X W Y U R W W P R S Y W X W Y U R W W P R S Y W X W Y U R W W P R S Y W X W Y U R W W P R S Y W X W Y U R W W P R S Y W X W Y U R W W P R S Y W X W Y U R W W P R S Y W X W Y U R W W P R S Y W X W Y U R W W P R S Y, [21, 33, 45, 57, 69, 81, 93, 105, 117, 129, 141, 153, 165, 177, 189, 201, 213, 225, 237, 249, 261, 273, 285, 297, 309, 321] - [376305517, 376305517, 376305517, 376305517, 376305517, 376305517, 376305517, 376305517, 376305517, 376305517, 376305517, 376305517, 376305517, 376305517, 376305517, 376305517, 376305517, 376305517, 376305517, 376305517, 376305517, 376305517, 376305517, 376305517, 376305517, 376305517]]
65549 [main] INFO de.learnlib.api.logging.LoggingBlackBoxProperty - Property violated: '(false R (!((letter == "D") && (true U (letter == "Y"))) || (((letter == "E") && (!X (!(letter == "Y") U (letter == "I")) || X (!(letter == "Y") U ((letter == "I") && (true U (letter == "P")))))) U (letter == "Y"))))'
65549 [main] INFO de.learnlib.api.logging.LoggingBlackBoxProperty - Counter example for property: OmegaQuery[ε|E H D D F D G C C E B F F D E D F D G C C E B F F D E D F D G C C E B F F D E D F D G C C E B F F D E D F D G C C E B F F D E D F D G C C E B F F D E D F D G C C E B F F D E D F D G C C E B F F D E D F D G C C E B F F D E D F D G C C E B F F D E D F D G C C E B F F D E D F D G C C E B F F D E D F D G C C E B F F D E D F D G C C E B F F D E D F D G C C E B F F D E D F D G C C E B F F D E D F D G C C E B F F D E D F D G C C E B F F D E D F D G C C E B F F D E D F D G C C E B F F D E D F D G C C E B F F D E D F D G C C E B F F D E D F D G C C E B F F D E D F D G C C E B F F D E D F D G C C E B F F D E D F D G C C E B F F D E D F D G C C / W S X W W P R S Y W X W Y U R W W P R S Y W X W Y U R W W P R S Y W X W Y U R W W P R S Y W X W Y U R W W P R S Y W X W Y U R W W P R S Y W X W Y U R W W P R S Y W X W Y U R W W P R S Y W X W Y U R W W P R S Y W X W Y U R W W P R S Y W X W Y U R W W P R S Y W X W Y U R W W P R S Y W X W Y U R W W P R S Y W X W Y U R W W P R S Y W X W Y U R W W P R S Y W X W Y U R W W P R S Y W X W Y U R W W P R S Y W X W Y U R W W P R S Y W X W Y U R W W P R S Y W X W Y U R W W P R S Y W X W Y U R W W P R S Y W X W Y U R W W P R S Y W X W Y U R W W P R S Y W X W Y U R W W P R S Y W X W Y U R W W P R S Y W X W Y U R W W P R S Y W X W Y U R W W P R S Y, [9, 21, 33, 45, 57, 69, 81, 93, 105, 117, 129, 141, 153, 165, 177, 189, 201, 213, 225, 237, 249, 261, 273, 285, 297, 309] - [376319382, 376305517, 376305517, 376305517, 376305517, 376305517, 376305517, 376305517, 376305517, 376305517, 376305517, 376305517, 376305517, 376305517, 376305517, 376305517, 376305517, 376305517, 376305517, 376305517, 376305517, 376305517, 376305517, 376305517, 376305517, 376305517]]
69780 [main] INFO de.learnlib.util.Experiment - Searching for counterexample
slurmstepd-ctit080: error: *** STEP 35956.0 ON ctit080 CANCELLED AT 2017-11-30T13:03:38 DUE TO TIME LIMIT ***
