15 [main] INFO nl.utwente.fmt.rers.Main - multiplier is: 1.0
16 [main] INFO nl.utwente.fmt.rers.Main - minimum unfolds is : 3
296 [main] INFO nl.utwente.fmt.rers.RERSExperiment - Parsed formula #1: (false R (!((letter == "V") && (true U (letter == "C"))) || (((letter == "E") && (!X (!(letter == "C") U (letter == "B")) || X (!(letter == "C") U ((letter == "B") && (true U (letter == "S")))))) U (letter == "C"))))
298 [main] INFO nl.utwente.fmt.rers.RERSExperiment - Parsed formula #2: ((false R !(letter == "V")) || (!(letter == "V") U ((letter == "V") && (!(true U (letter == "U")) || (!(letter == "U") U (((letter == "E") && !(letter == "U")) && X (!(letter == "U") U (letter == "T"))))))))
299 [main] INFO nl.utwente.fmt.rers.RERSExperiment - Parsed formula #3: (false R (!(((letter == "Y") && !(letter == "C")) && (true U (letter == "C"))) || (!(letter == "U") U ((letter == "B") || (letter == "C")))))
301 [main] INFO nl.utwente.fmt.rers.RERSExperiment - Parsed formula #4: (false R (!(letter == "C") || (false R (!(letter == "E") || (((letter == "S") && !(letter == "Y")) && X (!(letter == "Y") U (letter == "X")))))))
302 [main] INFO nl.utwente.fmt.rers.RERSExperiment - Parsed formula #5: (false R (!(((letter == "U") && !(letter == "S")) && (true U (letter == "S"))) || (!(letter == "Z") U ((letter == "C") || (letter == "S")))))
303 [main] INFO nl.utwente.fmt.rers.RERSExperiment - Parsed formula #6: (false R ((letter == "Y") && (!!(letter == "W") || (!(letter == "U") W ((letter == "X") || (letter == "W"))))))
307 [main] INFO nl.utwente.fmt.rers.RERSExperiment - Parsed formula #7: (!(true U (letter == "U")) || (!(letter == "W") U ((letter == "U") || (((letter == "B") && !(letter == "W")) && X (!(letter == "W") U (letter == "V"))))))
308 [main] INFO nl.utwente.fmt.rers.RERSExperiment - Parsed formula #8: (!(true U (letter == "W")) || (!(letter == "Z") U ((letter == "X") || (letter == "W"))))
309 [main] INFO nl.utwente.fmt.rers.RERSExperiment - Parsed formula #9: (!(true U ((letter == "T") && X (true U (letter == "U")))) || (!(letter == "T") U (letter == "D")))
314 [main] INFO nl.utwente.fmt.rers.RERSExperiment - Parsed formula #10: (false R (!(letter == "A") || (!(true U (letter == "Y")) || (!(letter == "Y") U ((letter == "E") || (((letter == "T") && !(letter == "Y")) && X (!(letter == "Y") U (letter == "Z"))))))))
315 [main] INFO nl.utwente.fmt.rers.RERSExperiment - Parsed formula #11: (!(true U (letter == "W")) || (!(((letter == "V") && !(letter == "W")) && X (!(letter == "W") U ((letter == "T") && !(letter == "W")))) U ((letter == "W") || (letter == "C"))))
316 [main] INFO nl.utwente.fmt.rers.RERSExperiment - Parsed formula #12: (false R (!(letter == "A") || (true U ((letter == "T") && X (true U (letter == "W"))))))
318 [main] INFO nl.utwente.fmt.rers.RERSExperiment - Parsed formula #13: (false R (!(letter == "C") || (((letter == "E") && (!X (!(letter == "T") U (letter == "A")) || X (!(letter == "T") U ((letter == "A") && (true U (letter == "U")))))) U ((letter == "T") || (false R ((letter == "E") && (!X (!(letter == "T") U (letter == "A")) || X (!(letter == "T") U ((letter == "A") && (true U (letter == "U")))))))))))
319 [main] INFO nl.utwente.fmt.rers.RERSExperiment - Parsed formula #14: (!(letter == "U") W (letter == "Y"))
319 [main] INFO nl.utwente.fmt.rers.RERSExperiment - Parsed formula #15: (!(true U (letter == "V")) || (!(letter == "X") U ((letter == "E") || (letter == "V"))))
320 [main] INFO nl.utwente.fmt.rers.RERSExperiment - Parsed formula #16: (false R (!(letter == "D") || (false R (!(letter == "B") || ((letter == "W") && X (true U (letter == "U")))))))
322 [main] INFO nl.utwente.fmt.rers.RERSExperiment - Parsed formula #17: (false R (!((letter == "B") && (true U (letter == "Y"))) || (!(((letter == "V") && !(letter == "Y")) && X (!(letter == "Y") U ((letter == "T") && !(letter == "Y")))) U ((letter == "Y") || (letter == "X")))))
323 [main] INFO nl.utwente.fmt.rers.RERSExperiment - Parsed formula #18: (false R (!(letter == "E") || (false R (!(letter == "B") || ((letter == "U") && X (true U (letter == "Y")))))))
324 [main] INFO nl.utwente.fmt.rers.RERSExperiment - Parsed formula #19: (false R (!(letter == "E") || (false R (!(letter == "D") || (true U (letter == "W"))))))
325 [main] INFO nl.utwente.fmt.rers.RERSExperiment - Parsed formula #20: (false R (!(letter == "E") || (!(true U (letter == "Y")) || (!(letter == "Y") U ((letter == "X") || (((letter == "Z") && !(letter == "Y")) && X (!(letter == "Y") U (letter == "D"))))))))
325 [main] INFO nl.utwente.fmt.rers.RERSExperiment - Parsed formula #21: (false R (!((letter == "S") && (true U (letter == "B"))) || (((letter == "A") && (!X (!(letter == "B") U (letter == "D")) || X (!(letter == "B") U ((letter == "D") && (true U (letter == "T")))))) U (letter == "B"))))
326 [main] INFO nl.utwente.fmt.rers.RERSExperiment - Parsed formula #22: (false R (!(((letter == "T") && !(letter == "D")) && (true U (letter == "D"))) || (!(letter == "U") U ((letter == "E") || (letter == "D")))))
327 [main] INFO nl.utwente.fmt.rers.RERSExperiment - Parsed formula #23: (false R (!((letter == "B") && (true U (letter == "D"))) || (!(((letter == "T") && !(letter == "D")) && X (!(letter == "D") U ((letter == "S") && !(letter == "D")))) U ((letter == "D") || (letter == "E")))))
328 [main] INFO nl.utwente.fmt.rers.RERSExperiment - Parsed formula #24: (false R (!(letter == "D") || (true U (((letter == "U") && !(letter == "V")) && X (!(letter == "V") U (letter == "Y"))))))
328 [main] INFO nl.utwente.fmt.rers.RERSExperiment - Parsed formula #25: (!(true U (letter == "A")) || (!(((letter == "S") && !(letter == "A")) && X (!(letter == "A") U ((letter == "Y") && !(letter == "A")))) U ((letter == "A") || (letter == "D"))))
329 [main] INFO nl.utwente.fmt.rers.RERSExperiment - Parsed formula #26: (false R ((letter == "A") && (!!(letter == "E") || (!(letter == "W") W ((letter == "S") || (letter == "E"))))))
330 [main] INFO nl.utwente.fmt.rers.RERSExperiment - Parsed formula #27: (false R ((letter == "B") && (!!(letter == "W") || ((!(letter == "A") || (!(letter == "W") U ((letter == "S") && !(letter == "W")))) W (letter == "W")))))
331 [main] INFO nl.utwente.fmt.rers.RERSExperiment - Parsed formula #28: (false R (!((letter == "E") && (true U (letter == "U"))) || ((!(letter == "C") || (!(letter == "U") U (((letter == "X") && !(letter == "U")) && X (!(letter == "U") U (letter == "S"))))) U (letter == "U"))))
331 [main] INFO nl.utwente.fmt.rers.RERSExperiment - Parsed formula #29: (false R (!((letter == "W") && (true U (letter == "A"))) || ((!(letter == "B") || (!(letter == "A") U ((((letter == "Y") && !(letter == "A")) && !(letter == "V")) && X ((!(letter == "A") && !(letter == "V")) U (letter == "X"))))) U (letter == "A"))))
332 [main] INFO nl.utwente.fmt.rers.RERSExperiment - Parsed formula #30: (false R ((letter == "W") && (!!(letter == "E") || (!(letter == "S") W ((letter == "V") || (letter == "E"))))))
333 [main] INFO nl.utwente.fmt.rers.RERSExperiment - Parsed formula #31: (false R (!(((letter == "A") && !(letter == "X")) && (true U (letter == "X"))) || (!(letter == "W") U ((letter == "T") || (letter == "X")))))
333 [main] INFO nl.utwente.fmt.rers.RERSExperiment - Parsed formula #32: (!(true U (letter == "X")) || ((!(letter == "E") || (!(letter == "X") U ((letter == "U") && !(letter == "X")))) U (letter == "X")))
334 [main] INFO nl.utwente.fmt.rers.RERSExperiment - Parsed formula #33: (!(true U (letter == "Z")) || ((!(letter == "E") || (!(letter == "Z") U ((letter == "Y") && !(letter == "Z")))) U (letter == "Z")))
334 [main] INFO nl.utwente.fmt.rers.RERSExperiment - Parsed formula #34: (!(true U (letter == "Z")) || ((!(letter == "E") || (!(letter == "Z") U (((letter == "S") && !(letter == "Z")) && X (!(letter == "Z") U (letter == "U"))))) U (letter == "Z")))
335 [main] INFO nl.utwente.fmt.rers.RERSExperiment - Parsed formula #35: (!(true U (letter == "X")) || (!(letter == "X") U (((letter == "A") && !(letter == "X")) && X (!(letter == "X") U (letter == "U")))))
336 [main] INFO nl.utwente.fmt.rers.RERSExperiment - Parsed formula #36: (false R (!(letter == "Y") || (false R (!(letter == "A") || (((letter == "X") && !(letter == "W")) && X (!(letter == "W") U (letter == "U")))))))
336 [main] INFO nl.utwente.fmt.rers.RERSExperiment - Parsed formula #37: (!(true U (letter == "V")) || (((letter == "B") && (!X (!(letter == "V") U (letter == "D")) || X (!(letter == "V") U ((letter == "D") && (true U (letter == "Z")))))) U (letter == "V")))
338 [main] INFO nl.utwente.fmt.rers.RERSExperiment - Parsed formula #38: (false R (!((letter == "Z") && (true U (letter == "U"))) || ((!(letter == "D") || (!(letter == "U") U ((((letter == "T") && !(letter == "U")) && !(letter == "W")) && X ((!(letter == "U") && !(letter == "W")) U (letter == "X"))))) U (letter == "U"))))
338 [main] INFO nl.utwente.fmt.rers.RERSExperiment - Parsed formula #39: (false R ((letter == "D") && (!!(letter == "W") || ((!(letter == "C") || (!(letter == "W") U ((letter == "Z") && !(letter == "W")))) W (letter == "W")))))
340 [main] INFO nl.utwente.fmt.rers.RERSExperiment - Parsed formula #40: (false R (!(letter == "W") || ((!(letter == "B") || (!(letter == "C") U (((letter == "V") && !(letter == "C")) && X (!(letter == "C") U (letter == "Y"))))) U ((letter == "C") || (false R (!(letter == "B") || ((letter == "V") && X (true U (letter == "Y")))))))))
341 [main] INFO nl.utwente.fmt.rers.RERSExperiment - Parsed formula #41: (false R (!(letter == "U") || ((!(((letter == "V") && !(letter == "A")) && X (!(letter == "A") U ((letter == "Y") && !(letter == "A")))) U ((letter == "A") || (letter == "X"))) || (false R !((letter == "V") && X (true U (letter == "Y")))))))
341 [main] INFO nl.utwente.fmt.rers.RERSExperiment - Parsed formula #42: (false R (!(((letter == "T") && !(letter == "C")) && (true U (letter == "C"))) || ((!(letter == "A") || (!(letter == "C") U ((letter == "U") && !(letter == "C")))) U (letter == "C"))))
342 [main] INFO nl.utwente.fmt.rers.RERSExperiment - Parsed formula #43: (false R (!((letter == "E") && (true U (letter == "B"))) || ((!(letter == "D") || (!(letter == "B") U ((((letter == "S") && !(letter == "B")) && !(letter == "T")) && X ((!(letter == "B") && !(letter == "T")) U (letter == "Z"))))) U (letter == "B"))))
344 [main] INFO nl.utwente.fmt.rers.RERSExperiment - Parsed formula #44: (false R (!((letter == "S") && (true U (letter == "T"))) || ((!(letter == "B") || (!(letter == "T") U (((letter == "Y") && !(letter == "T")) && X (!(letter == "T") U (letter == "V"))))) U (letter == "T"))))
344 [main] INFO nl.utwente.fmt.rers.RERSExperiment - Parsed formula #45: (false R (!(letter == "B") || (true U ((letter == "W") && X (true U (letter == "Y"))))))
345 [main] INFO nl.utwente.fmt.rers.RERSExperiment - Parsed formula #46: (false R (!(((letter == "C") && !(letter == "U")) && (true U (letter == "U"))) || (!(letter == "Y") U ((letter == "W") || (letter == "U")))))
346 [main] INFO nl.utwente.fmt.rers.RERSExperiment - Parsed formula #47: ((false R !(letter == "D")) || (true U ((letter == "D") && (!(letter == "W") W (letter == "C")))))
346 [main] INFO nl.utwente.fmt.rers.RERSExperiment - Parsed formula #48: (false R (!(letter == "S") || (false R (!(letter == "B") || (((letter == "X") && !(letter == "Z")) && X (!(letter == "Z") U (letter == "V")))))))
347 [main] INFO nl.utwente.fmt.rers.RERSExperiment - Parsed formula #49: (false R (!(((letter == "E") && !(letter == "Y")) && (true U (letter == "Y"))) || (!(letter == "Z") U ((letter == "W") || (letter == "Y")))))
347 [main] INFO nl.utwente.fmt.rers.RERSExperiment - Parsed formula #50: (!(letter == "Z") W (letter == "E"))
348 [main] INFO nl.utwente.fmt.rers.RERSExperiment - Parsed formula #51: (false R ((letter == "S") && (!!(letter == "Z") || ((!(letter == "D") || (!(letter == "Z") U ((letter == "U") && !(letter == "Z")))) W (letter == "Z")))))
349 [main] INFO nl.utwente.fmt.rers.RERSExperiment - Parsed formula #52: (!(true U ((letter == "U") && X (true U (letter == "X")))) || (!(letter == "U") U (letter == "D")))
349 [main] INFO nl.utwente.fmt.rers.RERSExperiment - Parsed formula #53: (!(true U (letter == "Y")) || (!(letter == "S") U ((letter == "X") || (letter == "Y"))))
350 [main] INFO nl.utwente.fmt.rers.RERSExperiment - Parsed formula #54: (false R ((letter == "C") && (!!(letter == "U") || (!(letter == "S") W ((letter == "Y") || (letter == "U"))))))
350 [main] INFO nl.utwente.fmt.rers.RERSExperiment - Parsed formula #55: (!(true U (letter == "S")) || (!(letter == "S") U (((letter == "T") && !(letter == "S")) && X (!(letter == "S") U (letter == "Z")))))
350 [main] INFO nl.utwente.fmt.rers.RERSExperiment - Parsed formula #56: (!(true U (letter == "U")) || (!(letter == "Z") U ((letter == "S") || (letter == "U"))))
351 [main] INFO nl.utwente.fmt.rers.RERSExperiment - Parsed formula #57: (!(true U ((letter == "Z") && X (true U (letter == "S")))) || (!(letter == "Z") U (letter == "X")))
351 [main] INFO nl.utwente.fmt.rers.RERSExperiment - Parsed formula #58: (false R (!(letter == "D") || (((letter == "B") && (!X (!(letter == "T") U (letter == "C")) || X (!(letter == "T") U ((letter == "C") && (true U (letter == "X")))))) U ((letter == "T") || (false R ((letter == "B") && (!X (!(letter == "T") U (letter == "C")) || X (!(letter == "T") U ((letter == "C") && (true U (letter == "X")))))))))))
352 [main] INFO nl.utwente.fmt.rers.RERSExperiment - Parsed formula #59: (!(true U (letter == "S")) || ((!(letter == "D") || (!(letter == "S") U ((((letter == "Y") && !(letter == "S")) && !(letter == "Z")) && X ((!(letter == "S") && !(letter == "Z")) U (letter == "T"))))) U (letter == "S")))
352 [main] INFO nl.utwente.fmt.rers.RERSExperiment - Parsed formula #60: (false R (!(letter == "C") || (true U (letter == "V"))))
353 [main] INFO nl.utwente.fmt.rers.RERSExperiment - Parsed formula #61: (false R (!(letter == "W") || ((!(((letter == "U") && !(letter == "E")) && X (!(letter == "E") U ((letter == "V") && !(letter == "E")))) U ((letter == "E") || (letter == "Y"))) || (false R !((letter == "U") && X (true U (letter == "V")))))))
353 [main] INFO nl.utwente.fmt.rers.RERSExperiment - Parsed formula #62: ((false R !(letter == "B")) || (true U ((letter == "B") && (!(letter == "S") W (letter == "A")))))
353 [main] INFO nl.utwente.fmt.rers.RERSExperiment - Parsed formula #63: (false R (!(letter == "C") || (true U ((letter == "S") && X (true U (letter == "U"))))))
355 [main] INFO nl.utwente.fmt.rers.RERSExperiment - Parsed formula #64: (!(true U (letter == "C")) || (((letter == "E") && (!X (!(letter == "C") U (letter == "D")) || X (!(letter == "C") U ((letter == "D") && (true U (letter == "S")))))) U (letter == "C")))
356 [main] INFO nl.utwente.fmt.rers.RERSExperiment - Parsed formula #65: ((false R !(letter == "X")) || (true U ((letter == "X") && (!(letter == "Z") W (letter == "V")))))
356 [main] INFO nl.utwente.fmt.rers.RERSExperiment - Parsed formula #66: (false R (!((letter == "S") && (true U (letter == "C"))) || (((letter == "D") && (!X (!(letter == "C") U (letter == "B")) || X (!(letter == "C") U ((letter == "B") && (true U (letter == "Z")))))) U (letter == "C"))))
356 [main] INFO nl.utwente.fmt.rers.RERSExperiment - Parsed formula #67: (!(letter == "Z") W (letter == "X"))
357 [main] INFO nl.utwente.fmt.rers.RERSExperiment - Parsed formula #68: (!(true U (letter == "A")) || (!(letter == "U") U ((letter == "A") || (((letter == "E") && !(letter == "U")) && X (!(letter == "U") U (letter == "V"))))))
357 [main] INFO nl.utwente.fmt.rers.RERSExperiment - Parsed formula #69: ((false R !(letter == "V")) || (!(letter == "V") U ((letter == "V") && (!(true U (letter == "Y")) || (!(letter == "Y") U (((letter == "T") && !(letter == "Y")) && X (!(letter == "Y") U (letter == "E"))))))))
358 [main] INFO nl.utwente.fmt.rers.RERSExperiment - Parsed formula #70: (false R (!((letter == "E") && (true U (letter == "V"))) || (!(((letter == "X") && !(letter == "V")) && X (!(letter == "V") U ((letter == "U") && !(letter == "V")))) U ((letter == "V") || (letter == "A")))))
358 [main] INFO nl.utwente.fmt.rers.RERSExperiment - Parsed formula #71: (false R (!(((letter == "T") && !(letter == "C")) && (true U (letter == "C"))) || (!(letter == "X") U ((letter == "E") || (letter == "C")))))
358 [main] INFO nl.utwente.fmt.rers.RERSExperiment - Parsed formula #72: (false R (!(letter == "W") || (false R (!(letter == "A") || ((letter == "X") && X (true U (letter == "Y")))))))
359 [main] INFO nl.utwente.fmt.rers.RERSExperiment - Parsed formula #73: (false R (!(letter == "A") || (true U (letter == "S"))))
359 [main] INFO nl.utwente.fmt.rers.RERSExperiment - Parsed formula #74: (!(letter == "U") W (letter == "W"))
359 [main] INFO nl.utwente.fmt.rers.RERSExperiment - Parsed formula #75: (false R (!((letter == "S") && (true U (letter == "V"))) || (((letter == "E") && (!X (!(letter == "V") U (letter == "A")) || X (!(letter == "V") U ((letter == "A") && (true U (letter == "Y")))))) U (letter == "V"))))
360 [main] INFO nl.utwente.fmt.rers.RERSExperiment - Parsed formula #76: (false R (!(letter == "E") || (((letter == "A") && (!X (!(letter == "B") U (letter == "D")) || X (!(letter == "B") U ((letter == "D") && (true U (letter == "Z")))))) U ((letter == "B") || (false R ((letter == "A") && (!X (!(letter == "B") U (letter == "D")) || X (!(letter == "B") U ((letter == "D") && (true U (letter == "Z")))))))))))
360 [main] INFO nl.utwente.fmt.rers.RERSExperiment - Parsed formula #77: ((false R !(letter == "U")) || (!(letter == "U") U ((letter == "U") && (!(true U ((letter == "T") && X (true U (letter == "W")))) || (!(letter == "T") U (letter == "D"))))))
361 [main] INFO nl.utwente.fmt.rers.RERSExperiment - Parsed formula #78: (!(true U (letter == "U")) || (!(letter == "V") U ((letter == "Z") || (letter == "U"))))
361 [main] INFO nl.utwente.fmt.rers.RERSExperiment - Parsed formula #79: (!(true U (letter == "A")) || (!(((letter == "U") && !(letter == "A")) && X (!(letter == "A") U ((letter == "W") && !(letter == "A")))) U ((letter == "A") || (letter == "T"))))
362 [main] INFO nl.utwente.fmt.rers.RERSExperiment - Parsed formula #80: (false R (!((letter == "V") && (true U (letter == "U"))) || (!(letter == "S") U ((letter == "U") || (((letter == "E") && !(letter == "S")) && X (!(letter == "S") U (letter == "D")))))))
362 [main] INFO nl.utwente.fmt.rers.RERSExperiment - Parsed formula #81: (false R (!(letter == "V") || ((!(((letter == "U") && !(letter == "E")) && X (!(letter == "E") U ((letter == "Z") && !(letter == "E")))) U ((letter == "E") || (letter == "A"))) || (false R !((letter == "U") && X (true U (letter == "Z")))))))
362 [main] INFO nl.utwente.fmt.rers.RERSExperiment - Parsed formula #82: (false R (!(letter == "Z") || (false R (!(letter == "E") || (true U (letter == "V"))))))
363 [main] INFO nl.utwente.fmt.rers.RERSExperiment - Parsed formula #83: (false R (!(letter == "Y") || (!(true U (letter == "V")) || (!(letter == "V") U ((letter == "Z") || (((letter == "X") && !(letter == "V")) && X (!(letter == "V") U (letter == "T"))))))))
363 [main] INFO nl.utwente.fmt.rers.RERSExperiment - Parsed formula #84: (!(true U (letter == "T")) || ((!(letter == "A") || (!(letter == "T") U ((letter == "X") && !(letter == "T")))) U (letter == "T")))
364 [main] INFO nl.utwente.fmt.rers.RERSExperiment - Parsed formula #85: (false R (!(((letter == "Y") && !(letter == "B")) && (true U (letter == "B"))) || (!(letter == "Z") U ((letter == "V") || (letter == "B")))))
364 [main] INFO nl.utwente.fmt.rers.RERSExperiment - Parsed formula #86: (false R (!(letter == "T") || ((!(letter == "A") || (!(letter == "U") U (((letter == "X") && !(letter == "U")) && X (!(letter == "U") U (letter == "V"))))) U ((letter == "U") || (false R (!(letter == "A") || ((letter == "X") && X (true U (letter == "V")))))))))
365 [main] INFO nl.utwente.fmt.rers.RERSExperiment - Parsed formula #87: (!(true U ((letter == "W") && X (true U (letter == "S")))) || (!(letter == "W") U (letter == "U")))
365 [main] INFO nl.utwente.fmt.rers.RERSExperiment - Parsed formula #88: (false R (!(letter == "Y") || ((!(letter == "D") || (!(letter == "X") U (((letter == "S") && !(letter == "X")) && X (!(letter == "X") U (letter == "U"))))) U ((letter == "X") || (false R (!(letter == "D") || ((letter == "S") && X (true U (letter == "U")))))))))
366 [main] INFO nl.utwente.fmt.rers.RERSExperiment - Parsed formula #89: (false R (!(letter == "X") || (false R ((letter == "B") && (!X (true U (letter == "A")) || X (!(letter == "A") U ((letter == "A") && (true U (letter == "S")))))))))
366 [main] INFO nl.utwente.fmt.rers.RERSExperiment - Parsed formula #90: (!(true U (letter == "X")) || ((!(letter == "B") || (!(letter == "X") U ((((letter == "U") && !(letter == "X")) && !(letter == "T")) && X ((!(letter == "X") && !(letter == "T")) U (letter == "Z"))))) U (letter == "X")))
367 [main] INFO nl.utwente.fmt.rers.RERSExperiment - Parsed formula #91: (false R (!(letter == "Y") || (((letter == "C") && (!X (!(letter == "X") U (letter == "A")) || X (!(letter == "X") U ((letter == "A") && (true U (letter == "V")))))) U ((letter == "X") || (false R ((letter == "C") && (!X (!(letter == "X") U (letter == "A")) || X (!(letter == "X") U ((letter == "A") && (true U (letter == "V")))))))))))
367 [main] INFO nl.utwente.fmt.rers.RERSExperiment - Parsed formula #92: (false R (!(letter == "D") || (true U ((letter == "U") && X (true U (letter == "V"))))))
367 [main] INFO nl.utwente.fmt.rers.RERSExperiment - Parsed formula #93: (!(true U ((letter == "X") && X (true U (letter == "W")))) || (!(letter == "X") U (letter == "C")))
368 [main] INFO nl.utwente.fmt.rers.RERSExperiment - Parsed formula #94: (!(true U (letter == "U")) || ((!(letter == "C") || (!(letter == "U") U (((letter == "T") && !(letter == "U")) && X (!(letter == "U") U (letter == "W"))))) U (letter == "U")))
368 [main] INFO nl.utwente.fmt.rers.RERSExperiment - Parsed formula #95: (false R (!((letter == "S") && (true U (letter == "W"))) || ((!(letter == "E") || (!(letter == "W") U (((letter == "Z") && !(letter == "W")) && X (!(letter == "W") U (letter == "X"))))) U (letter == "W"))))
369 [main] INFO nl.utwente.fmt.rers.RERSExperiment - Parsed formula #96: (false R (!((letter == "V") && (true U (letter == "U"))) || (!(letter == "W") U ((letter == "U") || (((letter == "Y") && !(letter == "W")) && X (!(letter == "W") U (letter == "A")))))))
369 [main] INFO nl.utwente.fmt.rers.RERSExperiment - Parsed formula #97: (!(true U (letter == "C")) || (!(letter == "S") U ((letter == "C") || (((letter == "W") && !(letter == "S")) && X (!(letter == "S") U (letter == "B"))))))
369 [main] INFO nl.utwente.fmt.rers.RERSExperiment - Parsed formula #98: (!(letter == "V") W (letter == "A"))
370 [main] INFO nl.utwente.fmt.rers.RERSExperiment - Parsed formula #99: (false R (!(letter == "C") || ((!(letter == "D") || (!(letter == "X") U (((letter == "Z") && !(letter == "X")) && X (!(letter == "X") U (letter == "T"))))) U ((letter == "X") || (false R (!(letter == "D") || ((letter == "Z") && X (true U (letter == "T")))))))))
370 [main] INFO nl.utwente.fmt.rers.RERSExperiment - Parsed formula #100: (false R (!(((letter == "Y") && !(letter == "V")) && (true U (letter == "V"))) || (!(letter == "X") U ((letter == "A") || (letter == "V")))))
381 [main] INFO de.learnlib.util.Experiment - Starting round 1
381 [main] INFO de.learnlib.util.Experiment - Learning
394 [main] INFO de.learnlib.util.BBCExperiment - Searching for property violation
1258 [main] INFO de.learnlib.api.logging.LoggingBlackBoxProperty - Spurious counterexample found for property: '(false R ((letter == "A") && (!!(letter == "E") || (!(letter == "W") W ((letter == "S") || (letter == "E"))))))'
1259 [main] INFO de.learnlib.api.logging.LoggingBlackBoxProperty - Spurious counterexample: Query[ε|D D D D / Y   ]
1949 [main] INFO de.learnlib.util.BBCExperiment - Searching for property violation
2283 [main] INFO de.learnlib.api.logging.LoggingBlackBoxProperty - Spurious counterexample found for property: '(false R ((letter == "A") && (!!(letter == "E") || (!(letter == "W") W ((letter == "S") || (letter == "E"))))))'
2283 [main] INFO de.learnlib.api.logging.LoggingBlackBoxProperty - Spurious counterexample: Query[ε|D C D D C D D C D D C D D C D D C D D / Y U W Z               ]
2319 [main] INFO de.learnlib.util.BBCExperiment - Searching for property violation
2536 [main] INFO de.learnlib.api.logging.LoggingBlackBoxProperty - Property violated: '(false R ((letter == "A") && (!!(letter == "E") || (!(letter == "W") W ((letter == "S") || (letter == "E"))))))'
2536 [main] INFO de.learnlib.api.logging.LoggingBlackBoxProperty - Counter example for property: OmegaQuery[ε|D C D D E C D D E C D D E C D D E C D D E C D D E C D D E C D D E C D D E / Y U W Z X U W Z X U W Z X U W Z X U W Z X U W Z X U W Z X U W Z X U W Z X, [1, 5, 9, 13, 17, 21, 25, 29, 33] - [-662887761, -662887762, -662887762, -662887762, -662887762, -662887762, -662887762, -662887762, -662887762]]
2723 [main] INFO de.learnlib.api.logging.LoggingBlackBoxProperty - Property violated: '(false R (!(letter == "C") || (((letter == "E") && (!X (!(letter == "T") U (letter == "A")) || X (!(letter == "T") U ((letter == "A") && (true U (letter == "U")))))) U ((letter == "T") || (false R ((letter == "E") && (!X (!(letter == "T") U (letter == "A")) || X (!(letter == "T") U ((letter == "A") && (true U (letter == "U")))))))))))'
2723 [main] INFO de.learnlib.api.logging.LoggingBlackBoxProperty - Counter example for property: OmegaQuery[ε|D C D D E C D D E C D D E C D D E C D D E C D D E C D D E C D D E C D D E C / Y U W Z X U W Z X U W Z X U W Z X U W Z X U W Z X U W Z X U W Z X U W Z X U, [2, 6, 10, 14, 18, 22, 26, 30, 34] - [-662873838, -662873838, -662873838, -662873838, -662873838, -662873838, -662873838, -662873838, -662873838]]
2922 [main] INFO de.learnlib.api.logging.LoggingBlackBoxProperty - Property violated: '(false R ((letter == "D") && (!!(letter == "W") || ((!(letter == "C") || (!(letter == "W") U ((letter == "Z") && !(letter == "W")))) W (letter == "W")))))'
2922 [main] INFO de.learnlib.api.logging.LoggingBlackBoxProperty - Counter example for property: OmegaQuery[ε|D C D D E C D D E C D D E C D D E C D D E C D D E C D D E C D D E C D D E / Y U W Z X U W Z X U W Z X U W Z X U W Z X U W Z X U W Z X U W Z X U W Z X, [1, 5, 9, 13, 17, 21, 25, 29, 33] - [-662887761, -662887762, -662887762, -662887762, -662887762, -662887762, -662887762, -662887762, -662887762]]
3104 [main] INFO de.learnlib.api.logging.LoggingBlackBoxProperty - Property violated: '(!(letter == "Z") W (letter == "E"))'
3105 [main] INFO de.learnlib.api.logging.LoggingBlackBoxProperty - Counter example for property: OmegaQuery[ε|D C D D E C D D E C D D E C D D E C D D E C D D E C D D E C D D E C D D E C D D / Y U W Z X U W Z X U W Z X U W Z X U W Z X U W Z X U W Z X U W Z X U W Z X U W Z, [4, 8, 12, 16, 20, 24, 28, 32, 36] - [-662877319, -662877319, -662877319, -662877319, -662877319, -662877319, -662877319, -662877319, -662877319]]
3304 [main] INFO de.learnlib.api.logging.LoggingBlackBoxProperty - Property violated: '(false R (!(letter == "C") || (false R (!(letter == "E") || (((letter == "S") && !(letter == "Y")) && X (!(letter == "Y") U (letter == "X")))))))'
3304 [main] INFO de.learnlib.api.logging.LoggingBlackBoxProperty - Counter example for property: OmegaQuery[ε|D C D D E C D D E C D D E C D D E C D D E C D D E C D D E C D D E C D D E C D D E / Y U W Z X U W Z X U W Z X U W Z X U W Z X U W Z X U W Z X U W Z X U W Z X U W Z X, [5, 9, 13, 17, 21, 25, 29, 33, 37] - [-662887762, -662887762, -662887762, -662887762, -662887762, -662887762, -662887762, -662887762, -662887762]]
3821 [main] INFO de.learnlib.api.logging.LoggingBlackBoxProperty - Spurious counterexample found for property: '(false R (!((letter == "S") && (true U (letter == "W"))) || ((!(letter == "E") || (!(letter == "W") U (((letter == "Z") && !(letter == "W")) && X (!(letter == "W") U (letter == "X"))))) U (letter == "W"))))'
3821 [main] INFO de.learnlib.api.logging.LoggingBlackBoxProperty - Spurious counterexample: Query[ε|D C D D B C E D D E C D D E C D D E C D D E C D D E C D D E C D D E C D D E C D D E C D / Y U W Z W S Z W  U  W Z X U W Z X U W Z X U W Z X U W Z X U W Z X U W Z X U W Z X U W]
3825 [main] INFO de.learnlib.util.BBCExperiment - Searching for property violation
4357 [main] INFO de.learnlib.api.logging.LoggingBlackBoxProperty - Spurious counterexample found for property: '(false R (!((letter == "S") && (true U (letter == "W"))) || ((!(letter == "E") || (!(letter == "W") U (((letter == "Z") && !(letter == "W")) && X (!(letter == "W") U (letter == "X"))))) U (letter == "W"))))'
4357 [main] INFO de.learnlib.api.logging.LoggingBlackBoxProperty - Spurious counterexample: Query[ε|D C D D B C E D C D D D D D D D D D D D / Y U W Z W S Z W X U W         ]
4359 [main] INFO de.learnlib.util.BBCExperiment - Searching for property violation
4700 [main] INFO de.learnlib.api.logging.LoggingBlackBoxProperty - Property violated: '(false R (!((letter == "S") && (true U (letter == "W"))) || ((!(letter == "E") || (!(letter == "W") U (((letter == "Z") && !(letter == "W")) && X (!(letter == "W") U (letter == "X"))))) U (letter == "W"))))'
4700 [main] INFO de.learnlib.api.logging.LoggingBlackBoxProperty - Counter example for property: OmegaQuery[ε|D C D D B C E D C D D C D D C D D C D D C D D C D D C D D C D D C D D C D D C D D C D D / Y U W Z W S Z W X U W X U W X U W X U W X U W X U W X U W X U W X U W X U W X U W X U W, [8, 11, 14, 17, 20, 23, 26, 29, 32, 35, 38, 41] - [-676024938, -663907577, -663907577, -663907577, -663907577, -663907577, -663907577, -663907577, -663907577, -663907577, -663907577, -663907577]]
5398 [main] INFO de.learnlib.api.logging.LoggingBlackBoxProperty - Property violated: '(!(letter == "U") W (letter == "W"))'
5398 [main] INFO de.learnlib.api.logging.LoggingBlackBoxProperty - Counter example for property: OmegaQuery[ε|D C D D E C D D E C D D E C D D E C D D E C D D E C D D E C D D E C D D E C D D E C D D E C D D E C / Y U W Z X U W Z X U W Z X U W Z X U W Z X U W Z X U W Z X U W Z X U W Z X U W Z X U W Z X U W Z X U, [2, 6, 10, 14, 18, 22, 26, 30, 34, 38, 42, 46] - [-662873838, -662873838, -662873838, -662873838, -662873838, -662873838, -662873838, -662873838, -662873838, -662873838, -662873838, -662873838]]
5580 [main] INFO de.learnlib.api.logging.LoggingBlackBoxProperty - Property violated: '(false R (!(letter == "E") || (false R (!(letter == "B") || ((letter == "U") && X (true U (letter == "Y")))))))'
5580 [main] INFO de.learnlib.api.logging.LoggingBlackBoxProperty - Counter example for property: OmegaQuery[ε|D C D D E C D D B C D D D D D D D D D D D D / Y U W Z X U W Z W S S S S S S S S S S S S S, [10, 11, 12, 13, 14, 15, 16, 17, 18, 19, 20, 21] - [-674796263, -674796263, -674796263, -674796263, -674796263, -674796263, -674796263, -674796263, -674796263, -674796263, -674796263, -674796263]]
6005 [main] INFO de.learnlib.api.logging.LoggingBlackBoxProperty - Property violated: '(false R (!(letter == "D") || (false R (!(letter == "B") || ((letter == "W") && X (true U (letter == "U")))))))'
6005 [main] INFO de.learnlib.api.logging.LoggingBlackBoxProperty - Counter example for property: OmegaQuery[ε|D C D D B C D D D D D D D D D D D D / Y U W Z W S S S S S S S S S S S S S, [6, 7, 8, 9, 10, 11, 12, 13, 14, 15, 16, 17] - [-674796263, -674796263, -674796263, -674796263, -674796263, -674796263, -674796263, -674796263, -674796263, -674796263, -674796263, -674796263]]
6205 [main] INFO de.learnlib.api.logging.LoggingBlackBoxProperty - Property violated: '((false R !(letter == "X")) || (true U ((letter == "X") && (!(letter == "Z") W (letter == "V")))))'
6205 [main] INFO de.learnlib.api.logging.LoggingBlackBoxProperty - Counter example for property: OmegaQuery[ε|D C D D E C D D E C D D E C D D E C D D E C D D E C D D E C D D E C D D E C D D E C D D E C D D E C D D E / Y U W Z X U W Z X U W Z X U W Z X U W Z X U W Z X U W Z X U W Z X U W Z X U W Z X U W Z X U W Z X U W Z X, [5, 9, 13, 17, 21, 25, 29, 33, 37, 41, 45, 49] - [-662887762, -662887762, -662887762, -662887762, -662887762, -662887762, -662887762, -662887762, -662887762, -662887762, -662887762, -662887762]]
6604 [main] INFO de.learnlib.api.logging.LoggingBlackBoxProperty - Property violated: '(false R (!(letter == "B") || (true U ((letter == "W") && X (true U (letter == "Y"))))))'
6604 [main] INFO de.learnlib.api.logging.LoggingBlackBoxProperty - Counter example for property: OmegaQuery[ε|D C D D B C B C D D C D D C D D C D D C D D C D D C D D C D D C D D C D D C D D C D D / Y U W Z W S W X U W X U W X U W X U W X U W X U W X U W X U W X U W X U W X U W X U W, [7, 10, 13, 16, 19, 22, 25, 28, 31, 34, 37, 40] - [-674792664, -663907577, -663907577, -663907577, -663907577, -663907577, -663907577, -663907577, -663907577, -663907577, -663907577, -663907577]]
6845 [main] INFO de.learnlib.api.logging.LoggingBlackBoxProperty - Property violated: '(!(true U (letter == "U")) || ((!(letter == "C") || (!(letter == "U") U (((letter == "T") && !(letter == "U")) && X (!(letter == "U") U (letter == "W"))))) U (letter == "U")))'
6845 [main] INFO de.learnlib.api.logging.LoggingBlackBoxProperty - Counter example for property: OmegaQuery[ε|D C D D E C D D E C D D E C D D E C D D E C D D E C D D E C D D E C D D E C D D E C D D E C D D E C / Y U W Z X U W Z X U W Z X U W Z X U W Z X U W Z X U W Z X U W Z X U W Z X U W Z X U W Z X U W Z X U, [2, 6, 10, 14, 18, 22, 26, 30, 34, 38, 42, 46] - [-662873838, -662873838, -662873838, -662873838, -662873838, -662873838, -662873838, -662873838, -662873838, -662873838, -662873838, -662873838]]
7709 [main] INFO de.learnlib.api.logging.LoggingBlackBoxProperty - Property violated: '(false R (!(letter == "S") || (false R (!(letter == "B") || (((letter == "X") && !(letter == "Z")) && X (!(letter == "Z") U (letter == "V")))))))'
7709 [main] INFO de.learnlib.api.logging.LoggingBlackBoxProperty - Counter example for property: OmegaQuery[ε|D C D D B C B C D D C D D C D D C D D C D D C D D C D D C D D C D D C D D C D D C D D / Y U W Z W S W X U W X U W X U W X U W X U W X U W X U W X U W X U W X U W X U W X U W, [7, 10, 13, 16, 19, 22, 25, 28, 31, 34, 37, 40] - [-674792664, -663907577, -663907577, -663907577, -663907577, -663907577, -663907577, -663907577, -663907577, -663907577, -663907577, -663907577]]
8335 [main] INFO de.learnlib.api.logging.LoggingBlackBoxProperty - Property violated: '(!(true U (letter == "Z")) || ((!(letter == "E") || (!(letter == "Z") U ((letter == "Y") && !(letter == "Z")))) U (letter == "Z")))'
8335 [main] INFO de.learnlib.api.logging.LoggingBlackBoxProperty - Counter example for property: OmegaQuery[ε|D C B E B C D E C D D E C D D E C D D E C D D E C D D E C D D E C D D E C D D E C D D E C D D E C D D E C D D E C D D / Y U S X W X U X U W Z X U W Z X U W Z X U W Z X U W Z X U W Z X U W Z X U W Z X U W Z X U W Z X U W Z X U W Z X U W Z, [11, 15, 19, 23, 27, 31, 35, 39, 43, 47, 51, 55] - [-662877201, -662877201, -662877201, -662877201, -662877201, -662877201, -662877201, -662877201, -662877201, -662877201, -662877201, -662877201]]
9582 [main] INFO de.learnlib.api.logging.LoggingBlackBoxProperty - Property violated: '(!(true U ((letter == "Z") && X (true U (letter == "S")))) || (!(letter == "Z") U (letter == "X")))'
9582 [main] INFO de.learnlib.api.logging.LoggingBlackBoxProperty - Counter example for property: OmegaQuery[ε|D C D D E C B D D D D D D D D D D D D / Y U W Z X U S U U U U U U U U U U U U, [7, 8, 9, 10, 11, 12, 13, 14, 15, 16, 17, 18] - [-662880741, -687118944, -687115463, -687118944, -687115463, -687118944, -687115463, -687118944, -687115463, -687118944, -687115463, -687118944]]
9961 [main] INFO de.learnlib.api.logging.LoggingBlackBoxProperty - Property violated: '(false R (!(letter == "C") || (true U ((letter == "S") && X (true U (letter == "U"))))))'
9961 [main] INFO de.learnlib.api.logging.LoggingBlackBoxProperty - Counter example for property: OmegaQuery[ε|D C D D E C D D E C D D E C D D E C D D E C D D E C D D E C D D E C D D E C D D E C D D E C D D E C / Y U W Z X U W Z X U W Z X U W Z X U W Z X U W Z X U W Z X U W Z X U W Z X U W Z X U W Z X U W Z X U, [2, 6, 10, 14, 18, 22, 26, 30, 34, 38, 42, 46] - [-662873838, -662873838, -662873838, -662873838, -662873838, -662873838, -662873838, -662873838, -662873838, -662873838, -662873838, -662873838]]
10761 [main] INFO de.learnlib.api.logging.LoggingBlackBoxProperty - Property violated: '(false R (!(letter == "D") || (((letter == "B") && (!X (!(letter == "T") U (letter == "C")) || X (!(letter == "T") U ((letter == "C") && (true U (letter == "X")))))) U ((letter == "T") || (false R ((letter == "B") && (!X (!(letter == "T") U (letter == "C")) || X (!(letter == "T") U ((letter == "C") && (true U (letter == "X")))))))))))'
10761 [main] INFO de.learnlib.api.logging.LoggingBlackBoxProperty - Counter example for property: OmegaQuery[ε|D C D D E C D D E C D D E C D D E C D D E C D D E C D D E C D D E C D D E C D D E C D D E C D D E / Y U W Z X U W Z X U W Z X U W Z X U W Z X U W Z X U W Z X U W Z X U W Z X U W Z X U W Z X U W Z X, [1, 5, 9, 13, 17, 21, 25, 29, 33, 37, 41, 45] - [-662887761, -662887762, -662887762, -662887762, -662887762, -662887762, -662887762, -662887762, -662887762, -662887762, -662887762, -662887762]]
10970 [main] INFO de.learnlib.api.logging.LoggingBlackBoxProperty - Property violated: '(false R (!(letter == "E") || (false R (!(letter == "D") || (true U (letter == "W"))))))'
10970 [main] INFO de.learnlib.api.logging.LoggingBlackBoxProperty - Counter example for property: OmegaQuery[ε|D C D D E C B D D D D D D D D D D D D D / Y U W Z X U S U U U U U U U U U U U U U, [8, 9, 10, 11, 12, 13, 14, 15, 16, 17, 18, 19] - [-687118944, -687115463, -687118944, -687115463, -687118944, -687115463, -687118944, -687115463, -687118944, -687115463, -687118944, -687115463]]
11212 [main] INFO de.learnlib.api.logging.LoggingBlackBoxProperty - Property violated: '(!(letter == "Z") W (letter == "X"))'
11213 [main] INFO de.learnlib.api.logging.LoggingBlackBoxProperty - Counter example for property: OmegaQuery[ε|D C D D E C D D E C D D E C D D E C D D E C D D E C D D E C D D E C D D E C D D E C D D E C D D E C D D / Y U W Z X U W Z X U W Z X U W Z X U W Z X U W Z X U W Z X U W Z X U W Z X U W Z X U W Z X U W Z X U W Z, [4, 8, 12, 16, 20, 24, 28, 32, 36, 40, 44, 48] - [-662877319, -662877319, -662877319, -662877319, -662877319, -662877319, -662877319, -662877319, -662877319, -662877319, -662877319, -662877319]]
11638 [main] INFO de.learnlib.api.logging.LoggingBlackBoxProperty - Property violated: '(!(true U (letter == "X")) || ((!(letter == "E") || (!(letter == "X") U ((letter == "U") && !(letter == "X")))) U (letter == "X")))'
11638 [main] INFO de.learnlib.api.logging.LoggingBlackBoxProperty - Counter example for property: OmegaQuery[ε|D C D D E C D D E C D D E C D D E C D D E C D D E C D D E C D D E C D D E C D D E C D D E C D D E C D D E / Y U W Z X U W Z X U W Z X U W Z X U W Z X U W Z X U W Z X U W Z X U W Z X U W Z X U W Z X U W Z X U W Z X, [5, 9, 13, 17, 21, 25, 29, 33, 37, 41, 45, 49] - [-662887762, -662887762, -662887762, -662887762, -662887762, -662887762, -662887762, -662887762, -662887762, -662887762, -662887762, -662887762]]
11840 [main] INFO de.learnlib.api.logging.LoggingBlackBoxProperty - Property violated: '((false R !(letter == "B")) || (true U ((letter == "B") && (!(letter == "S") W (letter == "A")))))'
11840 [main] INFO de.learnlib.api.logging.LoggingBlackBoxProperty - Counter example for property: OmegaQuery[ε|D C D D B C D D D D D D D D D D D D / Y U W Z W S S S S S S S S S S S S S, [6, 7, 8, 9, 10, 11, 12, 13, 14, 15, 16, 17] - [-674796263, -674796263, -674796263, -674796263, -674796263, -674796263, -674796263, -674796263, -674796263, -674796263, -674796263, -674796263]]
12316 [main] INFO de.learnlib.api.logging.LoggingBlackBoxProperty - Property violated: '(!(true U (letter == "C")) || (((letter == "E") && (!X (!(letter == "C") U (letter == "D")) || X (!(letter == "C") U ((letter == "D") && (true U (letter == "S")))))) U (letter == "C")))'
12316 [main] INFO de.learnlib.api.logging.LoggingBlackBoxProperty - Counter example for property: OmegaQuery[ε|D C D D E C D D E C D D E C D D E C D D E C D D E C D D E C D D E C D D E C D D E C D D E C D D E C / Y U W Z X U W Z X U W Z X U W Z X U W Z X U W Z X U W Z X U W Z X U W Z X U W Z X U W Z X U W Z X U, [2, 6, 10, 14, 18, 22, 26, 30, 34, 38, 42, 46] - [-662873838, -662873838, -662873838, -662873838, -662873838, -662873838, -662873838, -662873838, -662873838, -662873838, -662873838, -662873838]]
12567 [main] INFO de.learnlib.api.logging.LoggingBlackBoxProperty - Property violated: '(false R (!(letter == "Y") || ((!(letter == "D") || (!(letter == "X") U (((letter == "S") && !(letter == "X")) && X (!(letter == "X") U (letter == "U"))))) U ((letter == "X") || (false R (!(letter == "D") || ((letter == "S") && X (true U (letter == "U")))))))))'
12567 [main] INFO de.learnlib.api.logging.LoggingBlackBoxProperty - Counter example for property: OmegaQuery[ε|D C D D E C D D E C D D E C D D E C D D E C D D E C D D E C D D E C D D E C D D E C D D E C D D E C D D E / Y U W Z X U W Z X U W Z X U W Z X U W Z X U W Z X U W Z X U W Z X U W Z X U W Z X U W Z X U W Z X U W Z X, [5, 9, 13, 17, 21, 25, 29, 33, 37, 41, 45, 49] - [-662887762, -662887762, -662887762, -662887762, -662887762, -662887762, -662887762, -662887762, -662887762, -662887762, -662887762, -662887762]]
12892 [main] INFO de.learnlib.api.logging.LoggingBlackBoxProperty - Property violated: '(false R (!(letter == "E") || (((letter == "A") && (!X (!(letter == "B") U (letter == "D")) || X (!(letter == "B") U ((letter == "D") && (true U (letter == "Z")))))) U ((letter == "B") || (false R ((letter == "A") && (!X (!(letter == "B") U (letter == "D")) || X (!(letter == "B") U ((letter == "D") && (true U (letter == "Z")))))))))))'
12893 [main] INFO de.learnlib.api.logging.LoggingBlackBoxProperty - Counter example for property: OmegaQuery[ε|D C D D E C D D E C D D E C D D E C D D E C D D E C D D E C D D E C D D E C D D E C D D E C D D E C D D E / Y U W Z X U W Z X U W Z X U W Z X U W Z X U W Z X U W Z X U W Z X U W Z X U W Z X U W Z X U W Z X U W Z X, [5, 9, 13, 17, 21, 25, 29, 33, 37, 41, 45, 49] - [-662887762, -662887762, -662887762, -662887762, -662887762, -662887762, -662887762, -662887762, -662887762, -662887762, -662887762, -662887762]]
13140 [main] INFO de.learnlib.api.logging.LoggingBlackBoxProperty - Property violated: '(false R (!(letter == "D") || (true U (((letter == "U") && !(letter == "V")) && X (!(letter == "V") U (letter == "Y"))))))'
13140 [main] INFO de.learnlib.api.logging.LoggingBlackBoxProperty - Counter example for property: OmegaQuery[ε|D C D D B C B C D D C D D C D D C D D C D D C D D C D D C D D C D D C D D C D D C D D C D D C D / Y U W Z W S W X U W X U W X U W X U W X U W X U W X U W X U W X U W X U W X U W X U W X U W X U, [12, 15, 18, 21, 24, 27, 30, 33, 36, 39, 42, 45] - [-663914539, -663914539, -663914539, -663914539, -663914539, -663914539, -663914539, -663914539, -663914539, -663914539, -663914539, -663914539]]
13406 [main] INFO de.learnlib.api.logging.LoggingBlackBoxProperty - Property violated: '(false R (!(((letter == "Y") && !(letter == "B")) && (true U (letter == "B"))) || (!(letter == "Z") U ((letter == "V") || (letter == "B")))))'
13406 [main] INFO de.learnlib.api.logging.LoggingBlackBoxProperty - Counter example for property: OmegaQuery[ε|D C D D E C B D D D D D D D D D D D D / Y U W Z X U S U U U U U U U U U U U U, [7, 8, 9, 10, 11, 12, 13, 14, 15, 16, 17, 18] - [-662880741, -687118944, -687115463, -687118944, -687115463, -687118944, -687115463, -687118944, -687115463, -687118944, -687115463, -687118944]]
13598 [main] INFO de.learnlib.api.logging.LoggingBlackBoxProperty - Property violated: '(false R ((letter == "Y") && (!!(letter == "W") || (!(letter == "U") W ((letter == "X") || (letter == "W"))))))'
13598 [main] INFO de.learnlib.api.logging.LoggingBlackBoxProperty - Counter example for property: OmegaQuery[ε|D C D D E C D D E C D D E C D D E C D D E C D D E C D D E C D D E C D D E C D D E C D D E C D D E / Y U W Z X U W Z X U W Z X U W Z X U W Z X U W Z X U W Z X U W Z X U W Z X U W Z X U W Z X U W Z X, [1, 5, 9, 13, 17, 21, 25, 29, 33, 37, 41, 45] - [-662887761, -662887762, -662887762, -662887762, -662887762, -662887762, -662887762, -662887762, -662887762, -662887762, -662887762, -662887762]]
14084 [main] INFO de.learnlib.api.logging.LoggingBlackBoxProperty - Property violated: '(false R (!(((letter == "E") && !(letter == "Y")) && (true U (letter == "Y"))) || (!(letter == "Z") U ((letter == "W") || (letter == "Y")))))'
14084 [main] INFO de.learnlib.api.logging.LoggingBlackBoxProperty - Counter example for property: OmegaQuery[ε|D C D D E C B E E C C C C C C C C C C C C C / Y U W Z X U S X Z Y Y Y Y Y Y Y Y Y Y Y Y Y, [10, 11, 12, 13, 14, 15, 16, 17, 18, 19, 20, 21] - [-639676395, -639676395, -639676395, -639676395, -639676395, -639676395, -639676395, -639676395, -639676395, -639676395, -639676395, -639676395]]
14640 [main] INFO de.learnlib.api.logging.LoggingBlackBoxProperty - Property violated: '(false R ((letter == "S") && (!!(letter == "Z") || ((!(letter == "D") || (!(letter == "Z") U ((letter == "U") && !(letter == "Z")))) W (letter == "Z")))))'
14640 [main] INFO de.learnlib.api.logging.LoggingBlackBoxProperty - Counter example for property: OmegaQuery[ε|D C D D E C D D E C D D E C D D E C D D E C D D E C D D E C D D E C D D E C D D E C D D E C D D E / Y U W Z X U W Z X U W Z X U W Z X U W Z X U W Z X U W Z X U W Z X U W Z X U W Z X U W Z X U W Z X, [1, 5, 9, 13, 17, 21, 25, 29, 33, 37, 41, 45] - [-662887761, -662887762, -662887762, -662887762, -662887762, -662887762, -662887762, -662887762, -662887762, -662887762, -662887762, -662887762]]
14824 [main] INFO de.learnlib.api.logging.LoggingBlackBoxProperty - Property violated: '(false R ((letter == "B") && (!!(letter == "W") || ((!(letter == "A") || (!(letter == "W") U ((letter == "S") && !(letter == "W")))) W (letter == "W")))))'
14824 [main] INFO de.learnlib.api.logging.LoggingBlackBoxProperty - Counter example for property: OmegaQuery[ε|D C D D E C D D E C D D E C D D E C D D E C D D E C D D E C D D E C D D E C D D E C D D E C D D E / Y U W Z X U W Z X U W Z X U W Z X U W Z X U W Z X U W Z X U W Z X U W Z X U W Z X U W Z X U W Z X, [1, 5, 9, 13, 17, 21, 25, 29, 33, 37, 41, 45] - [-662887761, -662887762, -662887762, -662887762, -662887762, -662887762, -662887762, -662887762, -662887762, -662887762, -662887762, -662887762]]
15492 [main] INFO de.learnlib.api.logging.LoggingBlackBoxProperty - Property violated: '(!(true U (letter == "X")) || ((!(letter == "B") || (!(letter == "X") U ((((letter == "U") && !(letter == "X")) && !(letter == "T")) && X ((!(letter == "X") && !(letter == "T")) U (letter == "Z"))))) U (letter == "X")))'
15492 [main] INFO de.learnlib.api.logging.LoggingBlackBoxProperty - Counter example for property: OmegaQuery[ε|D C D D B C B C D D C D D C D D C D D C D D C D D C D D C D D C D D C D D C D D C D D C / Y U W Z W S W X U W X U W X U W X U W X U W X U W X U W X U W X U W X U W X U W X U W X, [8, 11, 14, 17, 20, 23, 26, 29, 32, 35, 38, 41] - [-662678784, -663911058, -663911058, -663911058, -663911058, -663911058, -663911058, -663911058, -663911058, -663911058, -663911058, -663911058]]
15925 [main] INFO de.learnlib.api.logging.LoggingBlackBoxProperty - Property violated: '(!(true U (letter == "S")) || (!(letter == "S") U (((letter == "T") && !(letter == "S")) && X (!(letter == "S") U (letter == "Z")))))'
15925 [main] INFO de.learnlib.api.logging.LoggingBlackBoxProperty - Counter example for property: OmegaQuery[ε|D C D D B C D D D D D D D D D D D D / Y U W Z W S S S S S S S S S S S S S, [6, 7, 8, 9, 10, 11, 12, 13, 14, 15, 16, 17] - [-674796263, -674796263, -674796263, -674796263, -674796263, -674796263, -674796263, -674796263, -674796263, -674796263, -674796263, -674796263]]
16099 [main] INFO de.learnlib.api.logging.LoggingBlackBoxProperty - Property violated: '(false R (!(letter == "C") || (true U (letter == "V"))))'
16099 [main] INFO de.learnlib.api.logging.LoggingBlackBoxProperty - Counter example for property: OmegaQuery[ε|D C D D E C D D E C D D E C D D E C D D E C D D E C D D E C D D E C D D E C D D E C D D E C D D E C / Y U W Z X U W Z X U W Z X U W Z X U W Z X U W Z X U W Z X U W Z X U W Z X U W Z X U W Z X U W Z X U, [2, 6, 10, 14, 18, 22, 26, 30, 34, 38, 42, 46] - [-662873838, -662873838, -662873838, -662873838, -662873838, -662873838, -662873838, -662873838, -662873838, -662873838, -662873838, -662873838]]
16296 [main] INFO de.learnlib.api.logging.LoggingBlackBoxProperty - Property violated: '(false R (!((letter == "S") && (true U (letter == "C"))) || (((letter == "D") && (!X (!(letter == "C") U (letter == "B")) || X (!(letter == "C") U ((letter == "B") && (true U (letter == "Z")))))) U (letter == "C"))))'
16296 [main] INFO de.learnlib.api.logging.LoggingBlackBoxProperty - Counter example for property: OmegaQuery[ε|D C D D B C B C D D C D D C D D C D D C D D C D D C D D C D D C D D C D D C D D C D D C / Y U W Z W S W X U W X U W X U W X U W X U W X U W X U W X U W X U W X U W X U W X U W X, [8, 11, 14, 17, 20, 23, 26, 29, 32, 35, 38, 41] - [-662678784, -663911058, -663911058, -663911058, -663911058, -663911058, -663911058, -663911058, -663911058, -663911058, -663911058, -663911058]]
16555 [main] INFO de.learnlib.api.logging.LoggingBlackBoxProperty - Property violated: '(false R (!((letter == "Z") && (true U (letter == "U"))) || ((!(letter == "D") || (!(letter == "U") U ((((letter == "T") && !(letter == "U")) && !(letter == "W")) && X ((!(letter == "U") && !(letter == "W")) U (letter == "X"))))) U (letter == "U"))))'
16555 [main] INFO de.learnlib.api.logging.LoggingBlackBoxProperty - Counter example for property: OmegaQuery[ε|D C D D B C D B C D D C D D C D D C D D C D D C D D C D D C D D C D D C D D C D D C D D C D / Y U W Z W S S W X U W X U W X U W X U W X U W X U W X U W X U W X U W X U W X U W X U W X U, [10, 13, 16, 19, 22, 25, 28, 31, 34, 37, 40, 43] - [-663914539, -663914539, -663914539, -663914539, -663914539, -663914539, -663914539, -663914539, -663914539, -663914539, -663914539, -663914539]]
16855 [main] INFO de.learnlib.api.logging.LoggingBlackBoxProperty - Property violated: '(false R (!(letter == "W") || ((!(letter == "B") || (!(letter == "C") U (((letter == "V") && !(letter == "C")) && X (!(letter == "C") U (letter == "Y"))))) U ((letter == "C") || (false R (!(letter == "B") || ((letter == "V") && X (true U (letter == "Y")))))))))'
16855 [main] INFO de.learnlib.api.logging.LoggingBlackBoxProperty - Counter example for property: OmegaQuery[ε|D C D D B C B C D D E D D B C D D D D D D D D D D D D / Y U W Z W S W X U W U W Z W S S S S S S S S S S S S S, [15, 16, 17, 18, 19, 20, 21, 22, 23, 24, 25, 26] - [-674796145, -674796145, -674796145, -674796145, -674796145, -674796145, -674796145, -674796145, -674796145, -674796145, -674796145, -674796145]]
17348 [main] INFO de.learnlib.api.logging.LoggingBlackBoxProperty - Property violated: '(false R (!((letter == "E") && (true U (letter == "B"))) || ((!(letter == "D") || (!(letter == "B") U ((((letter == "S") && !(letter == "B")) && !(letter == "T")) && X ((!(letter == "B") && !(letter == "T")) U (letter == "Z"))))) U (letter == "B"))))'
17348 [main] INFO de.learnlib.api.logging.LoggingBlackBoxProperty - Counter example for property: OmegaQuery[ε|D C D D E C D D E C B D D D D D D D D D D D D / Y U W Z X U W Z X U S U U U U U U U U U U U U, [11, 12, 13, 14, 15, 16, 17, 18, 19, 20, 21, 22] - [-662880741, -687118944, -687115463, -687118944, -687115463, -687118944, -687115463, -687118944, -687115463, -687118944, -687115463, -687118944]]
17594 [main] INFO de.learnlib.api.logging.LoggingBlackBoxProperty - Property violated: '(false R ((letter == "W") && (!!(letter == "E") || (!(letter == "S") W ((letter == "V") || (letter == "E"))))))'
17594 [main] INFO de.learnlib.api.logging.LoggingBlackBoxProperty - Counter example for property: OmegaQuery[ε|D C D D E C D D E C D D E C D D E C D D E C D D E C D D E C D D E C D D E C D D E C D D E C D D E / Y U W Z X U W Z X U W Z X U W Z X U W Z X U W Z X U W Z X U W Z X U W Z X U W Z X U W Z X U W Z X, [1, 5, 9, 13, 17, 21, 25, 29, 33, 37, 41, 45] - [-662887761, -662887762, -662887762, -662887762, -662887762, -662887762, -662887762, -662887762, -662887762, -662887762, -662887762, -662887762]]
18395 [main] INFO de.learnlib.api.logging.LoggingBlackBoxProperty - Property violated: '(!(true U (letter == "X")) || (!(letter == "X") U (((letter == "A") && !(letter == "X")) && X (!(letter == "X") U (letter == "U")))))'
18395 [main] INFO de.learnlib.api.logging.LoggingBlackBoxProperty - Counter example for property: OmegaQuery[ε|D C D D E C D D E C D D E C D D E C D D E C D D E C D D E C D D E C D D E C D D E C D D E C D D E C D D E / Y U W Z X U W Z X U W Z X U W Z X U W Z X U W Z X U W Z X U W Z X U W Z X U W Z X U W Z X U W Z X U W Z X, [5, 9, 13, 17, 21, 25, 29, 33, 37, 41, 45, 49] - [-662887762, -662887762, -662887762, -662887762, -662887762, -662887762, -662887762, -662887762, -662887762, -662887762, -662887762, -662887762]]
18604 [main] INFO de.learnlib.api.logging.LoggingBlackBoxProperty - Property violated: '(false R (!(letter == "X") || (false R ((letter == "B") && (!X (true U (letter == "A")) || X (!(letter == "A") U ((letter == "A") && (true U (letter == "S")))))))))'
18604 [main] INFO de.learnlib.api.logging.LoggingBlackBoxProperty - Counter example for property: OmegaQuery[ε|D C D D E C D D E C D D E C D D E C D D E C D D E C D D E C D D E C D D E C D D E C D D E C D D E C D D E / Y U W Z X U W Z X U W Z X U W Z X U W Z X U W Z X U W Z X U W Z X U W Z X U W Z X U W Z X U W Z X U W Z X, [5, 9, 13, 17, 21, 25, 29, 33, 37, 41, 45, 49] - [-662887762, -662887762, -662887762, -662887762, -662887762, -662887762, -662887762, -662887762, -662887762, -662887762, -662887762, -662887762]]
18854 [main] INFO de.learnlib.api.logging.LoggingBlackBoxProperty - Property violated: '(!(true U (letter == "Z")) || ((!(letter == "E") || (!(letter == "Z") U (((letter == "S") && !(letter == "Z")) && X (!(letter == "Z") U (letter == "U"))))) U (letter == "Z")))'
18855 [main] INFO de.learnlib.api.logging.LoggingBlackBoxProperty - Counter example for property: OmegaQuery[ε|D C B E D B C D D E D D E C D D E C D D E C D D E C D D E C D D E C D D E C D D E C D D E C D D E C D D E C D D E C D D / Y U S X S W X U W U W Z X U W Z X U W Z X U W Z X U W Z X U W Z X U W Z X U W Z X U W Z X U W Z X U W Z X U W Z X U W Z, [12, 16, 20, 24, 28, 32, 36, 40, 44, 48, 52, 56] - [-663904096, -662877201, -662877201, -662877201, -662877201, -662877201, -662877201, -662877201, -662877201, -662877201, -662877201, -662877201]]
19139 [main] INFO de.learnlib.api.logging.LoggingBlackBoxProperty - Property violated: '(false R (!(letter == "Z") || (false R (!(letter == "E") || (true U (letter == "V"))))))'
19139 [main] INFO de.learnlib.api.logging.LoggingBlackBoxProperty - Counter example for property: OmegaQuery[ε|D C D D E C D D E C D D E C D D E C D D E C D D E C D D E C D D E C D D E C D D E C D D E C D D E C D D E / Y U W Z X U W Z X U W Z X U W Z X U W Z X U W Z X U W Z X U W Z X U W Z X U W Z X U W Z X U W Z X U W Z X, [5, 9, 13, 17, 21, 25, 29, 33, 37, 41, 45, 49] - [-662887762, -662887762, -662887762, -662887762, -662887762, -662887762, -662887762, -662887762, -662887762, -662887762, -662887762, -662887762]]
19589 [main] INFO de.learnlib.api.logging.LoggingBlackBoxProperty - Property violated: '(false R (!(letter == "Y") || (((letter == "C") && (!X (!(letter == "X") U (letter == "A")) || X (!(letter == "X") U ((letter == "A") && (true U (letter == "V")))))) U ((letter == "X") || (false R ((letter == "C") && (!X (!(letter == "X") U (letter == "A")) || X (!(letter == "X") U ((letter == "A") && (true U (letter == "V")))))))))))'
19589 [main] INFO de.learnlib.api.logging.LoggingBlackBoxProperty - Counter example for property: OmegaQuery[ε|D C D D E C D D E C D D E C D D E C D D E C D D E C D D E C D D E C D D E C D D E C D D E C D D E / Y U W Z X U W Z X U W Z X U W Z X U W Z X U W Z X U W Z X U W Z X U W Z X U W Z X U W Z X U W Z X, [1, 5, 9, 13, 17, 21, 25, 29, 33, 37, 41, 45] - [-662887761, -662887762, -662887762, -662887762, -662887762, -662887762, -662887762, -662887762, -662887762, -662887762, -662887762, -662887762]]
19997 [main] INFO de.learnlib.api.logging.LoggingBlackBoxProperty - Property violated: '(false R (!(((letter == "U") && !(letter == "S")) && (true U (letter == "S"))) || (!(letter == "Z") U ((letter == "C") || (letter == "S")))))'
19998 [main] INFO de.learnlib.api.logging.LoggingBlackBoxProperty - Counter example for property: OmegaQuery[ε|D C D D E C B D D D D D D D D D D D D / Y U W Z X U S U U U U U U U U U U U U, [7, 8, 9, 10, 11, 12, 13, 14, 15, 16, 17, 18] - [-662880741, -687118944, -687115463, -687118944, -687115463, -687118944, -687115463, -687118944, -687115463, -687118944, -687115463, -687118944]]
20188 [main] INFO de.learnlib.api.logging.LoggingBlackBoxProperty - Property violated: '(false R ((letter == "C") && (!!(letter == "U") || (!(letter == "S") W ((letter == "Y") || (letter == "U"))))))'
20189 [main] INFO de.learnlib.api.logging.LoggingBlackBoxProperty - Counter example for property: OmegaQuery[ε|D C D D E C D D E C D D E C D D E C D D E C D D E C D D E C D D E C D D E C D D E C D D E C D D E / Y U W Z X U W Z X U W Z X U W Z X U W Z X U W Z X U W Z X U W Z X U W Z X U W Z X U W Z X U W Z X, [1, 5, 9, 13, 17, 21, 25, 29, 33, 37, 41, 45] - [-662887761, -662887762, -662887762, -662887762, -662887762, -662887762, -662887762, -662887762, -662887762, -662887762, -662887762, -662887762]]
20922 [main] INFO de.learnlib.api.logging.LoggingBlackBoxProperty - Property violated: '(!(true U (letter == "S")) || ((!(letter == "D") || (!(letter == "S") U ((((letter == "Y") && !(letter == "S")) && !(letter == "Z")) && X ((!(letter == "S") && !(letter == "Z")) U (letter == "T"))))) U (letter == "S")))'
20922 [main] INFO de.learnlib.api.logging.LoggingBlackBoxProperty - Counter example for property: OmegaQuery[ε|D C D D E C B D D D D D D D D D D D D / Y U W Z X U S U U U U U U U U U U U U, [7, 8, 9, 10, 11, 12, 13, 14, 15, 16, 17, 18] - [-662880741, -687118944, -687115463, -687118944, -687115463, -687118944, -687115463, -687118944, -687115463, -687118944, -687115463, -687118944]]
21173 [main] INFO de.learnlib.api.logging.LoggingBlackBoxProperty - Property violated: '(false R (!(letter == "C") || ((!(letter == "D") || (!(letter == "X") U (((letter == "Z") && !(letter == "X")) && X (!(letter == "X") U (letter == "T"))))) U ((letter == "X") || (false R (!(letter == "D") || ((letter == "Z") && X (true U (letter == "T")))))))))'
21173 [main] INFO de.learnlib.api.logging.LoggingBlackBoxProperty - Counter example for property: OmegaQuery[ε|D C D D B C D D D D D D D D D D D D D / Y U W Z W S S S S S S S S S S S S S S, [7, 8, 9, 10, 11, 12, 13, 14, 15, 16, 17, 18] - [-674796263, -674796263, -674796263, -674796263, -674796263, -674796263, -674796263, -674796263, -674796263, -674796263, -674796263, -674796263]]
21449 [main] INFO de.learnlib.api.logging.LoggingBlackBoxProperty - Property violated: '(false R (!(letter == "D") || (true U ((letter == "U") && X (true U (letter == "V"))))))'
21449 [main] INFO de.learnlib.api.logging.LoggingBlackBoxProperty - Counter example for property: OmegaQuery[ε|D C D D E C D D E C D D E C D D E C D D E C D D E C D D E C D D E C D D E C D D E C D D E C D D E C / Y U W Z X U W Z X U W Z X U W Z X U W Z X U W Z X U W Z X U W Z X U W Z X U W Z X U W Z X U W Z X U, [2, 6, 10, 14, 18, 22, 26, 30, 34, 38, 42, 46] - [-662873838, -662873838, -662873838, -662873838, -662873838, -662873838, -662873838, -662873838, -662873838, -662873838, -662873838, -662873838]]
21825 [main] INFO de.learnlib.api.logging.LoggingBlackBoxProperty - Property violated: '(false R (!((letter == "E") && (true U (letter == "U"))) || ((!(letter == "C") || (!(letter == "U") U (((letter == "X") && !(letter == "U")) && X (!(letter == "U") U (letter == "S"))))) U (letter == "U"))))'
21825 [main] INFO de.learnlib.api.logging.LoggingBlackBoxProperty - Counter example for property: OmegaQuery[ε|D C D D E C D D E C D D E C D D E C D D E C D D E C D D E C D D E C D D E C D D E C D D E C D D E C D D E C / Y U W Z X U W Z X U W Z X U W Z X U W Z X U W Z X U W Z X U W Z X U W Z X U W Z X U W Z X U W Z X U W Z X U, [6, 10, 14, 18, 22, 26, 30, 34, 38, 42, 46, 50] - [-662873838, -662873838, -662873838, -662873838, -662873838, -662873838, -662873838, -662873838, -662873838, -662873838, -662873838, -662873838]]
22060 [main] INFO de.learnlib.api.logging.LoggingBlackBoxProperty - Property violated: '(false R (!((letter == "S") && (true U (letter == "B"))) || (((letter == "A") && (!X (!(letter == "B") U (letter == "D")) || X (!(letter == "B") U ((letter == "D") && (true U (letter == "T")))))) U (letter == "B"))))'
22060 [main] INFO de.learnlib.api.logging.LoggingBlackBoxProperty - Counter example for property: OmegaQuery[ε|D C D D B C B C D D C D D C D D C D D C D D C D D C D D C D D C D D C D D C D D C D D / Y U W Z W S W X U W X U W X U W X U W X U W X U W X U W X U W X U W X U W X U W X U W, [7, 10, 13, 16, 19, 22, 25, 28, 31, 34, 37, 40] - [-674792664, -663907577, -663907577, -663907577, -663907577, -663907577, -663907577, -663907577, -663907577, -663907577, -663907577, -663907577]]
22893 [main] INFO de.learnlib.api.logging.LoggingBlackBoxProperty - Property violated: '(false R (!(letter == "E") || (!(true U (letter == "Y")) || (!(letter == "Y") U ((letter == "X") || (((letter == "Z") && !(letter == "Y")) && X (!(letter == "Y") U (letter == "D"))))))))'
22893 [main] INFO de.learnlib.api.logging.LoggingBlackBoxProperty - Counter example for property: OmegaQuery[ε|D C D D B C B E D D B C E C C C C C C C C C C C C C / Y U W Z W S W U W Z W S Z Y Y Y Y Y Y Y Y Y Y Y Y Y, [14, 15, 16, 17, 18, 19, 20, 21, 22, 23, 24, 25] - [-639676336, -639676336, -639676336, -639676336, -639676336, -639676336, -639676336, -639676336, -639676336, -639676336, -639676336, -639676336]]
23630 [main] INFO de.learnlib.util.Experiment - Searching for counterexample
23658 [main] INFO de.learnlib.util.Experiment - Query[ε|D C E B C / Y U W Y U]
23658 [main] INFO de.learnlib.util.Experiment - Starting round 2
23658 [main] INFO de.learnlib.util.Experiment - Learning
23662 [main] INFO de.learnlib.util.BBCExperiment - Searching for property violation
26319 [main] INFO de.learnlib.api.logging.LoggingBlackBoxProperty - Property violated: '(false R (!(((letter == "Y") && !(letter == "C")) && (true U (letter == "C"))) || (!(letter == "U") U ((letter == "B") || (letter == "C")))))'
26319 [main] INFO de.learnlib.api.logging.LoggingBlackBoxProperty - Counter example for property: OmegaQuery[ε|D C E B D D C D D D D D D D D D D D D D D D D / Y U W Y U X S S S S S S S S S S S S S S S S S, [7, 8, 9, 10, 11, 12, 13, 14, 15, 16, 17, 18, 19, 20, 21, 22] - [-675206843, -675206843, -675206843, -675206843, -675206843, -675206843, -675206843, -675206843, -675206843, -675206843, -675206843, -675206843, -675206843, -675206843, -675206843, -675206843]]
33528 [main] INFO de.learnlib.util.Experiment - Searching for counterexample
33530 [main] INFO de.learnlib.util.Experiment - Query[ε|D C E B C B C / Y U W Y U Z ]
33530 [main] INFO de.learnlib.util.Experiment - Starting round 3
33530 [main] INFO de.learnlib.util.Experiment - Learning
33532 [main] INFO de.learnlib.util.BBCExperiment - Searching for property violation
43838 [main] INFO de.learnlib.util.Experiment - Searching for counterexample
43842 [main] INFO de.learnlib.util.Experiment - Query[ε|D C E B C E C / Y U W Y U Z U]
43842 [main] INFO de.learnlib.util.Experiment - Starting round 4
43842 [main] INFO de.learnlib.util.Experiment - Learning
43844 [main] INFO de.learnlib.util.BBCExperiment - Searching for property violation
54762 [main] INFO de.learnlib.util.Experiment - Searching for counterexample
54769 [main] INFO de.learnlib.util.Experiment - Query[ε|D C B C B C / Y U S W  ]
54770 [main] INFO de.learnlib.util.Experiment - Starting round 5
54770 [main] INFO de.learnlib.util.Experiment - Learning
54772 [main] INFO de.learnlib.util.BBCExperiment - Searching for property violation
65848 [main] INFO de.learnlib.util.Experiment - Searching for counterexample
65858 [main] INFO de.learnlib.util.Experiment - Query[ε|D C D D B E E C / Y U W Z W Z  S]
65858 [main] INFO de.learnlib.util.Experiment - Starting round 6
65858 [main] INFO de.learnlib.util.Experiment - Learning
65860 [main] INFO de.learnlib.util.BBCExperiment - Searching for property violation
77273 [main] INFO de.learnlib.util.Experiment - Searching for counterexample
77279 [main] INFO de.learnlib.util.Experiment - Query[ε|D C E B D D E C / Y U W Y U X X U]
77279 [main] INFO de.learnlib.util.Experiment - Starting round 7
77279 [main] INFO de.learnlib.util.Experiment - Learning
77280 [main] INFO de.learnlib.util.BBCExperiment - Searching for property violation
89049 [main] INFO de.learnlib.util.Experiment - Searching for counterexample
slurmstepd-ctit070: error: *** STEP 35983.0 ON ctit070 CANCELLED AT 2017-11-30T14:15:38 DUE TO TIME LIMIT ***
