17 [main] INFO nl.utwente.fmt.rers.Main - multiplier is: 1.0
18 [main] INFO nl.utwente.fmt.rers.Main - minimum unfolds is : 3
1938 [main] INFO nl.utwente.fmt.rers.RERSExperiment - Parsed formula #1: ((false R !(letter == "D")) || (!(letter == "D") U ((letter == "D") && (!(true U ((letter == "W") && X (true U (letter == "Z")))) || (!(letter == "W") U (letter == "G"))))))
1942 [main] INFO nl.utwente.fmt.rers.RERSExperiment - Parsed formula #2: (!(true U (letter == "T")) || ((!(letter == "H") || (!(letter == "T") U ((((letter == "W") && !(letter == "T")) && !(letter == "Y")) && X ((!(letter == "T") && !(letter == "Y")) U (letter == "R"))))) U (letter == "T")))
1944 [main] INFO nl.utwente.fmt.rers.RERSExperiment - Parsed formula #3: ((false R !(letter == "K")) || (!(letter == "K") U ((letter == "K") && (!(true U (letter == "W")) || (!(letter == "W") U (((letter == "T") && !(letter == "W")) && X (!(letter == "W") U (letter == "Y"))))))))
1946 [main] INFO nl.utwente.fmt.rers.RERSExperiment - Parsed formula #4: (false R (!(letter == "U") || ((!(((letter == "Y") && !(letter == "R")) && X (!(letter == "R") U ((letter == "V") && !(letter == "R")))) U ((letter == "R") || (letter == "A"))) || (false R !((letter == "Y") && X (true U (letter == "V")))))))
1948 [main] INFO nl.utwente.fmt.rers.RERSExperiment - Parsed formula #5: (false R (!((letter == "L") && (true U (letter == "U"))) || (!(letter == "P") U ((letter == "U") || (((letter == "Q") && !(letter == "P")) && X (!(letter == "P") U (letter == "Y")))))))
1950 [main] INFO nl.utwente.fmt.rers.RERSExperiment - Parsed formula #6: (false R (!(((letter == "E") && !(letter == "P")) && (true U (letter == "P"))) || (!(letter == "R") U ((letter == "G") || (letter == "P")))))
1952 [main] INFO nl.utwente.fmt.rers.RERSExperiment - Parsed formula #7: (false R (!(((letter == "C") && !(letter == "H")) && (true U (letter == "H"))) || ((!(letter == "D") || (!(letter == "H") U ((letter == "V") && !(letter == "H")))) U (letter == "H"))))
1953 [main] INFO nl.utwente.fmt.rers.RERSExperiment - Parsed formula #8: (false R (!(letter == "X") || (false R (!(letter == "K") || (((letter == "P") && !(letter == "Y")) && X (!(letter == "Y") U (letter == "W")))))))
1955 [main] INFO nl.utwente.fmt.rers.RERSExperiment - Parsed formula #9: (false R (!(letter == "H") || ((!(letter == "D") || (!(letter == "C") U (((letter == "Y") && !(letter == "C")) && X (!(letter == "C") U (letter == "S"))))) U ((letter == "C") || (false R (!(letter == "D") || ((letter == "Y") && X (true U (letter == "S")))))))))
1957 [main] INFO nl.utwente.fmt.rers.RERSExperiment - Parsed formula #10: (!(true U (letter == "G")) || ((!(letter == "A") || (!(letter == "G") U (((letter == "R") && !(letter == "G")) && X (!(letter == "G") U (letter == "S"))))) U (letter == "G")))
1958 [main] INFO nl.utwente.fmt.rers.RERSExperiment - Parsed formula #11: (!(true U (letter == "F")) || (!(letter == "W") U ((letter == "F") || (((letter == "L") && !(letter == "W")) && X (!(letter == "W") U (letter == "X"))))))
1960 [main] INFO nl.utwente.fmt.rers.RERSExperiment - Parsed formula #12: (false R (!((letter == "L") && (true U (letter == "E"))) || ((!(letter == "B") || (!(letter == "E") U ((((letter == "W") && !(letter == "E")) && !(letter == "S")) && X ((!(letter == "E") && !(letter == "S")) U (letter == "Z"))))) U (letter == "E"))))
1961 [main] INFO nl.utwente.fmt.rers.RERSExperiment - Parsed formula #13: (!(letter == "Q") W (letter == "L"))
1962 [main] INFO nl.utwente.fmt.rers.RERSExperiment - Parsed formula #14: (false R (!(letter == "P") || (false R (!(letter == "F") || (true U (letter == "Q"))))))
1963 [main] INFO nl.utwente.fmt.rers.RERSExperiment - Parsed formula #15: (false R (!(letter == "W") || (!(true U (letter == "X")) || (!(letter == "X") U ((letter == "R") || (((letter == "N") && !(letter == "X")) && X (!(letter == "X") U (letter == "A"))))))))
1965 [main] INFO nl.utwente.fmt.rers.RERSExperiment - Parsed formula #16: (false R (!((letter == "Y") && (true U (letter == "U"))) || (!(letter == "Z") U ((letter == "U") || (((letter == "O") && !(letter == "Z")) && X (!(letter == "Z") U (letter == "R")))))))
1966 [main] INFO nl.utwente.fmt.rers.RERSExperiment - Parsed formula #17: (!(true U (letter == "A")) || (((letter == "L") && (!X (!(letter == "A") U (letter == "J")) || X (!(letter == "A") U ((letter == "J") && (true U (letter == "X")))))) U (letter == "A")))
1967 [main] INFO nl.utwente.fmt.rers.RERSExperiment - Parsed formula #18: (false R (!(letter == "R") || (false R (!(letter == "A") || ((letter == "Z") && X (true U (letter == "P")))))))
1967 [main] INFO nl.utwente.fmt.rers.RERSExperiment - Parsed formula #19: (false R (!((letter == "I") && (true U (letter == "J"))) || (!(letter == "P") U ((letter == "J") || (((letter == "S") && !(letter == "P")) && X (!(letter == "P") U (letter == "M")))))))
1968 [main] INFO nl.utwente.fmt.rers.RERSExperiment - Parsed formula #20: ((false R !(letter == "S")) || (!(letter == "S") U ((letter == "S") && (!(true U (letter == "W")) || (!(letter == "W") U (((letter == "Q") && !(letter == "W")) && X (!(letter == "W") U (letter == "A"))))))))
1969 [main] INFO nl.utwente.fmt.rers.RERSExperiment - Parsed formula #21: (false R (!(letter == "W") || (false R (!(letter == "O") || ((letter == "Z") && X (true U (letter == "T")))))))
1970 [main] INFO nl.utwente.fmt.rers.RERSExperiment - Parsed formula #22: (false R (!((letter == "I") && (true U (letter == "D"))) || (((letter == "E") && (!X (!(letter == "D") U (letter == "B")) || X (!(letter == "D") U ((letter == "B") && (true U (letter == "W")))))) U (letter == "D"))))
1971 [main] INFO nl.utwente.fmt.rers.RERSExperiment - Parsed formula #23: (false R ((letter == "R") && (!!(letter == "O") || (!(letter == "Q") W ((letter == "N") || (letter == "O"))))))
1972 [main] INFO nl.utwente.fmt.rers.RERSExperiment - Parsed formula #24: (!(true U (letter == "E")) || ((!(letter == "L") || (!(letter == "E") U ((letter == "S") && !(letter == "E")))) U (letter == "E")))
1973 [main] INFO nl.utwente.fmt.rers.RERSExperiment - Parsed formula #25: (false R (!((letter == "P") && (true U (letter == "W"))) || (!(((letter == "T") && !(letter == "W")) && X (!(letter == "W") U ((letter == "Z") && !(letter == "W")))) U ((letter == "W") || (letter == "R")))))
1974 [main] INFO nl.utwente.fmt.rers.RERSExperiment - Parsed formula #26: (false R (!(letter == "U") || (false R (!(letter == "N") || (((letter == "X") && !(letter == "S")) && X (!(letter == "S") U (letter == "V")))))))
1975 [main] INFO nl.utwente.fmt.rers.RERSExperiment - Parsed formula #27: (false R ((letter == "N") && (!X (true U (letter == "L")) || X (true U ((letter == "L") && (true U (letter == "W")))))))
1976 [main] INFO nl.utwente.fmt.rers.RERSExperiment - Parsed formula #28: (false R (!((letter == "I") && (true U (letter == "T"))) || ((!(letter == "K") || (!(letter == "T") U ((((letter == "X") && !(letter == "T")) && !(letter == "U")) && X ((!(letter == "T") && !(letter == "U")) U (letter == "Z"))))) U (letter == "T"))))
1979 [main] INFO nl.utwente.fmt.rers.RERSExperiment - Parsed formula #29: (false R (!(letter == "K") || ((!(letter == "F") || (!(letter == "P") U ((((letter == "X") && !(letter == "P")) && !(letter == "Q")) && X ((!(letter == "P") && !(letter == "Q")) U (letter == "Z"))))) U ((letter == "P") || (false R (!(letter == "F") || (((letter == "X") && !(letter == "Q")) && X (!(letter == "Q") U (letter == "Z")))))))))
1980 [main] INFO nl.utwente.fmt.rers.RERSExperiment - Parsed formula #30: (false R (!(((letter == "S") && !(letter == "K")) && (true U (letter == "K"))) || (!(letter == "Y") U ((letter == "F") || (letter == "K")))))
1981 [main] INFO nl.utwente.fmt.rers.RERSExperiment - Parsed formula #31: (false R (!(letter == "C") || (false R ((letter == "O") && (!X (true U (letter == "N")) || X (!(letter == "N") U ((letter == "N") && (true U (letter == "V")))))))))
1983 [main] INFO nl.utwente.fmt.rers.RERSExperiment - Parsed formula #32: ((false R !(letter == "Y")) || (!(letter == "Y") U ((letter == "Y") && (!(true U ((letter == "Q") && X (true U (letter == "V")))) || (!(letter == "Q") U (letter == "D"))))))
1984 [main] INFO nl.utwente.fmt.rers.RERSExperiment - Parsed formula #33: ((false R !(letter == "J")) || (!(letter == "J") U ((letter == "J") && (!(true U (letter == "Q")) || (!(letter == "Q") U (((letter == "Z") && !(letter == "Q")) && X (!(letter == "Q") U (letter == "N"))))))))
1985 [main] INFO nl.utwente.fmt.rers.RERSExperiment - Parsed formula #34: (false R ((letter == "F") && (!!(letter == "K") || (!(letter == "X") W ((letter == "L") || (letter == "K"))))))
1985 [main] INFO nl.utwente.fmt.rers.RERSExperiment - Parsed formula #35: (false R (!(letter == "E") || (true U (letter == "Z"))))
1986 [main] INFO nl.utwente.fmt.rers.RERSExperiment - Parsed formula #36: (false R (!(letter == "J") || (true U (letter == "V"))))
1986 [main] INFO nl.utwente.fmt.rers.RERSExperiment - Parsed formula #37: (!(true U (letter == "U")) || ((!(letter == "C") || (!(letter == "U") U ((((letter == "R") && !(letter == "U")) && !(letter == "V")) && X ((!(letter == "U") && !(letter == "V")) U (letter == "W"))))) U (letter == "U")))
1987 [main] INFO nl.utwente.fmt.rers.RERSExperiment - Parsed formula #38: (!(true U (letter == "I")) || ((!(letter == "O") || (!(letter == "I") U ((((letter == "T") && !(letter == "I")) && !(letter == "R")) && X ((!(letter == "I") && !(letter == "R")) U (letter == "Z"))))) U (letter == "I")))
1987 [main] INFO nl.utwente.fmt.rers.RERSExperiment - Parsed formula #39: (!(true U (letter == "X")) || (!(((letter == "W") && !(letter == "X")) && X (!(letter == "X") U ((letter == "Q") && !(letter == "X")))) U ((letter == "X") || (letter == "T"))))
1988 [main] INFO nl.utwente.fmt.rers.RERSExperiment - Parsed formula #40: (false R (!(letter == "U") || (false R (!(letter == "H") || (true U (letter == "P"))))))
1990 [main] INFO nl.utwente.fmt.rers.RERSExperiment - Parsed formula #41: (false R (!(letter == "V") || (((letter == "J") && (!X (!(letter == "H") U (letter == "A")) || X (!(letter == "H") U ((letter == "A") && (true U (letter == "P")))))) U ((letter == "H") || (false R ((letter == "J") && (!X (!(letter == "H") U (letter == "A")) || X (!(letter == "H") U ((letter == "A") && (true U (letter == "P")))))))))))
1991 [main] INFO nl.utwente.fmt.rers.RERSExperiment - Parsed formula #42: (false R (!(letter == "H") || (false R ((letter == "G") && (!X (true U (letter == "F")) || X (!(letter == "F") U ((letter == "F") && (true U (letter == "Z")))))))))
1992 [main] INFO nl.utwente.fmt.rers.RERSExperiment - Parsed formula #43: (false R (!((letter == "Q") && (true U (letter == "D"))) || (!(letter == "W") U ((letter == "D") || (((letter == "I") && !(letter == "W")) && X (!(letter == "W") U (letter == "M")))))))
1992 [main] INFO nl.utwente.fmt.rers.RERSExperiment - Parsed formula #44: (!(true U (letter == "T")) || (!(letter == "T") U (((letter == "G") && !(letter == "T")) && X (!(letter == "T") U (letter == "V")))))
1993 [main] INFO nl.utwente.fmt.rers.RERSExperiment - Parsed formula #45: (!(true U (letter == "W")) || (!(letter == "W") U (((letter == "B") && !(letter == "W")) && X (!(letter == "W") U (letter == "E")))))
1994 [main] INFO nl.utwente.fmt.rers.RERSExperiment - Parsed formula #46: (false R (!(letter == "V") || (!(true U (letter == "Y")) || (!(letter == "Y") U ((letter == "U") || (((letter == "I") && !(letter == "Y")) && X (!(letter == "Y") U (letter == "F"))))))))
1994 [main] INFO nl.utwente.fmt.rers.RERSExperiment - Parsed formula #47: (false R (!((letter == "I") && (true U (letter == "K"))) || (!(letter == "S") U ((letter == "K") || (((letter == "W") && !(letter == "S")) && X (!(letter == "S") U (letter == "X")))))))
1995 [main] INFO nl.utwente.fmt.rers.RERSExperiment - Parsed formula #48: (false R ((letter == "N") && (!X (true U (letter == "M")) || X (true U ((letter == "M") && (true U (letter == "T")))))))
1995 [main] INFO nl.utwente.fmt.rers.RERSExperiment - Parsed formula #49: (false R (!(((letter == "H") && !(letter == "I")) && (true U (letter == "I"))) || (!(letter == "Y") U ((letter == "B") || (letter == "I")))))
1996 [main] INFO nl.utwente.fmt.rers.RERSExperiment - Parsed formula #50: (!(true U (letter == "X")) || (!(letter == "X") U (((letter == "U") && !(letter == "X")) && X (!(letter == "X") U (letter == "F")))))
1996 [main] INFO nl.utwente.fmt.rers.RERSExperiment - Parsed formula #51: (false R (!((letter == "L") && (true U (letter == "G"))) || (!(((letter == "W") && !(letter == "G")) && X (!(letter == "G") U ((letter == "Y") && !(letter == "G")))) U ((letter == "G") || (letter == "Q")))))
1996 [main] INFO nl.utwente.fmt.rers.RERSExperiment - Parsed formula #52: (!(true U (letter == "C")) || ((!(letter == "D") || (!(letter == "C") U ((letter == "P") && !(letter == "C")))) U (letter == "C")))
1997 [main] INFO nl.utwente.fmt.rers.RERSExperiment - Parsed formula #53: (!(true U (letter == "F")) || ((!(letter == "A") || (!(letter == "F") U (((letter == "T") && !(letter == "F")) && X (!(letter == "F") U (letter == "U"))))) U (letter == "F")))
1998 [main] INFO nl.utwente.fmt.rers.RERSExperiment - Parsed formula #54: (false R (!((letter == "D") && (true U (letter == "J"))) || (((letter == "A") && (!X (!(letter == "J") U (letter == "I")) || X (!(letter == "J") U ((letter == "I") && (true U (letter == "W")))))) U (letter == "J"))))
1998 [main] INFO nl.utwente.fmt.rers.RERSExperiment - Parsed formula #55: (!(true U (letter == "B")) || ((!(letter == "A") || (!(letter == "B") U ((((letter == "V") && !(letter == "B")) && !(letter == "X")) && X ((!(letter == "B") && !(letter == "X")) U (letter == "P"))))) U (letter == "B")))
1999 [main] INFO nl.utwente.fmt.rers.RERSExperiment - Parsed formula #56: (false R (!(letter == "W") || (false R (!(letter == "G") || ((letter == "S") && X (true U (letter == "Q")))))))
1999 [main] INFO nl.utwente.fmt.rers.RERSExperiment - Parsed formula #57: (false R (!(letter == "N") || (true U (letter == "Y"))))
2000 [main] INFO nl.utwente.fmt.rers.RERSExperiment - Parsed formula #58: (false R (!(letter == "M") || (true U ((letter == "V") && X (true U (letter == "R"))))))
2000 [main] INFO nl.utwente.fmt.rers.RERSExperiment - Parsed formula #59: (false R (!((letter == "O") && (true U (letter == "K"))) || (!(((letter == "V") && !(letter == "K")) && X (!(letter == "K") U ((letter == "Q") && !(letter == "K")))) U ((letter == "K") || (letter == "B")))))
2001 [main] INFO nl.utwente.fmt.rers.RERSExperiment - Parsed formula #60: (!(true U ((letter == "X") && X (true U (letter == "P")))) || (!(letter == "X") U (letter == "V")))
2001 [main] INFO nl.utwente.fmt.rers.RERSExperiment - Parsed formula #61: (false R (!(letter == "B") || (false R (!(letter == "O") || (true U (letter == "S"))))))
2001 [main] INFO nl.utwente.fmt.rers.RERSExperiment - Parsed formula #62: (!(letter == "P") W (letter == "A"))
2002 [main] INFO nl.utwente.fmt.rers.RERSExperiment - Parsed formula #63: (!(true U ((letter == "Q") && X (true U (letter == "S")))) || (!(letter == "Q") U (letter == "I")))
2002 [main] INFO nl.utwente.fmt.rers.RERSExperiment - Parsed formula #64: (!(true U (letter == "C")) || (!(((letter == "S") && !(letter == "C")) && X (!(letter == "C") U ((letter == "R") && !(letter == "C")))) U ((letter == "C") || (letter == "F"))))
2003 [main] INFO nl.utwente.fmt.rers.RERSExperiment - Parsed formula #65: (!(true U (letter == "A")) || (!(letter == "Z") U ((letter == "A") || (((letter == "L") && !(letter == "Z")) && X (!(letter == "Z") U (letter == "O"))))))
2004 [main] INFO nl.utwente.fmt.rers.RERSExperiment - Parsed formula #66: (false R (!(letter == "V") || (false R (!(letter == "H") || ((letter == "P") && X (true U (letter == "R")))))))
2005 [main] INFO nl.utwente.fmt.rers.RERSExperiment - Parsed formula #67: (false R (!((letter == "C") && (true U (letter == "N"))) || ((!(letter == "E") || (!(letter == "N") U (((letter == "S") && !(letter == "N")) && X (!(letter == "N") U (letter == "R"))))) U (letter == "N"))))
2005 [main] INFO nl.utwente.fmt.rers.RERSExperiment - Parsed formula #68: (false R (!(letter == "H") || (true U ((letter == "R") && X (true U (letter == "W"))))))
2005 [main] INFO nl.utwente.fmt.rers.RERSExperiment - Parsed formula #69: (false R (!(letter == "B") || (false R (!(letter == "F") || (((letter == "V") && !(letter == "Y")) && X (!(letter == "Y") U (letter == "P")))))))
2006 [main] INFO nl.utwente.fmt.rers.RERSExperiment - Parsed formula #70: (false R ((letter == "Y") && (!!(letter == "M") || (!(letter == "Z") W ((letter == "C") || (letter == "M"))))))
2006 [main] INFO nl.utwente.fmt.rers.RERSExperiment - Parsed formula #71: (false R (!(letter == "Q") || (!(true U (letter == "Z")) || (!(letter == "Z") U ((letter == "X") || (((letter == "H") && !(letter == "Z")) && X (!(letter == "Z") U (letter == "U"))))))))
2006 [main] INFO nl.utwente.fmt.rers.RERSExperiment - Parsed formula #72: (false R ((letter == "T") && (!!(letter == "Y") || (!(letter == "Z") W ((letter == "A") || (letter == "Y"))))))
2007 [main] INFO nl.utwente.fmt.rers.RERSExperiment - Parsed formula #73: ((false R !(letter == "U")) || (!(letter == "U") U ((letter == "U") && (!(true U (letter == "Y")) || (!(letter == "Y") U (((letter == "N") && !(letter == "Y")) && X (!(letter == "Y") U (letter == "J"))))))))
2007 [main] INFO nl.utwente.fmt.rers.RERSExperiment - Parsed formula #74: (!(letter == "W") W (letter == "U"))
2008 [main] INFO nl.utwente.fmt.rers.RERSExperiment - Parsed formula #75: (false R (!((letter == "N") && (true U (letter == "X"))) || (!(letter == "Y") U ((letter == "X") || (((letter == "F") && !(letter == "Y")) && X (!(letter == "Y") U (letter == "S")))))))
2008 [main] INFO nl.utwente.fmt.rers.RERSExperiment - Parsed formula #76: (false R (!((letter == "M") && (true U (letter == "N"))) || ((!(letter == "A") || (!(letter == "N") U ((((letter == "R") && !(letter == "N")) && !(letter == "T")) && X ((!(letter == "N") && !(letter == "T")) U (letter == "X"))))) U (letter == "N"))))
2008 [main] INFO nl.utwente.fmt.rers.RERSExperiment - Parsed formula #77: (false R ((letter == "A") && (!X (true U (letter == "E")) || X (true U ((letter == "E") && (true U (letter == "P")))))))
2009 [main] INFO nl.utwente.fmt.rers.RERSExperiment - Parsed formula #78: (false R (!(letter == "Y") || (false R (!(letter == "F") || (true U (letter == "Q"))))))
2009 [main] INFO nl.utwente.fmt.rers.RERSExperiment - Parsed formula #79: (!(true U (letter == "E")) || ((!(letter == "F") || (!(letter == "E") U (((letter == "Y") && !(letter == "E")) && X (!(letter == "E") U (letter == "Q"))))) U (letter == "E")))
2010 [main] INFO nl.utwente.fmt.rers.RERSExperiment - Parsed formula #80: (!(true U (letter == "D")) || ((!(letter == "E") || (!(letter == "D") U ((letter == "W") && !(letter == "D")))) U (letter == "D")))
2010 [main] INFO nl.utwente.fmt.rers.RERSExperiment - Parsed formula #81: ((false R !(letter == "H")) || (!(letter == "H") U ((letter == "H") && (!(true U ((letter == "Z") && X (true U (letter == "X")))) || (!(letter == "Z") U (letter == "N"))))))
2011 [main] INFO nl.utwente.fmt.rers.RERSExperiment - Parsed formula #82: (false R (!(letter == "J") || (!(true U (letter == "Y")) || (!(letter == "Y") U ((letter == "D") || (((letter == "T") && !(letter == "Y")) && X (!(letter == "Y") U (letter == "W"))))))))
2011 [main] INFO nl.utwente.fmt.rers.RERSExperiment - Parsed formula #83: (false R (!((letter == "L") && (true U (letter == "U"))) || (!(letter == "R") U ((letter == "U") || (((letter == "V") && !(letter == "R")) && X (!(letter == "R") U (letter == "F")))))))
2012 [main] INFO nl.utwente.fmt.rers.RERSExperiment - Parsed formula #84: (false R (!(((letter == "Y") && !(letter == "W")) && (true U (letter == "W"))) || ((!(letter == "H") || (!(letter == "W") U ((letter == "S") && !(letter == "W")))) U (letter == "W"))))
2013 [main] INFO nl.utwente.fmt.rers.RERSExperiment - Parsed formula #85: (false R (!(letter == "M") || (true U ((letter == "Z") && X (true U (letter == "R"))))))
2013 [main] INFO nl.utwente.fmt.rers.RERSExperiment - Parsed formula #86: (!(true U ((letter == "S") && X (true U (letter == "X")))) || (!(letter == "S") U (letter == "Z")))
2014 [main] INFO nl.utwente.fmt.rers.RERSExperiment - Parsed formula #87: (false R (!((letter == "L") && (true U (letter == "U"))) || (!(((letter == "S") && !(letter == "U")) && X (!(letter == "U") U ((letter == "W") && !(letter == "U")))) U ((letter == "U") || (letter == "K")))))
2015 [main] INFO nl.utwente.fmt.rers.RERSExperiment - Parsed formula #88: (false R (!(letter == "O") || ((!(letter == "K") || (!(letter == "W") U (((letter == "V") && !(letter == "W")) && X (!(letter == "W") U (letter == "U"))))) U ((letter == "W") || (false R (!(letter == "K") || ((letter == "V") && X (true U (letter == "U")))))))))
2015 [main] INFO nl.utwente.fmt.rers.RERSExperiment - Parsed formula #89: ((false R !(letter == "Q")) || (!(letter == "Q") U ((letter == "Q") && (!(true U ((letter == "R") && X (true U (letter == "S")))) || (!(letter == "R") U (letter == "X"))))))
2016 [main] INFO nl.utwente.fmt.rers.RERSExperiment - Parsed formula #90: (false R (!(letter == "J") || ((!(letter == "A") || (!(letter == "B") U ((((letter == "R") && !(letter == "B")) && !(letter == "W")) && X ((!(letter == "B") && !(letter == "W")) U (letter == "V"))))) U ((letter == "B") || (false R (!(letter == "A") || (((letter == "R") && !(letter == "W")) && X (!(letter == "W") U (letter == "V")))))))))
2016 [main] INFO nl.utwente.fmt.rers.RERSExperiment - Parsed formula #91: (false R (!(((letter == "X") && !(letter == "T")) && (true U (letter == "T"))) || ((!(letter == "E") || (!(letter == "T") U ((letter == "Y") && !(letter == "T")))) U (letter == "T"))))
2016 [main] INFO nl.utwente.fmt.rers.RERSExperiment - Parsed formula #92: (!(true U (letter == "D")) || (((letter == "G") && (!X (!(letter == "D") U (letter == "C")) || X (!(letter == "D") U ((letter == "C") && (true U (letter == "T")))))) U (letter == "D")))
2017 [main] INFO nl.utwente.fmt.rers.RERSExperiment - Parsed formula #93: (!(letter == "U") W (letter == "E"))
2017 [main] INFO nl.utwente.fmt.rers.RERSExperiment - Parsed formula #94: (false R ((letter == "K") && (!!(letter == "Z") || (!(letter == "S") W ((letter == "V") || (letter == "Z"))))))
2018 [main] INFO nl.utwente.fmt.rers.RERSExperiment - Parsed formula #95: (!(true U (letter == "L")) || (((letter == "I") && (!X (!(letter == "L") U (letter == "H")) || X (!(letter == "L") U ((letter == "H") && (true U (letter == "V")))))) U (letter == "L")))
2018 [main] INFO nl.utwente.fmt.rers.RERSExperiment - Parsed formula #96: (false R (!(letter == "U") || (false R ((letter == "H") && (!X (true U (letter == "N")) || X (!(letter == "N") U ((letter == "N") && (true U (letter == "S")))))))))
2019 [main] INFO nl.utwente.fmt.rers.RERSExperiment - Parsed formula #97: (false R (!((letter == "S") && (true U (letter == "J"))) || ((!(letter == "B") || (!(letter == "J") U (((letter == "R") && !(letter == "J")) && X (!(letter == "J") U (letter == "T"))))) U (letter == "J"))))
2019 [main] INFO nl.utwente.fmt.rers.RERSExperiment - Parsed formula #98: (false R (!(letter == "B") || ((!(((letter == "V") && !(letter == "J")) && X (!(letter == "J") U ((letter == "W") && !(letter == "J")))) U ((letter == "J") || (letter == "Y"))) || (false R !((letter == "V") && X (true U (letter == "W")))))))
2020 [main] INFO nl.utwente.fmt.rers.RERSExperiment - Parsed formula #99: (!(true U (letter == "A")) || (!(letter == "U") U ((letter == "S") || (letter == "A"))))
2020 [main] INFO nl.utwente.fmt.rers.RERSExperiment - Parsed formula #100: (false R (!((letter == "Q") && (true U (letter == "Y"))) || (((letter == "A") && (!X (!(letter == "Y") U (letter == "O")) || X (!(letter == "Y") U ((letter == "O") && (true U (letter == "Z")))))) U (letter == "Y"))))
2031 [main] INFO de.learnlib.util.Experiment - Starting round 1
2031 [main] INFO de.learnlib.util.Experiment - Learning
2039 [main] INFO de.learnlib.util.BBCExperiment - Searching for property violation
3254 [main] INFO de.learnlib.api.logging.LoggingBlackBoxProperty - Spurious counterexample found for property: '(false R ((letter == "A") && (!X (true U (letter == "E")) || X (true U ((letter == "E") && (true U (letter == "P")))))))'
3254 [main] INFO de.learnlib.api.logging.LoggingBlackBoxProperty - Spurious counterexample: Query[ε|D D D D / X X  ]
3273 [main] INFO de.learnlib.util.BBCExperiment - Searching for property violation
3895 [main] INFO de.learnlib.api.logging.LoggingBlackBoxProperty - Spurious counterexample found for property: '(false R ((letter == "A") && (!X (true U (letter == "E")) || X (true U ((letter == "E") && (true U (letter == "P")))))))'
3895 [main] INFO de.learnlib.api.logging.LoggingBlackBoxProperty - Spurious counterexample: Query[ε|D D E E E / X X   ]
3914 [main] INFO de.learnlib.util.BBCExperiment - Searching for property violation
4606 [main] INFO de.learnlib.api.logging.LoggingBlackBoxProperty - Spurious counterexample found for property: '(false R ((letter == "A") && (!X (true U (letter == "E")) || X (true U ((letter == "E") && (true U (letter == "P")))))))'
4606 [main] INFO de.learnlib.api.logging.LoggingBlackBoxProperty - Spurious counterexample: Query[ε|D D F F F F / X X    ]
4671 [main] INFO de.learnlib.util.BBCExperiment - Searching for property violation
5826 [main] INFO de.learnlib.api.logging.LoggingBlackBoxProperty - Spurious counterexample found for property: '(false R ((letter == "A") && (!X (true U (letter == "E")) || X (true U ((letter == "E") && (true U (letter == "P")))))))'
5826 [main] INFO de.learnlib.api.logging.LoggingBlackBoxProperty - Spurious counterexample: Query[ε|D D J A J A J A J A J A J A J A J A J A J A J A / X X                      ]
6336 [main] INFO de.learnlib.util.BBCExperiment - Searching for property violation
6607 [main] INFO de.learnlib.api.logging.LoggingBlackBoxProperty - Spurious counterexample found for property: '(false R (!(letter == "X") || (false R (!(letter == "K") || (((letter == "P") && !(letter == "Y")) && X (!(letter == "Y") U (letter == "W")))))))'
6607 [main] INFO de.learnlib.api.logging.LoggingBlackBoxProperty - Spurious counterexample: Query[ε|D D L A F A M I L K L N N N N N N N N N N N N N N N N N N N N / X X      S                       ]
7969 [main] INFO de.learnlib.util.BBCExperiment - Searching for property violation
8242 [main] INFO de.learnlib.api.logging.LoggingBlackBoxProperty - Spurious counterexample found for property: '(false R (!(letter == "X") || (false R (!(letter == "K") || (((letter == "P") && !(letter == "Y")) && X (!(letter == "Y") U (letter == "W")))))))'
8242 [main] INFO de.learnlib.api.logging.LoggingBlackBoxProperty - Spurious counterexample: Query[ε|D D I O L C I E F K K K K K K K K K K K K K K K K K K K K K K K K K K K K K K K K K K K K K K K K K K K K K K K K K K K K K K K K K K K K K K K K K K K K K K K / X X S S X X Z Z                                                                        ]
13916 [main] INFO de.learnlib.util.BBCExperiment - Searching for property violation
14008 [main] INFO de.learnlib.api.logging.LoggingBlackBoxProperty - Property violated: '(false R (!(letter == "X") || (false R (!(letter == "K") || (((letter == "P") && !(letter == "Y")) && X (!(letter == "Y") U (letter == "W")))))))'
14009 [main] INFO de.learnlib.api.logging.LoggingBlackBoxProperty - Counter example for property: OmegaQuery[ε|D D I O L C L A F K C C C C C C C C C C C C C C C C C C C C C C C C C C C C C C C C C C C C C C C / X X S S X X Z P Z T T T T T T T T T T T T T T T T T T T T T T T T T T T T T T T T T T T T T T T T, [10, 11, 12, 13, 14, 15, 16, 17, 18, 19, 20, 21, 22, 23, 24, 25, 26, 27, 28, 29, 30, 31, 32, 33, 34, 35, 36, 37, 38, 39, 40, 41, 42, 43, 44, 45, 46, 47, 48] - [-1318960521, -1318960521, -1318960521, -1318960521, -1318960521, -1318960521, -1318960521, -1318960521, -1318960521, -1318960521, -1318960521, -1318960521, -1318960521, -1318960521, -1318960521, -1318960521, -1318960521, -1318960521, -1318960521, -1318960521, -1318960521, -1318960521, -1318960521, -1318960521, -1318960521, -1318960521, -1318960521, -1318960521, -1318960521, -1318960521, -1318960521, -1318960521, -1318960521, -1318960521, -1318960521, -1318960521, -1318960521, -1318960521, -1318960521]]
16125 [main] INFO nl.utwente.fmt.rers.RERSProperty - possibly false: #76, (false R ((letter == "A") && (!X (true U (letter == "E")) || X (true U ((letter == "E") && (true U (letter == "P"))))))) (1 times, fixed)
16125 [main] INFO nl.utwente.fmt.rers.RERSProperty - query: Query[ε|D D I E L F E L F E L F / X X S R Y S R Y S R Y S]
16194 [main] INFO nl.utwente.fmt.rers.RERSProperty - possibly false: #76, (false R ((letter == "A") && (!X (true U (letter == "E")) || X (true U ((letter == "E") && (true U (letter == "P"))))))) (1 times, relative)
16194 [main] INFO nl.utwente.fmt.rers.RERSProperty - query: Query[ε|D D I E L F E L F E L F E L F E L F E L F E L F E L F E L F E L F E L F E L F E L F E L F E L F E L F E L F E L F E L F E L F E L F E L F E L F E L F E L F E L F E L F E L F E L F E L F E L F E L F E L F E L F E L F E L F E L F E L F E L F / X X S R Y S R Y S R Y S R Y S R Y S R Y S R Y S R Y S R Y S R Y S R Y S R Y S R Y S R Y S R Y S R Y S R Y S R Y S R Y S R Y S R Y S R Y S R Y S R Y S R Y S R Y S R Y S R Y S R Y S R Y S R Y S R Y S R Y S R Y S R Y S R Y S R Y S R Y S R Y S]
16319 [main] INFO nl.utwente.fmt.rers.RERSProperty - possibly false: #34, (false R (!(letter == "E") || (true U (letter == "Z")))) (1 times, fixed)
16319 [main] INFO nl.utwente.fmt.rers.RERSProperty - query: Query[ε|D D I E L F E L F E L F E / X X S R Y S R Y S R Y S R]
16381 [main] INFO nl.utwente.fmt.rers.RERSProperty - possibly false: #34, (false R (!(letter == "E") || (true U (letter == "Z")))) (1 times, relative)
16382 [main] INFO nl.utwente.fmt.rers.RERSProperty - query: Query[ε|D D I E L F E L F E L F E L F E L F E L F E L F E L F E L F E L F E L F E L F E L F E L F E L F E L F E L F E L F E L F E L F E L F E L F E L F E L F E L F E L F E L F E L F E L F E L F E L F E L F E L F E L F E L F E L F E L F E L F E L F E / X X S R Y S R Y S R Y S R Y S R Y S R Y S R Y S R Y S R Y S R Y S R Y S R Y S R Y S R Y S R Y S R Y S R Y S R Y S R Y S R Y S R Y S R Y S R Y S R Y S R Y S R Y S R Y S R Y S R Y S R Y S R Y S R Y S R Y S R Y S R Y S R Y S R Y S R Y S R Y S R]
17325 [main] INFO nl.utwente.fmt.rers.RERSProperty - possibly false: #94, (!(true U (letter == "L")) || (((letter == "I") && (!X (!(letter == "L") U (letter == "H")) || X (!(letter == "L") U ((letter == "H") && (true U (letter == "V")))))) U (letter == "L"))) (1 times, fixed)
17325 [main] INFO nl.utwente.fmt.rers.RERSProperty - query: Query[ε|D D I E L F E L F E L F E L / X X S R Y S R Y S R Y S R Y]
17390 [main] INFO nl.utwente.fmt.rers.RERSProperty - possibly false: #94, (!(true U (letter == "L")) || (((letter == "I") && (!X (!(letter == "L") U (letter == "H")) || X (!(letter == "L") U ((letter == "H") && (true U (letter == "V")))))) U (letter == "L"))) (1 times, relative)
17390 [main] INFO nl.utwente.fmt.rers.RERSProperty - query: Query[ε|D D I E L F E L F E L F E L F E L F E L F E L F E L F E L F E L F E L F E L F E L F E L F E L F E L F E L F E L F E L F E L F E L F E L F E L F E L F E L F E L F E L F E L F E L F E L F E L F E L F E L F E L F E L F E L F E L F E L F E L F E L / X X S R Y S R Y S R Y S R Y S R Y S R Y S R Y S R Y S R Y S R Y S R Y S R Y S R Y S R Y S R Y S R Y S R Y S R Y S R Y S R Y S R Y S R Y S R Y S R Y S R Y S R Y S R Y S R Y S R Y S R Y S R Y S R Y S R Y S R Y S R Y S R Y S R Y S R Y S R Y S R Y]
17503 [main] INFO de.learnlib.api.logging.LoggingBlackBoxProperty - Property violated: '(false R (!(letter == "M") || (true U ((letter == "Z") && X (true U (letter == "R"))))))'
17503 [main] INFO de.learnlib.api.logging.LoggingBlackBoxProperty - Counter example for property: OmegaQuery[ε|D D I O L C L B M M M M M M M M M M M M M M M M M M M M M M M M M M M M M M M M M M M M M M M M / X X S S X X Z T P P P P P P P P P P P P P P P P P P P P P P P P P P P P P P P P P P P P P P P P, [9, 10, 11, 12, 13, 14, 15, 16, 17, 18, 19, 20, 21, 22, 23, 24, 25, 26, 27, 28, 29, 30, 31, 32, 33, 34, 35, 36, 37, 38, 39, 40, 41, 42, 43, 44, 45, 46, 47] - [1288350491, 1288350491, 1288350491, 1288350491, 1288350491, 1288350491, 1288350491, 1288350491, 1288350491, 1288350491, 1288350491, 1288350491, 1288350491, 1288350491, 1288350491, 1288350491, 1288350491, 1288350491, 1288350491, 1288350491, 1288350491, 1288350491, 1288350491, 1288350491, 1288350491, 1288350491, 1288350491, 1288350491, 1288350491, 1288350491, 1288350491, 1288350491, 1288350491, 1288350491, 1288350491, 1288350491, 1288350491, 1288350491, 1288350491]]
18299 [main] INFO nl.utwente.fmt.rers.RERSProperty - possibly false: #85, (!(true U ((letter == "S") && X (true U (letter == "X")))) || (!(letter == "S") U (letter == "Z"))) (1 times, fixed)
18299 [main] INFO nl.utwente.fmt.rers.RERSProperty - query: Query[ε|D D I O L C J A N J A N J A N / X X S S X X V S P V S P V S P]
18375 [main] INFO nl.utwente.fmt.rers.RERSProperty - possibly false: #85, (!(true U ((letter == "S") && X (true U (letter == "X")))) || (!(letter == "S") U (letter == "Z"))) (1 times, relative)
18375 [main] INFO nl.utwente.fmt.rers.RERSProperty - query: Query[ε|D D I O L C J A N J A N J A N J A N J A N J A N J A N J A N J A N J A N J A N J A N J A N J A N J A N J A N J A N J A N J A N J A N J A N J A N J A N J A N J A N J A N J A N J A N J A N J A N J A N J A N J A N J A N J A N J A N J A N J A N J A N / X X S S X X V S P V S P V S P V S P V S P V S P V S P V S P V S P V S P V S P V S P V S P V S P V S P V S P V S P V S P V S P V S P V S P V S P V S P V S P V S P V S P V S P V S P V S P V S P V S P V S P V S P V S P V S P V S P V S P V S P V S P]
18472 [main] INFO de.learnlib.api.logging.LoggingBlackBoxProperty - Property violated: '(false R (!((letter == "I") && (true U (letter == "K"))) || (!(letter == "S") U ((letter == "K") || (((letter == "W") && !(letter == "S")) && X (!(letter == "S") U (letter == "X")))))))'
18473 [main] INFO de.learnlib.api.logging.LoggingBlackBoxProperty - Counter example for property: OmegaQuery[ε|D D I O L C L A F K C C C C C C C C C C C C C C C C C C C C C C C C C C C C C C C C C C C C C C C / X X S S X X Z P Z T T T T T T T T T T T T T T T T T T T T T T T T T T T T T T T T T T T T T T T T, [10, 11, 12, 13, 14, 15, 16, 17, 18, 19, 20, 21, 22, 23, 24, 25, 26, 27, 28, 29, 30, 31, 32, 33, 34, 35, 36, 37, 38, 39, 40, 41, 42, 43, 44, 45, 46, 47, 48] - [-1318960521, -1318960521, -1318960521, -1318960521, -1318960521, -1318960521, -1318960521, -1318960521, -1318960521, -1318960521, -1318960521, -1318960521, -1318960521, -1318960521, -1318960521, -1318960521, -1318960521, -1318960521, -1318960521, -1318960521, -1318960521, -1318960521, -1318960521, -1318960521, -1318960521, -1318960521, -1318960521, -1318960521, -1318960521, -1318960521, -1318960521, -1318960521, -1318960521, -1318960521, -1318960521, -1318960521, -1318960521, -1318960521, -1318960521]]
19432 [main] INFO nl.utwente.fmt.rers.RERSProperty - possibly false: #26, (false R ((letter == "N") && (!X (true U (letter == "L")) || X (true U ((letter == "L") && (true U (letter == "W"))))))) (1 times, fixed)
19432 [main] INFO nl.utwente.fmt.rers.RERSProperty - query: Query[ε|D D I E L F E L F E L F / X X S R Y S R Y S R Y S]
19493 [main] INFO nl.utwente.fmt.rers.RERSProperty - possibly false: #26, (false R ((letter == "N") && (!X (true U (letter == "L")) || X (true U ((letter == "L") && (true U (letter == "W"))))))) (1 times, relative)
19493 [main] INFO nl.utwente.fmt.rers.RERSProperty - query: Query[ε|D D I E L F E L F E L F E L F E L F E L F E L F E L F E L F E L F E L F E L F E L F E L F E L F E L F E L F E L F E L F E L F E L F E L F E L F E L F E L F E L F E L F E L F E L F E L F E L F E L F E L F E L F E L F E L F E L F E L F E L F / X X S R Y S R Y S R Y S R Y S R Y S R Y S R Y S R Y S R Y S R Y S R Y S R Y S R Y S R Y S R Y S R Y S R Y S R Y S R Y S R Y S R Y S R Y S R Y S R Y S R Y S R Y S R Y S R Y S R Y S R Y S R Y S R Y S R Y S R Y S R Y S R Y S R Y S R Y S R Y S]
19745 [main] INFO nl.utwente.fmt.rers.RERSProperty - possibly false: #75, (false R (!((letter == "M") && (true U (letter == "N"))) || ((!(letter == "A") || (!(letter == "N") U ((((letter == "R") && !(letter == "N")) && !(letter == "T")) && X ((!(letter == "N") && !(letter == "T")) U (letter == "X"))))) U (letter == "N")))) (1 times, fixed)
19745 [main] INFO nl.utwente.fmt.rers.RERSProperty - query: Query[ε|D D I O L C L B M K J A N J A N J A N J A N / X X S S X X Z T P P V S P V S P V S P V S P]
19872 [main] INFO nl.utwente.fmt.rers.RERSProperty - possibly false: #75, (false R (!((letter == "M") && (true U (letter == "N"))) || ((!(letter == "A") || (!(letter == "N") U ((((letter == "R") && !(letter == "N")) && !(letter == "T")) && X ((!(letter == "N") && !(letter == "T")) U (letter == "X"))))) U (letter == "N")))) (1 times, relative)
19872 [main] INFO nl.utwente.fmt.rers.RERSProperty - query: Query[ε|D D I O L C L B M K J A N J A N J A N J A N J A N J A N J A N J A N J A N J A N J A N J A N J A N J A N J A N J A N J A N J A N J A N J A N J A N J A N J A N J A N J A N J A N J A N J A N J A N J A N J A N J A N J A N J A N J A N J A N J A N J A N J A N J A N / X X S S X X Z T P P V S P V S P V S P V S P V S P V S P V S P V S P V S P V S P V S P V S P V S P V S P V S P V S P V S P V S P V S P V S P V S P V S P V S P V S P V S P V S P V S P V S P V S P V S P V S P V S P V S P V S P V S P V S P V S P V S P V S P V S P]
19960 [main] INFO de.learnlib.api.logging.LoggingBlackBoxProperty - Property violated: '(!(letter == "P") W (letter == "A"))'
19960 [main] INFO de.learnlib.api.logging.LoggingBlackBoxProperty - Counter example for property: OmegaQuery[ε|D D I O L C L B M M M M M M M M M M M M M M M M M M M M M M M M M M M M M M M M M M M M M M M M / X X S S X X Z T P P P P P P P P P P P P P P P P P P P P P P P P P P P P P P P P P P P P P P P P, [9, 10, 11, 12, 13, 14, 15, 16, 17, 18, 19, 20, 21, 22, 23, 24, 25, 26, 27, 28, 29, 30, 31, 32, 33, 34, 35, 36, 37, 38, 39, 40, 41, 42, 43, 44, 45, 46, 47] - [1288350491, 1288350491, 1288350491, 1288350491, 1288350491, 1288350491, 1288350491, 1288350491, 1288350491, 1288350491, 1288350491, 1288350491, 1288350491, 1288350491, 1288350491, 1288350491, 1288350491, 1288350491, 1288350491, 1288350491, 1288350491, 1288350491, 1288350491, 1288350491, 1288350491, 1288350491, 1288350491, 1288350491, 1288350491, 1288350491, 1288350491, 1288350491, 1288350491, 1288350491, 1288350491, 1288350491, 1288350491, 1288350491, 1288350491]]
20858 [main] INFO de.learnlib.api.logging.LoggingBlackBoxProperty - Property violated: '(false R (!(((letter == "S") && !(letter == "K")) && (true U (letter == "K"))) || (!(letter == "Y") U ((letter == "F") || (letter == "K")))))'
20858 [main] INFO de.learnlib.api.logging.LoggingBlackBoxProperty - Counter example for property: OmegaQuery[ε|D D I E L F O L C L A F K C C C C C C C C C C C C C C C C C C C C C C C C C C C C C C C C C C C C C C C / X X S R Y S S X X Z P Z T T T T T T T T T T T T T T T T T T T T T T T T T T T T T T T T T T T T T T T T, [13, 14, 15, 16, 17, 18, 19, 20, 21, 22, 23, 24, 25, 26, 27, 28, 29, 30, 31, 32, 33, 34, 35, 36, 37, 38, 39, 40, 41, 42, 43, 44, 45, 46, 47, 48, 49, 50, 51] - [2002576441, 2002576441, 2002576441, 2002576441, 2002576441, 2002576441, 2002576441, 2002576441, 2002576441, 2002576441, 2002576441, 2002576441, 2002576441, 2002576441, 2002576441, 2002576441, 2002576441, 2002576441, 2002576441, 2002576441, 2002576441, 2002576441, 2002576441, 2002576441, 2002576441, 2002576441, 2002576441, 2002576441, 2002576441, 2002576441, 2002576441, 2002576441, 2002576441, 2002576441, 2002576441, 2002576441, 2002576441, 2002576441, 2002576441]]
21142 [main] INFO de.learnlib.api.logging.LoggingBlackBoxProperty - Property violated: '(!(true U (letter == "A")) || (!(letter == "Z") U ((letter == "A") || (((letter == "L") && !(letter == "Z")) && X (!(letter == "Z") U (letter == "O"))))))'
21142 [main] INFO de.learnlib.api.logging.LoggingBlackBoxProperty - Counter example for property: OmegaQuery[ε|D D I O L C L A F J C C C C C C C C C C C C C C C C C C C C C C C C C C C C C C C C C C C C C C C / X X S S X X Z P Z S T T T T T T T T T T T T T T T T T T T T T T T T T T T T T T T T T T T T T T T, [10, 11, 12, 13, 14, 15, 16, 17, 18, 19, 20, 21, 22, 23, 24, 25, 26, 27, 28, 29, 30, 31, 32, 33, 34, 35, 36, 37, 38, 39, 40, 41, 42, 43, 44, 45, 46, 47, 48] - [2113754598, 2113754598, 2113754598, 2113754598, 2113754598, 2113754598, 2113754598, 2113754598, 2113754598, 2113754598, 2113754598, 2113754598, 2113754598, 2113754598, 2113754598, 2113754598, 2113754598, 2113754598, 2113754598, 2113754598, 2113754598, 2113754598, 2113754598, 2113754598, 2113754598, 2113754598, 2113754598, 2113754598, 2113754598, 2113754598, 2113754598, 2113754598, 2113754598, 2113754598, 2113754598, 2113754598, 2113754598, 2113754598, 2113754598]]
21865 [main] INFO de.learnlib.api.logging.LoggingBlackBoxProperty - Property violated: '(!(true U (letter == "B")) || ((!(letter == "A") || (!(letter == "B") U ((((letter == "V") && !(letter == "B")) && !(letter == "X")) && X ((!(letter == "B") && !(letter == "X")) U (letter == "P"))))) U (letter == "B")))'
21865 [main] INFO de.learnlib.api.logging.LoggingBlackBoxProperty - Counter example for property: OmegaQuery[ε|D D I O L C J A N L B M M M M M M M M M M M M M M M M M M M M M M M M M M M M M M M M M M M M M M M / X X S S X X V S P Z T P P P P P P P P P P P P P P P P P P P P P P P P P P P P P P P P P P P P P P P, [11, 12, 13, 14, 15, 16, 17, 18, 19, 20, 21, 22, 23, 24, 25, 26, 27, 28, 29, 30, 31, 32, 33, 34, 35, 36, 37, 38, 39, 40, 41, 42, 43, 44, 45, 46, 47, 48, 49] - [-791244259, -986122520, -986122520, -986122520, -986122520, -986122520, -986122520, -986122520, -986122520, -986122520, -986122520, -986122520, -986122520, -986122520, -986122520, -986122520, -986122520, -986122520, -986122520, -986122520, -986122520, -986122520, -986122520, -986122520, -986122520, -986122520, -986122520, -986122520, -986122520, -986122520, -986122520, -986122520, -986122520, -986122520, -986122520, -986122520, -986122520, -986122520, -986122520]]
22206 [main] INFO de.learnlib.api.logging.LoggingBlackBoxProperty - Property violated: '(!(true U (letter == "D")) || ((!(letter == "E") || (!(letter == "D") U ((letter == "W") && !(letter == "D")))) U (letter == "D")))'
22207 [main] INFO de.learnlib.api.logging.LoggingBlackBoxProperty - Counter example for property: OmegaQuery[ε|L E F A M I L F G K I F F D N N N N N N N N N N N N N N N N N N N N N N N N N N N N N N N N N N N N N N N / P Z S S V V T T Y X Z S S X X X X X X X X X X X X X X X X X X X X X X X X X X X X X X X X X X X X X X X X, [14, 15, 16, 17, 18, 19, 20, 21, 22, 23, 24, 25, 26, 27, 28, 29, 30, 31, 32, 33, 34, 35, 36, 37, 38, 39, 40, 41, 42, 43, 44, 45, 46, 47, 48, 49, 50, 51, 52] - [940051415, -688628042, -688628042, -688628042, -688628042, -688628042, -688628042, -688628042, -688628042, -688628042, -688628042, -688628042, -688628042, -688628042, -688628042, -688628042, -688628042, -688628042, -688628042, -688628042, -688628042, -688628042, -688628042, -688628042, -688628042, -688628042, -688628042, -688628042, -688628042, -688628042, -688628042, -688628042, -688628042, -688628042, -688628042, -688628042, -688628042, -688628042, -688628042]]
22623 [main] INFO nl.utwente.fmt.rers.RERSProperty - possibly false: #59, (!(true U ((letter == "X") && X (true U (letter == "P")))) || (!(letter == "X") U (letter == "V"))) (1 times, fixed)
22623 [main] INFO nl.utwente.fmt.rers.RERSProperty - query: Query[ε|D D I O L C J A N J A N J A N J A N / X X S S X X V S P V S P V S P V S P]
22710 [main] INFO nl.utwente.fmt.rers.RERSProperty - possibly false: #59, (!(true U ((letter == "X") && X (true U (letter == "P")))) || (!(letter == "X") U (letter == "V"))) (1 times, relative)
22710 [main] INFO nl.utwente.fmt.rers.RERSProperty - query: Query[ε|D D I O L C J A N J A N J A N J A N J A N J A N J A N J A N J A N J A N J A N J A N J A N J A N J A N J A N J A N J A N J A N J A N J A N J A N J A N J A N J A N J A N J A N J A N J A N J A N J A N J A N J A N J A N J A N J A N J A N J A N J A N J A N / X X S S X X V S P V S P V S P V S P V S P V S P V S P V S P V S P V S P V S P V S P V S P V S P V S P V S P V S P V S P V S P V S P V S P V S P V S P V S P V S P V S P V S P V S P V S P V S P V S P V S P V S P V S P V S P V S P V S P V S P V S P V S P]
22921 [main] INFO de.learnlib.api.logging.LoggingBlackBoxProperty - Property violated: '(false R (!(letter == "K") || ((!(letter == "F") || (!(letter == "P") U ((((letter == "X") && !(letter == "P")) && !(letter == "Q")) && X ((!(letter == "P") && !(letter == "Q")) U (letter == "Z"))))) U ((letter == "P") || (false R (!(letter == "F") || (((letter == "X") && !(letter == "Q")) && X (!(letter == "Q") U (letter == "Z")))))))))'
22922 [main] INFO de.learnlib.api.logging.LoggingBlackBoxProperty - Counter example for property: OmegaQuery[ε|D D I O L C I F F D A F A M I L F G K I F F N F N F N F N F N F N F N F N F N F N F N F N F N F N F N F N F N F N F N F N F N F N F N F N F N F N F N F N F N F N F N F N F N F N F N F N F N F N F N / X X S S X X Z S S X T S S V V T T Y X Z S S S S S S S S S S S S S S S S S S S S S S S S S S S S S S S S S S S S S S S S S S S S S S S S S S S S S S S S S S S S S S S S S S S S S S S S S S S S S S S, [21, 23, 25, 27, 29, 31, 33, 35, 37, 39, 41, 43, 45, 47, 49, 51, 53, 55, 57, 59, 61, 63, 65, 67, 69, 71, 73, 75, 77, 79, 81, 83, 85, 87, 89, 91, 93, 95, 97] - [20680439, -1644311950, -1657343142, -441860340, -1540449565, 1279903195, 1937698300, 1508169111, 81206562, -134028162, 2145423070, 656728885, 933695245, 423659535, 4455018, -441860340, -1540449565, 1279903195, 1937698300, 1508169111, 81206562, -134028162, 2145423070, 656728885, 933695245, 423659535, 4455018, -441860340, -1540449565, 1279903195, 1937698300, 1508169111, 81206562, -134028162, 2145423070, 656728885, 933695245, 423659535, 4455018]]
24077 [main] INFO nl.utwente.fmt.rers.RERSProperty - possibly false: #93, (false R ((letter == "K") && (!!(letter == "Z") || (!(letter == "S") W ((letter == "V") || (letter == "Z")))))) (1 times, fixed)
24077 [main] INFO nl.utwente.fmt.rers.RERSProperty - query: Query[ε|D D I E L F E L F E L F / X X S R Y S R Y S R Y S]
24149 [main] INFO nl.utwente.fmt.rers.RERSProperty - possibly false: #93, (false R ((letter == "K") && (!!(letter == "Z") || (!(letter == "S") W ((letter == "V") || (letter == "Z")))))) (1 times, relative)
24149 [main] INFO nl.utwente.fmt.rers.RERSProperty - query: Query[ε|D D I E L F E L F E L F E L F E L F E L F E L F E L F E L F E L F E L F E L F E L F E L F E L F E L F E L F E L F E L F E L F E L F E L F E L F E L F E L F E L F E L F E L F E L F E L F E L F E L F E L F E L F E L F E L F E L F E L F E L F / X X S R Y S R Y S R Y S R Y S R Y S R Y S R Y S R Y S R Y S R Y S R Y S R Y S R Y S R Y S R Y S R Y S R Y S R Y S R Y S R Y S R Y S R Y S R Y S R Y S R Y S R Y S R Y S R Y S R Y S R Y S R Y S R Y S R Y S R Y S R Y S R Y S R Y S R Y S R Y S]
24320 [main] INFO nl.utwente.fmt.rers.RERSProperty - possibly false: #17, (false R (!(letter == "R") || (false R (!(letter == "A") || ((letter == "Z") && X (true U (letter == "P"))))))) (1 times, fixed)
24321 [main] INFO nl.utwente.fmt.rers.RERSProperty - query: Query[ε|D D I E L F O L C J A N J A N J A N J A / X X S R Y S S X X V S P V S P V S P V S]
24408 [main] INFO nl.utwente.fmt.rers.RERSProperty - possibly false: #17, (false R (!(letter == "R") || (false R (!(letter == "A") || ((letter == "Z") && X (true U (letter == "P"))))))) (1 times, relative)
24408 [main] INFO nl.utwente.fmt.rers.RERSProperty - query: Query[ε|D D I E L F O L C J A N J A N J A N J A N J A N J A N J A N J A N J A N J A N J A N J A N J A N J A N J A N J A N J A N J A N J A N J A N J A N J A N J A N J A N J A N J A N J A N J A N J A N J A N J A N J A N J A N J A N J A N J A N J A N J A N J A N J A / X X S R Y S S X X V S P V S P V S P V S P V S P V S P V S P V S P V S P V S P V S P V S P V S P V S P V S P V S P V S P V S P V S P V S P V S P V S P V S P V S P V S P V S P V S P V S P V S P V S P V S P V S P V S P V S P V S P V S P V S P V S P V S P V S]
25566 [main] INFO de.learnlib.api.logging.LoggingBlackBoxProperty - Property violated: '(!(true U (letter == "D")) || (((letter == "G") && (!X (!(letter == "D") U (letter == "C")) || X (!(letter == "D") U ((letter == "C") && (true U (letter == "T")))))) U (letter == "D")))'
25566 [main] INFO de.learnlib.api.logging.LoggingBlackBoxProperty - Counter example for property: OmegaQuery[ε|L E F L D E N L N N N N N N N N N N N N N N N N N N N N N N N N N N N N N N N N N N N N N N N / P Z S X R Z V P X X X X X X X X X X X X X X X X X X X X X X X X X X X X X X X X X X X X X X X, [8, 9, 10, 11, 12, 13, 14, 15, 16, 17, 18, 19, 20, 21, 22, 23, 24, 25, 26, 27, 28, 29, 30, 31, 32, 33, 34, 35, 36, 37, 38, 39, 40, 41, 42, 43, 44, 45, 46] - [-670209165, 2134713925, 2134713925, 2134713925, 2134713925, 2134713925, 2134713925, 2134713925, 2134713925, 2134713925, 2134713925, 2134713925, 2134713925, 2134713925, 2134713925, 2134713925, 2134713925, 2134713925, 2134713925, 2134713925, 2134713925, 2134713925, 2134713925, 2134713925, 2134713925, 2134713925, 2134713925, 2134713925, 2134713925, 2134713925, 2134713925, 2134713925, 2134713925, 2134713925, 2134713925, 2134713925, 2134713925, 2134713925, 2134713925]]
25883 [main] INFO nl.utwente.fmt.rers.RERSProperty - possibly false: #51, (!(true U (letter == "C")) || ((!(letter == "D") || (!(letter == "C") U ((letter == "P") && !(letter == "C")))) U (letter == "C"))) (1 times, fixed)
25883 [main] INFO nl.utwente.fmt.rers.RERSProperty - query: Query[ε|D D I O L C J A N J A N J A N / X X S S X X V S P V S P V S P]
25965 [main] INFO nl.utwente.fmt.rers.RERSProperty - possibly false: #51, (!(true U (letter == "C")) || ((!(letter == "D") || (!(letter == "C") U ((letter == "P") && !(letter == "C")))) U (letter == "C"))) (1 times, relative)
25965 [main] INFO nl.utwente.fmt.rers.RERSProperty - query: Query[ε|D D I O L C J A N J A N J A N J A N J A N J A N J A N J A N J A N J A N J A N J A N J A N J A N J A N J A N J A N J A N J A N J A N J A N J A N J A N J A N J A N J A N J A N J A N J A N J A N J A N J A N J A N J A N J A N J A N J A N J A N J A N / X X S S X X V S P V S P V S P V S P V S P V S P V S P V S P V S P V S P V S P V S P V S P V S P V S P V S P V S P V S P V S P V S P V S P V S P V S P V S P V S P V S P V S P V S P V S P V S P V S P V S P V S P V S P V S P V S P V S P V S P V S P]
26199 [main] INFO de.learnlib.api.logging.LoggingBlackBoxProperty - Property violated: '(false R (!(letter == "J") || ((!(letter == "A") || (!(letter == "B") U ((((letter == "R") && !(letter == "B")) && !(letter == "W")) && X ((!(letter == "B") && !(letter == "W")) U (letter == "V"))))) U ((letter == "B") || (false R (!(letter == "A") || (((letter == "R") && !(letter == "W")) && X (!(letter == "W") U (letter == "V")))))))))'
26199 [main] INFO de.learnlib.api.logging.LoggingBlackBoxProperty - Counter example for property: OmegaQuery[ε|D D I O L C I E J F F D L F A F A F A F A F A F A F A F A F A F A F A F A F A F A F A F A F A F A F A F A F A F A F A F A F A F A F A F A F A F A F A F A F A F A F A F A F A F A F A F / X X S S X X Z Z R S S X T S S R S R S R S R S R S R S R S R S R S R S R S R S R S R S R S R S R S R S R S R S R S R S R S R S R S R S R S R S R S R S R S R S R S R S R S R S R S R S R, [14, 16, 18, 20, 22, 24, 26, 28, 30, 32, 34, 36, 38, 40, 42, 44, 46, 48, 50, 52, 54, 56, 58, 60, 62, 64, 66, 68, 70, 72, 74, 76, 78, 80, 82, 84, 86, 88, 90] - [1847631252, -1933240105, -968161812, -402911049, -1254421695, -402911049, -1254421695, -402911049, -1254421695, -402911049, -1254421695, -402911049, -1254421695, -402911049, -1254421695, -402911049, -1254421695, -402911049, -1254421695, -402911049, -1254421695, -402911049, -1254421695, -402911049, -1254421695, -402911049, -1254421695, -402911049, -1254421695, -402911049, -1254421695, -402911049, -1254421695, -402911049, -1254421695, -402911049, -1254421695, -402911049, -1254421695]]
29061 [main] INFO de.learnlib.api.logging.LoggingBlackBoxProperty - Property violated: '(false R (!(letter == "P") || (false R (!(letter == "F") || (true U (letter == "Q"))))))'
29061 [main] INFO de.learnlib.api.logging.LoggingBlackBoxProperty - Counter example for property: OmegaQuery[ε|D D I O L C J A N L A F J C C C C C C C C C C C C C C C C C C C C C C C C C C C C C C C C C C C C C C C / X X S S X X V S P Z P Z S T T T T T T T T T T T T T T T T T T T T T T T T T T T T T T T T T T T T T T T, [13, 14, 15, 16, 17, 18, 19, 20, 21, 22, 23, 24, 25, 26, 27, 28, 29, 30, 31, 32, 33, 34, 35, 36, 37, 38, 39, 40, 41, 42, 43, 44, 45, 46, 47, 48, 49, 50, 51] - [-1036446059, -1036446059, -1036446059, -1036446059, -1036446059, -1036446059, -1036446059, -1036446059, -1036446059, -1036446059, -1036446059, -1036446059, -1036446059, -1036446059, -1036446059, -1036446059, -1036446059, -1036446059, -1036446059, -1036446059, -1036446059, -1036446059, -1036446059, -1036446059, -1036446059, -1036446059, -1036446059, -1036446059, -1036446059, -1036446059, -1036446059, -1036446059, -1036446059, -1036446059, -1036446059, -1036446059, -1036446059, -1036446059, -1036446059]]
29354 [main] INFO de.learnlib.api.logging.LoggingBlackBoxProperty - Property violated: '(!(true U (letter == "T")) || (!(letter == "T") U (((letter == "G") && !(letter == "T")) && X (!(letter == "T") U (letter == "V")))))'
29354 [main] INFO de.learnlib.api.logging.LoggingBlackBoxProperty - Counter example for property: OmegaQuery[ε|D D I O L C J E C C C C C C C C C C C C C C C C C C C C C C C C C C C C C C C C C C C C C C C / X X S S X X V T T T T T T T T T T T T T T T T T T T T T T T T T T T T T T T T T T T T T T T T, [8, 9, 10, 11, 12, 13, 14, 15, 16, 17, 18, 19, 20, 21, 22, 23, 24, 25, 26, 27, 28, 29, 30, 31, 32, 33, 34, 35, 36, 37, 38, 39, 40, 41, 42, 43, 44, 45, 46] - [-287719745, -287719745, -287719745, -287719745, -287719745, -287719745, -287719745, -287719745, -287719745, -287719745, -287719745, -287719745, -287719745, -287719745, -287719745, -287719745, -287719745, -287719745, -287719745, -287719745, -287719745, -287719745, -287719745, -287719745, -287719745, -287719745, -287719745, -287719745, -287719745, -287719745, -287719745, -287719745, -287719745, -287719745, -287719745, -287719745, -287719745, -287719745, -287719745]]
29621 [main] INFO nl.utwente.fmt.rers.RERSProperty - possibly false: #49, (!(true U (letter == "X")) || (!(letter == "X") U (((letter == "U") && !(letter == "X")) && X (!(letter == "X") U (letter == "F"))))) (1 times, fixed)
29621 [main] INFO nl.utwente.fmt.rers.RERSProperty - query: Query[ε|D D I E L F E L F E L F / X X S R Y S R Y S R Y S]
29682 [main] INFO nl.utwente.fmt.rers.RERSProperty - possibly false: #49, (!(true U (letter == "X")) || (!(letter == "X") U (((letter == "U") && !(letter == "X")) && X (!(letter == "X") U (letter == "F"))))) (1 times, relative)
29682 [main] INFO nl.utwente.fmt.rers.RERSProperty - query: Query[ε|D D I E L F E L F E L F E L F E L F E L F E L F E L F E L F E L F E L F E L F E L F E L F E L F E L F E L F E L F E L F E L F E L F E L F E L F E L F E L F E L F E L F E L F E L F E L F E L F E L F E L F E L F E L F E L F E L F E L F E L F / X X S R Y S R Y S R Y S R Y S R Y S R Y S R Y S R Y S R Y S R Y S R Y S R Y S R Y S R Y S R Y S R Y S R Y S R Y S R Y S R Y S R Y S R Y S R Y S R Y S R Y S R Y S R Y S R Y S R Y S R Y S R Y S R Y S R Y S R Y S R Y S R Y S R Y S R Y S R Y S]
29784 [main] INFO de.learnlib.api.logging.LoggingBlackBoxProperty - Property violated: '(false R (!(letter == "B") || (false R (!(letter == "F") || (((letter == "V") && !(letter == "Y")) && X (!(letter == "Y") U (letter == "P")))))))'
29784 [main] INFO de.learnlib.api.logging.LoggingBlackBoxProperty - Counter example for property: OmegaQuery[ε|D D I O B L C L A F J C C C C C C C C C C C C C C C C C C C C C C C C C C C C C C C C C C C C C C C / X X S S S X X Z P Z S T T T T T T T T T T T T T T T T T T T T T T T T T T T T T T T T T T T T T T T, [11, 12, 13, 14, 15, 16, 17, 18, 19, 20, 21, 22, 23, 24, 25, 26, 27, 28, 29, 30, 31, 32, 33, 34, 35, 36, 37, 38, 39, 40, 41, 42, 43, 44, 45, 46, 47, 48, 49] - [2113754598, 2113754598, 2113754598, 2113754598, 2113754598, 2113754598, 2113754598, 2113754598, 2113754598, 2113754598, 2113754598, 2113754598, 2113754598, 2113754598, 2113754598, 2113754598, 2113754598, 2113754598, 2113754598, 2113754598, 2113754598, 2113754598, 2113754598, 2113754598, 2113754598, 2113754598, 2113754598, 2113754598, 2113754598, 2113754598, 2113754598, 2113754598, 2113754598, 2113754598, 2113754598, 2113754598, 2113754598, 2113754598, 2113754598]]
30936 [main] INFO de.learnlib.api.logging.LoggingBlackBoxProperty - Property violated: '(false R (!(letter == "V") || (!(true U (letter == "Y")) || (!(letter == "Y") U ((letter == "U") || (((letter == "I") && !(letter == "Y")) && X (!(letter == "Y") U (letter == "F"))))))))'
30936 [main] INFO de.learnlib.api.logging.LoggingBlackBoxProperty - Counter example for property: OmegaQuery[ε|D D I O L C J A N I F F D A N L A F A M I F F I F F I F F I F F I F F I F F I F F I F F I F F I F F I F F I F F I F F I F F I F F I F F I F F I F F I F F I F F I F F I F F I F F I F F I F F I F F I F F I F F I F F I F F I F F I F F I F F I F F I F F I F F I F F I F F I F F I F F I / X X S S X X V S P Z S S X T V P T S S V V V X Y V X Y V X Y V X Y V X Y V X Y V X Y V X Y V X Y V X Y V X Y V X Y V X Y V X Y V X Y V X Y V X Y V X Y V X Y V X Y V X Y V X Y V X Y V X Y V X Y V X Y V X Y V X Y V X Y V X Y V X Y V X Y V X Y V X Y V X Y V X Y V X Y V X Y V X Y V X Y, [24, 27, 30, 33, 36, 39, 42, 45, 48, 51, 54, 57, 60, 63, 66, 69, 72, 75, 78, 81, 84, 87, 90, 93, 96, 99, 102, 105, 108, 111, 114, 117, 120, 123, 126, 129, 132, 135, 138] - [-695257617, -695257617, -695257617, -695257617, -695257617, -695257617, -695257617, -695257617, -695257617, -695257617, -695257617, -695257617, -695257617, -695257617, -695257617, -695257617, -695257617, -695257617, -695257617, -695257617, -695257617, -695257617, -695257617, -695257617, -695257617, -695257617, -695257617, -695257617, -695257617, -695257617, -695257617, -695257617, -695257617, -695257617, -695257617, -695257617, -695257617, -695257617, -695257617]]
31369 [main] INFO nl.utwente.fmt.rers.RERSProperty - possibly false: #69, (false R ((letter == "Y") && (!!(letter == "M") || (!(letter == "Z") W ((letter == "C") || (letter == "M")))))) (1 times, fixed)
31369 [main] INFO nl.utwente.fmt.rers.RERSProperty - query: Query[ε|D D I E L F E L F E L F / X X S R Y S R Y S R Y S]
31430 [main] INFO nl.utwente.fmt.rers.RERSProperty - possibly false: #69, (false R ((letter == "Y") && (!!(letter == "M") || (!(letter == "Z") W ((letter == "C") || (letter == "M")))))) (1 times, relative)
31430 [main] INFO nl.utwente.fmt.rers.RERSProperty - query: Query[ε|D D I E L F E L F E L F E L F E L F E L F E L F E L F E L F E L F E L F E L F E L F E L F E L F E L F E L F E L F E L F E L F E L F E L F E L F E L F E L F E L F E L F E L F E L F E L F E L F E L F E L F E L F E L F E L F E L F E L F E L F / X X S R Y S R Y S R Y S R Y S R Y S R Y S R Y S R Y S R Y S R Y S R Y S R Y S R Y S R Y S R Y S R Y S R Y S R Y S R Y S R Y S R Y S R Y S R Y S R Y S R Y S R Y S R Y S R Y S R Y S R Y S R Y S R Y S R Y S R Y S R Y S R Y S R Y S R Y S R Y S]
31534 [main] INFO de.learnlib.api.logging.LoggingBlackBoxProperty - Property violated: '(false R (!(letter == "M") || (true U ((letter == "V") && X (true U (letter == "R"))))))'
31534 [main] INFO de.learnlib.api.logging.LoggingBlackBoxProperty - Counter example for property: OmegaQuery[ε|D D I O L C L B M M M M M M M M M M M M M M M M M M M M M M M M M M M M M M M M M M M M M M M M / X X S S X X Z T P P P P P P P P P P P P P P P P P P P P P P P P P P P P P P P P P P P P P P P P, [9, 10, 11, 12, 13, 14, 15, 16, 17, 18, 19, 20, 21, 22, 23, 24, 25, 26, 27, 28, 29, 30, 31, 32, 33, 34, 35, 36, 37, 38, 39, 40, 41, 42, 43, 44, 45, 46, 47] - [1288350491, 1288350491, 1288350491, 1288350491, 1288350491, 1288350491, 1288350491, 1288350491, 1288350491, 1288350491, 1288350491, 1288350491, 1288350491, 1288350491, 1288350491, 1288350491, 1288350491, 1288350491, 1288350491, 1288350491, 1288350491, 1288350491, 1288350491, 1288350491, 1288350491, 1288350491, 1288350491, 1288350491, 1288350491, 1288350491, 1288350491, 1288350491, 1288350491, 1288350491, 1288350491, 1288350491, 1288350491, 1288350491, 1288350491]]
31843 [main] INFO de.learnlib.api.logging.LoggingBlackBoxProperty - Property violated: '(false R (!(letter == "O") || ((!(letter == "K") || (!(letter == "W") U (((letter == "V") && !(letter == "W")) && X (!(letter == "W") U (letter == "U"))))) U ((letter == "W") || (false R (!(letter == "K") || ((letter == "V") && X (true U (letter == "U")))))))))'
31843 [main] INFO de.learnlib.api.logging.LoggingBlackBoxProperty - Counter example for property: OmegaQuery[ε|D D I O L C L A F K C C C C C C C C C C C C C C C C C C C C C C C C C C C C C C C C C C C C C C C / X X S S X X Z P Z T T T T T T T T T T T T T T T T T T T T T T T T T T T T T T T T T T T T T T T T, [10, 11, 12, 13, 14, 15, 16, 17, 18, 19, 20, 21, 22, 23, 24, 25, 26, 27, 28, 29, 30, 31, 32, 33, 34, 35, 36, 37, 38, 39, 40, 41, 42, 43, 44, 45, 46, 47, 48] - [-1318960521, -1318960521, -1318960521, -1318960521, -1318960521, -1318960521, -1318960521, -1318960521, -1318960521, -1318960521, -1318960521, -1318960521, -1318960521, -1318960521, -1318960521, -1318960521, -1318960521, -1318960521, -1318960521, -1318960521, -1318960521, -1318960521, -1318960521, -1318960521, -1318960521, -1318960521, -1318960521, -1318960521, -1318960521, -1318960521, -1318960521, -1318960521, -1318960521, -1318960521, -1318960521, -1318960521, -1318960521, -1318960521, -1318960521]]
32232 [main] INFO nl.utwente.fmt.rers.RERSProperty - possibly false: #5, (false R (!(((letter == "E") && !(letter == "P")) && (true U (letter == "P"))) || (!(letter == "R") U ((letter == "G") || (letter == "P"))))) (1 times, fixed)
32232 [main] INFO nl.utwente.fmt.rers.RERSProperty - query: Query[ε|D D I E L F O L C J A N J A N J A N J A N / X X S R Y S S X X V S P V S P V S P V S P]
32318 [main] INFO nl.utwente.fmt.rers.RERSProperty - possibly false: #5, (false R (!(((letter == "E") && !(letter == "P")) && (true U (letter == "P"))) || (!(letter == "R") U ((letter == "G") || (letter == "P"))))) (1 times, relative)
32318 [main] INFO nl.utwente.fmt.rers.RERSProperty - query: Query[ε|D D I E L F O L C J A N J A N J A N J A N J A N J A N J A N J A N J A N J A N J A N J A N J A N J A N J A N J A N J A N J A N J A N J A N J A N J A N J A N J A N J A N J A N J A N J A N J A N J A N J A N J A N J A N J A N J A N J A N J A N J A N J A N J A N / X X S R Y S S X X V S P V S P V S P V S P V S P V S P V S P V S P V S P V S P V S P V S P V S P V S P V S P V S P V S P V S P V S P V S P V S P V S P V S P V S P V S P V S P V S P V S P V S P V S P V S P V S P V S P V S P V S P V S P V S P V S P V S P V S P]
32514 [main] INFO de.learnlib.api.logging.LoggingBlackBoxProperty - Property violated: '(false R (!((letter == "C") && (true U (letter == "N"))) || ((!(letter == "E") || (!(letter == "N") U (((letter == "S") && !(letter == "N")) && X (!(letter == "N") U (letter == "R"))))) U (letter == "N"))))'
32514 [main] INFO de.learnlib.api.logging.LoggingBlackBoxProperty - Counter example for property: OmegaQuery[ε|D D I O L C J A N I F F D A F A M I A C I E N L N N N N N N N N N N N N N N N N N N N N N N N N N N N N N N N N N N N N N N N / X X S S X X V S P Z S S X T S S V V Z Z P Z V P X X X X X X X X X X X X X X X X X X X X X X X X X X X X X X X X X X X X X X X, [24, 25, 26, 27, 28, 29, 30, 31, 32, 33, 34, 35, 36, 37, 38, 39, 40, 41, 42, 43, 44, 45, 46, 47, 48, 49, 50, 51, 52, 53, 54, 55, 56, 57, 58, 59, 60, 61, 62] - [120623785, -1004567258, -1004567258, -1004567258, -1004567258, -1004567258, -1004567258, -1004567258, -1004567258, -1004567258, -1004567258, -1004567258, -1004567258, -1004567258, -1004567258, -1004567258, -1004567258, -1004567258, -1004567258, -1004567258, -1004567258, -1004567258, -1004567258, -1004567258, -1004567258, -1004567258, -1004567258, -1004567258, -1004567258, -1004567258, -1004567258, -1004567258, -1004567258, -1004567258, -1004567258, -1004567258, -1004567258, -1004567258, -1004567258]]
33236 [main] INFO nl.utwente.fmt.rers.RERSProperty - possibly false: #18, (false R (!((letter == "I") && (true U (letter == "J"))) || (!(letter == "P") U ((letter == "J") || (((letter == "S") && !(letter == "P")) && X (!(letter == "P") U (letter == "M"))))))) (1 times, fixed)
33236 [main] INFO nl.utwente.fmt.rers.RERSProperty - query: Query[ε|D D I O L C J A N I F F D A N L A F A M I L F G K J A N J A N J A N J / X X S S X X V S P Z S S X T V P T S S V V T T Y X V S P V S P V S P V]
33405 [main] INFO nl.utwente.fmt.rers.RERSProperty - possibly false: #18, (false R (!((letter == "I") && (true U (letter == "J"))) || (!(letter == "P") U ((letter == "J") || (((letter == "S") && !(letter == "P")) && X (!(letter == "P") U (letter == "M"))))))) (1 times, relative)
33405 [main] INFO nl.utwente.fmt.rers.RERSProperty - query: Query[ε|D D I O L C J A N I F F D A N L A F A M I L F G K J A N J A N J A N J A N J A N J A N J A N J A N J A N J A N J A N J A N J A N J A N J A N J A N J A N J A N J A N J A N J A N J A N J A N J A N J A N J A N J A N J A N J A N J A N J A N J A N J A N J A N J A N J A N J A N J A N J A N J / X X S S X X V S P Z S S X T V P T S S V V T T Y X V S P V S P V S P V S P V S P V S P V S P V S P V S P V S P V S P V S P V S P V S P V S P V S P V S P V S P V S P V S P V S P V S P V S P V S P V S P V S P V S P V S P V S P V S P V S P V S P V S P V S P V S P V S P V S P V S P V S P V]
34429 [main] INFO nl.utwente.fmt.rers.RERSProperty - possibly false: #30, (false R (!(letter == "C") || (false R ((letter == "O") && (!X (true U (letter == "N")) || X (!(letter == "N") U ((letter == "N") && (true U (letter == "V"))))))))) (1 times, fixed)
34429 [main] INFO nl.utwente.fmt.rers.RERSProperty - query: Query[ε|D D I O L C J A N J A N J A N / X X S S X X V S P V S P V S P]
34505 [main] INFO nl.utwente.fmt.rers.RERSProperty - possibly false: #30, (false R (!(letter == "C") || (false R ((letter == "O") && (!X (true U (letter == "N")) || X (!(letter == "N") U ((letter == "N") && (true U (letter == "V"))))))))) (1 times, relative)
34505 [main] INFO nl.utwente.fmt.rers.RERSProperty - query: Query[ε|D D I O L C J A N J A N J A N J A N J A N J A N J A N J A N J A N J A N J A N J A N J A N J A N J A N J A N J A N J A N J A N J A N J A N J A N J A N J A N J A N J A N J A N J A N J A N J A N J A N J A N J A N J A N J A N J A N J A N J A N J A N / X X S S X X V S P V S P V S P V S P V S P V S P V S P V S P V S P V S P V S P V S P V S P V S P V S P V S P V S P V S P V S P V S P V S P V S P V S P V S P V S P V S P V S P V S P V S P V S P V S P V S P V S P V S P V S P V S P V S P V S P V S P]
34683 [main] INFO nl.utwente.fmt.rers.RERSProperty - possibly false: #56, (false R (!(letter == "N") || (true U (letter == "Y")))) (1 times, fixed)
34683 [main] INFO nl.utwente.fmt.rers.RERSProperty - query: Query[ε|D D I O L C J A N J A N J A N J A N / X X S S X X V S P V S P V S P V S P]
34769 [main] INFO nl.utwente.fmt.rers.RERSProperty - possibly false: #56, (false R (!(letter == "N") || (true U (letter == "Y")))) (1 times, relative)
34769 [main] INFO nl.utwente.fmt.rers.RERSProperty - query: Query[ε|D D I O L C J A N J A N J A N J A N J A N J A N J A N J A N J A N J A N J A N J A N J A N J A N J A N J A N J A N J A N J A N J A N J A N J A N J A N J A N J A N J A N J A N J A N J A N J A N J A N J A N J A N J A N J A N J A N J A N J A N J A N J A N / X X S S X X V S P V S P V S P V S P V S P V S P V S P V S P V S P V S P V S P V S P V S P V S P V S P V S P V S P V S P V S P V S P V S P V S P V S P V S P V S P V S P V S P V S P V S P V S P V S P V S P V S P V S P V S P V S P V S P V S P V S P V S P]
36705 [main] INFO nl.utwente.fmt.rers.RERSProperty - possibly false: #71, (false R ((letter == "T") && (!!(letter == "Y") || (!(letter == "Z") W ((letter == "A") || (letter == "Y")))))) (1 times, fixed)
36705 [main] INFO nl.utwente.fmt.rers.RERSProperty - query: Query[ε|D D I E L F E L F E L F / X X S R Y S R Y S R Y S]
36764 [main] INFO nl.utwente.fmt.rers.RERSProperty - possibly false: #71, (false R ((letter == "T") && (!!(letter == "Y") || (!(letter == "Z") W ((letter == "A") || (letter == "Y")))))) (1 times, relative)
36764 [main] INFO nl.utwente.fmt.rers.RERSProperty - query: Query[ε|D D I E L F E L F E L F E L F E L F E L F E L F E L F E L F E L F E L F E L F E L F E L F E L F E L F E L F E L F E L F E L F E L F E L F E L F E L F E L F E L F E L F E L F E L F E L F E L F E L F E L F E L F E L F E L F E L F E L F E L F / X X S R Y S R Y S R Y S R Y S R Y S R Y S R Y S R Y S R Y S R Y S R Y S R Y S R Y S R Y S R Y S R Y S R Y S R Y S R Y S R Y S R Y S R Y S R Y S R Y S R Y S R Y S R Y S R Y S R Y S R Y S R Y S R Y S R Y S R Y S R Y S R Y S R Y S R Y S R Y S]
40047 [main] INFO nl.utwente.fmt.rers.RERSProperty - possibly false: #47, (false R ((letter == "N") && (!X (true U (letter == "M")) || X (true U ((letter == "M") && (true U (letter == "T"))))))) (1 times, fixed)
40047 [main] INFO nl.utwente.fmt.rers.RERSProperty - query: Query[ε|D D I E L F E L F E L F / X X S R Y S R Y S R Y S]
40107 [main] INFO nl.utwente.fmt.rers.RERSProperty - possibly false: #47, (false R ((letter == "N") && (!X (true U (letter == "M")) || X (true U ((letter == "M") && (true U (letter == "T"))))))) (1 times, relative)
40107 [main] INFO nl.utwente.fmt.rers.RERSProperty - query: Query[ε|D D I E L F E L F E L F E L F E L F E L F E L F E L F E L F E L F E L F E L F E L F E L F E L F E L F E L F E L F E L F E L F E L F E L F E L F E L F E L F E L F E L F E L F E L F E L F E L F E L F E L F E L F E L F E L F E L F E L F E L F / X X S R Y S R Y S R Y S R Y S R Y S R Y S R Y S R Y S R Y S R Y S R Y S R Y S R Y S R Y S R Y S R Y S R Y S R Y S R Y S R Y S R Y S R Y S R Y S R Y S R Y S R Y S R Y S R Y S R Y S R Y S R Y S R Y S R Y S R Y S R Y S R Y S R Y S R Y S R Y S]
40869 [main] INFO de.learnlib.api.logging.LoggingBlackBoxProperty - Property violated: '(false R (!((letter == "I") && (true U (letter == "D"))) || (((letter == "E") && (!X (!(letter == "D") U (letter == "B")) || X (!(letter == "D") U ((letter == "B") && (true U (letter == "W")))))) U (letter == "D"))))'
40869 [main] INFO de.learnlib.api.logging.LoggingBlackBoxProperty - Counter example for property: OmegaQuery[ε|D D I O L C I F F D N N N N N N N N N N N N N N N N N N N N N N N N N N N N N N N N N N N N N N N / X X S S X X Z S S X X X X X X X X X X X X X X X X X X X X X X X X X X X X X X X X X X X X X X X X, [10, 11, 12, 13, 14, 15, 16, 17, 18, 19, 20, 21, 22, 23, 24, 25, 26, 27, 28, 29, 30, 31, 32, 33, 34, 35, 36, 37, 38, 39, 40, 41, 42, 43, 44, 45, 46, 47, 48] - [491620365, 1143954548, 1143954548, 1143954548, 1143954548, 1143954548, 1143954548, 1143954548, 1143954548, 1143954548, 1143954548, 1143954548, 1143954548, 1143954548, 1143954548, 1143954548, 1143954548, 1143954548, 1143954548, 1143954548, 1143954548, 1143954548, 1143954548, 1143954548, 1143954548, 1143954548, 1143954548, 1143954548, 1143954548, 1143954548, 1143954548, 1143954548, 1143954548, 1143954548, 1143954548, 1143954548, 1143954548, 1143954548, 1143954548]]
42374 [main] INFO de.learnlib.api.logging.LoggingBlackBoxProperty - Property violated: '(false R (!((letter == "L") && (true U (letter == "E"))) || ((!(letter == "B") || (!(letter == "E") U ((((letter == "W") && !(letter == "E")) && !(letter == "S")) && X ((!(letter == "E") && !(letter == "S")) U (letter == "Z"))))) U (letter == "E"))))'
42374 [main] INFO de.learnlib.api.logging.LoggingBlackBoxProperty - Counter example for property: OmegaQuery[ε|D D I E L F O B L C J E C C C C C C C C C C C C C C C C C C C C C C C C C C C C C C C C C C C C C C C / X X S R Y S S S X X V T T T T T T T T T T T T T T T T T T T T T T T T T T T T T T T T T T T T T T T T, [12, 13, 14, 15, 16, 17, 18, 19, 20, 21, 22, 23, 24, 25, 26, 27, 28, 29, 30, 31, 32, 33, 34, 35, 36, 37, 38, 39, 40, 41, 42, 43, 44, 45, 46, 47, 48, 49, 50] - [-123491956, -123491956, -123491956, -123491956, -123491956, -123491956, -123491956, -123491956, -123491956, -123491956, -123491956, -123491956, -123491956, -123491956, -123491956, -123491956, -123491956, -123491956, -123491956, -123491956, -123491956, -123491956, -123491956, -123491956, -123491956, -123491956, -123491956, -123491956, -123491956, -123491956, -123491956, -123491956, -123491956, -123491956, -123491956, -123491956, -123491956, -123491956, -123491956]]
42671 [main] INFO nl.utwente.fmt.rers.RERSProperty - possibly false: #33, (false R ((letter == "F") && (!!(letter == "K") || (!(letter == "X") W ((letter == "L") || (letter == "K")))))) (1 times, fixed)
42671 [main] INFO nl.utwente.fmt.rers.RERSProperty - query: Query[ε|D D I E L F E L F E L F / X X S R Y S R Y S R Y S]
42730 [main] INFO nl.utwente.fmt.rers.RERSProperty - possibly false: #33, (false R ((letter == "F") && (!!(letter == "K") || (!(letter == "X") W ((letter == "L") || (letter == "K")))))) (1 times, relative)
42730 [main] INFO nl.utwente.fmt.rers.RERSProperty - query: Query[ε|D D I E L F E L F E L F E L F E L F E L F E L F E L F E L F E L F E L F E L F E L F E L F E L F E L F E L F E L F E L F E L F E L F E L F E L F E L F E L F E L F E L F E L F E L F E L F E L F E L F E L F E L F E L F E L F E L F E L F E L F / X X S R Y S R Y S R Y S R Y S R Y S R Y S R Y S R Y S R Y S R Y S R Y S R Y S R Y S R Y S R Y S R Y S R Y S R Y S R Y S R Y S R Y S R Y S R Y S R Y S R Y S R Y S R Y S R Y S R Y S R Y S R Y S R Y S R Y S R Y S R Y S R Y S R Y S R Y S R Y S]
42892 [main] INFO nl.utwente.fmt.rers.RERSProperty - possibly false: #96, (false R (!((letter == "S") && (true U (letter == "J"))) || ((!(letter == "B") || (!(letter == "J") U (((letter == "R") && !(letter == "J")) && X (!(letter == "J") U (letter == "T"))))) U (letter == "J")))) (1 times, fixed)
42892 [main] INFO nl.utwente.fmt.rers.RERSProperty - query: Query[ε|D D I O B L C J A N J A N J A N J / X X S S S X X V S P V S P V S P V]
42979 [main] INFO nl.utwente.fmt.rers.RERSProperty - possibly false: #96, (false R (!((letter == "S") && (true U (letter == "J"))) || ((!(letter == "B") || (!(letter == "J") U (((letter == "R") && !(letter == "J")) && X (!(letter == "J") U (letter == "T"))))) U (letter == "J")))) (1 times, relative)
42979 [main] INFO nl.utwente.fmt.rers.RERSProperty - query: Query[ε|D D I O B L C J A N J A N J A N J A N J A N J A N J A N J A N J A N J A N J A N J A N J A N J A N J A N J A N J A N J A N J A N J A N J A N J A N J A N J A N J A N J A N J A N J A N J A N J A N J A N J A N J A N J A N J A N J A N J A N J A N J A N J / X X S S S X X V S P V S P V S P V S P V S P V S P V S P V S P V S P V S P V S P V S P V S P V S P V S P V S P V S P V S P V S P V S P V S P V S P V S P V S P V S P V S P V S P V S P V S P V S P V S P V S P V S P V S P V S P V S P V S P V S P V S P V]
43082 [main] INFO de.learnlib.api.logging.LoggingBlackBoxProperty - Property violated: '(!(true U (letter == "F")) || ((!(letter == "A") || (!(letter == "F") U (((letter == "T") && !(letter == "F")) && X (!(letter == "F") U (letter == "U"))))) U (letter == "F")))'
43083 [main] INFO de.learnlib.api.logging.LoggingBlackBoxProperty - Counter example for property: OmegaQuery[ε|D D I O L C J A N L A F J C C C C C C C C C C C C C C C C C C C C C C C C C C C C C C C C C C C C C C C / X X S S X X V S P Z P Z S T T T T T T T T T T T T T T T T T T T T T T T T T T T T T T T T T T T T T T T, [13, 14, 15, 16, 17, 18, 19, 20, 21, 22, 23, 24, 25, 26, 27, 28, 29, 30, 31, 32, 33, 34, 35, 36, 37, 38, 39, 40, 41, 42, 43, 44, 45, 46, 47, 48, 49, 50, 51] - [-1036446059, -1036446059, -1036446059, -1036446059, -1036446059, -1036446059, -1036446059, -1036446059, -1036446059, -1036446059, -1036446059, -1036446059, -1036446059, -1036446059, -1036446059, -1036446059, -1036446059, -1036446059, -1036446059, -1036446059, -1036446059, -1036446059, -1036446059, -1036446059, -1036446059, -1036446059, -1036446059, -1036446059, -1036446059, -1036446059, -1036446059, -1036446059, -1036446059, -1036446059, -1036446059, -1036446059, -1036446059, -1036446059, -1036446059]]
44544 [main] INFO nl.utwente.fmt.rers.RERSProperty - possibly false: #16, (!(true U (letter == "A")) || (((letter == "L") && (!X (!(letter == "A") U (letter == "J")) || X (!(letter == "A") U ((letter == "J") && (true U (letter == "X")))))) U (letter == "A"))) (1 times, fixed)
44545 [main] INFO nl.utwente.fmt.rers.RERSProperty - query: Query[ε|D D I O L C J A N J A N J A N J A / X X S S X X V S P V S P V S P V S]
44631 [main] INFO nl.utwente.fmt.rers.RERSProperty - possibly false: #16, (!(true U (letter == "A")) || (((letter == "L") && (!X (!(letter == "A") U (letter == "J")) || X (!(letter == "A") U ((letter == "J") && (true U (letter == "X")))))) U (letter == "A"))) (1 times, relative)
44631 [main] INFO nl.utwente.fmt.rers.RERSProperty - query: Query[ε|D D I O L C J A N J A N J A N J A N J A N J A N J A N J A N J A N J A N J A N J A N J A N J A N J A N J A N J A N J A N J A N J A N J A N J A N J A N J A N J A N J A N J A N J A N J A N J A N J A N J A N J A N J A N J A N J A N J A N J A N J A N J A / X X S S X X V S P V S P V S P V S P V S P V S P V S P V S P V S P V S P V S P V S P V S P V S P V S P V S P V S P V S P V S P V S P V S P V S P V S P V S P V S P V S P V S P V S P V S P V S P V S P V S P V S P V S P V S P V S P V S P V S P V S P V S]
47035 [main] INFO nl.utwente.fmt.rers.RERSProperty - possibly false: #63, (!(true U (letter == "C")) || (!(((letter == "S") && !(letter == "C")) && X (!(letter == "C") U ((letter == "R") && !(letter == "C")))) U ((letter == "C") || (letter == "F")))) (1 times, fixed)
47035 [main] INFO nl.utwente.fmt.rers.RERSProperty - query: Query[ε|D D I E L F O L C J A N J A N J A N / X X S R Y S S X X V S P V S P V S P]
47111 [main] INFO nl.utwente.fmt.rers.RERSProperty - possibly false: #63, (!(true U (letter == "C")) || (!(((letter == "S") && !(letter == "C")) && X (!(letter == "C") U ((letter == "R") && !(letter == "C")))) U ((letter == "C") || (letter == "F")))) (1 times, relative)
47111 [main] INFO nl.utwente.fmt.rers.RERSProperty - query: Query[ε|D D I E L F O L C J A N J A N J A N J A N J A N J A N J A N J A N J A N J A N J A N J A N J A N J A N J A N J A N J A N J A N J A N J A N J A N J A N J A N J A N J A N J A N J A N J A N J A N J A N J A N J A N J A N J A N J A N J A N J A N J A N J A N / X X S R Y S S X X V S P V S P V S P V S P V S P V S P V S P V S P V S P V S P V S P V S P V S P V S P V S P V S P V S P V S P V S P V S P V S P V S P V S P V S P V S P V S P V S P V S P V S P V S P V S P V S P V S P V S P V S P V S P V S P V S P V S P]
47208 [main] INFO de.learnlib.api.logging.LoggingBlackBoxProperty - Property violated: '(!(true U (letter == "E")) || ((!(letter == "L") || (!(letter == "E") U ((letter == "S") && !(letter == "E")))) U (letter == "E")))'
47209 [main] INFO de.learnlib.api.logging.LoggingBlackBoxProperty - Counter example for property: OmegaQuery[ε|D D I O L C J A N L A F K E E E E E E E E E E E E E E E E E E E E E E E E E E E E E E E E E E E E E E E E / X X S S X X V S P Z P Z T S S S S S S S S S S S S S S S S S S S S S S S S S S S S S S S S S S S S S S S S, [14, 15, 16, 17, 18, 19, 20, 21, 22, 23, 24, 25, 26, 27, 28, 29, 30, 31, 32, 33, 34, 35, 36, 37, 38, 39, 40, 41, 42, 43, 44, 45, 46, 47, 48, 49, 50, 51, 52] - [1573536367, 1573536367, 1573536367, 1573536367, 1573536367, 1573536367, 1573536367, 1573536367, 1573536367, 1573536367, 1573536367, 1573536367, 1573536367, 1573536367, 1573536367, 1573536367, 1573536367, 1573536367, 1573536367, 1573536367, 1573536367, 1573536367, 1573536367, 1573536367, 1573536367, 1573536367, 1573536367, 1573536367, 1573536367, 1573536367, 1573536367, 1573536367, 1573536367, 1573536367, 1573536367, 1573536367, 1573536367, 1573536367, 1573536367]]
48040 [main] INFO de.learnlib.api.logging.LoggingBlackBoxProperty - Property violated: '(false R (!(((letter == "X") && !(letter == "T")) && (true U (letter == "T"))) || ((!(letter == "E") || (!(letter == "T") U ((letter == "Y") && !(letter == "T")))) U (letter == "T"))))'
48040 [main] INFO de.learnlib.api.logging.LoggingBlackBoxProperty - Counter example for property: OmegaQuery[ε|D D I O L C J E C C C C C C C C C C C C C C C C C C C C C C C C C C C C C C C C C C C C C C C / X X S S X X V T T T T T T T T T T T T T T T T T T T T T T T T T T T T T T T T T T T T T T T T, [8, 9, 10, 11, 12, 13, 14, 15, 16, 17, 18, 19, 20, 21, 22, 23, 24, 25, 26, 27, 28, 29, 30, 31, 32, 33, 34, 35, 36, 37, 38, 39, 40, 41, 42, 43, 44, 45, 46] - [-287719745, -287719745, -287719745, -287719745, -287719745, -287719745, -287719745, -287719745, -287719745, -287719745, -287719745, -287719745, -287719745, -287719745, -287719745, -287719745, -287719745, -287719745, -287719745, -287719745, -287719745, -287719745, -287719745, -287719745, -287719745, -287719745, -287719745, -287719745, -287719745, -287719745, -287719745, -287719745, -287719745, -287719745, -287719745, -287719745, -287719745, -287719745, -287719745]]
48738 [main] INFO de.learnlib.api.logging.LoggingBlackBoxProperty - Property violated: '(false R (!((letter == "I") && (true U (letter == "T"))) || ((!(letter == "K") || (!(letter == "T") U ((((letter == "X") && !(letter == "T")) && !(letter == "U")) && X ((!(letter == "T") && !(letter == "U")) U (letter == "Z"))))) U (letter == "T"))))'
48738 [main] INFO de.learnlib.api.logging.LoggingBlackBoxProperty - Counter example for property: OmegaQuery[ε|D D I O L C L A F K C C C C C C C C C C C C C C C C C C C C C C C C C C C C C C C C C C C C C C C / X X S S X X Z P Z T T T T T T T T T T T T T T T T T T T T T T T T T T T T T T T T T T T T T T T T, [10, 11, 12, 13, 14, 15, 16, 17, 18, 19, 20, 21, 22, 23, 24, 25, 26, 27, 28, 29, 30, 31, 32, 33, 34, 35, 36, 37, 38, 39, 40, 41, 42, 43, 44, 45, 46, 47, 48] - [-1318960521, -1318960521, -1318960521, -1318960521, -1318960521, -1318960521, -1318960521, -1318960521, -1318960521, -1318960521, -1318960521, -1318960521, -1318960521, -1318960521, -1318960521, -1318960521, -1318960521, -1318960521, -1318960521, -1318960521, -1318960521, -1318960521, -1318960521, -1318960521, -1318960521, -1318960521, -1318960521, -1318960521, -1318960521, -1318960521, -1318960521, -1318960521, -1318960521, -1318960521, -1318960521, -1318960521, -1318960521, -1318960521, -1318960521]]
49026 [main] INFO de.learnlib.api.logging.LoggingBlackBoxProperty - Property violated: '(false R (!(letter == "J") || (true U (letter == "V"))))'
49026 [main] INFO de.learnlib.api.logging.LoggingBlackBoxProperty - Counter example for property: OmegaQuery[ε|D D I O L C L A F J C C C C C C C C C C C C C C C C C C C C C C C C C C C C C C C C C C C C C C C / X X S S X X Z P Z S T T T T T T T T T T T T T T T T T T T T T T T T T T T T T T T T T T T T T T T, [10, 11, 12, 13, 14, 15, 16, 17, 18, 19, 20, 21, 22, 23, 24, 25, 26, 27, 28, 29, 30, 31, 32, 33, 34, 35, 36, 37, 38, 39, 40, 41, 42, 43, 44, 45, 46, 47, 48] - [2113754598, 2113754598, 2113754598, 2113754598, 2113754598, 2113754598, 2113754598, 2113754598, 2113754598, 2113754598, 2113754598, 2113754598, 2113754598, 2113754598, 2113754598, 2113754598, 2113754598, 2113754598, 2113754598, 2113754598, 2113754598, 2113754598, 2113754598, 2113754598, 2113754598, 2113754598, 2113754598, 2113754598, 2113754598, 2113754598, 2113754598, 2113754598, 2113754598, 2113754598, 2113754598, 2113754598, 2113754598, 2113754598, 2113754598]]
50040 [main] INFO de.learnlib.api.logging.LoggingBlackBoxProperty - Property violated: '(!(true U (letter == "E")) || ((!(letter == "F") || (!(letter == "E") U (((letter == "Y") && !(letter == "E")) && X (!(letter == "E") U (letter == "Q"))))) U (letter == "E")))'
50040 [main] INFO de.learnlib.api.logging.LoggingBlackBoxProperty - Counter example for property: OmegaQuery[ε|D D I O L C L A F J E E E E E E E E E E E E E E E E E E E E E E E E E E E E E E E E E E E E E E E E / X X S S X X Z P Z S S S S S S S S S S S S S S S S S S S S S S S S S S S S S S S S S S S S S S S S S, [11, 12, 13, 14, 15, 16, 17, 18, 19, 20, 21, 22, 23, 24, 25, 26, 27, 28, 29, 30, 31, 32, 33, 34, 35, 36, 37, 38, 39, 40, 41, 42, 43, 44, 45, 46, 47, 48, 49] - [2113754598, 2113754598, 2113754598, 2113754598, 2113754598, 2113754598, 2113754598, 2113754598, 2113754598, 2113754598, 2113754598, 2113754598, 2113754598, 2113754598, 2113754598, 2113754598, 2113754598, 2113754598, 2113754598, 2113754598, 2113754598, 2113754598, 2113754598, 2113754598, 2113754598, 2113754598, 2113754598, 2113754598, 2113754598, 2113754598, 2113754598, 2113754598, 2113754598, 2113754598, 2113754598, 2113754598, 2113754598, 2113754598, 2113754598]]
50398 [main] INFO nl.utwente.fmt.rers.RERSProperty - possibly false: #53, (false R (!((letter == "D") && (true U (letter == "J"))) || (((letter == "A") && (!X (!(letter == "J") U (letter == "I")) || X (!(letter == "J") U ((letter == "I") && (true U (letter == "W")))))) U (letter == "J")))) (1 times, fixed)
50398 [main] INFO nl.utwente.fmt.rers.RERSProperty - query: Query[ε|D D I O L C J A N J A N J A N J / X X S S X X V S P V S P V S P V]
50490 [main] INFO nl.utwente.fmt.rers.RERSProperty - possibly false: #53, (false R (!((letter == "D") && (true U (letter == "J"))) || (((letter == "A") && (!X (!(letter == "J") U (letter == "I")) || X (!(letter == "J") U ((letter == "I") && (true U (letter == "W")))))) U (letter == "J")))) (1 times, relative)
50490 [main] INFO nl.utwente.fmt.rers.RERSProperty - query: Query[ε|D D I O L C J A N J A N J A N J A N J A N J A N J A N J A N J A N J A N J A N J A N J A N J A N J A N J A N J A N J A N J A N J A N J A N J A N J A N J A N J A N J A N J A N J A N J A N J A N J A N J A N J A N J A N J A N J A N J A N J A N J A N J / X X S S X X V S P V S P V S P V S P V S P V S P V S P V S P V S P V S P V S P V S P V S P V S P V S P V S P V S P V S P V S P V S P V S P V S P V S P V S P V S P V S P V S P V S P V S P V S P V S P V S P V S P V S P V S P V S P V S P V S P V S P V]
50821 [main] INFO nl.utwente.fmt.rers.RERSProperty - possibly false: #40, (false R (!(letter == "V") || (((letter == "J") && (!X (!(letter == "H") U (letter == "A")) || X (!(letter == "H") U ((letter == "A") && (true U (letter == "P")))))) U ((letter == "H") || (false R ((letter == "J") && (!X (!(letter == "H") U (letter == "A")) || X (!(letter == "H") U ((letter == "A") && (true U (letter == "P"))))))))))) (1 times, fixed)
50821 [main] INFO nl.utwente.fmt.rers.RERSProperty - query: Query[ε|D D I O L C J A N J A N J A N J / X X S S X X V S P V S P V S P V]
50909 [main] INFO nl.utwente.fmt.rers.RERSProperty - possibly false: #40, (false R (!(letter == "V") || (((letter == "J") && (!X (!(letter == "H") U (letter == "A")) || X (!(letter == "H") U ((letter == "A") && (true U (letter == "P")))))) U ((letter == "H") || (false R ((letter == "J") && (!X (!(letter == "H") U (letter == "A")) || X (!(letter == "H") U ((letter == "A") && (true U (letter == "P"))))))))))) (1 times, relative)
50909 [main] INFO nl.utwente.fmt.rers.RERSProperty - query: Query[ε|D D I O L C J A N J A N J A N J A N J A N J A N J A N J A N J A N J A N J A N J A N J A N J A N J A N J A N J A N J A N J A N J A N J A N J A N J A N J A N J A N J A N J A N J A N J A N J A N J A N J A N J A N J A N J A N J A N J A N J A N J A N J / X X S S X X V S P V S P V S P V S P V S P V S P V S P V S P V S P V S P V S P V S P V S P V S P V S P V S P V S P V S P V S P V S P V S P V S P V S P V S P V S P V S P V S P V S P V S P V S P V S P V S P V S P V S P V S P V S P V S P V S P V S P V]
52341 [main] INFO nl.utwente.fmt.rers.RERSProperty - possibly false: #77, (false R (!(letter == "Y") || (false R (!(letter == "F") || (true U (letter == "Q")))))) (1 times, fixed)
52341 [main] INFO nl.utwente.fmt.rers.RERSProperty - query: Query[ε|D D I E L F E L F E L F E L F / X X S R Y S R Y S R Y S R Y S]
52412 [main] INFO nl.utwente.fmt.rers.RERSProperty - possibly false: #77, (false R (!(letter == "Y") || (false R (!(letter == "F") || (true U (letter == "Q")))))) (1 times, relative)
52412 [main] INFO nl.utwente.fmt.rers.RERSProperty - query: Query[ε|D D I E L F E L F E L F E L F E L F E L F E L F E L F E L F E L F E L F E L F E L F E L F E L F E L F E L F E L F E L F E L F E L F E L F E L F E L F E L F E L F E L F E L F E L F E L F E L F E L F E L F E L F E L F E L F E L F E L F E L F E L F / X X S R Y S R Y S R Y S R Y S R Y S R Y S R Y S R Y S R Y S R Y S R Y S R Y S R Y S R Y S R Y S R Y S R Y S R Y S R Y S R Y S R Y S R Y S R Y S R Y S R Y S R Y S R Y S R Y S R Y S R Y S R Y S R Y S R Y S R Y S R Y S R Y S R Y S R Y S R Y S R Y S]
52562 [main] INFO de.learnlib.api.logging.LoggingBlackBoxProperty - Property violated: '(!(true U (letter == "G")) || ((!(letter == "A") || (!(letter == "G") U (((letter == "R") && !(letter == "G")) && X (!(letter == "G") U (letter == "S"))))) U (letter == "G")))'
52562 [main] INFO de.learnlib.api.logging.LoggingBlackBoxProperty - Counter example for property: OmegaQuery[ε|D D I O L C J A N I F F D A F A F L G N L N N N N N N N N N N N N N N N N N N N N N N N N N N N N N N N N N N N N N N N / X X S S X X V S P Z S S X T S S R X V V P X X X X X X X X X X X X X X X X X X X X X X X X X X X X X X X X X X X X X X X, [21, 22, 23, 24, 25, 26, 27, 28, 29, 30, 31, 32, 33, 34, 35, 36, 37, 38, 39, 40, 41, 42, 43, 44, 45, 46, 47, 48, 49, 50, 51, 52, 53, 54, 55, 56, 57, 58, 59] - [1609870690, 741529113, 741529113, 741529113, 741529113, 741529113, 741529113, 741529113, 741529113, 741529113, 741529113, 741529113, 741529113, 741529113, 741529113, 741529113, 741529113, 741529113, 741529113, 741529113, 741529113, 741529113, 741529113, 741529113, 741529113, 741529113, 741529113, 741529113, 741529113, 741529113, 741529113, 741529113, 741529113, 741529113, 741529113, 741529113, 741529113, 741529113, 741529113]]
54337 [main] INFO nl.utwente.fmt.rers.RERSProperty - possibly false: #22, (false R ((letter == "R") && (!!(letter == "O") || (!(letter == "Q") W ((letter == "N") || (letter == "O")))))) (1 times, fixed)
54337 [main] INFO nl.utwente.fmt.rers.RERSProperty - query: Query[ε|D D I E L F E L F E L F / X X S R Y S R Y S R Y S]
54398 [main] INFO nl.utwente.fmt.rers.RERSProperty - possibly false: #22, (false R ((letter == "R") && (!!(letter == "O") || (!(letter == "Q") W ((letter == "N") || (letter == "O")))))) (1 times, relative)
54398 [main] INFO nl.utwente.fmt.rers.RERSProperty - query: Query[ε|D D I E L F E L F E L F E L F E L F E L F E L F E L F E L F E L F E L F E L F E L F E L F E L F E L F E L F E L F E L F E L F E L F E L F E L F E L F E L F E L F E L F E L F E L F E L F E L F E L F E L F E L F E L F E L F E L F E L F E L F / X X S R Y S R Y S R Y S R Y S R Y S R Y S R Y S R Y S R Y S R Y S R Y S R Y S R Y S R Y S R Y S R Y S R Y S R Y S R Y S R Y S R Y S R Y S R Y S R Y S R Y S R Y S R Y S R Y S R Y S R Y S R Y S R Y S R Y S R Y S R Y S R Y S R Y S R Y S R Y S]
55857 [main] INFO de.learnlib.api.logging.LoggingBlackBoxProperty - Property violated: '(false R (!(letter == "B") || (false R (!(letter == "O") || (true U (letter == "S"))))))'
55858 [main] INFO de.learnlib.api.logging.LoggingBlackBoxProperty - Counter example for property: OmegaQuery[ε|D D I O B L C J E O O O O O O O O O O O O O O O O O O O O O O O O O O O O O O O O O O O O O O O O / X X S S S X X V T V V V V V V V V V V V V V V V V V V V V V V V V V V V V V V V V V V V V V V V V, [10, 11, 12, 13, 14, 15, 16, 17, 18, 19, 20, 21, 22, 23, 24, 25, 26, 27, 28, 29, 30, 31, 32, 33, 34, 35, 36, 37, 38, 39, 40, 41, 42, 43, 44, 45, 46, 47, 48] - [-287719745, -287719745, -287719745, -287719745, -287719745, -287719745, -287719745, -287719745, -287719745, -287719745, -287719745, -287719745, -287719745, -287719745, -287719745, -287719745, -287719745, -287719745, -287719745, -287719745, -287719745, -287719745, -287719745, -287719745, -287719745, -287719745, -287719745, -287719745, -287719745, -287719745, -287719745, -287719745, -287719745, -287719745, -287719745, -287719745, -287719745, -287719745, -287719745]]
56665 [main] INFO de.learnlib.util.Experiment - Searching for counterexample
slurmstepd-ctit065: error: *** STEP 35950.0 ON ctit065 CANCELLED AT 2017-11-30T12:13:38 DUE TO TIME LIMIT ***
