15 [main] INFO nl.utwente.fmt.rers.Main - multiplier is: 1.0
15 [main] INFO nl.utwente.fmt.rers.Main - minimum unfolds is : 3
1779 [main] INFO nl.utwente.fmt.rers.RERSExperiment - Parsed formula #1: (false R (!((letter == "L") && (true U (letter == "M"))) || (!(((letter == "W") && !(letter == "M")) && X (!(letter == "M") U ((letter == "X") && !(letter == "M")))) U ((letter == "M") || (letter == "Y")))))
1780 [main] INFO nl.utwente.fmt.rers.RERSExperiment - Parsed formula #2: (false R (!(((letter == "E") && !(letter == "C")) && (true U (letter == "C"))) || (!(letter == "Z") U ((letter == "P") || (letter == "C")))))
1781 [main] INFO nl.utwente.fmt.rers.RERSExperiment - Parsed formula #3: (false R (!(letter == "O") || (false R (!(letter == "E") || (true U (letter == "Z"))))))
1782 [main] INFO nl.utwente.fmt.rers.RERSExperiment - Parsed formula #4: (false R (!(letter == "O") || (true U (((letter == "W") && !(letter == "Z")) && X (!(letter == "Z") U (letter == "X"))))))
1783 [main] INFO nl.utwente.fmt.rers.RERSExperiment - Parsed formula #5: (false R ((letter == "T") && (!!(letter == "X") || ((!(letter == "D") || (!(letter == "X") U ((letter == "U") && !(letter == "X")))) W (letter == "X")))))
1784 [main] INFO nl.utwente.fmt.rers.RERSExperiment - Parsed formula #6: (!(true U (letter == "D")) || (!(((letter == "Y") && !(letter == "D")) && X (!(letter == "D") U ((letter == "V") && !(letter == "D")))) U ((letter == "D") || (letter == "X"))))
1786 [main] INFO nl.utwente.fmt.rers.RERSExperiment - Parsed formula #7: (false R (!(letter == "N") || ((!(((letter == "X") && !(letter == "Z")) && X (!(letter == "Z") U ((letter == "U") && !(letter == "Z")))) U ((letter == "Z") || (letter == "B"))) || (false R !((letter == "X") && X (true U (letter == "U")))))))
1787 [main] INFO nl.utwente.fmt.rers.RERSExperiment - Parsed formula #8: (!(true U (letter == "X")) || (!(letter == "X") U (((letter == "G") && !(letter == "X")) && X (!(letter == "X") U (letter == "R")))))
1788 [main] INFO nl.utwente.fmt.rers.RERSExperiment - Parsed formula #9: (!(true U (letter == "R")) || ((!(letter == "H") || (!(letter == "R") U ((((letter == "U") && !(letter == "R")) && !(letter == "V")) && X ((!(letter == "R") && !(letter == "V")) U (letter == "Y"))))) U (letter == "R")))
1794 [main] INFO nl.utwente.fmt.rers.RERSExperiment - Parsed formula #10: (false R (!(letter == "J") || ((!(letter == "Q") || (!(letter == "I") U ((((letter == "X") && !(letter == "I")) && !(letter == "Z")) && X ((!(letter == "I") && !(letter == "Z")) U (letter == "V"))))) U ((letter == "I") || (false R (!(letter == "Q") || (((letter == "X") && !(letter == "Z")) && X (!(letter == "Z") U (letter == "V")))))))))
1795 [main] INFO nl.utwente.fmt.rers.RERSExperiment - Parsed formula #11: (!(true U (letter == "P")) || (!(letter == "X") U ((letter == "P") || (((letter == "M") && !(letter == "X")) && X (!(letter == "X") U (letter == "D"))))))
1795 [main] INFO nl.utwente.fmt.rers.RERSExperiment - Parsed formula #12: (!(true U (letter == "Z")) || ((!(letter == "L") || (!(letter == "Z") U (((letter == "W") && !(letter == "Z")) && X (!(letter == "Z") U (letter == "Y"))))) U (letter == "Z")))
1796 [main] INFO nl.utwente.fmt.rers.RERSExperiment - Parsed formula #13: (false R (!(letter == "S") || (false R (!(letter == "C") || (true U (letter == "Z"))))))
1797 [main] INFO nl.utwente.fmt.rers.RERSExperiment - Parsed formula #14: (false R (!((letter == "S") && (true U (letter == "R"))) || (!(((letter == "U") && !(letter == "R")) && X (!(letter == "R") U ((letter == "X") && !(letter == "R")))) U ((letter == "R") || (letter == "D")))))
1798 [main] INFO nl.utwente.fmt.rers.RERSExperiment - Parsed formula #15: (false R (!((letter == "T") && (true U (letter == "B"))) || (!(((letter == "W") && !(letter == "B")) && X (!(letter == "B") U ((letter == "V") && !(letter == "B")))) U ((letter == "B") || (letter == "K")))))
1798 [main] INFO nl.utwente.fmt.rers.RERSExperiment - Parsed formula #16: (false R (!(letter == "D") || (true U (letter == "V"))))
1799 [main] INFO nl.utwente.fmt.rers.RERSExperiment - Parsed formula #17: (false R ((letter == "N") && (!!(letter == "O") || ((!(letter == "T") || (!(letter == "O") U ((letter == "U") && !(letter == "O")))) W (letter == "O")))))
1799 [main] INFO nl.utwente.fmt.rers.RERSExperiment - Parsed formula #18: (false R ((letter == "R") && (!!(letter == "U") || ((!(letter == "D") || (!(letter == "U") U ((letter == "X") && !(letter == "U")))) W (letter == "U")))))
1800 [main] INFO nl.utwente.fmt.rers.RERSExperiment - Parsed formula #19: (false R (!((letter == "W") && (true U (letter == "S"))) || (!(((letter == "U") && !(letter == "S")) && X (!(letter == "S") U ((letter == "Y") && !(letter == "S")))) U ((letter == "S") || (letter == "Q")))))
1801 [main] INFO nl.utwente.fmt.rers.RERSExperiment - Parsed formula #20: (false R (!(letter == "J") || (false R (!(letter == "M") || (((letter == "X") && !(letter == "V")) && X (!(letter == "V") U (letter == "W")))))))
1801 [main] INFO nl.utwente.fmt.rers.RERSExperiment - Parsed formula #21: (!(true U (letter == "Y")) || (!(letter == "U") U ((letter == "Y") || (((letter == "W") && !(letter == "U")) && X (!(letter == "U") U (letter == "X"))))))
1802 [main] INFO nl.utwente.fmt.rers.RERSExperiment - Parsed formula #22: (false R (!(letter == "F") || ((!(letter == "H") || (!(letter == "G") U (((letter == "V") && !(letter == "G")) && X (!(letter == "G") U (letter == "Y"))))) U ((letter == "G") || (false R (!(letter == "H") || ((letter == "V") && X (true U (letter == "Y")))))))))
1802 [main] INFO nl.utwente.fmt.rers.RERSExperiment - Parsed formula #23: (false R ((letter == "O") && (!X (true U (letter == "E")) || X (true U ((letter == "E") && (true U (letter == "W")))))))
1803 [main] INFO nl.utwente.fmt.rers.RERSExperiment - Parsed formula #24: ((false R !(letter == "N")) || (true U ((letter == "N") && (!(letter == "V") W (letter == "P")))))
1803 [main] INFO nl.utwente.fmt.rers.RERSExperiment - Parsed formula #25: (false R (!((letter == "C") && (true U (letter == "H"))) || ((!(letter == "I") || (!(letter == "H") U (((letter == "W") && !(letter == "H")) && X (!(letter == "H") U (letter == "Y"))))) U (letter == "H"))))
1804 [main] INFO nl.utwente.fmt.rers.RERSExperiment - Parsed formula #26: (false R (!((letter == "H") && (true U (letter == "Y"))) || ((!(letter == "M") || (!(letter == "Y") U (((letter == "Z") && !(letter == "Y")) && X (!(letter == "Y") U (letter == "X"))))) U (letter == "Y"))))
1804 [main] INFO nl.utwente.fmt.rers.RERSExperiment - Parsed formula #27: ((false R !(letter == "L")) || (!(letter == "L") U ((letter == "L") && (!(true U ((letter == "V") && X (true U (letter == "W")))) || (!(letter == "V") U (letter == "B"))))))
1805 [main] INFO nl.utwente.fmt.rers.RERSExperiment - Parsed formula #28: (false R (!((letter == "X") && (true U (letter == "F"))) || (((letter == "L") && (!X (!(letter == "F") U (letter == "P")) || X (!(letter == "F") U ((letter == "P") && (true U (letter == "Y")))))) U (letter == "F"))))
1805 [main] INFO nl.utwente.fmt.rers.RERSExperiment - Parsed formula #29: (false R (!(((letter == "D") && !(letter == "F")) && (true U (letter == "F"))) || ((!(letter == "K") || (!(letter == "F") U ((letter == "V") && !(letter == "F")))) U (letter == "F"))))
1806 [main] INFO nl.utwente.fmt.rers.RERSExperiment - Parsed formula #30: (false R (!(((letter == "C") && !(letter == "U")) && (true U (letter == "U"))) || ((!(letter == "R") || (!(letter == "U") U ((letter == "W") && !(letter == "U")))) U (letter == "U"))))
1806 [main] INFO nl.utwente.fmt.rers.RERSExperiment - Parsed formula #31: (!(true U ((letter == "Y") && X (true U (letter == "W")))) || (!(letter == "Y") U (letter == "X")))
1807 [main] INFO nl.utwente.fmt.rers.RERSExperiment - Parsed formula #32: (false R (!(letter == "M") || (true U ((letter == "Y") && X (true U (letter == "W"))))))
1807 [main] INFO nl.utwente.fmt.rers.RERSExperiment - Parsed formula #33: (!(true U (letter == "K")) || ((!(letter == "I") || (!(letter == "K") U (((letter == "X") && !(letter == "K")) && X (!(letter == "K") U (letter == "V"))))) U (letter == "K")))
1808 [main] INFO nl.utwente.fmt.rers.RERSExperiment - Parsed formula #34: (false R (!(letter == "R") || (true U (((letter == "X") && !(letter == "W")) && X (!(letter == "W") U (letter == "V"))))))
1809 [main] INFO nl.utwente.fmt.rers.RERSExperiment - Parsed formula #35: (!(true U (letter == "W")) || (!(letter == "X") U ((letter == "G") || (letter == "W"))))
1809 [main] INFO nl.utwente.fmt.rers.RERSExperiment - Parsed formula #36: ((false R !(letter == "H")) || (!(letter == "H") U ((letter == "H") && (!(true U (letter == "W")) || (!(letter == "W") U (((letter == "F") && !(letter == "W")) && X (!(letter == "W") U (letter == "Z"))))))))
1810 [main] INFO nl.utwente.fmt.rers.RERSExperiment - Parsed formula #37: (false R (!(letter == "S") || (true U (letter == "U"))))
1810 [main] INFO nl.utwente.fmt.rers.RERSExperiment - Parsed formula #38: ((false R !(letter == "V")) || (!(letter == "V") U ((letter == "V") && (!(true U ((letter == "Z") && X (true U (letter == "U")))) || (!(letter == "Z") U (letter == "W"))))))
1811 [main] INFO nl.utwente.fmt.rers.RERSExperiment - Parsed formula #39: (!(true U (letter == "U")) || (((letter == "A") && (!X (!(letter == "U") U (letter == "D")) || X (!(letter == "U") U ((letter == "D") && (true U (letter == "W")))))) U (letter == "U")))
1811 [main] INFO nl.utwente.fmt.rers.RERSExperiment - Parsed formula #40: (false R (!(letter == "C") || ((!(((letter == "W") && !(letter == "I")) && X (!(letter == "I") U ((letter == "V") && !(letter == "I")))) U ((letter == "I") || (letter == "S"))) || (false R !((letter == "W") && X (true U (letter == "V")))))))
1811 [main] INFO nl.utwente.fmt.rers.RERSExperiment - Parsed formula #41: (false R (!(letter == "H") || (false R (!(letter == "P") || (((letter == "U") && !(letter == "V")) && X (!(letter == "V") U (letter == "Z")))))))
1812 [main] INFO nl.utwente.fmt.rers.RERSExperiment - Parsed formula #42: ((false R !(letter == "Z")) || (true U ((letter == "Z") && (!(letter == "Y") W (letter == "G")))))
1812 [main] INFO nl.utwente.fmt.rers.RERSExperiment - Parsed formula #43: (false R (!(letter == "P") || ((!(((letter == "W") && !(letter == "E")) && X (!(letter == "E") U ((letter == "U") && !(letter == "E")))) U ((letter == "E") || (letter == "X"))) || (false R !((letter == "W") && X (true U (letter == "U")))))))
1813 [main] INFO nl.utwente.fmt.rers.RERSExperiment - Parsed formula #44: (!(true U (letter == "U")) || (((letter == "I") && (!X (!(letter == "U") U (letter == "E")) || X (!(letter == "U") U ((letter == "E") && (true U (letter == "V")))))) U (letter == "U")))
1813 [main] INFO nl.utwente.fmt.rers.RERSExperiment - Parsed formula #45: (false R (!((letter == "R") && (true U (letter == "U"))) || ((!(letter == "L") || (!(letter == "U") U ((((letter == "W") && !(letter == "U")) && !(letter == "Z")) && X ((!(letter == "U") && !(letter == "Z")) U (letter == "X"))))) U (letter == "U"))))
1813 [main] INFO nl.utwente.fmt.rers.RERSExperiment - Parsed formula #46: (false R (!(((letter == "W") && !(letter == "N")) && (true U (letter == "N"))) || ((!(letter == "S") || (!(letter == "N") U ((letter == "V") && !(letter == "N")))) U (letter == "N"))))
1814 [main] INFO nl.utwente.fmt.rers.RERSExperiment - Parsed formula #47: ((false R !(letter == "F")) || (!(letter == "F") U ((letter == "F") && (!(true U (letter == "Y")) || (!(letter == "Y") U (((letter == "K") && !(letter == "Y")) && X (!(letter == "Y") U (letter == "N"))))))))
1814 [main] INFO nl.utwente.fmt.rers.RERSExperiment - Parsed formula #48: (!(true U (letter == "S")) || (!(((letter == "Y") && !(letter == "S")) && X (!(letter == "S") U ((letter == "V") && !(letter == "S")))) U ((letter == "S") || (letter == "Q"))))
1815 [main] INFO nl.utwente.fmt.rers.RERSExperiment - Parsed formula #49: (false R (!(letter == "S") || (!(true U (letter == "W")) || (!(letter == "W") U ((letter == "O") || (((letter == "J") && !(letter == "W")) && X (!(letter == "W") U (letter == "X"))))))))
1815 [main] INFO nl.utwente.fmt.rers.RERSExperiment - Parsed formula #50: (false R (!((letter == "H") && (true U (letter == "W"))) || (((letter == "J") && (!X (!(letter == "W") U (letter == "S")) || X (!(letter == "W") U ((letter == "S") && (true U (letter == "Z")))))) U (letter == "W"))))
1815 [main] INFO nl.utwente.fmt.rers.RERSExperiment - Parsed formula #51: (!(letter == "U") W (letter == "K"))
1816 [main] INFO nl.utwente.fmt.rers.RERSExperiment - Parsed formula #52: (false R (!(((letter == "E") && !(letter == "K")) && (true U (letter == "K"))) || (!(letter == "U") U ((letter == "M") || (letter == "K")))))
1816 [main] INFO nl.utwente.fmt.rers.RERSExperiment - Parsed formula #53: (false R (!(letter == "H") || (false R (!(letter == "M") || ((letter == "Y") && X (true U (letter == "Z")))))))
1817 [main] INFO nl.utwente.fmt.rers.RERSExperiment - Parsed formula #54: (false R (!(letter == "M") || ((!(letter == "I") || (!(letter == "A") U ((((letter == "W") && !(letter == "A")) && !(letter == "V")) && X ((!(letter == "A") && !(letter == "V")) U (letter == "U"))))) U ((letter == "A") || (false R (!(letter == "I") || (((letter == "W") && !(letter == "V")) && X (!(letter == "V") U (letter == "U")))))))))
1817 [main] INFO nl.utwente.fmt.rers.RERSExperiment - Parsed formula #55: (false R (!(((letter == "S") && !(letter == "M")) && (true U (letter == "M"))) || (!(letter == "Z") U ((letter == "U") || (letter == "M")))))
1818 [main] INFO nl.utwente.fmt.rers.RERSExperiment - Parsed formula #56: (false R (!(letter == "M") || (!(true U (letter == "Y")) || (!(letter == "Y") U ((letter == "R") || (((letter == "V") && !(letter == "Y")) && X (!(letter == "Y") U (letter == "I"))))))))
1818 [main] INFO nl.utwente.fmt.rers.RERSExperiment - Parsed formula #57: ((false R !(letter == "K")) || (!(letter == "K") U ((letter == "K") && (!(true U (letter == "U")) || (!(letter == "U") U (((letter == "X") && !(letter == "U")) && X (!(letter == "U") U (letter == "Z"))))))))
1818 [main] INFO nl.utwente.fmt.rers.RERSExperiment - Parsed formula #58: (!(true U (letter == "W")) || ((!(letter == "F") || (!(letter == "W") U (((letter == "V") && !(letter == "W")) && X (!(letter == "W") U (letter == "Y"))))) U (letter == "W")))
1819 [main] INFO nl.utwente.fmt.rers.RERSExperiment - Parsed formula #59: (!(true U (letter == "W")) || (!(letter == "Y") U ((letter == "W") || (((letter == "C") && !(letter == "Y")) && X (!(letter == "Y") U (letter == "D"))))))
1819 [main] INFO nl.utwente.fmt.rers.RERSExperiment - Parsed formula #60: (!(true U (letter == "H")) || ((!(letter == "G") || (!(letter == "H") U ((letter == "U") && !(letter == "H")))) U (letter == "H")))
1819 [main] INFO nl.utwente.fmt.rers.RERSExperiment - Parsed formula #61: ((false R !(letter == "T")) || (true U ((letter == "T") && (!(letter == "Z") W (letter == "S")))))
1820 [main] INFO nl.utwente.fmt.rers.RERSExperiment - Parsed formula #62: (false R ((letter == "T") && (!!(letter == "K") || (!(letter == "Z") W ((letter == "N") || (letter == "K"))))))
1820 [main] INFO nl.utwente.fmt.rers.RERSExperiment - Parsed formula #63: (false R (!(letter == "T") || ((!(((letter == "V") && !(letter == "J")) && X (!(letter == "J") U ((letter == "X") && !(letter == "J")))) U ((letter == "J") || (letter == "G"))) || (false R !((letter == "V") && X (true U (letter == "X")))))))
1820 [main] INFO nl.utwente.fmt.rers.RERSExperiment - Parsed formula #64: (!(true U ((letter == "Z") && X (true U (letter == "U")))) || (!(letter == "Z") U (letter == "Q")))
1821 [main] INFO nl.utwente.fmt.rers.RERSExperiment - Parsed formula #65: (!(true U (letter == "H")) || ((!(letter == "P") || (!(letter == "H") U (((letter == "W") && !(letter == "H")) && X (!(letter == "H") U (letter == "Y"))))) U (letter == "H")))
1821 [main] INFO nl.utwente.fmt.rers.RERSExperiment - Parsed formula #66: (false R (!((letter == "F") && (true U (letter == "B"))) || ((!(letter == "M") || (!(letter == "B") U (((letter == "X") && !(letter == "B")) && X (!(letter == "B") U (letter == "U"))))) U (letter == "B"))))
1822 [main] INFO nl.utwente.fmt.rers.RERSExperiment - Parsed formula #67: (false R (!(letter == "N") || (false R (!(letter == "A") || (((letter == "Z") && !(letter == "U")) && X (!(letter == "U") U (letter == "V")))))))
1822 [main] INFO nl.utwente.fmt.rers.RERSExperiment - Parsed formula #68: (false R (!(letter == "T") || ((!(letter == "N") || (!(letter == "M") U ((((letter == "Z") && !(letter == "M")) && !(letter == "U")) && X ((!(letter == "M") && !(letter == "U")) U (letter == "X"))))) U ((letter == "M") || (false R (!(letter == "N") || (((letter == "Z") && !(letter == "U")) && X (!(letter == "U") U (letter == "X")))))))))
1822 [main] INFO nl.utwente.fmt.rers.RERSExperiment - Parsed formula #69: (false R ((letter == "T") && (!!(letter == "V") || ((!(letter == "I") || (!(letter == "V") U ((letter == "X") && !(letter == "V")))) W (letter == "V")))))
1823 [main] INFO nl.utwente.fmt.rers.RERSExperiment - Parsed formula #70: (!(true U (letter == "S")) || (!(((letter == "V") && !(letter == "S")) && X (!(letter == "S") U ((letter == "Z") && !(letter == "S")))) U ((letter == "S") || (letter == "F"))))
1823 [main] INFO nl.utwente.fmt.rers.RERSExperiment - Parsed formula #71: (!(letter == "V") W (letter == "C"))
1823 [main] INFO nl.utwente.fmt.rers.RERSExperiment - Parsed formula #72: (false R (!(((letter == "D") && !(letter == "G")) && (true U (letter == "G"))) || ((!(letter == "E") || (!(letter == "G") U ((letter == "W") && !(letter == "G")))) U (letter == "G"))))
1824 [main] INFO nl.utwente.fmt.rers.RERSExperiment - Parsed formula #73: (false R (!(letter == "F") || ((!(letter == "O") || (!(letter == "R") U (((letter == "Z") && !(letter == "R")) && X (!(letter == "R") U (letter == "Y"))))) U ((letter == "R") || (false R (!(letter == "O") || ((letter == "Z") && X (true U (letter == "Y")))))))))
1824 [main] INFO nl.utwente.fmt.rers.RERSExperiment - Parsed formula #74: (false R (!((letter == "V") && (true U (letter == "P"))) || ((!(letter == "O") || (!(letter == "P") U ((((letter == "Y") && !(letter == "P")) && !(letter == "W")) && X ((!(letter == "P") && !(letter == "W")) U (letter == "U"))))) U (letter == "P"))))
1824 [main] INFO nl.utwente.fmt.rers.RERSExperiment - Parsed formula #75: (false R (!(letter == "B") || (false R ((letter == "M") && (!X (true U (letter == "D")) || X (!(letter == "D") U ((letter == "D") && (true U (letter == "Z")))))))))
1825 [main] INFO nl.utwente.fmt.rers.RERSExperiment - Parsed formula #76: (!(true U (letter == "U")) || ((!(letter == "T") || (!(letter == "U") U (((letter == "V") && !(letter == "U")) && X (!(letter == "U") U (letter == "X"))))) U (letter == "U")))
1825 [main] INFO nl.utwente.fmt.rers.RERSExperiment - Parsed formula #77: (false R (!(letter == "N") || ((!(((letter == "Z") && !(letter == "J")) && X (!(letter == "J") U ((letter == "U") && !(letter == "J")))) U ((letter == "J") || (letter == "D"))) || (false R !((letter == "Z") && X (true U (letter == "U")))))))
1825 [main] INFO nl.utwente.fmt.rers.RERSExperiment - Parsed formula #78: (!(true U (letter == "T")) || (!(letter == "U") U ((letter == "A") || (letter == "T"))))
1826 [main] INFO nl.utwente.fmt.rers.RERSExperiment - Parsed formula #79: (false R (!(letter == "J") || (false R (!(letter == "H") || (true U (letter == "W"))))))
1826 [main] INFO nl.utwente.fmt.rers.RERSExperiment - Parsed formula #80: (!(true U (letter == "R")) || ((!(letter == "H") || (!(letter == "R") U (((letter == "X") && !(letter == "R")) && X (!(letter == "R") U (letter == "W"))))) U (letter == "R")))
1826 [main] INFO nl.utwente.fmt.rers.RERSExperiment - Parsed formula #81: (false R (!(letter == "L") || ((!(((letter == "Z") && !(letter == "H")) && X (!(letter == "H") U ((letter == "U") && !(letter == "H")))) U ((letter == "H") || (letter == "M"))) || (false R !((letter == "Z") && X (true U (letter == "U")))))))
1827 [main] INFO nl.utwente.fmt.rers.RERSExperiment - Parsed formula #82: (false R (!((letter == "W") && (true U (letter == "B"))) || (!(((letter == "V") && !(letter == "B")) && X (!(letter == "B") U ((letter == "Y") && !(letter == "B")))) U ((letter == "B") || (letter == "R")))))
1827 [main] INFO nl.utwente.fmt.rers.RERSExperiment - Parsed formula #83: (false R (!((letter == "U") && (true U (letter == "F"))) || (((letter == "H") && (!X (!(letter == "F") U (letter == "A")) || X (!(letter == "F") U ((letter == "A") && (true U (letter == "V")))))) U (letter == "F"))))
1827 [main] INFO nl.utwente.fmt.rers.RERSExperiment - Parsed formula #84: (false R (!(letter == "H") || (true U (letter == "V"))))
1828 [main] INFO nl.utwente.fmt.rers.RERSExperiment - Parsed formula #85: (false R (!(letter == "S") || (false R (!(letter == "L") || ((letter == "Y") && X (true U (letter == "V")))))))
1828 [main] INFO nl.utwente.fmt.rers.RERSExperiment - Parsed formula #86: (!(true U (letter == "J")) || ((!(letter == "G") || (!(letter == "J") U ((letter == "Y") && !(letter == "J")))) U (letter == "J")))
1828 [main] INFO nl.utwente.fmt.rers.RERSExperiment - Parsed formula #87: (false R (!((letter == "G") && (true U (letter == "L"))) || (((letter == "A") && (!X (!(letter == "L") U (letter == "J")) || X (!(letter == "L") U ((letter == "J") && (true U (letter == "U")))))) U (letter == "L"))))
1829 [main] INFO nl.utwente.fmt.rers.RERSExperiment - Parsed formula #88: (false R (!((letter == "T") && (true U (letter == "U"))) || (!(((letter == "V") && !(letter == "U")) && X (!(letter == "U") U ((letter == "W") && !(letter == "U")))) U ((letter == "U") || (letter == "B")))))
1829 [main] INFO nl.utwente.fmt.rers.RERSExperiment - Parsed formula #89: (false R ((letter == "O") && (!!(letter == "H") || (!(letter == "W") W ((letter == "C") || (letter == "H"))))))
1829 [main] INFO nl.utwente.fmt.rers.RERSExperiment - Parsed formula #90: (false R (!(letter == "U") || (false R (!(letter == "H") || ((letter == "Z") && X (true U (letter == "X")))))))
1830 [main] INFO nl.utwente.fmt.rers.RERSExperiment - Parsed formula #91: (false R (!((letter == "D") && (true U (letter == "H"))) || ((!(letter == "C") || (!(letter == "H") U ((((letter == "U") && !(letter == "H")) && !(letter == "Y")) && X ((!(letter == "H") && !(letter == "Y")) U (letter == "Z"))))) U (letter == "H"))))
1830 [main] INFO nl.utwente.fmt.rers.RERSExperiment - Parsed formula #92: (false R (!(((letter == "G") && !(letter == "H")) && (true U (letter == "H"))) || ((!(letter == "N") || (!(letter == "H") U ((letter == "V") && !(letter == "H")))) U (letter == "H"))))
1831 [main] INFO nl.utwente.fmt.rers.RERSExperiment - Parsed formula #93: (false R (!(letter == "P") || ((!(letter == "B") || (!(letter == "Q") U (((letter == "Y") && !(letter == "Q")) && X (!(letter == "Q") U (letter == "W"))))) U ((letter == "Q") || (false R (!(letter == "B") || ((letter == "Y") && X (true U (letter == "W")))))))))
1831 [main] INFO nl.utwente.fmt.rers.RERSExperiment - Parsed formula #94: (false R (!((letter == "C") && (true U (letter == "U"))) || ((!(letter == "A") || (!(letter == "U") U (((letter == "Z") && !(letter == "U")) && X (!(letter == "U") U (letter == "Y"))))) U (letter == "U"))))
1831 [main] INFO nl.utwente.fmt.rers.RERSExperiment - Parsed formula #95: (false R (!((letter == "O") && (true U (letter == "M"))) || ((!(letter == "K") || (!(letter == "M") U ((((letter == "W") && !(letter == "M")) && !(letter == "Y")) && X ((!(letter == "M") && !(letter == "Y")) U (letter == "X"))))) U (letter == "M"))))
1832 [main] INFO nl.utwente.fmt.rers.RERSExperiment - Parsed formula #96: (false R (!((letter == "Q") && (true U (letter == "W"))) || (!(letter == "V") U ((letter == "W") || (((letter == "O") && !(letter == "V")) && X (!(letter == "V") U (letter == "F")))))))
1832 [main] INFO nl.utwente.fmt.rers.RERSExperiment - Parsed formula #97: ((false R !(letter == "L")) || (!(letter == "L") U ((letter == "L") && (!(true U ((letter == "Z") && X (true U (letter == "Y")))) || (!(letter == "Z") U (letter == "B"))))))
1832 [main] INFO nl.utwente.fmt.rers.RERSExperiment - Parsed formula #98: (false R (!(letter == "Z") || (false R (!(letter == "E") || ((letter == "V") && X (true U (letter == "U")))))))
1833 [main] INFO nl.utwente.fmt.rers.RERSExperiment - Parsed formula #99: (!(true U (letter == "U")) || (!(letter == "U") U (((letter == "V") && !(letter == "U")) && X (!(letter == "U") U (letter == "M")))))
1833 [main] INFO nl.utwente.fmt.rers.RERSExperiment - Parsed formula #100: (!(letter == "W") W (letter == "I"))
1840 [main] INFO de.learnlib.util.Experiment - Starting round 1
1840 [main] INFO de.learnlib.util.Experiment - Learning
1848 [main] INFO de.learnlib.util.BBCExperiment - Searching for property violation
2444 [main] INFO de.learnlib.api.logging.LoggingBlackBoxProperty - Spurious counterexample found for property: '(!(true U (letter == "X")) || (!(letter == "X") U (((letter == "G") && !(letter == "X")) && X (!(letter == "X") U (letter == "R")))))'
2444 [main] INFO de.learnlib.api.logging.LoggingBlackBoxProperty - Spurious counterexample: Query[ε|A P P P / X X  ]
2604 [main] INFO de.learnlib.util.BBCExperiment - Searching for property violation
2807 [main] INFO de.learnlib.api.logging.LoggingBlackBoxProperty - Spurious counterexample found for property: '(!(true U (letter == "X")) || (!(letter == "X") U (((letter == "G") && !(letter == "X")) && X (!(letter == "X") U (letter == "R")))))'
2807 [main] INFO de.learnlib.api.logging.LoggingBlackBoxProperty - Spurious counterexample: Query[ε|P T A T J T J T J T J T J T J / Z              ]
5671 [main] INFO de.learnlib.util.BBCExperiment - Searching for property violation
5878 [main] INFO de.learnlib.api.logging.LoggingBlackBoxProperty - Spurious counterexample found for property: '(!(true U (letter == "X")) || (!(letter == "X") U (((letter == "G") && !(letter == "X")) && X (!(letter == "X") U (letter == "R")))))'
5878 [main] INFO de.learnlib.api.logging.LoggingBlackBoxProperty - Spurious counterexample: Query[ε|A P O O O O O O O O O O O O O O O O O O O O O O O O O O O O O O O O O / X X                                 ]
19714 [main] INFO de.learnlib.util.BBCExperiment - Searching for property violation
19942 [main] INFO de.learnlib.api.logging.LoggingBlackBoxProperty - Spurious counterexample found for property: '(!(true U (letter == "X")) || (!(letter == "X") U (((letter == "G") && !(letter == "X")) && X (!(letter == "X") U (letter == "R")))))'
19942 [main] INFO de.learnlib.api.logging.LoggingBlackBoxProperty - Spurious counterexample: Query[ε|P O R B R B R B R B R B R B R B R B R B R B R B R B R B R B R B R B R B R B R B R B R B R B R B R B R B R B R B R B R B R B R B R B R B R B R B R B R B R B R B R B R B R B R B R B R B R B R B R B R B R B R B R B R B R B R B R B R B R B R B R B R B R B R / Z Z                                                                                                                             ]
157090 [main] INFO de.learnlib.util.BBCExperiment - Searching for property violation
157606 [main] INFO de.learnlib.api.logging.LoggingBlackBoxProperty - Spurious counterexample found for property: '(!(true U (letter == "X")) || (!(letter == "X") U (((letter == "G") && !(letter == "X")) && X (!(letter == "X") U (letter == "R")))))'
157607 [main] INFO de.learnlib.api.logging.LoggingBlackBoxProperty - Spurious counterexample: Query[ε|P O E R F P Q E R F P Q E R F P Q E R F P Q E R F P Q E R F P Q E R F P Q E R F P Q E R F P Q E R F P Q E R F P Q E R F P Q E R F P Q E R F P Q E R F P Q E R F P Q E R F P Q E R F P Q E R F P Q E R F P Q E R F P Q E R F P Q E R F P Q E R F P Q E R F P Q E R F P Q E R F P Q E R F P Q E R F P Q E R F P Q E R F P Q E R F P Q E R F P Q E R F P Q E R F P Q E R F P Q E R F P Q E R F P Q E R F P Q E R F P Q E R F P Q E R F P Q E R F P Q E R F P Q E R F P Q E R F P Q E R F P Q E R F P Q E R F P Q E R F P Q E R F P Q E R F P Q E R F P Q E R F P Q E R F P Q E R F P Q E R F P Q E R F P Q E R F P Q E R F P Q E R F P Q E R F P Q E R F P Q E R F P Q E R F P Q E R F P Q E R F P Q E R F P Q E R F P Q E R F P Q E R F P Q E R F P Q E R F P Q E R F P Q E R F P Q E R F P Q E R F P Q E R F P Q E R F P Q E R F P Q E R F P Q E R F P Q E R F P Q E R F P Q E R F P Q E R F P Q E R F P Q E R F P Q E R F P Q E R F P Q E R F P Q E R F P Q E R F P Q E R F P Q E R F P Q E R F P Q E R F P Q E R F P Q E R F P Q E R F P Q E R F P Q E R F P Q E R F P Q E R F P Q E R F P Q E R F P Q E R F P Q E R F P Q E R F P Q E R F P Q E R F P Q E R F P Q E R F P Q E R F P Q E R F P Q E R F P Q E R F P Q E R F P Q E R F P Q E R F P Q E R F P Q E R F P Q E R / Z Z                                                                                                                                                                                                                                                                                                                                                                                                                                                                                                                                                                                                                                    ]
slurmstepd-ctit068: error: *** STEP 35981.0 ON ctit068 CANCELLED AT 2017-11-30T14:15:38 DUE TO TIME LIMIT ***
