16 [main] INFO nl.utwente.fmt.rers.Main - multiplier is: 1.0
16 [main] INFO nl.utwente.fmt.rers.Main - minimum unfolds is : 3
510 [main] INFO nl.utwente.fmt.rers.RERSExperiment - Parsed formula #1: (false R (!((letter == "V") && (true U (letter == "C"))) || (((letter == "E") && (!X (!(letter == "C") U (letter == "B")) || X (!(letter == "C") U ((letter == "B") && (true U (letter == "S")))))) U (letter == "C"))))
512 [main] INFO nl.utwente.fmt.rers.RERSExperiment - Parsed formula #2: ((false R !(letter == "V")) || (!(letter == "V") U ((letter == "V") && (!(true U (letter == "U")) || (!(letter == "U") U (((letter == "E") && !(letter == "U")) && X (!(letter == "U") U (letter == "T"))))))))
514 [main] INFO nl.utwente.fmt.rers.RERSExperiment - Parsed formula #3: (false R (!(((letter == "Y") && !(letter == "C")) && (true U (letter == "C"))) || (!(letter == "U") U ((letter == "B") || (letter == "C")))))
516 [main] INFO nl.utwente.fmt.rers.RERSExperiment - Parsed formula #4: (false R (!(letter == "C") || (false R (!(letter == "E") || (((letter == "S") && !(letter == "Y")) && X (!(letter == "Y") U (letter == "X")))))))
517 [main] INFO nl.utwente.fmt.rers.RERSExperiment - Parsed formula #5: (false R (!(((letter == "U") && !(letter == "S")) && (true U (letter == "S"))) || (!(letter == "Z") U ((letter == "C") || (letter == "S")))))
519 [main] INFO nl.utwente.fmt.rers.RERSExperiment - Parsed formula #6: (false R ((letter == "Y") && (!!(letter == "W") || (!(letter == "U") W ((letter == "X") || (letter == "W"))))))
520 [main] INFO nl.utwente.fmt.rers.RERSExperiment - Parsed formula #7: (!(true U (letter == "U")) || (!(letter == "W") U ((letter == "U") || (((letter == "B") && !(letter == "W")) && X (!(letter == "W") U (letter == "V"))))))
521 [main] INFO nl.utwente.fmt.rers.RERSExperiment - Parsed formula #8: (!(true U (letter == "W")) || (!(letter == "Z") U ((letter == "X") || (letter == "W"))))
522 [main] INFO nl.utwente.fmt.rers.RERSExperiment - Parsed formula #9: (!(true U ((letter == "T") && X (true U (letter == "U")))) || (!(letter == "T") U (letter == "D")))
523 [main] INFO nl.utwente.fmt.rers.RERSExperiment - Parsed formula #10: (false R (!(letter == "A") || (!(true U (letter == "Y")) || (!(letter == "Y") U ((letter == "E") || (((letter == "T") && !(letter == "Y")) && X (!(letter == "Y") U (letter == "Z"))))))))
526 [main] INFO nl.utwente.fmt.rers.RERSExperiment - Parsed formula #11: (!(true U (letter == "W")) || (!(((letter == "V") && !(letter == "W")) && X (!(letter == "W") U ((letter == "T") && !(letter == "W")))) U ((letter == "W") || (letter == "C"))))
527 [main] INFO nl.utwente.fmt.rers.RERSExperiment - Parsed formula #12: (false R (!(letter == "A") || (true U ((letter == "T") && X (true U (letter == "W"))))))
529 [main] INFO nl.utwente.fmt.rers.RERSExperiment - Parsed formula #13: (false R (!(letter == "C") || (((letter == "E") && (!X (!(letter == "T") U (letter == "A")) || X (!(letter == "T") U ((letter == "A") && (true U (letter == "U")))))) U ((letter == "T") || (false R ((letter == "E") && (!X (!(letter == "T") U (letter == "A")) || X (!(letter == "T") U ((letter == "A") && (true U (letter == "U")))))))))))
529 [main] INFO nl.utwente.fmt.rers.RERSExperiment - Parsed formula #14: (!(letter == "U") W (letter == "Y"))
530 [main] INFO nl.utwente.fmt.rers.RERSExperiment - Parsed formula #15: (!(true U (letter == "V")) || (!(letter == "X") U ((letter == "E") || (letter == "V"))))
531 [main] INFO nl.utwente.fmt.rers.RERSExperiment - Parsed formula #16: (false R (!(letter == "D") || (false R (!(letter == "B") || ((letter == "W") && X (true U (letter == "U")))))))
532 [main] INFO nl.utwente.fmt.rers.RERSExperiment - Parsed formula #17: (false R (!((letter == "B") && (true U (letter == "Y"))) || (!(((letter == "V") && !(letter == "Y")) && X (!(letter == "Y") U ((letter == "T") && !(letter == "Y")))) U ((letter == "Y") || (letter == "X")))))
533 [main] INFO nl.utwente.fmt.rers.RERSExperiment - Parsed formula #18: (false R (!(letter == "E") || (false R (!(letter == "B") || ((letter == "U") && X (true U (letter == "Y")))))))
535 [main] INFO nl.utwente.fmt.rers.RERSExperiment - Parsed formula #19: (false R (!(letter == "E") || (false R (!(letter == "D") || (true U (letter == "W"))))))
536 [main] INFO nl.utwente.fmt.rers.RERSExperiment - Parsed formula #20: (false R (!(letter == "E") || (!(true U (letter == "Y")) || (!(letter == "Y") U ((letter == "X") || (((letter == "Z") && !(letter == "Y")) && X (!(letter == "Y") U (letter == "D"))))))))
537 [main] INFO nl.utwente.fmt.rers.RERSExperiment - Parsed formula #21: (false R (!((letter == "S") && (true U (letter == "B"))) || (((letter == "A") && (!X (!(letter == "B") U (letter == "D")) || X (!(letter == "B") U ((letter == "D") && (true U (letter == "T")))))) U (letter == "B"))))
538 [main] INFO nl.utwente.fmt.rers.RERSExperiment - Parsed formula #22: (false R (!(((letter == "T") && !(letter == "D")) && (true U (letter == "D"))) || (!(letter == "U") U ((letter == "E") || (letter == "D")))))
539 [main] INFO nl.utwente.fmt.rers.RERSExperiment - Parsed formula #23: (false R (!((letter == "B") && (true U (letter == "D"))) || (!(((letter == "T") && !(letter == "D")) && X (!(letter == "D") U ((letter == "S") && !(letter == "D")))) U ((letter == "D") || (letter == "E")))))
539 [main] INFO nl.utwente.fmt.rers.RERSExperiment - Parsed formula #24: (false R (!(letter == "D") || (true U (((letter == "U") && !(letter == "V")) && X (!(letter == "V") U (letter == "Y"))))))
540 [main] INFO nl.utwente.fmt.rers.RERSExperiment - Parsed formula #25: (!(true U (letter == "A")) || (!(((letter == "S") && !(letter == "A")) && X (!(letter == "A") U ((letter == "Y") && !(letter == "A")))) U ((letter == "A") || (letter == "D"))))
541 [main] INFO nl.utwente.fmt.rers.RERSExperiment - Parsed formula #26: (false R ((letter == "A") && (!!(letter == "E") || (!(letter == "W") W ((letter == "S") || (letter == "E"))))))
541 [main] INFO nl.utwente.fmt.rers.RERSExperiment - Parsed formula #27: (false R ((letter == "B") && (!!(letter == "W") || ((!(letter == "A") || (!(letter == "W") U ((letter == "S") && !(letter == "W")))) W (letter == "W")))))
542 [main] INFO nl.utwente.fmt.rers.RERSExperiment - Parsed formula #28: (false R (!((letter == "E") && (true U (letter == "U"))) || ((!(letter == "C") || (!(letter == "U") U (((letter == "X") && !(letter == "U")) && X (!(letter == "U") U (letter == "S"))))) U (letter == "U"))))
543 [main] INFO nl.utwente.fmt.rers.RERSExperiment - Parsed formula #29: (false R (!((letter == "W") && (true U (letter == "A"))) || ((!(letter == "B") || (!(letter == "A") U ((((letter == "Y") && !(letter == "A")) && !(letter == "V")) && X ((!(letter == "A") && !(letter == "V")) U (letter == "X"))))) U (letter == "A"))))
544 [main] INFO nl.utwente.fmt.rers.RERSExperiment - Parsed formula #30: (false R ((letter == "W") && (!!(letter == "E") || (!(letter == "S") W ((letter == "V") || (letter == "E"))))))
544 [main] INFO nl.utwente.fmt.rers.RERSExperiment - Parsed formula #31: (false R (!(((letter == "A") && !(letter == "X")) && (true U (letter == "X"))) || (!(letter == "W") U ((letter == "T") || (letter == "X")))))
545 [main] INFO nl.utwente.fmt.rers.RERSExperiment - Parsed formula #32: (!(true U (letter == "X")) || ((!(letter == "E") || (!(letter == "X") U ((letter == "U") && !(letter == "X")))) U (letter == "X")))
546 [main] INFO nl.utwente.fmt.rers.RERSExperiment - Parsed formula #33: (!(true U (letter == "Z")) || ((!(letter == "E") || (!(letter == "Z") U ((letter == "Y") && !(letter == "Z")))) U (letter == "Z")))
547 [main] INFO nl.utwente.fmt.rers.RERSExperiment - Parsed formula #34: (!(true U (letter == "Z")) || ((!(letter == "E") || (!(letter == "Z") U (((letter == "S") && !(letter == "Z")) && X (!(letter == "Z") U (letter == "U"))))) U (letter == "Z")))
547 [main] INFO nl.utwente.fmt.rers.RERSExperiment - Parsed formula #35: (!(true U (letter == "X")) || (!(letter == "X") U (((letter == "A") && !(letter == "X")) && X (!(letter == "X") U (letter == "U")))))
548 [main] INFO nl.utwente.fmt.rers.RERSExperiment - Parsed formula #36: (false R (!(letter == "Y") || (false R (!(letter == "A") || (((letter == "X") && !(letter == "W")) && X (!(letter == "W") U (letter == "U")))))))
549 [main] INFO nl.utwente.fmt.rers.RERSExperiment - Parsed formula #37: (!(true U (letter == "V")) || (((letter == "B") && (!X (!(letter == "V") U (letter == "D")) || X (!(letter == "V") U ((letter == "D") && (true U (letter == "Z")))))) U (letter == "V")))
550 [main] INFO nl.utwente.fmt.rers.RERSExperiment - Parsed formula #38: (false R (!((letter == "Z") && (true U (letter == "U"))) || ((!(letter == "D") || (!(letter == "U") U ((((letter == "T") && !(letter == "U")) && !(letter == "W")) && X ((!(letter == "U") && !(letter == "W")) U (letter == "X"))))) U (letter == "U"))))
551 [main] INFO nl.utwente.fmt.rers.RERSExperiment - Parsed formula #39: (false R ((letter == "D") && (!!(letter == "W") || ((!(letter == "C") || (!(letter == "W") U ((letter == "Z") && !(letter == "W")))) W (letter == "W")))))
552 [main] INFO nl.utwente.fmt.rers.RERSExperiment - Parsed formula #40: (false R (!(letter == "W") || ((!(letter == "B") || (!(letter == "C") U (((letter == "V") && !(letter == "C")) && X (!(letter == "C") U (letter == "Y"))))) U ((letter == "C") || (false R (!(letter == "B") || ((letter == "V") && X (true U (letter == "Y")))))))))
553 [main] INFO nl.utwente.fmt.rers.RERSExperiment - Parsed formula #41: (false R (!(letter == "U") || ((!(((letter == "V") && !(letter == "A")) && X (!(letter == "A") U ((letter == "Y") && !(letter == "A")))) U ((letter == "A") || (letter == "X"))) || (false R !((letter == "V") && X (true U (letter == "Y")))))))
553 [main] INFO nl.utwente.fmt.rers.RERSExperiment - Parsed formula #42: (false R (!(((letter == "T") && !(letter == "C")) && (true U (letter == "C"))) || ((!(letter == "A") || (!(letter == "C") U ((letter == "U") && !(letter == "C")))) U (letter == "C"))))
554 [main] INFO nl.utwente.fmt.rers.RERSExperiment - Parsed formula #43: (false R (!((letter == "E") && (true U (letter == "B"))) || ((!(letter == "D") || (!(letter == "B") U ((((letter == "S") && !(letter == "B")) && !(letter == "T")) && X ((!(letter == "B") && !(letter == "T")) U (letter == "Z"))))) U (letter == "B"))))
555 [main] INFO nl.utwente.fmt.rers.RERSExperiment - Parsed formula #44: (false R (!((letter == "S") && (true U (letter == "T"))) || ((!(letter == "B") || (!(letter == "T") U (((letter == "Y") && !(letter == "T")) && X (!(letter == "T") U (letter == "V"))))) U (letter == "T"))))
555 [main] INFO nl.utwente.fmt.rers.RERSExperiment - Parsed formula #45: (false R (!(letter == "B") || (true U ((letter == "W") && X (true U (letter == "Y"))))))
556 [main] INFO nl.utwente.fmt.rers.RERSExperiment - Parsed formula #46: (false R (!(((letter == "C") && !(letter == "U")) && (true U (letter == "U"))) || (!(letter == "Y") U ((letter == "W") || (letter == "U")))))
556 [main] INFO nl.utwente.fmt.rers.RERSExperiment - Parsed formula #47: ((false R !(letter == "D")) || (true U ((letter == "D") && (!(letter == "W") W (letter == "C")))))
556 [main] INFO nl.utwente.fmt.rers.RERSExperiment - Parsed formula #48: (false R (!(letter == "S") || (false R (!(letter == "B") || (((letter == "X") && !(letter == "Z")) && X (!(letter == "Z") U (letter == "V")))))))
557 [main] INFO nl.utwente.fmt.rers.RERSExperiment - Parsed formula #49: (false R (!(((letter == "E") && !(letter == "Y")) && (true U (letter == "Y"))) || (!(letter == "Z") U ((letter == "W") || (letter == "Y")))))
557 [main] INFO nl.utwente.fmt.rers.RERSExperiment - Parsed formula #50: (!(letter == "Z") W (letter == "E"))
558 [main] INFO nl.utwente.fmt.rers.RERSExperiment - Parsed formula #51: (false R ((letter == "S") && (!!(letter == "Z") || ((!(letter == "D") || (!(letter == "Z") U ((letter == "U") && !(letter == "Z")))) W (letter == "Z")))))
558 [main] INFO nl.utwente.fmt.rers.RERSExperiment - Parsed formula #52: (!(true U ((letter == "U") && X (true U (letter == "X")))) || (!(letter == "U") U (letter == "D")))
558 [main] INFO nl.utwente.fmt.rers.RERSExperiment - Parsed formula #53: (!(true U (letter == "Y")) || (!(letter == "S") U ((letter == "X") || (letter == "Y"))))
559 [main] INFO nl.utwente.fmt.rers.RERSExperiment - Parsed formula #54: (false R ((letter == "C") && (!!(letter == "U") || (!(letter == "S") W ((letter == "Y") || (letter == "U"))))))
559 [main] INFO nl.utwente.fmt.rers.RERSExperiment - Parsed formula #55: (!(true U (letter == "S")) || (!(letter == "S") U (((letter == "T") && !(letter == "S")) && X (!(letter == "S") U (letter == "Z")))))
560 [main] INFO nl.utwente.fmt.rers.RERSExperiment - Parsed formula #56: (!(true U (letter == "U")) || (!(letter == "Z") U ((letter == "S") || (letter == "U"))))
560 [main] INFO nl.utwente.fmt.rers.RERSExperiment - Parsed formula #57: (!(true U ((letter == "Z") && X (true U (letter == "S")))) || (!(letter == "Z") U (letter == "X")))
561 [main] INFO nl.utwente.fmt.rers.RERSExperiment - Parsed formula #58: (false R (!(letter == "D") || (((letter == "B") && (!X (!(letter == "T") U (letter == "C")) || X (!(letter == "T") U ((letter == "C") && (true U (letter == "X")))))) U ((letter == "T") || (false R ((letter == "B") && (!X (!(letter == "T") U (letter == "C")) || X (!(letter == "T") U ((letter == "C") && (true U (letter == "X")))))))))))
561 [main] INFO nl.utwente.fmt.rers.RERSExperiment - Parsed formula #59: (!(true U (letter == "S")) || ((!(letter == "D") || (!(letter == "S") U ((((letter == "Y") && !(letter == "S")) && !(letter == "Z")) && X ((!(letter == "S") && !(letter == "Z")) U (letter == "T"))))) U (letter == "S")))
561 [main] INFO nl.utwente.fmt.rers.RERSExperiment - Parsed formula #60: (false R (!(letter == "C") || (true U (letter == "V"))))
562 [main] INFO nl.utwente.fmt.rers.RERSExperiment - Parsed formula #61: (false R (!(letter == "W") || ((!(((letter == "U") && !(letter == "E")) && X (!(letter == "E") U ((letter == "V") && !(letter == "E")))) U ((letter == "E") || (letter == "Y"))) || (false R !((letter == "U") && X (true U (letter == "V")))))))
562 [main] INFO nl.utwente.fmt.rers.RERSExperiment - Parsed formula #62: ((false R !(letter == "B")) || (true U ((letter == "B") && (!(letter == "S") W (letter == "A")))))
563 [main] INFO nl.utwente.fmt.rers.RERSExperiment - Parsed formula #63: (false R (!(letter == "C") || (true U ((letter == "S") && X (true U (letter == "U"))))))
563 [main] INFO nl.utwente.fmt.rers.RERSExperiment - Parsed formula #64: (!(true U (letter == "C")) || (((letter == "E") && (!X (!(letter == "C") U (letter == "D")) || X (!(letter == "C") U ((letter == "D") && (true U (letter == "S")))))) U (letter == "C")))
564 [main] INFO nl.utwente.fmt.rers.RERSExperiment - Parsed formula #65: ((false R !(letter == "X")) || (true U ((letter == "X") && (!(letter == "Z") W (letter == "V")))))
564 [main] INFO nl.utwente.fmt.rers.RERSExperiment - Parsed formula #66: (false R (!((letter == "S") && (true U (letter == "C"))) || (((letter == "D") && (!X (!(letter == "C") U (letter == "B")) || X (!(letter == "C") U ((letter == "B") && (true U (letter == "Z")))))) U (letter == "C"))))
564 [main] INFO nl.utwente.fmt.rers.RERSExperiment - Parsed formula #67: (!(letter == "Z") W (letter == "X"))
565 [main] INFO nl.utwente.fmt.rers.RERSExperiment - Parsed formula #68: (!(true U (letter == "A")) || (!(letter == "U") U ((letter == "A") || (((letter == "E") && !(letter == "U")) && X (!(letter == "U") U (letter == "V"))))))
566 [main] INFO nl.utwente.fmt.rers.RERSExperiment - Parsed formula #69: ((false R !(letter == "V")) || (!(letter == "V") U ((letter == "V") && (!(true U (letter == "Y")) || (!(letter == "Y") U (((letter == "T") && !(letter == "Y")) && X (!(letter == "Y") U (letter == "E"))))))))
566 [main] INFO nl.utwente.fmt.rers.RERSExperiment - Parsed formula #70: (false R (!((letter == "E") && (true U (letter == "V"))) || (!(((letter == "X") && !(letter == "V")) && X (!(letter == "V") U ((letter == "U") && !(letter == "V")))) U ((letter == "V") || (letter == "A")))))
567 [main] INFO nl.utwente.fmt.rers.RERSExperiment - Parsed formula #71: (false R (!(((letter == "T") && !(letter == "C")) && (true U (letter == "C"))) || (!(letter == "X") U ((letter == "E") || (letter == "C")))))
568 [main] INFO nl.utwente.fmt.rers.RERSExperiment - Parsed formula #72: (false R (!(letter == "W") || (false R (!(letter == "A") || ((letter == "X") && X (true U (letter == "Y")))))))
568 [main] INFO nl.utwente.fmt.rers.RERSExperiment - Parsed formula #73: (false R (!(letter == "A") || (true U (letter == "S"))))
568 [main] INFO nl.utwente.fmt.rers.RERSExperiment - Parsed formula #74: (!(letter == "U") W (letter == "W"))
569 [main] INFO nl.utwente.fmt.rers.RERSExperiment - Parsed formula #75: (false R (!((letter == "S") && (true U (letter == "V"))) || (((letter == "E") && (!X (!(letter == "V") U (letter == "A")) || X (!(letter == "V") U ((letter == "A") && (true U (letter == "Y")))))) U (letter == "V"))))
569 [main] INFO nl.utwente.fmt.rers.RERSExperiment - Parsed formula #76: (false R (!(letter == "E") || (((letter == "A") && (!X (!(letter == "B") U (letter == "D")) || X (!(letter == "B") U ((letter == "D") && (true U (letter == "Z")))))) U ((letter == "B") || (false R ((letter == "A") && (!X (!(letter == "B") U (letter == "D")) || X (!(letter == "B") U ((letter == "D") && (true U (letter == "Z")))))))))))
570 [main] INFO nl.utwente.fmt.rers.RERSExperiment - Parsed formula #77: ((false R !(letter == "U")) || (!(letter == "U") U ((letter == "U") && (!(true U ((letter == "T") && X (true U (letter == "W")))) || (!(letter == "T") U (letter == "D"))))))
570 [main] INFO nl.utwente.fmt.rers.RERSExperiment - Parsed formula #78: (!(true U (letter == "U")) || (!(letter == "V") U ((letter == "Z") || (letter == "U"))))
570 [main] INFO nl.utwente.fmt.rers.RERSExperiment - Parsed formula #79: (!(true U (letter == "A")) || (!(((letter == "U") && !(letter == "A")) && X (!(letter == "A") U ((letter == "W") && !(letter == "A")))) U ((letter == "A") || (letter == "T"))))
571 [main] INFO nl.utwente.fmt.rers.RERSExperiment - Parsed formula #80: (false R (!((letter == "V") && (true U (letter == "U"))) || (!(letter == "S") U ((letter == "U") || (((letter == "E") && !(letter == "S")) && X (!(letter == "S") U (letter == "D")))))))
571 [main] INFO nl.utwente.fmt.rers.RERSExperiment - Parsed formula #81: (false R (!(letter == "V") || ((!(((letter == "U") && !(letter == "E")) && X (!(letter == "E") U ((letter == "Z") && !(letter == "E")))) U ((letter == "E") || (letter == "A"))) || (false R !((letter == "U") && X (true U (letter == "Z")))))))
572 [main] INFO nl.utwente.fmt.rers.RERSExperiment - Parsed formula #82: (false R (!(letter == "Z") || (false R (!(letter == "E") || (true U (letter == "V"))))))
572 [main] INFO nl.utwente.fmt.rers.RERSExperiment - Parsed formula #83: (false R (!(letter == "Y") || (!(true U (letter == "V")) || (!(letter == "V") U ((letter == "Z") || (((letter == "X") && !(letter == "V")) && X (!(letter == "V") U (letter == "T"))))))))
572 [main] INFO nl.utwente.fmt.rers.RERSExperiment - Parsed formula #84: (!(true U (letter == "T")) || ((!(letter == "A") || (!(letter == "T") U ((letter == "X") && !(letter == "T")))) U (letter == "T")))
573 [main] INFO nl.utwente.fmt.rers.RERSExperiment - Parsed formula #85: (false R (!(((letter == "Y") && !(letter == "B")) && (true U (letter == "B"))) || (!(letter == "Z") U ((letter == "V") || (letter == "B")))))
574 [main] INFO nl.utwente.fmt.rers.RERSExperiment - Parsed formula #86: (false R (!(letter == "T") || ((!(letter == "A") || (!(letter == "U") U (((letter == "X") && !(letter == "U")) && X (!(letter == "U") U (letter == "V"))))) U ((letter == "U") || (false R (!(letter == "A") || ((letter == "X") && X (true U (letter == "V")))))))))
574 [main] INFO nl.utwente.fmt.rers.RERSExperiment - Parsed formula #87: (!(true U ((letter == "W") && X (true U (letter == "S")))) || (!(letter == "W") U (letter == "U")))
575 [main] INFO nl.utwente.fmt.rers.RERSExperiment - Parsed formula #88: (false R (!(letter == "Y") || ((!(letter == "D") || (!(letter == "X") U (((letter == "S") && !(letter == "X")) && X (!(letter == "X") U (letter == "U"))))) U ((letter == "X") || (false R (!(letter == "D") || ((letter == "S") && X (true U (letter == "U")))))))))
575 [main] INFO nl.utwente.fmt.rers.RERSExperiment - Parsed formula #89: (false R (!(letter == "X") || (false R ((letter == "B") && (!X (true U (letter == "A")) || X (!(letter == "A") U ((letter == "A") && (true U (letter == "S")))))))))
575 [main] INFO nl.utwente.fmt.rers.RERSExperiment - Parsed formula #90: (!(true U (letter == "X")) || ((!(letter == "B") || (!(letter == "X") U ((((letter == "U") && !(letter == "X")) && !(letter == "T")) && X ((!(letter == "X") && !(letter == "T")) U (letter == "Z"))))) U (letter == "X")))
576 [main] INFO nl.utwente.fmt.rers.RERSExperiment - Parsed formula #91: (false R (!(letter == "Y") || (((letter == "C") && (!X (!(letter == "X") U (letter == "A")) || X (!(letter == "X") U ((letter == "A") && (true U (letter == "V")))))) U ((letter == "X") || (false R ((letter == "C") && (!X (!(letter == "X") U (letter == "A")) || X (!(letter == "X") U ((letter == "A") && (true U (letter == "V")))))))))))
576 [main] INFO nl.utwente.fmt.rers.RERSExperiment - Parsed formula #92: (false R (!(letter == "D") || (true U ((letter == "U") && X (true U (letter == "V"))))))
577 [main] INFO nl.utwente.fmt.rers.RERSExperiment - Parsed formula #93: (!(true U ((letter == "X") && X (true U (letter == "W")))) || (!(letter == "X") U (letter == "C")))
577 [main] INFO nl.utwente.fmt.rers.RERSExperiment - Parsed formula #94: (!(true U (letter == "U")) || ((!(letter == "C") || (!(letter == "U") U (((letter == "T") && !(letter == "U")) && X (!(letter == "U") U (letter == "W"))))) U (letter == "U")))
578 [main] INFO nl.utwente.fmt.rers.RERSExperiment - Parsed formula #95: (false R (!((letter == "S") && (true U (letter == "W"))) || ((!(letter == "E") || (!(letter == "W") U (((letter == "Z") && !(letter == "W")) && X (!(letter == "W") U (letter == "X"))))) U (letter == "W"))))
578 [main] INFO nl.utwente.fmt.rers.RERSExperiment - Parsed formula #96: (false R (!((letter == "V") && (true U (letter == "U"))) || (!(letter == "W") U ((letter == "U") || (((letter == "Y") && !(letter == "W")) && X (!(letter == "W") U (letter == "A")))))))
578 [main] INFO nl.utwente.fmt.rers.RERSExperiment - Parsed formula #97: (!(true U (letter == "C")) || (!(letter == "S") U ((letter == "C") || (((letter == "W") && !(letter == "S")) && X (!(letter == "S") U (letter == "B"))))))
579 [main] INFO nl.utwente.fmt.rers.RERSExperiment - Parsed formula #98: (!(letter == "V") W (letter == "A"))
579 [main] INFO nl.utwente.fmt.rers.RERSExperiment - Parsed formula #99: (false R (!(letter == "C") || ((!(letter == "D") || (!(letter == "X") U (((letter == "Z") && !(letter == "X")) && X (!(letter == "X") U (letter == "T"))))) U ((letter == "X") || (false R (!(letter == "D") || ((letter == "Z") && X (true U (letter == "T")))))))))
579 [main] INFO nl.utwente.fmt.rers.RERSExperiment - Parsed formula #100: (false R (!(((letter == "Y") && !(letter == "V")) && (true U (letter == "V"))) || (!(letter == "X") U ((letter == "A") || (letter == "V")))))
591 [main] INFO de.learnlib.util.Experiment - Starting round 1
591 [main] INFO de.learnlib.util.Experiment - Learning
990 [main] INFO de.learnlib.util.BBCExperiment - Searching for property violation
2760 [main] INFO de.learnlib.api.logging.LoggingBlackBoxProperty - Spurious counterexample found for property: '(false R ((letter == "C") && (!!(letter == "U") || (!(letter == "S") W ((letter == "Y") || (letter == "U"))))))'
2760 [main] INFO de.learnlib.api.logging.LoggingBlackBoxProperty - Spurious counterexample: Query[ε|D D D D / Y   ]
2775 [main] INFO de.learnlib.util.BBCExperiment - Searching for property violation
3039 [main] INFO de.learnlib.api.logging.LoggingBlackBoxProperty - Spurious counterexample found for property: '(false R ((letter == "C") && (!!(letter == "U") || (!(letter == "S") W ((letter == "Y") || (letter == "U"))))))'
3039 [main] INFO de.learnlib.api.logging.LoggingBlackBoxProperty - Spurious counterexample: Query[ε|D C D C D C D / Y U W  Z  ]
3055 [main] INFO de.learnlib.util.BBCExperiment - Searching for property violation
3191 [main] INFO de.learnlib.api.logging.LoggingBlackBoxProperty - Property violated: '(false R (!(letter == "W") || ((!(letter == "B") || (!(letter == "C") U (((letter == "V") && !(letter == "C")) && X (!(letter == "C") U (letter == "Y"))))) U ((letter == "C") || (false R (!(letter == "B") || ((letter == "V") && X (true U (letter == "Y")))))))))'
3192 [main] INFO de.learnlib.api.logging.LoggingBlackBoxProperty - Counter example for property: OmegaQuery[ε|D C D D B C B E D D B C D D D D D D D D D D D D D / Y U W Z W S W U W Z W S S S S S S S S S S S S S S, [12, 13, 14, 15, 16, 17, 18, 19, 20, 21, 22, 23, 24] - [-674796145, -674796145, -674796145, -674796145, -674796145, -674796145, -674796145, -674796145, -674796145, -674796145, -674796145, -674796145, -674796145]]
3534 [main] INFO de.learnlib.api.logging.LoggingBlackBoxProperty - Property violated: '(false R ((letter == "C") && (!!(letter == "U") || (!(letter == "S") W ((letter == "Y") || (letter == "U"))))))'
3534 [main] INFO de.learnlib.api.logging.LoggingBlackBoxProperty - Counter example for property: OmegaQuery[ε|D C D D E C D D E C D D E C D D E C D D E C D D E C D D E C D D E C D D E C D D E C D D E C D D E C D D E / Y U W Z X U W Z X U W Z X U W Z X U W Z X U W Z X U W Z X U W Z X U W Z X U W Z X U W Z X U W Z X U W Z X, [1, 5, 9, 13, 17, 21, 25, 29, 33, 37, 41, 45, 49] - [-662887761, -662887762, -662887762, -662887762, -662887762, -662887762, -662887762, -662887762, -662887762, -662887762, -662887762, -662887762, -662887762]]
3991 [main] INFO de.learnlib.api.logging.LoggingBlackBoxProperty - Property violated: '(false R (!(letter == "E") || (false R (!(letter == "B") || ((letter == "U") && X (true U (letter == "Y")))))))'
3991 [main] INFO de.learnlib.api.logging.LoggingBlackBoxProperty - Counter example for property: OmegaQuery[ε|D C D D E C D D B C D D D D D D D D D D D D D / Y U W Z X U W Z W S S S S S S S S S S S S S S, [10, 11, 12, 13, 14, 15, 16, 17, 18, 19, 20, 21, 22] - [-674796263, -674796263, -674796263, -674796263, -674796263, -674796263, -674796263, -674796263, -674796263, -674796263, -674796263, -674796263, -674796263]]
4209 [main] INFO de.learnlib.api.logging.LoggingBlackBoxProperty - Property violated: '(!(letter == "Z") W (letter == "X"))'
4209 [main] INFO de.learnlib.api.logging.LoggingBlackBoxProperty - Counter example for property: OmegaQuery[ε|D C D D E C D D E C D D E C D D E C D D E C D D E C D D E C D D E C D D E C D D E C D D E C D D E C D D E C D D / Y U W Z X U W Z X U W Z X U W Z X U W Z X U W Z X U W Z X U W Z X U W Z X U W Z X U W Z X U W Z X U W Z X U W Z, [4, 8, 12, 16, 20, 24, 28, 32, 36, 40, 44, 48, 52] - [-662877319, -662877319, -662877319, -662877319, -662877319, -662877319, -662877319, -662877319, -662877319, -662877319, -662877319, -662877319, -662877319]]
4585 [main] INFO de.learnlib.api.logging.LoggingBlackBoxProperty - Spurious counterexample found for property: '(false R (!((letter == "S") && (true U (letter == "B"))) || (((letter == "A") && (!X (!(letter == "B") U (letter == "D")) || X (!(letter == "B") U ((letter == "D") && (true U (letter == "T")))))) U (letter == "B"))))'
4585 [main] INFO de.learnlib.api.logging.LoggingBlackBoxProperty - Spurious counterexample: Query[ε|D C D D B C B C D D D D D D D D D D D D D D D D D D D D D D D D D D / Y U W Z W S W X U W                        ]
4587 [main] INFO de.learnlib.util.BBCExperiment - Searching for property violation
4926 [main] INFO de.learnlib.api.logging.LoggingBlackBoxProperty - Property violated: '(false R (!((letter == "S") && (true U (letter == "B"))) || (((letter == "A") && (!X (!(letter == "B") U (letter == "D")) || X (!(letter == "B") U ((letter == "D") && (true U (letter == "T")))))) U (letter == "B"))))'
4926 [main] INFO de.learnlib.api.logging.LoggingBlackBoxProperty - Counter example for property: OmegaQuery[ε|D C D D B C B C D D C D D C D D C D D C D D C D D C D D C D D C D D C D D C D D C D D C D D C D D / Y U W Z W S W X U W X U W X U W X U W X U W X U W X U W X U W X U W X U W X U W X U W X U W X U W, [7, 10, 13, 16, 19, 22, 25, 28, 31, 34, 37, 40, 43, 46] - [-674792664, -663907577, -663907577, -663907577, -663907577, -663907577, -663907577, -663907577, -663907577, -663907577, -663907577, -663907577, -663907577, -663907577]]
5230 [main] INFO de.learnlib.api.logging.LoggingBlackBoxProperty - Property violated: '(!(true U (letter == "X")) || ((!(letter == "E") || (!(letter == "X") U ((letter == "U") && !(letter == "X")))) U (letter == "X")))'
5230 [main] INFO de.learnlib.api.logging.LoggingBlackBoxProperty - Counter example for property: OmegaQuery[ε|D C D D E C D D E C D D E C D D E C D D E C D D E C D D E C D D E C D D E C D D E C D D E C D D E C D D E C D D E C D D E / Y U W Z X U W Z X U W Z X U W Z X U W Z X U W Z X U W Z X U W Z X U W Z X U W Z X U W Z X U W Z X U W Z X U W Z X U W Z X, [5, 9, 13, 17, 21, 25, 29, 33, 37, 41, 45, 49, 53, 57] - [-662887762, -662887762, -662887762, -662887762, -662887762, -662887762, -662887762, -662887762, -662887762, -662887762, -662887762, -662887762, -662887762, -662887762]]
6100 [main] INFO de.learnlib.api.logging.LoggingBlackBoxProperty - Property violated: '(!(true U (letter == "X")) || (!(letter == "X") U (((letter == "A") && !(letter == "X")) && X (!(letter == "X") U (letter == "U")))))'
6100 [main] INFO de.learnlib.api.logging.LoggingBlackBoxProperty - Counter example for property: OmegaQuery[ε|D C D D E C D D E C D D E C D D E C D D E C D D E C D D E C D D E C D D E C D D E C D D E C D D E C D D E C D D E C D D E / Y U W Z X U W Z X U W Z X U W Z X U W Z X U W Z X U W Z X U W Z X U W Z X U W Z X U W Z X U W Z X U W Z X U W Z X U W Z X, [5, 9, 13, 17, 21, 25, 29, 33, 37, 41, 45, 49, 53, 57] - [-662887762, -662887762, -662887762, -662887762, -662887762, -662887762, -662887762, -662887762, -662887762, -662887762, -662887762, -662887762, -662887762, -662887762]]
6510 [main] INFO de.learnlib.api.logging.LoggingBlackBoxProperty - Property violated: '(!(true U ((letter == "Z") && X (true U (letter == "S")))) || (!(letter == "Z") U (letter == "X")))'
6510 [main] INFO de.learnlib.api.logging.LoggingBlackBoxProperty - Counter example for property: OmegaQuery[ε|D C D D E C B D D D D D D D D D D D D D D D D D D D D D D D D D D D D / Y U W Z X U S U U U U U U U U U U U U U U U U U U U U U U U U U U U U, [7, 9, 11, 13, 15, 17, 19, 21, 23, 25, 27, 29, 31, 33] - [-662880741, -687115463, -687115463, -687115463, -687115463, -687115463, -687115463, -687115463, -687115463, -687115463, -687115463, -687115463, -687115463, -687115463]]
6945 [main] INFO de.learnlib.api.logging.LoggingBlackBoxProperty - Spurious counterexample found for property: '(false R (!(((letter == "C") && !(letter == "U")) && (true U (letter == "U"))) || (!(letter == "Y") U ((letter == "W") || (letter == "U")))))'
6945 [main] INFO de.learnlib.api.logging.LoggingBlackBoxProperty - Spurious counterexample: Query[ε|D C D D B C B C D C D C D D C D D C D D C D D C D D C D D C D D C D D C D D C D D C D D C D D C D D C D D C D / Y U W Z W S W X U Y  Y   Y   Y   Y   Y   Y   Y   Y   Y   Y   Y   Y   Y   Y   Y ]
6947 [main] INFO de.learnlib.util.BBCExperiment - Searching for property violation
9933 [main] INFO de.learnlib.api.logging.LoggingBlackBoxProperty - Property violated: '(false R (!(letter == "C") || (((letter == "E") && (!X (!(letter == "T") U (letter == "A")) || X (!(letter == "T") U ((letter == "A") && (true U (letter == "U")))))) U ((letter == "T") || (false R ((letter == "E") && (!X (!(letter == "T") U (letter == "A")) || X (!(letter == "T") U ((letter == "A") && (true U (letter == "U")))))))))))'
9933 [main] INFO de.learnlib.api.logging.LoggingBlackBoxProperty - Counter example for property: OmegaQuery[ε|D C D D E C D D E C D D E C D D E C D D E C D D E C D D E C D D E C D D E C D D E C D D E C D D E C D D E C D D E C D D E C / Y U W Z X U W Z X U W Z X U W Z X U W Z X U W Z X U W Z X U W Z X U W Z X U W Z X U W Z X U W Z X U W Z X U W Z X U W Z X U, [2, 6, 10, 14, 18, 22, 26, 30, 34, 38, 42, 46, 50, 54, 58] - [-662873838, -662873838, -662873838, -662873838, -662873838, -662873838, -662873838, -662873838, -662873838, -662873838, -662873838, -662873838, -662873838, -662873838, -662873838]]
10542 [main] INFO de.learnlib.api.logging.LoggingBlackBoxProperty - Property violated: '(false R (!(letter == "E") || (((letter == "A") && (!X (!(letter == "B") U (letter == "D")) || X (!(letter == "B") U ((letter == "D") && (true U (letter == "Z")))))) U ((letter == "B") || (false R ((letter == "A") && (!X (!(letter == "B") U (letter == "D")) || X (!(letter == "B") U ((letter == "D") && (true U (letter == "Z")))))))))))'
10542 [main] INFO de.learnlib.api.logging.LoggingBlackBoxProperty - Counter example for property: OmegaQuery[ε|D C D D E C D D E C D D E C D D E C D D E C D D E C D D E C D D E C D D E C D D E C D D E C D D E C D D E C D D E C D D E C D D E / Y U W Z X U W Z X U W Z X U W Z X U W Z X U W Z X U W Z X U W Z X U W Z X U W Z X U W Z X U W Z X U W Z X U W Z X U W Z X U W Z X, [5, 9, 13, 17, 21, 25, 29, 33, 37, 41, 45, 49, 53, 57, 61] - [-662887762, -662887762, -662887762, -662887762, -662887762, -662887762, -662887762, -662887762, -662887762, -662887762, -662887762, -662887762, -662887762, -662887762, -662887762]]
11682 [main] INFO de.learnlib.api.logging.LoggingBlackBoxProperty - Property violated: '(!(letter == "Z") W (letter == "E"))'
11682 [main] INFO de.learnlib.api.logging.LoggingBlackBoxProperty - Counter example for property: OmegaQuery[ε|D C D D E C D D E C D D E C D D E C D D E C D D E C D D E C D D E C D D E C D D E C D D E C D D E C D D E C D D E C D D E C D D / Y U W Z X U W Z X U W Z X U W Z X U W Z X U W Z X U W Z X U W Z X U W Z X U W Z X U W Z X U W Z X U W Z X U W Z X U W Z X U W Z, [4, 8, 12, 16, 20, 24, 28, 32, 36, 40, 44, 48, 52, 56, 60] - [-662877319, -662877319, -662877319, -662877319, -662877319, -662877319, -662877319, -662877319, -662877319, -662877319, -662877319, -662877319, -662877319, -662877319, -662877319]]
11920 [main] INFO de.learnlib.api.logging.LoggingBlackBoxProperty - Property violated: '(false R (!((letter == "Z") && (true U (letter == "U"))) || ((!(letter == "D") || (!(letter == "U") U ((((letter == "T") && !(letter == "U")) && !(letter == "W")) && X ((!(letter == "U") && !(letter == "W")) U (letter == "X"))))) U (letter == "U"))))'
11920 [main] INFO de.learnlib.api.logging.LoggingBlackBoxProperty - Counter example for property: OmegaQuery[ε|D C D D B C D B C D D C D D C D D C D D C D D C D D C D D C D D C D D C D D C D D C D D C D D C D D C D D C D / Y U W Z W S S W X U W X U W X U W X U W X U W X U W X U W X U W X U W X U W X U W X U W X U W X U W X U W X U, [10, 13, 16, 19, 22, 25, 28, 31, 34, 37, 40, 43, 46, 49, 52] - [-663914539, -663914539, -663914539, -663914539, -663914539, -663914539, -663914539, -663914539, -663914539, -663914539, -663914539, -663914539, -663914539, -663914539, -663914539]]
12166 [main] INFO de.learnlib.api.logging.LoggingBlackBoxProperty - Property violated: '(false R (!(((letter == "Y") && !(letter == "B")) && (true U (letter == "B"))) || (!(letter == "Z") U ((letter == "V") || (letter == "B")))))'
12166 [main] INFO de.learnlib.api.logging.LoggingBlackBoxProperty - Counter example for property: OmegaQuery[ε|D C D D E C B D D D D D D D D D D D D D D D D D D D D D D D D D D D D D D / Y U W Z X U S U U U U U U U U U U U U U U U U U U U U U U U U U U U U U U, [7, 9, 11, 13, 15, 17, 19, 21, 23, 25, 27, 29, 31, 33, 35] - [-662880741, -687115463, -687115463, -687115463, -687115463, -687115463, -687115463, -687115463, -687115463, -687115463, -687115463, -687115463, -687115463, -687115463, -687115463]]
12601 [main] INFO de.learnlib.api.logging.LoggingBlackBoxProperty - Property violated: '(!(true U (letter == "C")) || (((letter == "E") && (!X (!(letter == "C") U (letter == "D")) || X (!(letter == "C") U ((letter == "D") && (true U (letter == "S")))))) U (letter == "C")))'
12601 [main] INFO de.learnlib.api.logging.LoggingBlackBoxProperty - Counter example for property: OmegaQuery[ε|D C D D E C D D E C D D E C D D E C D D E C D D E C D D E C D D E C D D E C D D E C D D E C D D E C D D E C D D E C D D E C / Y U W Z X U W Z X U W Z X U W Z X U W Z X U W Z X U W Z X U W Z X U W Z X U W Z X U W Z X U W Z X U W Z X U W Z X U W Z X U, [2, 6, 10, 14, 18, 22, 26, 30, 34, 38, 42, 46, 50, 54, 58] - [-662873838, -662873838, -662873838, -662873838, -662873838, -662873838, -662873838, -662873838, -662873838, -662873838, -662873838, -662873838, -662873838, -662873838, -662873838]]
13057 [main] INFO de.learnlib.api.logging.LoggingBlackBoxProperty - Property violated: '(false R (!(letter == "Y") || (((letter == "C") && (!X (!(letter == "X") U (letter == "A")) || X (!(letter == "X") U ((letter == "A") && (true U (letter == "V")))))) U ((letter == "X") || (false R ((letter == "C") && (!X (!(letter == "X") U (letter == "A")) || X (!(letter == "X") U ((letter == "A") && (true U (letter == "V")))))))))))'
13057 [main] INFO de.learnlib.api.logging.LoggingBlackBoxProperty - Counter example for property: OmegaQuery[ε|D C D D E C D D E C D D E C D D E C D D E C D D E C D D E C D D E C D D E C D D E C D D E C D D E C D D E C D D E C D D E / Y U W Z X U W Z X U W Z X U W Z X U W Z X U W Z X U W Z X U W Z X U W Z X U W Z X U W Z X U W Z X U W Z X U W Z X U W Z X, [1, 5, 9, 13, 17, 21, 25, 29, 33, 37, 41, 45, 49, 53, 57] - [-662887761, -662887762, -662887762, -662887762, -662887762, -662887762, -662887762, -662887762, -662887762, -662887762, -662887762, -662887762, -662887762, -662887762, -662887762]]
13438 [main] INFO de.learnlib.api.logging.LoggingBlackBoxProperty - Property violated: '(!(true U (letter == "S")) || ((!(letter == "D") || (!(letter == "S") U ((((letter == "Y") && !(letter == "S")) && !(letter == "Z")) && X ((!(letter == "S") && !(letter == "Z")) U (letter == "T"))))) U (letter == "S")))'
13438 [main] INFO de.learnlib.api.logging.LoggingBlackBoxProperty - Counter example for property: OmegaQuery[ε|D C D D E C B D D D D D D D D D D D D D D D D D D D D D D D D D D D D D D / Y U W Z X U S U U U U U U U U U U U U U U U U U U U U U U U U U U U U U U, [7, 9, 11, 13, 15, 17, 19, 21, 23, 25, 27, 29, 31, 33, 35] - [-662880741, -687115463, -687115463, -687115463, -687115463, -687115463, -687115463, -687115463, -687115463, -687115463, -687115463, -687115463, -687115463, -687115463, -687115463]]
14367 [main] INFO de.learnlib.api.logging.LoggingBlackBoxProperty - Property violated: '(false R (!((letter == "S") && (true U (letter == "W"))) || ((!(letter == "E") || (!(letter == "W") U (((letter == "Z") && !(letter == "W")) && X (!(letter == "W") U (letter == "X"))))) U (letter == "W"))))'
14367 [main] INFO de.learnlib.api.logging.LoggingBlackBoxProperty - Counter example for property: OmegaQuery[ε|D C D D B C E D C D D C D D C D D C D D C D D C D D C D D C D D C D D C D D C D D C D D C D D C D D C D D / Y U W Z W S Z W X U W X U W X U W X U W X U W X U W X U W X U W X U W X U W X U W X U W X U W X U W X U W, [8, 11, 14, 17, 20, 23, 26, 29, 32, 35, 38, 41, 44, 47, 50] - [-676024938, -663907577, -663907577, -663907577, -663907577, -663907577, -663907577, -663907577, -663907577, -663907577, -663907577, -663907577, -663907577, -663907577, -663907577]]
14616 [main] INFO de.learnlib.api.logging.LoggingBlackBoxProperty - Property violated: '(false R (!(letter == "X") || (false R ((letter == "B") && (!X (true U (letter == "A")) || X (!(letter == "A") U ((letter == "A") && (true U (letter == "S")))))))))'
14616 [main] INFO de.learnlib.api.logging.LoggingBlackBoxProperty - Counter example for property: OmegaQuery[ε|D C D D E C D D E C D D E C D D E C D D E C D D E C D D E C D D E C D D E C D D E C D D E C D D E C D D E C D D E C D D E C D D E / Y U W Z X U W Z X U W Z X U W Z X U W Z X U W Z X U W Z X U W Z X U W Z X U W Z X U W Z X U W Z X U W Z X U W Z X U W Z X U W Z X, [5, 9, 13, 17, 21, 25, 29, 33, 37, 41, 45, 49, 53, 57, 61] - [-662887762, -662887762, -662887762, -662887762, -662887762, -662887762, -662887762, -662887762, -662887762, -662887762, -662887762, -662887762, -662887762, -662887762, -662887762]]
14819 [main] INFO de.learnlib.api.logging.LoggingBlackBoxProperty - Property violated: '(false R (!(letter == "C") || (true U (letter == "V"))))'
14819 [main] INFO de.learnlib.api.logging.LoggingBlackBoxProperty - Counter example for property: OmegaQuery[ε|D C D D E C D D E C D D E C D D E C D D E C D D E C D D E C D D E C D D E C D D E C D D E C D D E C D D E C D D E C D D E C / Y U W Z X U W Z X U W Z X U W Z X U W Z X U W Z X U W Z X U W Z X U W Z X U W Z X U W Z X U W Z X U W Z X U W Z X U W Z X U, [2, 6, 10, 14, 18, 22, 26, 30, 34, 38, 42, 46, 50, 54, 58] - [-662873838, -662873838, -662873838, -662873838, -662873838, -662873838, -662873838, -662873838, -662873838, -662873838, -662873838, -662873838, -662873838, -662873838, -662873838]]
15004 [main] INFO de.learnlib.api.logging.LoggingBlackBoxProperty - Property violated: '(!(true U (letter == "X")) || ((!(letter == "B") || (!(letter == "X") U ((((letter == "U") && !(letter == "X")) && !(letter == "T")) && X ((!(letter == "X") && !(letter == "T")) U (letter == "Z"))))) U (letter == "X")))'
15004 [main] INFO de.learnlib.api.logging.LoggingBlackBoxProperty - Counter example for property: OmegaQuery[ε|D C D D B C B C D D C D D C D D C D D C D D C D D C D D C D D C D D C D D C D D C D D C D D C D D C D D C / Y U W Z W S W X U W X U W X U W X U W X U W X U W X U W X U W X U W X U W X U W X U W X U W X U W X U W X, [8, 11, 14, 17, 20, 23, 26, 29, 32, 35, 38, 41, 44, 47, 50] - [-662678784, -663911058, -663911058, -663911058, -663911058, -663911058, -663911058, -663911058, -663911058, -663911058, -663911058, -663911058, -663911058, -663911058, -663911058]]
15232 [main] INFO de.learnlib.api.logging.LoggingBlackBoxProperty - Property violated: '(false R (!((letter == "E") && (true U (letter == "U"))) || ((!(letter == "C") || (!(letter == "U") U (((letter == "X") && !(letter == "U")) && X (!(letter == "U") U (letter == "S"))))) U (letter == "U"))))'
15232 [main] INFO de.learnlib.api.logging.LoggingBlackBoxProperty - Counter example for property: OmegaQuery[ε|D C D D E C D D E C D D E C D D E C D D E C D D E C D D E C D D E C D D E C D D E C D D E C D D E C D D E C D D E C D D E C D D E C / Y U W Z X U W Z X U W Z X U W Z X U W Z X U W Z X U W Z X U W Z X U W Z X U W Z X U W Z X U W Z X U W Z X U W Z X U W Z X U W Z X U, [6, 10, 14, 18, 22, 26, 30, 34, 38, 42, 46, 50, 54, 58, 62] - [-662873838, -662873838, -662873838, -662873838, -662873838, -662873838, -662873838, -662873838, -662873838, -662873838, -662873838, -662873838, -662873838, -662873838, -662873838]]
15679 [main] INFO de.learnlib.api.logging.LoggingBlackBoxProperty - Property violated: '(false R ((letter == "Y") && (!!(letter == "W") || (!(letter == "U") W ((letter == "X") || (letter == "W"))))))'
15679 [main] INFO de.learnlib.api.logging.LoggingBlackBoxProperty - Counter example for property: OmegaQuery[ε|D C D D E C D D E C D D E C D D E C D D E C D D E C D D E C D D E C D D E C D D E C D D E C D D E C D D E C D D E C D D E / Y U W Z X U W Z X U W Z X U W Z X U W Z X U W Z X U W Z X U W Z X U W Z X U W Z X U W Z X U W Z X U W Z X U W Z X U W Z X, [1, 5, 9, 13, 17, 21, 25, 29, 33, 37, 41, 45, 49, 53, 57] - [-662887761, -662887762, -662887762, -662887762, -662887762, -662887762, -662887762, -662887762, -662887762, -662887762, -662887762, -662887762, -662887762, -662887762, -662887762]]
15848 [main] INFO de.learnlib.api.logging.LoggingBlackBoxProperty - Property violated: '(false R (!(letter == "D") || (true U ((letter == "U") && X (true U (letter == "V"))))))'
15848 [main] INFO de.learnlib.api.logging.LoggingBlackBoxProperty - Counter example for property: OmegaQuery[ε|D C D D E C D D E C D D E C D D E C D D E C D D E C D D E C D D E C D D E C D D E C D D E C D D E C D D E C D D E C D D E C / Y U W Z X U W Z X U W Z X U W Z X U W Z X U W Z X U W Z X U W Z X U W Z X U W Z X U W Z X U W Z X U W Z X U W Z X U W Z X U, [2, 6, 10, 14, 18, 22, 26, 30, 34, 38, 42, 46, 50, 54, 58] - [-662873838, -662873838, -662873838, -662873838, -662873838, -662873838, -662873838, -662873838, -662873838, -662873838, -662873838, -662873838, -662873838, -662873838, -662873838]]
16023 [main] INFO de.learnlib.api.logging.LoggingBlackBoxProperty - Property violated: '(false R ((letter == "B") && (!!(letter == "W") || ((!(letter == "A") || (!(letter == "W") U ((letter == "S") && !(letter == "W")))) W (letter == "W")))))'
16023 [main] INFO de.learnlib.api.logging.LoggingBlackBoxProperty - Counter example for property: OmegaQuery[ε|D C D D E C D D E C D D E C D D E C D D E C D D E C D D E C D D E C D D E C D D E C D D E C D D E C D D E C D D E C D D E / Y U W Z X U W Z X U W Z X U W Z X U W Z X U W Z X U W Z X U W Z X U W Z X U W Z X U W Z X U W Z X U W Z X U W Z X U W Z X, [1, 5, 9, 13, 17, 21, 25, 29, 33, 37, 41, 45, 49, 53, 57] - [-662887761, -662887762, -662887762, -662887762, -662887762, -662887762, -662887762, -662887762, -662887762, -662887762, -662887762, -662887762, -662887762, -662887762, -662887762]]
16197 [main] INFO de.learnlib.api.logging.LoggingBlackBoxProperty - Property violated: '(false R ((letter == "A") && (!!(letter == "E") || (!(letter == "W") W ((letter == "S") || (letter == "E"))))))'
16197 [main] INFO de.learnlib.api.logging.LoggingBlackBoxProperty - Counter example for property: OmegaQuery[ε|D C D D E C D D E C D D E C D D E C D D E C D D E C D D E C D D E C D D E C D D E C D D E C D D E C D D E C D D E C D D E / Y U W Z X U W Z X U W Z X U W Z X U W Z X U W Z X U W Z X U W Z X U W Z X U W Z X U W Z X U W Z X U W Z X U W Z X U W Z X, [1, 5, 9, 13, 17, 21, 25, 29, 33, 37, 41, 45, 49, 53, 57] - [-662887761, -662887762, -662887762, -662887762, -662887762, -662887762, -662887762, -662887762, -662887762, -662887762, -662887762, -662887762, -662887762, -662887762, -662887762]]
16538 [main] INFO de.learnlib.api.logging.LoggingBlackBoxProperty - Property violated: '(!(true U (letter == "Z")) || ((!(letter == "E") || (!(letter == "Z") U (((letter == "S") && !(letter == "Z")) && X (!(letter == "Z") U (letter == "U"))))) U (letter == "Z")))'
16538 [main] INFO de.learnlib.api.logging.LoggingBlackBoxProperty - Counter example for property: OmegaQuery[ε|D C B D E C D D E C D D E C D D E C D D E C D D E C D D E C D D E C D D E C D D E C D D E C D D E C D D E C D D E C D D E C D D E C D D / Y U S U Y U W Z X U W Z X U W Z X U W Z X U W Z X U W Z X U W Z X U W Z X U W Z X U W Z X U W Z X U W Z X U W Z X U W Z X U W Z X U W Z, [8, 12, 16, 20, 24, 28, 32, 36, 40, 44, 48, 52, 56, 60, 64] - [-687111982, -687111982, -687111982, -687111982, -687111982, -687111982, -687111982, -687111982, -687111982, -687111982, -687111982, -687111982, -687111982, -687111982, -687111982]]
16768 [main] INFO de.learnlib.api.logging.LoggingBlackBoxProperty - Property violated: '((false R !(letter == "X")) || (true U ((letter == "X") && (!(letter == "Z") W (letter == "V")))))'
16768 [main] INFO de.learnlib.api.logging.LoggingBlackBoxProperty - Counter example for property: OmegaQuery[ε|D C D D E C D D E C D D E C D D E C D D E C D D E C D D E C D D E C D D E C D D E C D D E C D D E C D D E C D D E C D D E C D D E / Y U W Z X U W Z X U W Z X U W Z X U W Z X U W Z X U W Z X U W Z X U W Z X U W Z X U W Z X U W Z X U W Z X U W Z X U W Z X U W Z X, [5, 9, 13, 17, 21, 25, 29, 33, 37, 41, 45, 49, 53, 57, 61] - [-662887762, -662887762, -662887762, -662887762, -662887762, -662887762, -662887762, -662887762, -662887762, -662887762, -662887762, -662887762, -662887762, -662887762, -662887762]]
17216 [main] INFO de.learnlib.api.logging.LoggingBlackBoxProperty - Property violated: '(false R (!(letter == "D") || (true U (((letter == "U") && !(letter == "V")) && X (!(letter == "V") U (letter == "Y"))))))'
17216 [main] INFO de.learnlib.api.logging.LoggingBlackBoxProperty - Counter example for property: OmegaQuery[ε|D C D D B C B C D D C D D C D D C D D C D D C D D C D D C D D C D D C D D C D D C D D C D D C D D C D D C D D C D / Y U W Z W S W X U W X U W X U W X U W X U W X U W X U W X U W X U W X U W X U W X U W X U W X U W X U W X U W X U, [12, 15, 18, 21, 24, 27, 30, 33, 36, 39, 42, 45, 48, 51, 54] - [-663914539, -663914539, -663914539, -663914539, -663914539, -663914539, -663914539, -663914539, -663914539, -663914539, -663914539, -663914539, -663914539, -663914539, -663914539]]
17458 [main] INFO de.learnlib.api.logging.LoggingBlackBoxProperty - Property violated: '(false R ((letter == "D") && (!!(letter == "W") || ((!(letter == "C") || (!(letter == "W") U ((letter == "Z") && !(letter == "W")))) W (letter == "W")))))'
17458 [main] INFO de.learnlib.api.logging.LoggingBlackBoxProperty - Counter example for property: OmegaQuery[ε|D C D D E C D D E C D D E C D D E C D D E C D D E C D D E C D D E C D D E C D D E C D D E C D D E C D D E C D D E C D D E / Y U W Z X U W Z X U W Z X U W Z X U W Z X U W Z X U W Z X U W Z X U W Z X U W Z X U W Z X U W Z X U W Z X U W Z X U W Z X, [1, 5, 9, 13, 17, 21, 25, 29, 33, 37, 41, 45, 49, 53, 57] - [-662887761, -662887762, -662887762, -662887762, -662887762, -662887762, -662887762, -662887762, -662887762, -662887762, -662887762, -662887762, -662887762, -662887762, -662887762]]
17792 [main] INFO de.learnlib.api.logging.LoggingBlackBoxProperty - Property violated: '(false R (!(((letter == "U") && !(letter == "S")) && (true U (letter == "S"))) || (!(letter == "Z") U ((letter == "C") || (letter == "S")))))'
17792 [main] INFO de.learnlib.api.logging.LoggingBlackBoxProperty - Counter example for property: OmegaQuery[ε|D C D D E C B D D D D D D D D D D D D D D D D D D D D D D D D D D D D D D / Y U W Z X U S U U U U U U U U U U U U U U U U U U U U U U U U U U U U U U, [7, 9, 11, 13, 15, 17, 19, 21, 23, 25, 27, 29, 31, 33, 35] - [-662880741, -687115463, -687115463, -687115463, -687115463, -687115463, -687115463, -687115463, -687115463, -687115463, -687115463, -687115463, -687115463, -687115463, -687115463]]
18291 [main] INFO de.learnlib.api.logging.LoggingBlackBoxProperty - Property violated: '(!(true U (letter == "S")) || (!(letter == "S") U (((letter == "T") && !(letter == "S")) && X (!(letter == "S") U (letter == "Z")))))'
18291 [main] INFO de.learnlib.api.logging.LoggingBlackBoxProperty - Counter example for property: OmegaQuery[ε|D C D D B C D D D D D D D D D D D D D D D / Y U W Z W S S S S S S S S S S S S S S S S, [6, 7, 8, 9, 10, 11, 12, 13, 14, 15, 16, 17, 18, 19, 20] - [-674796263, -674796263, -674796263, -674796263, -674796263, -674796263, -674796263, -674796263, -674796263, -674796263, -674796263, -674796263, -674796263, -674796263, -674796263]]
18503 [main] INFO de.learnlib.api.logging.LoggingBlackBoxProperty - Property violated: '(false R (!((letter == "E") && (true U (letter == "B"))) || ((!(letter == "D") || (!(letter == "B") U ((((letter == "S") && !(letter == "B")) && !(letter == "T")) && X ((!(letter == "B") && !(letter == "T")) U (letter == "Z"))))) U (letter == "B"))))'
18503 [main] INFO de.learnlib.api.logging.LoggingBlackBoxProperty - Counter example for property: OmegaQuery[ε|D C D D E C D D E C B D D D D D D D D D D D D D D D D D D D D D D D D D D D D D D / Y U W Z X U W Z X U S U U U U U U U U U U U U U U U U U U U U U U U U U U U U U U, [11, 13, 15, 17, 19, 21, 23, 25, 27, 29, 31, 33, 35, 37, 39] - [-662880741, -687115463, -687115463, -687115463, -687115463, -687115463, -687115463, -687115463, -687115463, -687115463, -687115463, -687115463, -687115463, -687115463, -687115463]]
18728 [main] INFO de.learnlib.api.logging.LoggingBlackBoxProperty - Property violated: '(false R ((letter == "S") && (!!(letter == "Z") || ((!(letter == "D") || (!(letter == "Z") U ((letter == "U") && !(letter == "Z")))) W (letter == "Z")))))'
18729 [main] INFO de.learnlib.api.logging.LoggingBlackBoxProperty - Counter example for property: OmegaQuery[ε|D C D D E C D D E C D D E C D D E C D D E C D D E C D D E C D D E C D D E C D D E C D D E C D D E C D D E C D D E C D D E / Y U W Z X U W Z X U W Z X U W Z X U W Z X U W Z X U W Z X U W Z X U W Z X U W Z X U W Z X U W Z X U W Z X U W Z X U W Z X, [1, 5, 9, 13, 17, 21, 25, 29, 33, 37, 41, 45, 49, 53, 57] - [-662887761, -662887762, -662887762, -662887762, -662887762, -662887762, -662887762, -662887762, -662887762, -662887762, -662887762, -662887762, -662887762, -662887762, -662887762]]
19344 [main] INFO de.learnlib.api.logging.LoggingBlackBoxProperty - Property violated: '(false R (!(letter == "Y") || ((!(letter == "D") || (!(letter == "X") U (((letter == "S") && !(letter == "X")) && X (!(letter == "X") U (letter == "U"))))) U ((letter == "X") || (false R (!(letter == "D") || ((letter == "S") && X (true U (letter == "U")))))))))'
19345 [main] INFO de.learnlib.api.logging.LoggingBlackBoxProperty - Counter example for property: OmegaQuery[ε|D C B D E C D D E C D D E C D D E C D D E C D D E C D D E C D D E C D D E C D D E C D D E C D D E C D D E C D D E C D D E C D D E C D D E / Y U S U Y U W Z X U W Z X U W Z X U W Z X U W Z X U W Z X U W Z X U W Z X U W Z X U W Z X U W Z X U W Z X U W Z X U W Z X U W Z X U W Z X, [9, 13, 17, 21, 25, 29, 33, 37, 41, 45, 49, 53, 57, 61, 65] - [-687122425, -687122425, -687122425, -687122425, -687122425, -687122425, -687122425, -687122425, -687122425, -687122425, -687122425, -687122425, -687122425, -687122425, -687122425]]
19670 [main] INFO de.learnlib.api.logging.LoggingBlackBoxProperty - Property violated: '(!(true U (letter == "U")) || ((!(letter == "C") || (!(letter == "U") U (((letter == "T") && !(letter == "U")) && X (!(letter == "U") U (letter == "W"))))) U (letter == "U")))'
19670 [main] INFO de.learnlib.api.logging.LoggingBlackBoxProperty - Counter example for property: OmegaQuery[ε|D C D D E C D D E C D D E C D D E C D D E C D D E C D D E C D D E C D D E C D D E C D D E C D D E C D D E C D D E C D D E C / Y U W Z X U W Z X U W Z X U W Z X U W Z X U W Z X U W Z X U W Z X U W Z X U W Z X U W Z X U W Z X U W Z X U W Z X U W Z X U, [2, 6, 10, 14, 18, 22, 26, 30, 34, 38, 42, 46, 50, 54, 58] - [-662873838, -662873838, -662873838, -662873838, -662873838, -662873838, -662873838, -662873838, -662873838, -662873838, -662873838, -662873838, -662873838, -662873838, -662873838]]
19867 [main] INFO de.learnlib.api.logging.LoggingBlackBoxProperty - Property violated: '(false R (!(letter == "C") || (false R (!(letter == "E") || (((letter == "S") && !(letter == "Y")) && X (!(letter == "Y") U (letter == "X")))))))'
19867 [main] INFO de.learnlib.api.logging.LoggingBlackBoxProperty - Counter example for property: OmegaQuery[ε|D C D D E C D D E C D D E C D D E C D D E C D D E C D D E C D D E C D D E C D D E C D D E C D D E C D D E C D D E C D D E C D D E / Y U W Z X U W Z X U W Z X U W Z X U W Z X U W Z X U W Z X U W Z X U W Z X U W Z X U W Z X U W Z X U W Z X U W Z X U W Z X U W Z X, [5, 9, 13, 17, 21, 25, 29, 33, 37, 41, 45, 49, 53, 57, 61] - [-662887762, -662887762, -662887762, -662887762, -662887762, -662887762, -662887762, -662887762, -662887762, -662887762, -662887762, -662887762, -662887762, -662887762, -662887762]]
20090 [main] INFO de.learnlib.api.logging.LoggingBlackBoxProperty - Property violated: '(false R (!((letter == "S") && (true U (letter == "C"))) || (((letter == "D") && (!X (!(letter == "C") U (letter == "B")) || X (!(letter == "C") U ((letter == "B") && (true U (letter == "Z")))))) U (letter == "C"))))'
20090 [main] INFO de.learnlib.api.logging.LoggingBlackBoxProperty - Counter example for property: OmegaQuery[ε|D C D D B C B C D D C D D C D D C D D C D D C D D C D D C D D C D D C D D C D D C D D C D D C D D C D D C / Y U W Z W S W X U W X U W X U W X U W X U W X U W X U W X U W X U W X U W X U W X U W X U W X U W X U W X, [8, 11, 14, 17, 20, 23, 26, 29, 32, 35, 38, 41, 44, 47, 50] - [-662678784, -663911058, -663911058, -663911058, -663911058, -663911058, -663911058, -663911058, -663911058, -663911058, -663911058, -663911058, -663911058, -663911058, -663911058]]
20332 [main] INFO de.learnlib.api.logging.LoggingBlackBoxProperty - Property violated: '(false R (!(letter == "E") || (false R (!(letter == "D") || (true U (letter == "W"))))))'
20332 [main] INFO de.learnlib.api.logging.LoggingBlackBoxProperty - Counter example for property: OmegaQuery[ε|D C D D E C B D D D D D D D D D D D D D D D D D D D D D D D D D D D D D D D / Y U W Z X U S U U U U U U U U U U U U U U U U U U U U U U U U U U U U U U U, [8, 10, 12, 14, 16, 18, 20, 22, 24, 26, 28, 30, 32, 34, 36] - [-687118944, -687118944, -687118944, -687118944, -687118944, -687118944, -687118944, -687118944, -687118944, -687118944, -687118944, -687118944, -687118944, -687118944, -687118944]]
20739 [main] INFO de.learnlib.api.logging.LoggingBlackBoxProperty - Property violated: '(false R ((letter == "W") && (!!(letter == "E") || (!(letter == "S") W ((letter == "V") || (letter == "E"))))))'
20739 [main] INFO de.learnlib.api.logging.LoggingBlackBoxProperty - Counter example for property: OmegaQuery[ε|D C D D E C D D E C D D E C D D E C D D E C D D E C D D E C D D E C D D E C D D E C D D E C D D E C D D E C D D E C D D E / Y U W Z X U W Z X U W Z X U W Z X U W Z X U W Z X U W Z X U W Z X U W Z X U W Z X U W Z X U W Z X U W Z X U W Z X U W Z X, [1, 5, 9, 13, 17, 21, 25, 29, 33, 37, 41, 45, 49, 53, 57] - [-662887761, -662887762, -662887762, -662887762, -662887762, -662887762, -662887762, -662887762, -662887762, -662887762, -662887762, -662887762, -662887762, -662887762, -662887762]]
21108 [main] INFO de.learnlib.api.logging.LoggingBlackBoxProperty - Property violated: '(false R (!(letter == "D") || (((letter == "B") && (!X (!(letter == "T") U (letter == "C")) || X (!(letter == "T") U ((letter == "C") && (true U (letter == "X")))))) U ((letter == "T") || (false R ((letter == "B") && (!X (!(letter == "T") U (letter == "C")) || X (!(letter == "T") U ((letter == "C") && (true U (letter == "X")))))))))))'
21109 [main] INFO de.learnlib.api.logging.LoggingBlackBoxProperty - Counter example for property: OmegaQuery[ε|D C D D E C D D E C D D E C D D E C D D E C D D E C D D E C D D E C D D E C D D E C D D E C D D E C D D E C D D E C D D E / Y U W Z X U W Z X U W Z X U W Z X U W Z X U W Z X U W Z X U W Z X U W Z X U W Z X U W Z X U W Z X U W Z X U W Z X U W Z X, [1, 5, 9, 13, 17, 21, 25, 29, 33, 37, 41, 45, 49, 53, 57] - [-662887761, -662887762, -662887762, -662887762, -662887762, -662887762, -662887762, -662887762, -662887762, -662887762, -662887762, -662887762, -662887762, -662887762, -662887762]]
21636 [main] INFO de.learnlib.api.logging.LoggingBlackBoxProperty - Property violated: '(false R (!(letter == "C") || ((!(letter == "D") || (!(letter == "X") U (((letter == "Z") && !(letter == "X")) && X (!(letter == "X") U (letter == "T"))))) U ((letter == "X") || (false R (!(letter == "D") || ((letter == "Z") && X (true U (letter == "T")))))))))'
21636 [main] INFO de.learnlib.api.logging.LoggingBlackBoxProperty - Counter example for property: OmegaQuery[ε|D C D D B C D D D D D D D D D D D D D D D D / Y U W Z W S S S S S S S S S S S S S S S S S, [7, 8, 9, 10, 11, 12, 13, 14, 15, 16, 17, 18, 19, 20, 21] - [-674796263, -674796263, -674796263, -674796263, -674796263, -674796263, -674796263, -674796263, -674796263, -674796263, -674796263, -674796263, -674796263, -674796263, -674796263]]
21940 [main] INFO de.learnlib.api.logging.LoggingBlackBoxProperty - Property violated: '(false R (!(letter == "B") || (true U ((letter == "W") && X (true U (letter == "Y"))))))'
21940 [main] INFO de.learnlib.api.logging.LoggingBlackBoxProperty - Counter example for property: OmegaQuery[ε|D C D D B C B C D D C D D C D D C D D C D D C D D C D D C D D C D D C D D C D D C D D C D D C D D C D D / Y U W Z W S W X U W X U W X U W X U W X U W X U W X U W X U W X U W X U W X U W X U W X U W X U W X U W, [7, 10, 13, 16, 19, 22, 25, 28, 31, 34, 37, 40, 43, 46, 49] - [-674792664, -663907577, -663907577, -663907577, -663907577, -663907577, -663907577, -663907577, -663907577, -663907577, -663907577, -663907577, -663907577, -663907577, -663907577]]
22181 [main] INFO de.learnlib.api.logging.LoggingBlackBoxProperty - Property violated: '(false R (!(letter == "D") || (false R (!(letter == "B") || ((letter == "W") && X (true U (letter == "U")))))))'
22181 [main] INFO de.learnlib.api.logging.LoggingBlackBoxProperty - Counter example for property: OmegaQuery[ε|D C D D B C D D D D D D D D D D D D D D D / Y U W Z W S S S S S S S S S S S S S S S S, [6, 7, 8, 9, 10, 11, 12, 13, 14, 15, 16, 17, 18, 19, 20] - [-674796263, -674796263, -674796263, -674796263, -674796263, -674796263, -674796263, -674796263, -674796263, -674796263, -674796263, -674796263, -674796263, -674796263, -674796263]]
22368 [main] INFO de.learnlib.api.logging.LoggingBlackBoxProperty - Property violated: '(false R (!(letter == "C") || (true U ((letter == "S") && X (true U (letter == "U"))))))'
22368 [main] INFO de.learnlib.api.logging.LoggingBlackBoxProperty - Counter example for property: OmegaQuery[ε|D C D D E C D D E C D D E C D D E C D D E C D D E C D D E C D D E C D D E C D D E C D D E C D D E C D D E C D D E C D D E C / Y U W Z X U W Z X U W Z X U W Z X U W Z X U W Z X U W Z X U W Z X U W Z X U W Z X U W Z X U W Z X U W Z X U W Z X U W Z X U, [2, 6, 10, 14, 18, 22, 26, 30, 34, 38, 42, 46, 50, 54, 58] - [-662873838, -662873838, -662873838, -662873838, -662873838, -662873838, -662873838, -662873838, -662873838, -662873838, -662873838, -662873838, -662873838, -662873838, -662873838]]
22537 [main] INFO de.learnlib.api.logging.LoggingBlackBoxProperty - Property violated: '((false R !(letter == "B")) || (true U ((letter == "B") && (!(letter == "S") W (letter == "A")))))'
22537 [main] INFO de.learnlib.api.logging.LoggingBlackBoxProperty - Counter example for property: OmegaQuery[ε|D C D D B C D D D D D D D D D D D D D D D / Y U W Z W S S S S S S S S S S S S S S S S, [6, 7, 8, 9, 10, 11, 12, 13, 14, 15, 16, 17, 18, 19, 20] - [-674796263, -674796263, -674796263, -674796263, -674796263, -674796263, -674796263, -674796263, -674796263, -674796263, -674796263, -674796263, -674796263, -674796263, -674796263]]
23212 [main] INFO de.learnlib.api.logging.LoggingBlackBoxProperty - Property violated: '(!(letter == "U") W (letter == "W"))'
23212 [main] INFO de.learnlib.api.logging.LoggingBlackBoxProperty - Counter example for property: OmegaQuery[ε|D C D D E C D D E C D D E C D D E C D D E C D D E C D D E C D D E C D D E C D D E C D D E C D D E C D D E C D D E C D D E C / Y U W Z X U W Z X U W Z X U W Z X U W Z X U W Z X U W Z X U W Z X U W Z X U W Z X U W Z X U W Z X U W Z X U W Z X U W Z X U, [2, 6, 10, 14, 18, 22, 26, 30, 34, 38, 42, 46, 50, 54, 58] - [-662873838, -662873838, -662873838, -662873838, -662873838, -662873838, -662873838, -662873838, -662873838, -662873838, -662873838, -662873838, -662873838, -662873838, -662873838]]
23410 [main] INFO de.learnlib.api.logging.LoggingBlackBoxProperty - Property violated: '(!(true U (letter == "Z")) || ((!(letter == "E") || (!(letter == "Z") U ((letter == "Y") && !(letter == "Z")))) U (letter == "Z")))'
23410 [main] INFO de.learnlib.api.logging.LoggingBlackBoxProperty - Counter example for property: OmegaQuery[ε|D C B E B C D E C D D E C D D E C D D E C D D E C D D E C D D E C D D E C D D E C D D E C D D E C D D E C D D E C D D E C D D E C D D E C D D / Y U S X W X U X U W Z X U W Z X U W Z X U W Z X U W Z X U W Z X U W Z X U W Z X U W Z X U W Z X U W Z X U W Z X U W Z X U W Z X U W Z X U W Z, [11, 15, 19, 23, 27, 31, 35, 39, 43, 47, 51, 55, 59, 63, 67] - [-662877201, -662877201, -662877201, -662877201, -662877201, -662877201, -662877201, -662877201, -662877201, -662877201, -662877201, -662877201, -662877201, -662877201, -662877201]]
23658 [main] INFO de.learnlib.api.logging.LoggingBlackBoxProperty - Property violated: '(false R (!(letter == "Z") || (false R (!(letter == "E") || (true U (letter == "V"))))))'
23658 [main] INFO de.learnlib.api.logging.LoggingBlackBoxProperty - Counter example for property: OmegaQuery[ε|D C D D E C D D E C D D E C D D E C D D E C D D E C D D E C D D E C D D E C D D E C D D E C D D E C D D E C D D E C D D E C D D E / Y U W Z X U W Z X U W Z X U W Z X U W Z X U W Z X U W Z X U W Z X U W Z X U W Z X U W Z X U W Z X U W Z X U W Z X U W Z X U W Z X, [5, 9, 13, 17, 21, 25, 29, 33, 37, 41, 45, 49, 53, 57, 61] - [-662887762, -662887762, -662887762, -662887762, -662887762, -662887762, -662887762, -662887762, -662887762, -662887762, -662887762, -662887762, -662887762, -662887762, -662887762]]
24484 [main] INFO de.learnlib.api.logging.LoggingBlackBoxProperty - Property violated: '(false R (!(letter == "E") || (!(true U (letter == "Y")) || (!(letter == "Y") U ((letter == "X") || (((letter == "Z") && !(letter == "Y")) && X (!(letter == "Y") U (letter == "D"))))))))'
24484 [main] INFO de.learnlib.api.logging.LoggingBlackBoxProperty - Counter example for property: OmegaQuery[ε|D C D D B C B E D D B C E C C C C C C C C C C C C C C C C / Y U W Z W S W U W Z W S Z Y Y Y Y Y Y Y Y Y Y Y Y Y Y Y Y, [14, 15, 16, 17, 18, 19, 20, 21, 22, 23, 24, 25, 26, 27, 28] - [-639676336, -639676336, -639676336, -639676336, -639676336, -639676336, -639676336, -639676336, -639676336, -639676336, -639676336, -639676336, -639676336, -639676336, -639676336]]
24935 [main] INFO de.learnlib.api.logging.LoggingBlackBoxProperty - Property violated: '(false R (!(((letter == "E") && !(letter == "Y")) && (true U (letter == "Y"))) || (!(letter == "Z") U ((letter == "W") || (letter == "Y")))))'
24935 [main] INFO de.learnlib.api.logging.LoggingBlackBoxProperty - Counter example for property: OmegaQuery[ε|D C D D E C B E E D E B D E C D D E C D D E C D D E C D D E C D D E C D D E C D D E C D D E C D D E C D D E C D D E C D D E C D D E C D D E C D D E / Y U W Z X U S X Z W U S U Y U W Z X U W Z X U W Z X U W Z X U W Z X U W Z X U W Z X U W Z X U W Z X U W Z X U W Z X U W Z X U W Z X U W Z X U W Z X, [14, 18, 22, 26, 30, 34, 38, 42, 46, 50, 54, 58, 62, 66, 70] - [-687122425, -687122425, -687122425, -687122425, -687122425, -687122425, -687122425, -687122425, -687122425, -687122425, -687122425, -687122425, -687122425, -687122425, -687122425]]
25766 [main] INFO de.learnlib.api.logging.LoggingBlackBoxProperty - Property violated: '(false R (!(letter == "S") || (false R (!(letter == "B") || (((letter == "X") && !(letter == "Z")) && X (!(letter == "Z") U (letter == "V")))))))'
25766 [main] INFO de.learnlib.api.logging.LoggingBlackBoxProperty - Counter example for property: OmegaQuery[ε|D C D D B C B C D D C D D C D D C D D C D D C D D C D D C D D C D D C D D C D D C D D C D D C D D C D D / Y U W Z W S W X U W X U W X U W X U W X U W X U W X U W X U W X U W X U W X U W X U W X U W X U W X U W, [7, 10, 13, 16, 19, 22, 25, 28, 31, 34, 37, 40, 43, 46, 49] - [-674792664, -663907577, -663907577, -663907577, -663907577, -663907577, -663907577, -663907577, -663907577, -663907577, -663907577, -663907577, -663907577, -663907577, -663907577]]
25920 [main] INFO de.learnlib.util.Experiment - Searching for counterexample
25970 [main] INFO de.learnlib.util.Experiment - Query[ε|D C D D B E E C / Y U W Z W Z  S]
25970 [main] INFO de.learnlib.util.Experiment - Starting round 2
25970 [main] INFO de.learnlib.util.Experiment - Learning
25971 [main] INFO de.learnlib.util.BBCExperiment - Searching for property violation
36322 [main] INFO de.learnlib.util.Experiment - Searching for counterexample
36337 [main] INFO de.learnlib.util.Experiment - Query[ε|D C E B D C / Y U W Y U ]
36337 [main] INFO de.learnlib.util.Experiment - Starting round 3
36337 [main] INFO de.learnlib.util.Experiment - Learning
36341 [main] INFO de.learnlib.util.BBCExperiment - Searching for property violation
39072 [main] INFO de.learnlib.api.logging.LoggingBlackBoxProperty - Property violated: '(false R (!(((letter == "Y") && !(letter == "C")) && (true U (letter == "C"))) || (!(letter == "U") U ((letter == "B") || (letter == "C")))))'
39072 [main] INFO de.learnlib.api.logging.LoggingBlackBoxProperty - Counter example for property: OmegaQuery[ε|D C E B D D C D D D D D D D D D D D D D D D D D D D D D / Y U W Y U X S S S S S S S S S S S S S S S S S S S S S S, [7, 8, 9, 10, 11, 12, 13, 14, 15, 16, 17, 18, 19, 20, 21, 22, 23, 24, 25, 26, 27] - [-675206843, -675206843, -675206843, -675206843, -675206843, -675206843, -675206843, -675206843, -675206843, -675206843, -675206843, -675206843, -675206843, -675206843, -675206843, -675206843, -675206843, -675206843, -675206843, -675206843, -675206843]]
48384 [main] INFO de.learnlib.util.Experiment - Searching for counterexample
slurmstepd-ctit069: error: *** STEP 35954.0 ON ctit069 CANCELLED AT 2017-11-30T12:13:38 DUE TO TIME LIMIT ***
