14 [main] INFO nl.utwente.fmt.rers.Main - multiplier is: 1.0
14 [main] INFO nl.utwente.fmt.rers.Main - minimum unfolds is : 3
210 [main] INFO nl.utwente.fmt.rers.RERSExperiment - Parsed formula #1: (false R (!(letter == "Z") || ((!(((letter == "W") && !(letter == "C")) && X (!(letter == "C") U ((letter == "S") && !(letter == "C")))) U ((letter == "C") || (letter == "U"))) || (false R !((letter == "W") && X (true U (letter == "S")))))))
211 [main] INFO nl.utwente.fmt.rers.RERSExperiment - Parsed formula #2: (false R ((letter == "B") && (!!(letter == "F") || ((!(letter == "C") || (!(letter == "F") U ((letter == "X") && !(letter == "F")))) W (letter == "F")))))
212 [main] INFO nl.utwente.fmt.rers.RERSExperiment - Parsed formula #3: (!(true U (letter == "X")) || (!(letter == "S") U ((letter == "Z") || (letter == "X"))))
213 [main] INFO nl.utwente.fmt.rers.RERSExperiment - Parsed formula #4: (false R (!((letter == "F") && (true U (letter == "A"))) || (!(letter == "O") U ((letter == "A") || (((letter == "U") && !(letter == "O")) && X (!(letter == "O") U (letter == "B")))))))
214 [main] INFO nl.utwente.fmt.rers.RERSExperiment - Parsed formula #5: (false R (!(letter == "G") || (false R (!(letter == "H") || ((letter == "T") && X (true U (letter == "Q")))))))
215 [main] INFO nl.utwente.fmt.rers.RERSExperiment - Parsed formula #6: (false R (!(letter == "V") || ((!(((letter == "X") && !(letter == "O")) && X (!(letter == "O") U ((letter == "T") && !(letter == "O")))) U ((letter == "O") || (letter == "G"))) || (false R !((letter == "X") && X (true U (letter == "T")))))))
216 [main] INFO nl.utwente.fmt.rers.RERSExperiment - Parsed formula #7: (false R (!(letter == "I") || (true U ((letter == "P") && X (true U (letter == "Q"))))))
217 [main] INFO nl.utwente.fmt.rers.RERSExperiment - Parsed formula #8: (false R (!((letter == "Z") && (true U (letter == "G"))) || (!(((letter == "U") && !(letter == "G")) && X (!(letter == "G") U ((letter == "X") && !(letter == "G")))) U ((letter == "G") || (letter == "F")))))
218 [main] INFO nl.utwente.fmt.rers.RERSExperiment - Parsed formula #9: (false R (!(letter == "H") || (true U ((letter == "V") && X (true U (letter == "Y"))))))
218 [main] INFO nl.utwente.fmt.rers.RERSExperiment - Parsed formula #10: ((false R !(letter == "E")) || (true U ((letter == "E") && (!(letter == "Z") W (letter == "T")))))
219 [main] INFO nl.utwente.fmt.rers.RERSExperiment - Parsed formula #11: (!(true U (letter == "Q")) || (!(letter == "Q") U (((letter == "U") && !(letter == "Q")) && X (!(letter == "Q") U (letter == "A")))))
219 [main] INFO nl.utwente.fmt.rers.RERSExperiment - Parsed formula #12: (false R (!(letter == "R") || (false R (!(letter == "E") || ((letter == "O") && X (true U (letter == "V")))))))
220 [main] INFO nl.utwente.fmt.rers.RERSExperiment - Parsed formula #13: (false R (!((letter == "Z") && (true U (letter == "I"))) || (((letter == "H") && (!X (!(letter == "I") U (letter == "D")) || X (!(letter == "I") U ((letter == "D") && (true U (letter == "W")))))) U (letter == "I"))))
221 [main] INFO nl.utwente.fmt.rers.RERSExperiment - Parsed formula #14: (false R (!(letter == "E") || (true U (((letter == "S") && !(letter == "X")) && X (!(letter == "X") U (letter == "T"))))))
221 [main] INFO nl.utwente.fmt.rers.RERSExperiment - Parsed formula #15: (!(true U (letter == "Q")) || ((!(letter == "J") || (!(letter == "Q") U ((((letter == "S") && !(letter == "Q")) && !(letter == "P")) && X ((!(letter == "Q") && !(letter == "P")) U (letter == "Z"))))) U (letter == "Q")))
222 [main] INFO nl.utwente.fmt.rers.RERSExperiment - Parsed formula #16: (!(true U ((letter == "T") && X (true U (letter == "Y")))) || (!(letter == "T") U (letter == "W")))
222 [main] INFO nl.utwente.fmt.rers.RERSExperiment - Parsed formula #17: (!(true U (letter == "A")) || (!(letter == "W") U ((letter == "A") || (((letter == "H") && !(letter == "W")) && X (!(letter == "W") U (letter == "I"))))))
223 [main] INFO nl.utwente.fmt.rers.RERSExperiment - Parsed formula #18: (false R (!(letter == "F") || ((!(letter == "C") || (!(letter == "O") U ((((letter == "Y") && !(letter == "O")) && !(letter == "R")) && X ((!(letter == "O") && !(letter == "R")) U (letter == "T"))))) U ((letter == "O") || (false R (!(letter == "C") || (((letter == "Y") && !(letter == "R")) && X (!(letter == "R") U (letter == "T")))))))))
223 [main] INFO nl.utwente.fmt.rers.RERSExperiment - Parsed formula #19: ((false R !(letter == "D")) || (true U ((letter == "D") && (!(letter == "P") W (letter == "R")))))
224 [main] INFO nl.utwente.fmt.rers.RERSExperiment - Parsed formula #20: (!(true U ((letter == "U") && X (true U (letter == "Y")))) || (!(letter == "U") U (letter == "E")))
224 [main] INFO nl.utwente.fmt.rers.RERSExperiment - Parsed formula #21: (false R (!(letter == "H") || ((!(letter == "C") || (!(letter == "O") U ((((letter == "X") && !(letter == "O")) && !(letter == "P")) && X ((!(letter == "O") && !(letter == "P")) U (letter == "Y"))))) U ((letter == "O") || (false R (!(letter == "C") || (((letter == "X") && !(letter == "P")) && X (!(letter == "P") U (letter == "Y")))))))))
225 [main] INFO nl.utwente.fmt.rers.RERSExperiment - Parsed formula #22: (false R (!((letter == "T") && (true U (letter == "B"))) || (((letter == "E") && (!X (!(letter == "B") U (letter == "G")) || X (!(letter == "B") U ((letter == "G") && (true U (letter == "O")))))) U (letter == "B"))))
225 [main] INFO nl.utwente.fmt.rers.RERSExperiment - Parsed formula #23: ((false R !(letter == "Z")) || (true U ((letter == "Z") && (!(letter == "V") W (letter == "O")))))
226 [main] INFO nl.utwente.fmt.rers.RERSExperiment - Parsed formula #24: (false R (!(letter == "S") || (false R ((letter == "J") && (!X (true U (letter == "I")) || X (!(letter == "I") U ((letter == "I") && (true U (letter == "Z")))))))))
226 [main] INFO nl.utwente.fmt.rers.RERSExperiment - Parsed formula #25: (false R (!((letter == "O") && (true U (letter == "T"))) || (!(((letter == "S") && !(letter == "T")) && X (!(letter == "T") U ((letter == "W") && !(letter == "T")))) U ((letter == "T") || (letter == "V")))))
227 [main] INFO nl.utwente.fmt.rers.RERSExperiment - Parsed formula #26: (!(true U (letter == "F")) || (((letter == "G") && (!X (!(letter == "F") U (letter == "B")) || X (!(letter == "F") U ((letter == "B") && (true U (letter == "V")))))) U (letter == "F")))
227 [main] INFO nl.utwente.fmt.rers.RERSExperiment - Parsed formula #27: (!(true U (letter == "R")) || (!(letter == "R") U (((letter == "J") && !(letter == "R")) && X (!(letter == "R") U (letter == "D")))))
227 [main] INFO nl.utwente.fmt.rers.RERSExperiment - Parsed formula #28: (!(true U (letter == "A")) || (!(letter == "W") U ((letter == "C") || (letter == "A"))))
228 [main] INFO nl.utwente.fmt.rers.RERSExperiment - Parsed formula #29: (false R (!((letter == "J") && (true U (letter == "E"))) || (!(letter == "O") U ((letter == "E") || (((letter == "P") && !(letter == "O")) && X (!(letter == "O") U (letter == "Z")))))))
228 [main] INFO nl.utwente.fmt.rers.RERSExperiment - Parsed formula #30: (false R (!(((letter == "I") && !(letter == "P")) && (true U (letter == "P"))) || ((!(letter == "E") || (!(letter == "P") U ((letter == "S") && !(letter == "P")))) U (letter == "P"))))
228 [main] INFO nl.utwente.fmt.rers.RERSExperiment - Parsed formula #31: (!(true U (letter == "Q")) || ((!(letter == "D") || (!(letter == "Q") U ((letter == "P") && !(letter == "Q")))) U (letter == "Q")))
229 [main] INFO nl.utwente.fmt.rers.RERSExperiment - Parsed formula #32: (!(true U (letter == "V")) || (!(((letter == "O") && !(letter == "V")) && X (!(letter == "V") U ((letter == "Z") && !(letter == "V")))) U ((letter == "V") || (letter == "B"))))
229 [main] INFO nl.utwente.fmt.rers.RERSExperiment - Parsed formula #33: (false R (!(letter == "H") || (true U ((letter == "V") && X (true U (letter == "U"))))))
229 [main] INFO nl.utwente.fmt.rers.RERSExperiment - Parsed formula #34: (!(true U (letter == "O")) || ((!(letter == "C") || (!(letter == "O") U ((letter == "U") && !(letter == "O")))) U (letter == "O")))
230 [main] INFO nl.utwente.fmt.rers.RERSExperiment - Parsed formula #35: ((false R !(letter == "T")) || (!(letter == "T") U ((letter == "T") && (!(true U (letter == "S")) || (!(letter == "S") U (((letter == "B") && !(letter == "S")) && X (!(letter == "S") U (letter == "Q"))))))))
230 [main] INFO nl.utwente.fmt.rers.RERSExperiment - Parsed formula #36: (false R (!(letter == "I") || (true U (letter == "W"))))
231 [main] INFO nl.utwente.fmt.rers.RERSExperiment - Parsed formula #37: (false R (!((letter == "J") && (true U (letter == "H"))) || (!(((letter == "Q") && !(letter == "H")) && X (!(letter == "H") U ((letter == "V") && !(letter == "H")))) U ((letter == "H") || (letter == "D")))))
231 [main] INFO nl.utwente.fmt.rers.RERSExperiment - Parsed formula #38: (false R (!(letter == "A") || (false R ((letter == "B") && (!X (true U (letter == "F")) || X (!(letter == "F") U ((letter == "F") && (true U (letter == "Q")))))))))
231 [main] INFO nl.utwente.fmt.rers.RERSExperiment - Parsed formula #39: (false R (!(letter == "I") || (true U ((letter == "Q") && X (true U (letter == "V"))))))
232 [main] INFO nl.utwente.fmt.rers.RERSExperiment - Parsed formula #40: (false R (!(letter == "G") || (false R (!(letter == "J") || (true U (letter == "R"))))))
232 [main] INFO nl.utwente.fmt.rers.RERSExperiment - Parsed formula #41: ((false R !(letter == "S")) || (!(letter == "S") U ((letter == "S") && (!(true U (letter == "P")) || (!(letter == "P") U (((letter == "O") && !(letter == "P")) && X (!(letter == "P") U (letter == "I"))))))))
232 [main] INFO nl.utwente.fmt.rers.RERSExperiment - Parsed formula #42: ((false R !(letter == "D")) || (true U ((letter == "D") && (!(letter == "S") W (letter == "U")))))
233 [main] INFO nl.utwente.fmt.rers.RERSExperiment - Parsed formula #43: (false R (!(letter == "D") || (true U ((letter == "W") && X (true U (letter == "P"))))))
233 [main] INFO nl.utwente.fmt.rers.RERSExperiment - Parsed formula #44: (false R (!(letter == "C") || ((!(letter == "I") || (!(letter == "U") U (((letter == "Q") && !(letter == "U")) && X (!(letter == "U") U (letter == "O"))))) U ((letter == "U") || (false R (!(letter == "I") || ((letter == "Q") && X (true U (letter == "O")))))))))
233 [main] INFO nl.utwente.fmt.rers.RERSExperiment - Parsed formula #45: (false R ((letter == "U") && (!!(letter == "W") || (!(letter == "Z") W ((letter == "O") || (letter == "W"))))))
234 [main] INFO nl.utwente.fmt.rers.RERSExperiment - Parsed formula #46: (false R (!(letter == "J") || (true U ((letter == "X") && X (true U (letter == "Q"))))))
234 [main] INFO nl.utwente.fmt.rers.RERSExperiment - Parsed formula #47: (false R (!(letter == "V") || (false R (!(letter == "C") || (((letter == "S") && !(letter == "T")) && X (!(letter == "T") U (letter == "Z")))))))
234 [main] INFO nl.utwente.fmt.rers.RERSExperiment - Parsed formula #48: (!(true U (letter == "R")) || ((!(letter == "F") || (!(letter == "R") U ((((letter == "U") && !(letter == "R")) && !(letter == "W")) && X ((!(letter == "R") && !(letter == "W")) U (letter == "S"))))) U (letter == "R")))
234 [main] INFO nl.utwente.fmt.rers.RERSExperiment - Parsed formula #49: (false R (!((letter == "A") && (true U (letter == "W"))) || (!(letter == "O") U ((letter == "W") || (((letter == "Z") && !(letter == "O")) && X (!(letter == "O") U (letter == "E")))))))
235 [main] INFO nl.utwente.fmt.rers.RERSExperiment - Parsed formula #50: (false R (!(letter == "H") || ((!(letter == "E") || (!(letter == "X") U (((letter == "U") && !(letter == "X")) && X (!(letter == "X") U (letter == "V"))))) U ((letter == "X") || (false R (!(letter == "E") || ((letter == "U") && X (true U (letter == "V")))))))))
236 [main] INFO nl.utwente.fmt.rers.RERSExperiment - Parsed formula #51: (false R (!(letter == "S") || ((!(letter == "J") || (!(letter == "Z") U ((((letter == "X") && !(letter == "Z")) && !(letter == "R")) && X ((!(letter == "Z") && !(letter == "R")) U (letter == "U"))))) U ((letter == "Z") || (false R (!(letter == "J") || (((letter == "X") && !(letter == "R")) && X (!(letter == "R") U (letter == "U")))))))))
236 [main] INFO nl.utwente.fmt.rers.RERSExperiment - Parsed formula #52: (false R (!((letter == "A") && (true U (letter == "W"))) || (((letter == "H") && (!X (!(letter == "W") U (letter == "I")) || X (!(letter == "W") U ((letter == "I") && (true U (letter == "S")))))) U (letter == "W"))))
236 [main] INFO nl.utwente.fmt.rers.RERSExperiment - Parsed formula #53: (!(true U (letter == "T")) || (!(letter == "Z") U ((letter == "P") || (letter == "T"))))
236 [main] INFO nl.utwente.fmt.rers.RERSExperiment - Parsed formula #54: (!(true U (letter == "S")) || (!(letter == "V") U ((letter == "S") || (((letter == "O") && !(letter == "V")) && X (!(letter == "V") U (letter == "G"))))))
237 [main] INFO nl.utwente.fmt.rers.RERSExperiment - Parsed formula #55: (false R (!(letter == "Q") || (!(true U (letter == "Y")) || (!(letter == "Y") U ((letter == "X") || (((letter == "Z") && !(letter == "Y")) && X (!(letter == "Y") U (letter == "B"))))))))
237 [main] INFO nl.utwente.fmt.rers.RERSExperiment - Parsed formula #56: (false R ((letter == "U") && (!!(letter == "D") || ((!(letter == "C") || (!(letter == "D") U ((letter == "T") && !(letter == "D")))) W (letter == "D")))))
237 [main] INFO nl.utwente.fmt.rers.RERSExperiment - Parsed formula #57: (!(true U (letter == "J")) || (!(letter == "Z") U ((letter == "J") || (((letter == "W") && !(letter == "Z")) && X (!(letter == "Z") U (letter == "I"))))))
237 [main] INFO nl.utwente.fmt.rers.RERSExperiment - Parsed formula #58: (!(true U (letter == "O")) || (!(letter == "X") U ((letter == "E") || (letter == "O"))))
238 [main] INFO nl.utwente.fmt.rers.RERSExperiment - Parsed formula #59: (false R (!(letter == "A") || (true U ((letter == "X") && X (true U (letter == "Q"))))))
238 [main] INFO nl.utwente.fmt.rers.RERSExperiment - Parsed formula #60: (!(letter == "S") W (letter == "X"))
238 [main] INFO nl.utwente.fmt.rers.RERSExperiment - Parsed formula #61: (false R (!(letter == "F") || (true U ((letter == "Q") && X (true U (letter == "P"))))))
238 [main] INFO nl.utwente.fmt.rers.RERSExperiment - Parsed formula #62: ((false R !(letter == "W")) || (!(letter == "W") U ((letter == "W") && (!(true U ((letter == "Z") && X (true U (letter == "X")))) || (!(letter == "Z") U (letter == "I"))))))
239 [main] INFO nl.utwente.fmt.rers.RERSExperiment - Parsed formula #63: (false R (!(letter == "J") || (!(true U (letter == "T")) || (!(letter == "T") U ((letter == "R") || (((letter == "E") && !(letter == "T")) && X (!(letter == "T") U (letter == "F"))))))))
239 [main] INFO nl.utwente.fmt.rers.RERSExperiment - Parsed formula #64: (false R (!(((letter == "I") && !(letter == "D")) && (true U (letter == "D"))) || (!(letter == "R") U ((letter == "F") || (letter == "D")))))
239 [main] INFO nl.utwente.fmt.rers.RERSExperiment - Parsed formula #65: (false R (!(((letter == "U") && !(letter == "O")) && (true U (letter == "O"))) || (!(letter == "S") U ((letter == "Y") || (letter == "O")))))
240 [main] INFO nl.utwente.fmt.rers.RERSExperiment - Parsed formula #66: (false R (!((letter == "R") && (true U (letter == "Q"))) || (!(letter == "W") U ((letter == "Q") || (((letter == "X") && !(letter == "W")) && X (!(letter == "W") U (letter == "E")))))))
240 [main] INFO nl.utwente.fmt.rers.RERSExperiment - Parsed formula #67: (!(true U (letter == "U")) || (!(((letter == "X") && !(letter == "U")) && X (!(letter == "U") U ((letter == "W") && !(letter == "U")))) U ((letter == "U") || (letter == "E"))))
240 [main] INFO nl.utwente.fmt.rers.RERSExperiment - Parsed formula #68: (false R (!((letter == "C") && (true U (letter == "A"))) || (!(letter == "V") U ((letter == "A") || (((letter == "P") && !(letter == "V")) && X (!(letter == "V") U (letter == "X")))))))
240 [main] INFO nl.utwente.fmt.rers.RERSExperiment - Parsed formula #69: (false R ((letter == "Y") && (!!(letter == "R") || (!(letter == "U") W ((letter == "D") || (letter == "R"))))))
241 [main] INFO nl.utwente.fmt.rers.RERSExperiment - Parsed formula #70: (!(true U (letter == "H")) || (!(((letter == "O") && !(letter == "H")) && X (!(letter == "H") U ((letter == "R") && !(letter == "H")))) U ((letter == "H") || (letter == "W"))))
241 [main] INFO nl.utwente.fmt.rers.RERSExperiment - Parsed formula #71: (false R (!((letter == "D") && (true U (letter == "Y"))) || (((letter == "E") && (!X (!(letter == "Y") U (letter == "I")) || X (!(letter == "Y") U ((letter == "I") && (true U (letter == "P")))))) U (letter == "Y"))))
241 [main] INFO nl.utwente.fmt.rers.RERSExperiment - Parsed formula #72: ((false R !(letter == "I")) || (!(letter == "I") U ((letter == "I") && (!(true U (letter == "W")) || (!(letter == "W") U (((letter == "U") && !(letter == "W")) && X (!(letter == "W") U (letter == "Y"))))))))
241 [main] INFO nl.utwente.fmt.rers.RERSExperiment - Parsed formula #73: (!(letter == "Q") W (letter == "C"))
241 [main] INFO nl.utwente.fmt.rers.RERSExperiment - Parsed formula #74: ((false R !(letter == "E")) || (!(letter == "E") U ((letter == "E") && (!(true U ((letter == "V") && X (true U (letter == "Q")))) || (!(letter == "V") U (letter == "W"))))))
242 [main] INFO nl.utwente.fmt.rers.RERSExperiment - Parsed formula #75: (false R (!((letter == "P") && (true U (letter == "Z"))) || (((letter == "A") && (!X (!(letter == "Z") U (letter == "J")) || X (!(letter == "Z") U ((letter == "J") && (true U (letter == "V")))))) U (letter == "Z"))))
242 [main] INFO nl.utwente.fmt.rers.RERSExperiment - Parsed formula #76: (false R (!(letter == "S") || (!(true U (letter == "T")) || (!(letter == "T") U ((letter == "V") || (((letter == "C") && !(letter == "T")) && X (!(letter == "T") U (letter == "Q"))))))))
243 [main] INFO nl.utwente.fmt.rers.RERSExperiment - Parsed formula #77: (!(true U (letter == "C")) || ((!(letter == "J") || (!(letter == "C") U (((letter == "P") && !(letter == "C")) && X (!(letter == "C") U (letter == "O"))))) U (letter == "C")))
243 [main] INFO nl.utwente.fmt.rers.RERSExperiment - Parsed formula #78: (!(true U (letter == "D")) || (!(letter == "T") U ((letter == "D") || (((letter == "W") && !(letter == "T")) && X (!(letter == "T") U (letter == "H"))))))
243 [main] INFO nl.utwente.fmt.rers.RERSExperiment - Parsed formula #79: (false R (!(letter == "G") || (false R (!(letter == "J") || (true U (letter == "W"))))))
243 [main] INFO nl.utwente.fmt.rers.RERSExperiment - Parsed formula #80: ((false R !(letter == "Z")) || (!(letter == "Z") U ((letter == "Z") && (!(true U ((letter == "X") && X (true U (letter == "Q")))) || (!(letter == "X") U (letter == "D"))))))
243 [main] INFO nl.utwente.fmt.rers.RERSExperiment - Parsed formula #81: (false R (!(((letter == "Q") && !(letter == "B")) && (true U (letter == "B"))) || (!(letter == "W") U ((letter == "O") || (letter == "B")))))
244 [main] INFO nl.utwente.fmt.rers.RERSExperiment - Parsed formula #82: ((false R !(letter == "J")) || (true U ((letter == "J") && (!(letter == "R") W (letter == "C")))))
244 [main] INFO nl.utwente.fmt.rers.RERSExperiment - Parsed formula #83: (false R (!(((letter == "X") && !(letter == "P")) && (true U (letter == "P"))) || ((!(letter == "C") || (!(letter == "P") U ((letter == "S") && !(letter == "P")))) U (letter == "P"))))
244 [main] INFO nl.utwente.fmt.rers.RERSExperiment - Parsed formula #84: (false R (!((letter == "P") && (true U (letter == "S"))) || (!(((letter == "Z") && !(letter == "S")) && X (!(letter == "S") U ((letter == "R") && !(letter == "S")))) U ((letter == "S") || (letter == "O")))))
244 [main] INFO nl.utwente.fmt.rers.RERSExperiment - Parsed formula #85: ((false R !(letter == "H")) || (!(letter == "H") U ((letter == "H") && (!(true U ((letter == "S") && X (true U (letter == "X")))) || (!(letter == "S") U (letter == "V"))))))
244 [main] INFO nl.utwente.fmt.rers.RERSExperiment - Parsed formula #86: (false R (!(letter == "D") || (!(true U (letter == "Q")) || (!(letter == "Q") U ((letter == "B") || (((letter == "C") && !(letter == "Q")) && X (!(letter == "Q") U (letter == "Y"))))))))
245 [main] INFO nl.utwente.fmt.rers.RERSExperiment - Parsed formula #87: (!(true U (letter == "O")) || ((!(letter == "D") || (!(letter == "O") U ((((letter == "V") && !(letter == "O")) && !(letter == "T")) && X ((!(letter == "O") && !(letter == "T")) U (letter == "S"))))) U (letter == "O")))
245 [main] INFO nl.utwente.fmt.rers.RERSExperiment - Parsed formula #88: (false R ((letter == "P") && (!!(letter == "W") || ((!(letter == "I") || (!(letter == "W") U ((letter == "Y") && !(letter == "W")))) W (letter == "W")))))
245 [main] INFO nl.utwente.fmt.rers.RERSExperiment - Parsed formula #89: (!(true U (letter == "H")) || ((!(letter == "E") || (!(letter == "H") U ((letter == "S") && !(letter == "H")))) U (letter == "H")))
245 [main] INFO nl.utwente.fmt.rers.RERSExperiment - Parsed formula #90: (false R (!(letter == "J") || (!(true U (letter == "P")) || (!(letter == "P") U ((letter == "V") || (((letter == "W") && !(letter == "P")) && X (!(letter == "P") U (letter == "Y"))))))))
245 [main] INFO nl.utwente.fmt.rers.RERSExperiment - Parsed formula #91: ((false R !(letter == "H")) || (!(letter == "H") U ((letter == "H") && (!(true U (letter == "X")) || (!(letter == "X") U (((letter == "A") && !(letter == "X")) && X (!(letter == "X") U (letter == "J"))))))))
246 [main] INFO nl.utwente.fmt.rers.RERSExperiment - Parsed formula #92: (false R (!((letter == "X") && (true U (letter == "U"))) || (!(letter == "V") U ((letter == "U") || (((letter == "C") && !(letter == "V")) && X (!(letter == "V") U (letter == "S")))))))
246 [main] INFO nl.utwente.fmt.rers.RERSExperiment - Parsed formula #93: (false R (!(((letter == "A") && !(letter == "P")) && (true U (letter == "P"))) || ((!(letter == "J") || (!(letter == "P") U ((letter == "U") && !(letter == "P")))) U (letter == "P"))))
246 [main] INFO nl.utwente.fmt.rers.RERSExperiment - Parsed formula #94: (false R (!(letter == "E") || (true U (letter == "S"))))
246 [main] INFO nl.utwente.fmt.rers.RERSExperiment - Parsed formula #95: (false R (!(letter == "D") || ((!(letter == "E") || (!(letter == "Y") U (((letter == "V") && !(letter == "Y")) && X (!(letter == "Y") U (letter == "T"))))) U ((letter == "Y") || (false R (!(letter == "E") || ((letter == "V") && X (true U (letter == "T")))))))))
246 [main] INFO nl.utwente.fmt.rers.RERSExperiment - Parsed formula #96: (!(true U (letter == "P")) || (((letter == "E") && (!X (!(letter == "P") U (letter == "H")) || X (!(letter == "P") U ((letter == "H") && (true U (letter == "U")))))) U (letter == "P")))
246 [main] INFO nl.utwente.fmt.rers.RERSExperiment - Parsed formula #97: (false R (!(letter == "H") || (true U ((letter == "T") && X (true U (letter == "S"))))))
247 [main] INFO nl.utwente.fmt.rers.RERSExperiment - Parsed formula #98: ((false R !(letter == "E")) || (!(letter == "E") U ((letter == "E") && (!(true U ((letter == "R") && X (true U (letter == "O")))) || (!(letter == "R") U (letter == "P"))))))
247 [main] INFO nl.utwente.fmt.rers.RERSExperiment - Parsed formula #99: ((false R !(letter == "V")) || (!(letter == "V") U ((letter == "V") && (!(true U ((letter == "W") && X (true U (letter == "R")))) || (!(letter == "W") U (letter == "A"))))))
247 [main] INFO nl.utwente.fmt.rers.RERSExperiment - Parsed formula #100: (false R (!(((letter == "B") && !(letter == "Q")) && (true U (letter == "Q"))) || (!(letter == "S") U ((letter == "Z") || (letter == "Q")))))
252 [main] INFO de.learnlib.util.Experiment - Starting round 1
252 [main] INFO de.learnlib.util.Experiment - Learning
259 [main] INFO de.learnlib.util.BBCExperiment - Searching for property violation
934 [main] INFO de.learnlib.api.logging.LoggingBlackBoxProperty - Spurious counterexample found for property: '(false R (!(letter == "I") || (true U ((letter == "Q") && X (true U (letter == "V"))))))'
934 [main] INFO de.learnlib.api.logging.LoggingBlackBoxProperty - Spurious counterexample: Query[ε|I I I I / O   ]
967 [main] INFO de.learnlib.util.BBCExperiment - Searching for property violation
1173 [main] INFO de.learnlib.api.logging.LoggingBlackBoxProperty - Spurious counterexample found for property: '(!(true U (letter == "F")) || (((letter == "G") && (!X (!(letter == "F") U (letter == "B")) || X (!(letter == "F") U ((letter == "B") && (true U (letter == "V")))))) U (letter == "F")))'
1173 [main] INFO de.learnlib.api.logging.LoggingBlackBoxProperty - Spurious counterexample: Query[ε|I F F F F / O T   ]
1193 [main] INFO de.learnlib.util.BBCExperiment - Searching for property violation
1324 [main] INFO de.learnlib.api.logging.LoggingBlackBoxProperty - Spurious counterexample found for property: '(false R (!(letter == "R") || (false R (!(letter == "E") || ((letter == "O") && X (true U (letter == "V")))))))'
1324 [main] INFO de.learnlib.api.logging.LoggingBlackBoxProperty - Spurious counterexample: Query[ε|I F C H E E E E E E / O T R T Y     ]
1328 [main] INFO de.learnlib.util.BBCExperiment - Searching for property violation
1433 [main] INFO nl.utwente.fmt.rers.RERSProperty - possibly false: #11, (false R (!(letter == "R") || (false R (!(letter == "E") || ((letter == "O") && X (true U (letter == "V"))))))) (1 times, fixed)
1433 [main] INFO nl.utwente.fmt.rers.RERSProperty - query: Query[ε|I F C H E A H E A H E A H E / O T R T Y T T Y T T Y T T Y]
1490 [main] INFO nl.utwente.fmt.rers.RERSProperty - possibly false: #11, (false R (!(letter == "R") || (false R (!(letter == "E") || ((letter == "O") && X (true U (letter == "V"))))))) (1 times, relative)
1490 [main] INFO nl.utwente.fmt.rers.RERSProperty - query: Query[ε|I F C H E A H E A H E A H E A H E A H E A H E / O T R T Y T T Y T T Y T T Y T T Y T T Y T T Y]
1534 [main] INFO de.learnlib.api.logging.LoggingBlackBoxProperty - Property violated: '(!(true U (letter == "F")) || (((letter == "G") && (!X (!(letter == "F") U (letter == "B")) || X (!(letter == "F") U ((letter == "B") && (true U (letter == "V")))))) U (letter == "F")))'
1534 [main] INFO de.learnlib.api.logging.LoggingBlackBoxProperty - Counter example for property: OmegaQuery[ε|I F C H C H C H C H C H C H / O T R T R T R T R T R T R T, [2, 4, 6, 8, 10, 12] - [-256198708, -1332477942, -1332477942, -1332477942, -1332477942, -1332477942]]
1774 [main] INFO de.learnlib.api.logging.LoggingBlackBoxProperty - Property violated: '(false R (!(letter == "I") || (true U ((letter == "Q") && X (true U (letter == "V"))))))'
1774 [main] INFO de.learnlib.api.logging.LoggingBlackBoxProperty - Counter example for property: OmegaQuery[ε|I F C H C H C H C H C H C H / O T R T R T R T R T R T R T, [2, 4, 6, 8, 10, 12] - [-256198708, -1332477942, -1332477942, -1332477942, -1332477942, -1332477942]]
1965 [main] INFO nl.utwente.fmt.rers.RERSProperty - possibly false: #49, (false R (!(letter == "H") || ((!(letter == "E") || (!(letter == "X") U (((letter == "U") && !(letter == "X")) && X (!(letter == "X") U (letter == "V"))))) U ((letter == "X") || (false R (!(letter == "E") || ((letter == "U") && X (true U (letter == "V"))))))))) (1 times, fixed)
1965 [main] INFO nl.utwente.fmt.rers.RERSProperty - query: Query[ε|I F C H E A H E A H E A H / O T R T Y T T Y T T Y T T]
2038 [main] INFO nl.utwente.fmt.rers.RERSProperty - possibly false: #49, (false R (!(letter == "H") || ((!(letter == "E") || (!(letter == "X") U (((letter == "U") && !(letter == "X")) && X (!(letter == "X") U (letter == "V"))))) U ((letter == "X") || (false R (!(letter == "E") || ((letter == "U") && X (true U (letter == "V"))))))))) (1 times, relative)
2038 [main] INFO nl.utwente.fmt.rers.RERSProperty - query: Query[ε|I F C H E A H E A H E A H E A H E A H E A H / O T R T Y T T Y T T Y T T Y T T Y T T Y T T]
2239 [main] INFO de.learnlib.api.logging.LoggingBlackBoxProperty - Property violated: '(false R ((letter == "U") && (!!(letter == "D") || ((!(letter == "C") || (!(letter == "D") U ((letter == "T") && !(letter == "D")))) W (letter == "D")))))'
2239 [main] INFO de.learnlib.api.logging.LoggingBlackBoxProperty - Counter example for property: OmegaQuery[ε|I F C H C H C H C H C H C H / O T R T R T R T R T R T R T, [2, 4, 6, 8, 10, 12] - [-256198708, -1332477942, -1332477942, -1332477942, -1332477942, -1332477942]]
2518 [main] INFO de.learnlib.api.logging.LoggingBlackBoxProperty - Property violated: '(false R (!(letter == "I") || (true U ((letter == "P") && X (true U (letter == "Q"))))))'
2518 [main] INFO de.learnlib.api.logging.LoggingBlackBoxProperty - Counter example for property: OmegaQuery[ε|I F C H C H C H C H C H C H / O T R T R T R T R T R T R T, [2, 4, 6, 8, 10, 12] - [-256198708, -1332477942, -1332477942, -1332477942, -1332477942, -1332477942]]
3181 [main] INFO de.learnlib.api.logging.LoggingBlackBoxProperty - Spurious counterexample found for property: '(false R (!(letter == "F") || ((!(letter == "C") || (!(letter == "O") U ((((letter == "Y") && !(letter == "O")) && !(letter == "R")) && X ((!(letter == "O") && !(letter == "R")) U (letter == "T"))))) U ((letter == "O") || (false R (!(letter == "C") || (((letter == "Y") && !(letter == "R")) && X (!(letter == "R") U (letter == "T")))))))))'
3181 [main] INFO de.learnlib.api.logging.LoggingBlackBoxProperty - Spurious counterexample: Query[ε|I F C F A H C H C H C H C H C H C / O T R Y   T          ]
3187 [main] INFO de.learnlib.util.BBCExperiment - Searching for property violation
3298 [main] INFO nl.utwente.fmt.rers.RERSProperty - possibly false: #11, (false R (!(letter == "R") || (false R (!(letter == "E") || ((letter == "O") && X (true U (letter == "V"))))))) (2 times, fixed)
3298 [main] INFO nl.utwente.fmt.rers.RERSProperty - query: Query[ε|I F C H E A H E A H E A H E / O T R T Y T T Y T T Y T T Y]
3346 [main] INFO nl.utwente.fmt.rers.RERSProperty - possibly false: #11, (false R (!(letter == "R") || (false R (!(letter == "E") || ((letter == "O") && X (true U (letter == "V"))))))) (2 times, relative)
3346 [main] INFO nl.utwente.fmt.rers.RERSProperty - query: Query[ε|I F C H E A H E A H E A H E A H E A H E A H E A H E A H E / O T R T Y T T Y T T Y T T Y T T Y T T Y T T Y T T Y T T Y]
3657 [main] INFO nl.utwente.fmt.rers.RERSProperty - possibly false: #49, (false R (!(letter == "H") || ((!(letter == "E") || (!(letter == "X") U (((letter == "U") && !(letter == "X")) && X (!(letter == "X") U (letter == "V"))))) U ((letter == "X") || (false R (!(letter == "E") || ((letter == "U") && X (true U (letter == "V"))))))))) (2 times, fixed)
3657 [main] INFO nl.utwente.fmt.rers.RERSProperty - query: Query[ε|I F C H E A H E A H E A H / O T R T Y T T Y T T Y T T]
3742 [main] INFO nl.utwente.fmt.rers.RERSProperty - possibly false: #49, (false R (!(letter == "H") || ((!(letter == "E") || (!(letter == "X") U (((letter == "U") && !(letter == "X")) && X (!(letter == "X") U (letter == "V"))))) U ((letter == "X") || (false R (!(letter == "E") || ((letter == "U") && X (true U (letter == "V"))))))))) (2 times, relative)
3742 [main] INFO nl.utwente.fmt.rers.RERSProperty - query: Query[ε|I F C H E A H E A H E A H E A H E A H E A H E A H E A H / O T R T Y T T Y T T Y T T Y T T Y T T Y T T Y T T Y T T]
4820 [main] INFO de.learnlib.api.logging.LoggingBlackBoxProperty - Spurious counterexample found for property: '(false R (!(letter == "F") || ((!(letter == "C") || (!(letter == "O") U ((((letter == "Y") && !(letter == "O")) && !(letter == "R")) && X ((!(letter == "O") && !(letter == "R")) U (letter == "T"))))) U ((letter == "O") || (false R (!(letter == "C") || (((letter == "Y") && !(letter == "R")) && X (!(letter == "R") U (letter == "T")))))))))'
4820 [main] INFO de.learnlib.api.logging.LoggingBlackBoxProperty - Spurious counterexample: Query[ε|I F C F C A C H C H C H C H C H C H C H C H / O T R Y T S                ]
4830 [main] INFO de.learnlib.util.BBCExperiment - Searching for property violation
4943 [main] INFO nl.utwente.fmt.rers.RERSProperty - possibly false: #11, (false R (!(letter == "R") || (false R (!(letter == "E") || ((letter == "O") && X (true U (letter == "V"))))))) (3 times, fixed)
4943 [main] INFO nl.utwente.fmt.rers.RERSProperty - query: Query[ε|I F C H E A H E A H E A H E / O T R T Y T T Y T T Y T T Y]
4998 [main] INFO nl.utwente.fmt.rers.RERSProperty - possibly false: #11, (false R (!(letter == "R") || (false R (!(letter == "E") || ((letter == "O") && X (true U (letter == "V"))))))) (3 times, relative)
4999 [main] INFO nl.utwente.fmt.rers.RERSProperty - query: Query[ε|I F C H E A H E A H E A H E A H E A H E A H E A H E A H E A H E A H E A H E / O T R T Y T T Y T T Y T T Y T T Y T T Y T T Y T T Y T T Y T T Y T T Y T T Y]
5059 [main] INFO de.learnlib.api.logging.LoggingBlackBoxProperty - Property violated: '(false R (!((letter == "Z") && (true U (letter == "I"))) || (((letter == "H") && (!X (!(letter == "I") U (letter == "D")) || X (!(letter == "I") U ((letter == "D") && (true U (letter == "W")))))) U (letter == "I"))))'
5059 [main] INFO de.learnlib.api.logging.LoggingBlackBoxProperty - Counter example for property: OmegaQuery[ε|I F C F C A B I I I I I I I I I I I I / O T R Y T S Z V V V V V V V V V V V V, [8, 9, 10, 11, 12, 13, 14, 15, 16, 17, 18] - [809844101, 809844101, 809844101, 809844101, 809844101, 809844101, 809844101, 809844101, 809844101, 809844101, 809844101]]
5267 [main] INFO de.learnlib.api.logging.LoggingBlackBoxProperty - Property violated: '(false R (!(letter == "H") || ((!(letter == "E") || (!(letter == "X") U (((letter == "U") && !(letter == "X")) && X (!(letter == "X") U (letter == "V"))))) U ((letter == "X") || (false R (!(letter == "E") || ((letter == "U") && X (true U (letter == "V")))))))))'
5267 [main] INFO de.learnlib.api.logging.LoggingBlackBoxProperty - Counter example for property: OmegaQuery[ε|I F C H C F C A E I I I I I I I I I I I / O T R T R Y T S Y Z Z Z Z Z Z Z Z Z Z Z, [9, 10, 11, 12, 13, 14, 15, 16, 17, 18, 19] - [1265746236, -1887868677, -1887868677, -1887868677, -1887868677, -1887868677, -1887868677, -1887868677, -1887868677, -1887868677, -1887868677]]
6522 [main] INFO de.learnlib.api.logging.LoggingBlackBoxProperty - Property violated: '(false R (!(letter == "F") || ((!(letter == "C") || (!(letter == "O") U ((((letter == "Y") && !(letter == "O")) && !(letter == "R")) && X ((!(letter == "O") && !(letter == "R")) U (letter == "T"))))) U ((letter == "O") || (false R (!(letter == "C") || (((letter == "Y") && !(letter == "R")) && X (!(letter == "R") U (letter == "T")))))))))'
6522 [main] INFO de.learnlib.api.logging.LoggingBlackBoxProperty - Counter example for property: OmegaQuery[ε|I F C F G C H C H C H C H C H C H C H C H C H C H C H / O T R Y Y R T R T R T R T R T R T R T R T R T R T R T, [5, 7, 9, 11, 13, 15, 17, 19, 21, 23, 25] - [809885633, -1332523195, -1332523195, -1332523195, -1332523195, -1332523195, -1332523195, -1332523195, -1332523195, -1332523195, -1332523195]]
6937 [main] INFO de.learnlib.api.logging.LoggingBlackBoxProperty - Property violated: '(!(true U ((letter == "T") && X (true U (letter == "Y")))) || (!(letter == "T") U (letter == "W")))'
6937 [main] INFO de.learnlib.api.logging.LoggingBlackBoxProperty - Counter example for property: OmegaQuery[ε|I F C F C A B I I I I I I I I I I I / O T R Y T S Z V V V V V V V V V V V, [7, 8, 9, 10, 11, 12, 13, 14, 15, 16, 17] - [809844101, 809844101, 809844101, 809844101, 809844101, 809844101, 809844101, 809844101, 809844101, 809844101, 809844101]]
7208 [main] INFO de.learnlib.api.logging.LoggingBlackBoxProperty - Property violated: '(false R ((letter == "Y") && (!!(letter == "R") || (!(letter == "U") W ((letter == "D") || (letter == "R"))))))'
7208 [main] INFO de.learnlib.api.logging.LoggingBlackBoxProperty - Counter example for property: OmegaQuery[ε|I F C H C H C H C H C H C H C H C H C H C H C H / O T R T R T R T R T R T R T R T R T R T R T R T, [2, 4, 6, 8, 10, 12, 14, 16, 18, 20, 22] - [-256198708, -1332477942, -1332477942, -1332477942, -1332477942, -1332477942, -1332477942, -1332477942, -1332477942, -1332477942, -1332477942]]
7316 [main] INFO de.learnlib.api.logging.LoggingBlackBoxProperty - Property violated: '(false R ((letter == "U") && (!!(letter == "W") || (!(letter == "Z") W ((letter == "O") || (letter == "W"))))))'
7316 [main] INFO de.learnlib.api.logging.LoggingBlackBoxProperty - Counter example for property: OmegaQuery[ε|I F C H C H C H C H C H C H C H C H C H C H C H / O T R T R T R T R T R T R T R T R T R T R T R T, [2, 4, 6, 8, 10, 12, 14, 16, 18, 20, 22] - [-256198708, -1332477942, -1332477942, -1332477942, -1332477942, -1332477942, -1332477942, -1332477942, -1332477942, -1332477942, -1332477942]]
7441 [main] INFO de.learnlib.api.logging.LoggingBlackBoxProperty - Property violated: '(false R (!(letter == "E") || (true U (letter == "S"))))'
7441 [main] INFO de.learnlib.api.logging.LoggingBlackBoxProperty - Counter example for property: OmegaQuery[ε|I F C F C A E I I I I I I I I I I I / O T R Y T S Y Z Z Z Z Z Z Z Z Z Z Z, [7, 8, 9, 10, 11, 12, 13, 14, 15, 16, 17] - [1265746236, -1887868677, -1887868677, -1887868677, -1887868677, -1887868677, -1887868677, -1887868677, -1887868677, -1887868677, -1887868677]]
8215 [main] INFO de.learnlib.api.logging.LoggingBlackBoxProperty - Property violated: '(!(true U (letter == "R")) || ((!(letter == "F") || (!(letter == "R") U ((((letter == "U") && !(letter == "R")) && !(letter == "W")) && X ((!(letter == "R") && !(letter == "W")) U (letter == "S"))))) U (letter == "R")))'
8215 [main] INFO de.learnlib.api.logging.LoggingBlackBoxProperty - Counter example for property: OmegaQuery[ε|I F C H C H C H C H C H C H C H C H C H C H C H C / O T R T R T R T R T R T R T R T R T R T R T R T R, [3, 5, 7, 9, 11, 13, 15, 17, 19, 21, 23] - [-1332477940, -1332477940, -1332477940, -1332477940, -1332477940, -1332477940, -1332477940, -1332477940, -1332477940, -1332477940, -1332477940]]
8581 [main] INFO de.learnlib.api.logging.LoggingBlackBoxProperty - Property violated: '(false R (!(letter == "H") || (true U ((letter == "V") && X (true U (letter == "U"))))))'
8581 [main] INFO de.learnlib.api.logging.LoggingBlackBoxProperty - Counter example for property: OmegaQuery[ε|I F C H C H C H C H C H C H C H C H C H C H C H C H / O T R T R T R T R T R T R T R T R T R T R T R T R T, [4, 6, 8, 10, 12, 14, 16, 18, 20, 22, 24] - [-1332477942, -1332477942, -1332477942, -1332477942, -1332477942, -1332477942, -1332477942, -1332477942, -1332477942, -1332477942, -1332477942]]
8911 [main] INFO de.learnlib.api.logging.LoggingBlackBoxProperty - Property violated: '((false R !(letter == "E")) || (!(letter == "E") U ((letter == "E") && (!(true U ((letter == "R") && X (true U (letter == "O")))) || (!(letter == "R") U (letter == "P"))))))'
8911 [main] INFO de.learnlib.api.logging.LoggingBlackBoxProperty - Counter example for property: OmegaQuery[ε|I F E A H C F C A B A A B I I I I I I I I I I I / O T Y T T R Y T S Z O S Z V V V V V V V V V V V, [13, 14, 15, 16, 17, 18, 19, 20, 21, 22, 23] - [809826696, 809826696, 809826696, 809826696, 809826696, 809826696, 809826696, 809826696, 809826696, 809826696, 809826696]]
9215 [main] INFO de.learnlib.api.logging.LoggingBlackBoxProperty - Property violated: '(!(true U (letter == "X")) || (!(letter == "S") U ((letter == "Z") || (letter == "X"))))'
9215 [main] INFO de.learnlib.api.logging.LoggingBlackBoxProperty - Counter example for property: OmegaQuery[ε|I F C F C A E B B I I I I I I I I I I I / O T R Y T S Y X Z V V V V V V V V V V V, [9, 10, 11, 12, 13, 14, 15, 16, 17, 18, 19] - [797726740, 797726740, 797726740, 797726740, 797726740, 797726740, 797726740, 797726740, 797726740, 797726740, 797726740]]
9869 [main] INFO de.learnlib.api.logging.LoggingBlackBoxProperty - Property violated: '(false R (!((letter == "T") && (true U (letter == "B"))) || (((letter == "E") && (!X (!(letter == "B") U (letter == "G")) || X (!(letter == "B") U ((letter == "G") && (true U (letter == "O")))))) U (letter == "B"))))'
9869 [main] INFO de.learnlib.api.logging.LoggingBlackBoxProperty - Counter example for property: OmegaQuery[ε|I F C F C A B I I I I I I I I I I I / O T R Y T S Z V V V V V V V V V V V, [7, 8, 9, 10, 11, 12, 13, 14, 15, 16, 17] - [809844101, 809844101, 809844101, 809844101, 809844101, 809844101, 809844101, 809844101, 809844101, 809844101, 809844101]]
10031 [main] INFO de.learnlib.api.logging.LoggingBlackBoxProperty - Property violated: '((false R !(letter == "E")) || (true U ((letter == "E") && (!(letter == "Z") W (letter == "T")))))'
10031 [main] INFO de.learnlib.api.logging.LoggingBlackBoxProperty - Counter example for property: OmegaQuery[ε|I F C F C A E I I I I I I I I I I I I / O T R Y T S Y Z Z Z Z Z Z Z Z Z Z Z Z, [8, 9, 10, 11, 12, 13, 14, 15, 16, 17, 18] - [-1887868677, -1887868677, -1887868677, -1887868677, -1887868677, -1887868677, -1887868677, -1887868677, -1887868677, -1887868677, -1887868677]]
10432 [main] INFO de.learnlib.api.logging.LoggingBlackBoxProperty - Property violated: '(false R (!(letter == "I") || (true U (letter == "W"))))'
10433 [main] INFO de.learnlib.api.logging.LoggingBlackBoxProperty - Counter example for property: OmegaQuery[ε|I F C H C H C H C H C H C H C H C H C H C H C H / O T R T R T R T R T R T R T R T R T R T R T R T, [2, 4, 6, 8, 10, 12, 14, 16, 18, 20, 22] - [-256198708, -1332477942, -1332477942, -1332477942, -1332477942, -1332477942, -1332477942, -1332477942, -1332477942, -1332477942, -1332477942]]
10740 [main] INFO de.learnlib.api.logging.LoggingBlackBoxProperty - Property violated: '(!(true U (letter == "H")) || (!(((letter == "O") && !(letter == "H")) && X (!(letter == "H") U ((letter == "R") && !(letter == "H")))) U ((letter == "H") || (letter == "W"))))'
10740 [main] INFO de.learnlib.api.logging.LoggingBlackBoxProperty - Counter example for property: OmegaQuery[ε|I F C H C H C H C H C H C H C H C H C H C H C H C H / O T R T R T R T R T R T R T R T R T R T R T R T R T, [4, 6, 8, 10, 12, 14, 16, 18, 20, 22, 24] - [-1332477942, -1332477942, -1332477942, -1332477942, -1332477942, -1332477942, -1332477942, -1332477942, -1332477942, -1332477942, -1332477942]]
11269 [main] INFO de.learnlib.api.logging.LoggingBlackBoxProperty - Property violated: '(false R (!(letter == "H") || (true U ((letter == "V") && X (true U (letter == "Y"))))))'
11269 [main] INFO de.learnlib.api.logging.LoggingBlackBoxProperty - Counter example for property: OmegaQuery[ε|I F C H C H C H C H C H C H C H C H C H C H C H C H / O T R T R T R T R T R T R T R T R T R T R T R T R T, [4, 6, 8, 10, 12, 14, 16, 18, 20, 22, 24] - [-1332477942, -1332477942, -1332477942, -1332477942, -1332477942, -1332477942, -1332477942, -1332477942, -1332477942, -1332477942, -1332477942]]
11517 [main] INFO de.learnlib.api.logging.LoggingBlackBoxProperty - Property violated: '(false R (!(letter == "F") || (true U ((letter == "Q") && X (true U (letter == "P"))))))'
11517 [main] INFO de.learnlib.api.logging.LoggingBlackBoxProperty - Counter example for property: OmegaQuery[ε|I F C H C H C H C H C H C H C H C H C H C H C H / O T R T R T R T R T R T R T R T R T R T R T R T, [2, 4, 6, 8, 10, 12, 14, 16, 18, 20, 22] - [-256198708, -1332477942, -1332477942, -1332477942, -1332477942, -1332477942, -1332477942, -1332477942, -1332477942, -1332477942, -1332477942]]
11654 [main] INFO de.learnlib.api.logging.LoggingBlackBoxProperty - Property violated: '(!(true U (letter == "V")) || (!(((letter == "O") && !(letter == "V")) && X (!(letter == "V") U ((letter == "Z") && !(letter == "V")))) U ((letter == "V") || (letter == "B"))))'
11654 [main] INFO de.learnlib.api.logging.LoggingBlackBoxProperty - Counter example for property: OmegaQuery[ε|I F C F C A B I I I I I I I I I I I I / O T R Y T S Z V V V V V V V V V V V V, [8, 9, 10, 11, 12, 13, 14, 15, 16, 17, 18] - [809844101, 809844101, 809844101, 809844101, 809844101, 809844101, 809844101, 809844101, 809844101, 809844101, 809844101]]
12045 [main] INFO de.learnlib.api.logging.LoggingBlackBoxProperty - Spurious counterexample found for property: '((false R !(letter == "W")) || (!(letter == "W") U ((letter == "W") && (!(true U ((letter == "Z") && X (true U (letter == "X")))) || (!(letter == "Z") U (letter == "I"))))))'
12045 [main] INFO de.learnlib.api.logging.LoggingBlackBoxProperty - Spurious counterexample: Query[ε|E C A B A A E B B I I I I I I I I I I I / W                   ]
12049 [main] INFO de.learnlib.util.BBCExperiment - Searching for property violation
12158 [main] INFO nl.utwente.fmt.rers.RERSProperty - possibly false: #11, (false R (!(letter == "R") || (false R (!(letter == "E") || ((letter == "O") && X (true U (letter == "V"))))))) (4 times, fixed)
12158 [main] INFO nl.utwente.fmt.rers.RERSProperty - query: Query[ε|I F C H E A H E A H E A H E / O T R T Y T T Y T T Y T T Y]
12209 [main] INFO nl.utwente.fmt.rers.RERSProperty - possibly false: #11, (false R (!(letter == "R") || (false R (!(letter == "E") || ((letter == "O") && X (true U (letter == "V"))))))) (4 times, relative)
12209 [main] INFO nl.utwente.fmt.rers.RERSProperty - query: Query[ε|I F C H E A H E A H E A H E A H E A H E A H E A H E A H E A H E A H E A H E A H E / O T R T Y T T Y T T Y T T Y T T Y T T Y T T Y T T Y T T Y T T Y T T Y T T Y T T Y]
17006 [main] INFO de.learnlib.api.logging.LoggingBlackBoxProperty - Property violated: '(false R ((letter == "P") && (!!(letter == "W") || ((!(letter == "I") || (!(letter == "W") U ((letter == "Y") && !(letter == "W")))) W (letter == "W")))))'
17006 [main] INFO de.learnlib.api.logging.LoggingBlackBoxProperty - Counter example for property: OmegaQuery[ε|I F C H C H C H C H C H C H C H C H C H C H C H C H / O T R T R T R T R T R T R T R T R T R T R T R T R T, [2, 4, 6, 8, 10, 12, 14, 16, 18, 20, 22, 24] - [-256198708, -1332477942, -1332477942, -1332477942, -1332477942, -1332477942, -1332477942, -1332477942, -1332477942, -1332477942, -1332477942, -1332477942]]
17367 [main] INFO de.learnlib.api.logging.LoggingBlackBoxProperty - Property violated: '(false R (!(letter == "S") || (false R ((letter == "J") && (!X (true U (letter == "I")) || X (!(letter == "I") U ((letter == "I") && (true U (letter == "Z")))))))))'
17368 [main] INFO de.learnlib.api.logging.LoggingBlackBoxProperty - Counter example for property: OmegaQuery[ε|I F C F C A B I I I I I I I I I I I I / O T R Y T S Z V V V V V V V V V V V V, [7, 8, 9, 10, 11, 12, 13, 14, 15, 16, 17, 18] - [809844101, 809844101, 809844101, 809844101, 809844101, 809844101, 809844101, 809844101, 809844101, 809844101, 809844101, 809844101]]
17549 [main] INFO de.learnlib.api.logging.LoggingBlackBoxProperty - Property violated: '((false R !(letter == "H")) || (!(letter == "H") U ((letter == "H") && (!(true U ((letter == "S") && X (true U (letter == "X")))) || (!(letter == "S") U (letter == "V"))))))'
17549 [main] INFO de.learnlib.api.logging.LoggingBlackBoxProperty - Counter example for property: OmegaQuery[ε|I F C H C F C A E B B I I I I I I I I I I I I / O T R T R Y T S Y X Z V V V V V V V V V V V V, [11, 12, 13, 14, 15, 16, 17, 18, 19, 20, 21, 22] - [797726740, 797726740, 797726740, 797726740, 797726740, 797726740, 797726740, 797726740, 797726740, 797726740, 797726740, 797726740]]
18631 [main] INFO de.learnlib.api.logging.LoggingBlackBoxProperty - Property violated: '(false R (!((letter == "P") && (true U (letter == "Z"))) || (((letter == "A") && (!X (!(letter == "Z") U (letter == "J")) || X (!(letter == "Z") U ((letter == "J") && (true U (letter == "V")))))) U (letter == "Z"))))'
18631 [main] INFO de.learnlib.api.logging.LoggingBlackBoxProperty - Counter example for property: OmegaQuery[ε|G I B I I I I I I I I I I I I / P S Z V V V V V V V V V V V V, [3, 4, 5, 6, 7, 8, 9, 10, 11, 12, 13, 14] - [809931126, 809931126, 809931126, 809931126, 809931126, 809931126, 809931126, 809931126, 809931126, 809931126, 809931126, 809931126]]
19120 [main] INFO de.learnlib.api.logging.LoggingBlackBoxProperty - Property violated: '(!(true U (letter == "R")) || (!(letter == "R") U (((letter == "J") && !(letter == "R")) && X (!(letter == "R") U (letter == "D")))))'
19120 [main] INFO de.learnlib.api.logging.LoggingBlackBoxProperty - Counter example for property: OmegaQuery[ε|I F C H C H C H C H C H C H C H C H C H C H C H C H C / O T R T R T R T R T R T R T R T R T R T R T R T R T R, [3, 5, 7, 9, 11, 13, 15, 17, 19, 21, 23, 25] - [-1332477940, -1332477940, -1332477940, -1332477940, -1332477940, -1332477940, -1332477940, -1332477940, -1332477940, -1332477940, -1332477940, -1332477940]]
19839 [main] INFO de.learnlib.api.logging.LoggingBlackBoxProperty - Property violated: '((false R !(letter == "Z")) || (true U ((letter == "Z") && (!(letter == "V") W (letter == "O")))))'
19839 [main] INFO de.learnlib.api.logging.LoggingBlackBoxProperty - Counter example for property: OmegaQuery[ε|I F C F C A B I I I I I I I I I I I I I / O T R Y T S Z V V V V V V V V V V V V V, [8, 9, 10, 11, 12, 13, 14, 15, 16, 17, 18, 19] - [809844101, 809844101, 809844101, 809844101, 809844101, 809844101, 809844101, 809844101, 809844101, 809844101, 809844101, 809844101]]
20153 [main] INFO de.learnlib.api.logging.LoggingBlackBoxProperty - Property violated: '(!(letter == "S") W (letter == "X"))'
20153 [main] INFO de.learnlib.api.logging.LoggingBlackBoxProperty - Counter example for property: OmegaQuery[ε|I F C F C A B I I I I I I I I I I I I / O T R Y T S Z V V V V V V V V V V V V, [7, 8, 9, 10, 11, 12, 13, 14, 15, 16, 17, 18] - [809844101, 809844101, 809844101, 809844101, 809844101, 809844101, 809844101, 809844101, 809844101, 809844101, 809844101, 809844101]]
20588 [main] INFO de.learnlib.api.logging.LoggingBlackBoxProperty - Property violated: '(false R (!(letter == "A") || (false R ((letter == "B") && (!X (true U (letter == "F")) || X (!(letter == "F") U ((letter == "F") && (true U (letter == "Q")))))))))'
20588 [main] INFO de.learnlib.api.logging.LoggingBlackBoxProperty - Counter example for property: OmegaQuery[ε|I F C F C A B I I I I I I I I I I I I / O T R Y T S Z V V V V V V V V V V V V, [7, 8, 9, 10, 11, 12, 13, 14, 15, 16, 17, 18] - [809844101, 809844101, 809844101, 809844101, 809844101, 809844101, 809844101, 809844101, 809844101, 809844101, 809844101, 809844101]]
20973 [main] INFO de.learnlib.api.logging.LoggingBlackBoxProperty - Property violated: '(false R ((letter == "B") && (!!(letter == "F") || ((!(letter == "C") || (!(letter == "F") U ((letter == "X") && !(letter == "F")))) W (letter == "F")))))'
20973 [main] INFO de.learnlib.api.logging.LoggingBlackBoxProperty - Counter example for property: OmegaQuery[ε|I F C H C H C H C H C H C H C H C H C H C H C H C H / O T R T R T R T R T R T R T R T R T R T R T R T R T, [2, 4, 6, 8, 10, 12, 14, 16, 18, 20, 22, 24] - [-256198708, -1332477942, -1332477942, -1332477942, -1332477942, -1332477942, -1332477942, -1332477942, -1332477942, -1332477942, -1332477942, -1332477942]]
22322 [main] INFO de.learnlib.api.logging.LoggingBlackBoxProperty - Property violated: '((false R !(letter == "T")) || (!(letter == "T") U ((letter == "T") && (!(true U (letter == "S")) || (!(letter == "S") U (((letter == "B") && !(letter == "S")) && X (!(letter == "S") U (letter == "Q"))))))))'
22322 [main] INFO de.learnlib.api.logging.LoggingBlackBoxProperty - Counter example for property: OmegaQuery[ε|I F C F C A B I I I I I I I I I I I I / O T R Y T S Z V V V V V V V V V V V V, [7, 8, 9, 10, 11, 12, 13, 14, 15, 16, 17, 18] - [809844101, 809844101, 809844101, 809844101, 809844101, 809844101, 809844101, 809844101, 809844101, 809844101, 809844101, 809844101]]
22505 [main] INFO de.learnlib.api.logging.LoggingBlackBoxProperty - Property violated: '(!(true U (letter == "H")) || ((!(letter == "E") || (!(letter == "H") U ((letter == "S") && !(letter == "H")))) U (letter == "H")))'
22505 [main] INFO de.learnlib.api.logging.LoggingBlackBoxProperty - Counter example for property: OmegaQuery[ε|I F E A H C H C H C H C H C H C H C H C H C H C H C H C H / O T Y T T R T R T R T R T R T R T R T R T R T R T R T R T, [5, 7, 9, 11, 13, 15, 17, 19, 21, 23, 25, 27] - [-1332481423, -1332481423, -1332481423, -1332481423, -1332481423, -1332481423, -1332481423, -1332481423, -1332481423, -1332481423, -1332481423, -1332481423]]
23497 [main] INFO de.learnlib.api.logging.LoggingBlackBoxProperty - Property violated: '((false R !(letter == "H")) || (!(letter == "H") U ((letter == "H") && (!(true U (letter == "X")) || (!(letter == "X") U (((letter == "A") && !(letter == "X")) && X (!(letter == "X") U (letter == "J"))))))))'
23497 [main] INFO de.learnlib.api.logging.LoggingBlackBoxProperty - Counter example for property: OmegaQuery[ε|I F C H C F C A E B B I I I I I I I I I I I I / O T R T R Y T S Y X Z V V V V V V V V V V V V, [11, 12, 13, 14, 15, 16, 17, 18, 19, 20, 21, 22] - [797726740, 797726740, 797726740, 797726740, 797726740, 797726740, 797726740, 797726740, 797726740, 797726740, 797726740, 797726740]]
23909 [main] INFO de.learnlib.api.logging.LoggingBlackBoxProperty - Property violated: '(false R (!(letter == "G") || (false R (!(letter == "H") || ((letter == "T") && X (true U (letter == "Q")))))))'
23909 [main] INFO de.learnlib.api.logging.LoggingBlackBoxProperty - Counter example for property: OmegaQuery[ε|I F C F G C H C H C H C H C H C H C H C H C H C H C H C H C H / O T R Y Y R T R T R T R T R T R T R T R T R T R T R T R T R T, [7, 9, 11, 13, 15, 17, 19, 21, 23, 25, 27, 29] - [-1332523195, -1332523195, -1332523195, -1332523195, -1332523195, -1332523195, -1332523195, -1332523195, -1332523195, -1332523195, -1332523195, -1332523195]]
24194 [main] INFO de.learnlib.api.logging.LoggingBlackBoxProperty - Property violated: '(false R (!(letter == "H") || (true U ((letter == "T") && X (true U (letter == "S"))))))'
24195 [main] INFO de.learnlib.api.logging.LoggingBlackBoxProperty - Counter example for property: OmegaQuery[ε|I F C H C H C H C H C H C H C H C H C H C H C H C H C H / O T R T R T R T R T R T R T R T R T R T R T R T R T R T, [4, 6, 8, 10, 12, 14, 16, 18, 20, 22, 24, 26] - [-1332477942, -1332477942, -1332477942, -1332477942, -1332477942, -1332477942, -1332477942, -1332477942, -1332477942, -1332477942, -1332477942, -1332477942]]
24335 [main] INFO de.learnlib.api.logging.LoggingBlackBoxProperty - Property violated: '(false R (!(letter == "E") || (true U (((letter == "S") && !(letter == "X")) && X (!(letter == "X") U (letter == "T"))))))'
24335 [main] INFO de.learnlib.api.logging.LoggingBlackBoxProperty - Counter example for property: OmegaQuery[ε|I F C F C A E I I I I I I I I I I I I / O T R Y T S Y Z Z Z Z Z Z Z Z Z Z Z Z, [7, 8, 9, 10, 11, 12, 13, 14, 15, 16, 17, 18] - [1265746236, -1887868677, -1887868677, -1887868677, -1887868677, -1887868677, -1887868677, -1887868677, -1887868677, -1887868677, -1887868677, -1887868677]]
24894 [main] INFO de.learnlib.api.logging.LoggingBlackBoxProperty - Property violated: '(false R (!(letter == "A") || (true U ((letter == "X") && X (true U (letter == "Q"))))))'
24894 [main] INFO de.learnlib.api.logging.LoggingBlackBoxProperty - Counter example for property: OmegaQuery[ε|I F C F C A B I I I I I I I I I I I I / O T R Y T S Z V V V V V V V V V V V V, [7, 8, 9, 10, 11, 12, 13, 14, 15, 16, 17, 18] - [809844101, 809844101, 809844101, 809844101, 809844101, 809844101, 809844101, 809844101, 809844101, 809844101, 809844101, 809844101]]
25519 [main] INFO de.learnlib.api.logging.LoggingBlackBoxProperty - Property violated: '(!(true U (letter == "P")) || (((letter == "E") && (!X (!(letter == "P") U (letter == "H")) || X (!(letter == "P") U ((letter == "H") && (true U (letter == "U")))))) U (letter == "P")))'
25519 [main] INFO de.learnlib.api.logging.LoggingBlackBoxProperty - Counter example for property: OmegaQuery[ε|G I B I I I I I I I I I I I I / P S Z V V V V V V V V V V V V, [3, 4, 5, 6, 7, 8, 9, 10, 11, 12, 13, 14] - [809931126, 809931126, 809931126, 809931126, 809931126, 809931126, 809931126, 809931126, 809931126, 809931126, 809931126, 809931126]]
25879 [main] INFO de.learnlib.api.logging.LoggingBlackBoxProperty - Property violated: '(false R (!(letter == "H") || ((!(letter == "C") || (!(letter == "O") U ((((letter == "X") && !(letter == "O")) && !(letter == "P")) && X ((!(letter == "O") && !(letter == "P")) U (letter == "Y"))))) U ((letter == "O") || (false R (!(letter == "C") || (((letter == "X") && !(letter == "P")) && X (!(letter == "P") U (letter == "Y")))))))))'
25879 [main] INFO de.learnlib.api.logging.LoggingBlackBoxProperty - Counter example for property: OmegaQuery[ε|I F C H C H C H C H C H C H C H C H C H C H C H C H C H / O T R T R T R T R T R T R T R T R T R T R T R T R T R T, [4, 6, 8, 10, 12, 14, 16, 18, 20, 22, 24, 26] - [-1332477942, -1332477942, -1332477942, -1332477942, -1332477942, -1332477942, -1332477942, -1332477942, -1332477942, -1332477942, -1332477942, -1332477942]]
26091 [main] INFO de.learnlib.api.logging.LoggingBlackBoxProperty - Property violated: '(false R (!(letter == "C") || ((!(letter == "I") || (!(letter == "U") U (((letter == "Q") && !(letter == "U")) && X (!(letter == "U") U (letter == "O"))))) U ((letter == "U") || (false R (!(letter == "I") || ((letter == "Q") && X (true U (letter == "O")))))))))'
26091 [main] INFO de.learnlib.api.logging.LoggingBlackBoxProperty - Counter example for property: OmegaQuery[ε|I F C F C A B I I I I I I I I I I I I I / O T R Y T S Z V V V V V V V V V V V V V, [8, 9, 10, 11, 12, 13, 14, 15, 16, 17, 18, 19] - [809844101, 809844101, 809844101, 809844101, 809844101, 809844101, 809844101, 809844101, 809844101, 809844101, 809844101, 809844101]]
27131 [main] INFO de.learnlib.util.Experiment - Searching for counterexample
27161 [main] INFO de.learnlib.util.Experiment - Query[ε|G I E I E / P S Y Z Z]
27161 [main] INFO de.learnlib.util.Experiment - Starting round 2
27161 [main] INFO de.learnlib.util.Experiment - Learning
27163 [main] INFO de.learnlib.util.BBCExperiment - Searching for property violation
27218 [main] INFO de.learnlib.api.logging.LoggingBlackBoxProperty - Property violated: '(false R (!(letter == "R") || (false R (!(letter == "E") || ((letter == "O") && X (true U (letter == "V")))))))'
27218 [main] INFO de.learnlib.api.logging.LoggingBlackBoxProperty - Counter example for property: OmegaQuery[ε|I F C H E A H E A H E A H E A H E A H E A H E A H E A H E A H E A H E A H E A H E A H E / O T R T Y T T Y T T Y T T Y T T Y T T Y T T Y T T Y T T Y T T Y T T Y T T Y T T Y T T Y, [5, 8, 11, 14, 17, 20, 23, 26, 29, 32, 35, 38, 41] - [-512668464, -512671945, -512675426, -512678907, -512682388, -512685869, -512689350, -512692831, -512696312, -512661502, -512664983, -512668464, -512671945]]
35474 [main] INFO de.learnlib.api.logging.LoggingBlackBoxProperty - Property violated: '(false R (!(((letter == "I") && !(letter == "P")) && (true U (letter == "P"))) || ((!(letter == "E") || (!(letter == "P") U ((letter == "S") && !(letter == "P")))) U (letter == "P"))))'
35474 [main] INFO de.learnlib.api.logging.LoggingBlackBoxProperty - Counter example for property: OmegaQuery[ε|I F C F C A E I F I B I I I I I I I I I I I I I / O T R Y T S Y Z P S Z V V V V V V V V V V V V V, [11, 12, 13, 14, 15, 16, 17, 18, 19, 20, 21, 22, 23] - [797754588, 797754588, 797754588, 797754588, 797754588, 797754588, 797754588, 797754588, 797754588, 797754588, 797754588, 797754588, 797754588]]
38515 [main] INFO de.learnlib.api.logging.LoggingBlackBoxProperty - Property violated: '((false R !(letter == "S")) || (!(letter == "S") U ((letter == "S") && (!(true U (letter == "P")) || (!(letter == "P") U (((letter == "O") && !(letter == "P")) && X (!(letter == "P") U (letter == "I"))))))))'
38515 [main] INFO de.learnlib.api.logging.LoggingBlackBoxProperty - Counter example for property: OmegaQuery[ε|I F C F C A E I F I B I I I I I I I I I I I I I / O T R Y T S Y Z P S Z V V V V V V V V V V V V V, [11, 12, 13, 14, 15, 16, 17, 18, 19, 20, 21, 22, 23] - [797754588, 797754588, 797754588, 797754588, 797754588, 797754588, 797754588, 797754588, 797754588, 797754588, 797754588, 797754588, 797754588]]
39385 [main] INFO de.learnlib.util.Experiment - Searching for counterexample
39409 [main] INFO de.learnlib.util.Experiment - Query[ε|E H H E / W S  ]
39409 [main] INFO de.learnlib.util.Experiment - Starting round 3
39409 [main] INFO de.learnlib.util.Experiment - Learning
39439 [main] INFO de.learnlib.util.BBCExperiment - Searching for property violation
48481 [main] INFO de.learnlib.api.logging.LoggingBlackBoxProperty - Spurious counterexample found for property: '(!(true U (letter == "A")) || (!(letter == "W") U ((letter == "A") || (((letter == "H") && !(letter == "W")) && X (!(letter == "W") U (letter == "I"))))))'
48481 [main] INFO de.learnlib.api.logging.LoggingBlackBoxProperty - Spurious counterexample: Query[ε|E H I B A A B A A B A A B A A B A A B A A B A A B A A B A A B A A B A A B A A B A A B A / W S                                          ]
48485 [main] INFO de.learnlib.util.BBCExperiment - Searching for property violation
56592 [main] INFO de.learnlib.api.logging.LoggingBlackBoxProperty - Spurious counterexample found for property: '(false R (!(letter == "D") || (true U ((letter == "W") && X (true U (letter == "P"))))))'
56592 [main] INFO de.learnlib.api.logging.LoggingBlackBoxProperty - Spurious counterexample: Query[ε|E H D D D D D D D D D D D D D D D / W S X W             ]
56600 [main] INFO de.learnlib.util.BBCExperiment - Searching for property violation
61553 [main] INFO de.learnlib.api.logging.LoggingBlackBoxProperty - Spurious counterexample found for property: '((false R !(letter == "D")) || (true U ((letter == "D") && (!(letter == "P") W (letter == "R")))))'
61554 [main] INFO de.learnlib.api.logging.LoggingBlackBoxProperty - Spurious counterexample: Query[ε|E H D D F D G C C C C C C C C C C C C C C C C C C C / W S X W W P R S Y                 ]
61558 [main] INFO de.learnlib.util.BBCExperiment - Searching for property violation
62009 [main] INFO de.learnlib.api.logging.LoggingBlackBoxProperty - Spurious counterexample found for property: '(false R (!((letter == "F") && (true U (letter == "A"))) || (!(letter == "O") U ((letter == "A") || (((letter == "U") && !(letter == "O")) && X (!(letter == "O") U (letter == "B")))))))'
62009 [main] INFO de.learnlib.api.logging.LoggingBlackBoxProperty - Spurious counterexample: Query[ε|E H D D F D G C C I F C F C A B I I I I I I I I I I I I I I I I I I I I / W S X W W P R S Y                           ]
62012 [main] INFO de.learnlib.util.BBCExperiment - Searching for property violation
67060 [main] INFO de.learnlib.api.logging.LoggingBlackBoxProperty - Spurious counterexample found for property: '((false R !(letter == "D")) || (true U ((letter == "D") && (!(letter == "P") W (letter == "R")))))'
67060 [main] INFO de.learnlib.api.logging.LoggingBlackBoxProperty - Spurious counterexample: Query[ε|E H D D F D G C C E I I I I I I I I I I I I I I I I I I I I I I / W S X W W P R S Y W                      ]
67064 [main] INFO de.learnlib.util.BBCExperiment - Searching for property violation
72325 [main] INFO de.learnlib.api.logging.LoggingBlackBoxProperty - Spurious counterexample found for property: '((false R !(letter == "D")) || (true U ((letter == "D") && (!(letter == "P") W (letter == "R")))))'
72325 [main] INFO de.learnlib.api.logging.LoggingBlackBoxProperty - Spurious counterexample: Query[ε|E H D D F D G C C E B F D G C C E B F D G C C E B F D G C C E B F D G C C E B F D G C C E B F D G C C E B F D G C C E B F D G C C E B F D G C C E B F D G C C E B F D G C C E B F D G C C E B F D G C C E B F D G C C E B F D G C C E B F D G C C E B F D G C C E B F D G C C E B F D G C C E B F D G C C E B F D G C C E B F D / W S X W W P R S Y W X W       Y U    R   W      W P R S Y W X W       Y U    R   W      W P R S Y W X W       Y U    R   W      W P R S Y W X W       Y U    R   W      W P R S Y W X W       Y U    R   W      W P R S Y W X W       Y U]
72335 [main] INFO de.learnlib.util.BBCExperiment - Searching for property violation
72887 [main] INFO de.learnlib.api.logging.LoggingBlackBoxProperty - Property violated: '(false R (!(letter == "D") || ((!(letter == "E") || (!(letter == "Y") U (((letter == "V") && !(letter == "Y")) && X (!(letter == "Y") U (letter == "T"))))) U ((letter == "Y") || (false R (!(letter == "E") || ((letter == "V") && X (true U (letter == "T")))))))))'
72888 [main] INFO de.learnlib.api.logging.LoggingBlackBoxProperty - Counter example for property: OmegaQuery[ε|E H D D F D G C C E B F F D E D F D G C C E B F F D E D F D G C C E B F F D E D F D G C C E B F F D E D F D G C C E B F F D E D F D G C C E B F F D E D F D G C C E B F F D E D F D G C C E B F F D E D F D G C C E B F F D E D F D G C C E B F F D E D F D G C C E B F F D E D F D G C C E B F F D E D F D G C C E B F F D E D F D G C C E B F F D E D F D G C C E B F F D E D F D G C C E B F F D E D F D G C C E B F F D E D F D G C C E B F F D E D F D G C C E B F F D E D F D G C C E B F F D E D F D G C C E B F F D E D F D G C C E B F F D E D F D G C C E B F F D E D F D G C C E B F F D E D F D G C C E B F F D E D F D G C C E B F F D E D F D G C C E B F F D E D F D G C C / W S X W W P R S Y W X W Y U R W W P R S Y W X W Y U R W W P R S Y W X W Y U R W W P R S Y W X W Y U R W W P R S Y W X W Y U R W W P R S Y W X W Y U R W W P R S Y W X W Y U R W W P R S Y W X W Y U R W W P R S Y W X W Y U R W W P R S Y W X W Y U R W W P R S Y W X W Y U R W W P R S Y W X W Y U R W W P R S Y W X W Y U R W W P R S Y W X W Y U R W W P R S Y W X W Y U R W W P R S Y W X W Y U R W W P R S Y W X W Y U R W W P R S Y W X W Y U R W W P R S Y W X W Y U R W W P R S Y W X W Y U R W W P R S Y W X W Y U R W W P R S Y W X W Y U R W W P R S Y W X W Y U R W W P R S Y W X W Y U R W W P R S Y W X W Y U R W W P R S Y W X W Y U R W W P R S Y W X W Y U R W W P R S Y, [21, 33, 45, 57, 69, 81, 93, 105, 117, 129, 141, 153, 165, 177, 189, 201, 213, 225, 237, 249, 261, 273, 285, 297, 309, 321] - [376305517, 376305517, 376305517, 376305517, 376305517, 376305517, 376305517, 376305517, 376305517, 376305517, 376305517, 376305517, 376305517, 376305517, 376305517, 376305517, 376305517, 376305517, 376305517, 376305517, 376305517, 376305517, 376305517, 376305517, 376305517, 376305517]]
84985 [main] INFO de.learnlib.api.logging.LoggingBlackBoxProperty - Property violated: '(false R (!((letter == "D") && (true U (letter == "Y"))) || (((letter == "E") && (!X (!(letter == "Y") U (letter == "I")) || X (!(letter == "Y") U ((letter == "I") && (true U (letter == "P")))))) U (letter == "Y"))))'
84985 [main] INFO de.learnlib.api.logging.LoggingBlackBoxProperty - Counter example for property: OmegaQuery[ε|E H D D F D G C C E B F F D E D F D G C C E B F F D E D F D G C C E B F F D E D F D G C C E B F F D E D F D G C C E B F F D E D F D G C C E B F F D E D F D G C C E B F F D E D F D G C C E B F F D E D F D G C C E B F F D E D F D G C C E B F F D E D F D G C C E B F F D E D F D G C C E B F F D E D F D G C C E B F F D E D F D G C C E B F F D E D F D G C C E B F F D E D F D G C C E B F F D E D F D G C C E B F F D E D F D G C C E B F F D E D F D G C C E B F F D E D F D G C C E B F F D E D F D G C C E B F F D E D F D G C C E B F F D E D F D G C C E B F F D E D F D G C C E B F F D E D F D G C C E B F F D E D F D G C C E B F F D E D F D G C C / W S X W W P R S Y W X W Y U R W W P R S Y W X W Y U R W W P R S Y W X W Y U R W W P R S Y W X W Y U R W W P R S Y W X W Y U R W W P R S Y W X W Y U R W W P R S Y W X W Y U R W W P R S Y W X W Y U R W W P R S Y W X W Y U R W W P R S Y W X W Y U R W W P R S Y W X W Y U R W W P R S Y W X W Y U R W W P R S Y W X W Y U R W W P R S Y W X W Y U R W W P R S Y W X W Y U R W W P R S Y W X W Y U R W W P R S Y W X W Y U R W W P R S Y W X W Y U R W W P R S Y W X W Y U R W W P R S Y W X W Y U R W W P R S Y W X W Y U R W W P R S Y W X W Y U R W W P R S Y W X W Y U R W W P R S Y W X W Y U R W W P R S Y W X W Y U R W W P R S Y W X W Y U R W W P R S Y, [9, 21, 33, 45, 57, 69, 81, 93, 105, 117, 129, 141, 153, 165, 177, 189, 201, 213, 225, 237, 249, 261, 273, 285, 297, 309] - [376319382, 376305517, 376305517, 376305517, 376305517, 376305517, 376305517, 376305517, 376305517, 376305517, 376305517, 376305517, 376305517, 376305517, 376305517, 376305517, 376305517, 376305517, 376305517, 376305517, 376305517, 376305517, 376305517, 376305517, 376305517, 376305517]]
90184 [main] INFO de.learnlib.util.Experiment - Searching for counterexample
slurmstepd-ctit083: error: *** STEP 35973.0 ON ctit083 CANCELLED AT 2017-11-30T14:15:38 DUE TO TIME LIMIT ***
