43 [main] INFO nl.utwente.fmt.rers.Main - multiplier is: 1.0
43 [main] INFO nl.utwente.fmt.rers.Main - minimum unfolds is : 3
1340 [main] INFO nl.utwente.fmt.rers.RERSExperiment - Parsed formula #1: (false R (!((letter == "V") && (true U (letter == "C"))) || (((letter == "E") && (!X (!(letter == "C") U (letter == "B")) || X (!(letter == "C") U ((letter == "B") && (true U (letter == "S")))))) U (letter == "C"))))
1342 [main] INFO nl.utwente.fmt.rers.RERSExperiment - Parsed formula #2: ((false R !(letter == "V")) || (!(letter == "V") U ((letter == "V") && (!(true U (letter == "U")) || (!(letter == "U") U (((letter == "E") && !(letter == "U")) && X (!(letter == "U") U (letter == "T"))))))))
1344 [main] INFO nl.utwente.fmt.rers.RERSExperiment - Parsed formula #3: (false R (!(((letter == "Y") && !(letter == "C")) && (true U (letter == "C"))) || (!(letter == "U") U ((letter == "B") || (letter == "C")))))
1345 [main] INFO nl.utwente.fmt.rers.RERSExperiment - Parsed formula #4: (false R (!(letter == "C") || (false R (!(letter == "E") || (((letter == "S") && !(letter == "Y")) && X (!(letter == "Y") U (letter == "X")))))))
1346 [main] INFO nl.utwente.fmt.rers.RERSExperiment - Parsed formula #5: (false R (!(((letter == "U") && !(letter == "S")) && (true U (letter == "S"))) || (!(letter == "Z") U ((letter == "C") || (letter == "S")))))
1348 [main] INFO nl.utwente.fmt.rers.RERSExperiment - Parsed formula #6: (false R ((letter == "Y") && (!!(letter == "W") || (!(letter == "U") W ((letter == "X") || (letter == "W"))))))
1350 [main] INFO nl.utwente.fmt.rers.RERSExperiment - Parsed formula #7: (!(true U (letter == "U")) || (!(letter == "W") U ((letter == "U") || (((letter == "B") && !(letter == "W")) && X (!(letter == "W") U (letter == "V"))))))
1351 [main] INFO nl.utwente.fmt.rers.RERSExperiment - Parsed formula #8: (!(true U (letter == "W")) || (!(letter == "Z") U ((letter == "X") || (letter == "W"))))
1352 [main] INFO nl.utwente.fmt.rers.RERSExperiment - Parsed formula #9: (!(true U ((letter == "T") && X (true U (letter == "U")))) || (!(letter == "T") U (letter == "D")))
1354 [main] INFO nl.utwente.fmt.rers.RERSExperiment - Parsed formula #10: (false R (!(letter == "A") || (!(true U (letter == "Y")) || (!(letter == "Y") U ((letter == "E") || (((letter == "T") && !(letter == "Y")) && X (!(letter == "Y") U (letter == "Z"))))))))
1356 [main] INFO nl.utwente.fmt.rers.RERSExperiment - Parsed formula #11: (!(true U (letter == "W")) || (!(((letter == "V") && !(letter == "W")) && X (!(letter == "W") U ((letter == "T") && !(letter == "W")))) U ((letter == "W") || (letter == "C"))))
1357 [main] INFO nl.utwente.fmt.rers.RERSExperiment - Parsed formula #12: (false R (!(letter == "A") || (true U ((letter == "T") && X (true U (letter == "W"))))))
1360 [main] INFO nl.utwente.fmt.rers.RERSExperiment - Parsed formula #13: (false R (!(letter == "C") || (((letter == "E") && (!X (!(letter == "T") U (letter == "A")) || X (!(letter == "T") U ((letter == "A") && (true U (letter == "U")))))) U ((letter == "T") || (false R ((letter == "E") && (!X (!(letter == "T") U (letter == "A")) || X (!(letter == "T") U ((letter == "A") && (true U (letter == "U")))))))))))
1361 [main] INFO nl.utwente.fmt.rers.RERSExperiment - Parsed formula #14: (!(letter == "U") W (letter == "Y"))
1362 [main] INFO nl.utwente.fmt.rers.RERSExperiment - Parsed formula #15: (!(true U (letter == "V")) || (!(letter == "X") U ((letter == "E") || (letter == "V"))))
1364 [main] INFO nl.utwente.fmt.rers.RERSExperiment - Parsed formula #16: (false R (!(letter == "D") || (false R (!(letter == "B") || ((letter == "W") && X (true U (letter == "U")))))))
1365 [main] INFO nl.utwente.fmt.rers.RERSExperiment - Parsed formula #17: (false R (!((letter == "B") && (true U (letter == "Y"))) || (!(((letter == "V") && !(letter == "Y")) && X (!(letter == "Y") U ((letter == "T") && !(letter == "Y")))) U ((letter == "Y") || (letter == "X")))))
1366 [main] INFO nl.utwente.fmt.rers.RERSExperiment - Parsed formula #18: (false R (!(letter == "E") || (false R (!(letter == "B") || ((letter == "U") && X (true U (letter == "Y")))))))
1367 [main] INFO nl.utwente.fmt.rers.RERSExperiment - Parsed formula #19: (false R (!(letter == "E") || (false R (!(letter == "D") || (true U (letter == "W"))))))
1368 [main] INFO nl.utwente.fmt.rers.RERSExperiment - Parsed formula #20: (false R (!(letter == "E") || (!(true U (letter == "Y")) || (!(letter == "Y") U ((letter == "X") || (((letter == "Z") && !(letter == "Y")) && X (!(letter == "Y") U (letter == "D"))))))))
1370 [main] INFO nl.utwente.fmt.rers.RERSExperiment - Parsed formula #21: (false R (!((letter == "S") && (true U (letter == "B"))) || (((letter == "A") && (!X (!(letter == "B") U (letter == "D")) || X (!(letter == "B") U ((letter == "D") && (true U (letter == "T")))))) U (letter == "B"))))
1371 [main] INFO nl.utwente.fmt.rers.RERSExperiment - Parsed formula #22: (false R (!(((letter == "T") && !(letter == "D")) && (true U (letter == "D"))) || (!(letter == "U") U ((letter == "E") || (letter == "D")))))
1373 [main] INFO nl.utwente.fmt.rers.RERSExperiment - Parsed formula #23: (false R (!((letter == "B") && (true U (letter == "D"))) || (!(((letter == "T") && !(letter == "D")) && X (!(letter == "D") U ((letter == "S") && !(letter == "D")))) U ((letter == "D") || (letter == "E")))))
1373 [main] INFO nl.utwente.fmt.rers.RERSExperiment - Parsed formula #24: (false R (!(letter == "D") || (true U (((letter == "U") && !(letter == "V")) && X (!(letter == "V") U (letter == "Y"))))))
1374 [main] INFO nl.utwente.fmt.rers.RERSExperiment - Parsed formula #25: (!(true U (letter == "A")) || (!(((letter == "S") && !(letter == "A")) && X (!(letter == "A") U ((letter == "Y") && !(letter == "A")))) U ((letter == "A") || (letter == "D"))))
1375 [main] INFO nl.utwente.fmt.rers.RERSExperiment - Parsed formula #26: (false R ((letter == "A") && (!!(letter == "E") || (!(letter == "W") W ((letter == "S") || (letter == "E"))))))
1376 [main] INFO nl.utwente.fmt.rers.RERSExperiment - Parsed formula #27: (false R ((letter == "B") && (!!(letter == "W") || ((!(letter == "A") || (!(letter == "W") U ((letter == "S") && !(letter == "W")))) W (letter == "W")))))
1376 [main] INFO nl.utwente.fmt.rers.RERSExperiment - Parsed formula #28: (false R (!((letter == "E") && (true U (letter == "U"))) || ((!(letter == "C") || (!(letter == "U") U (((letter == "X") && !(letter == "U")) && X (!(letter == "U") U (letter == "S"))))) U (letter == "U"))))
1377 [main] INFO nl.utwente.fmt.rers.RERSExperiment - Parsed formula #29: (false R (!((letter == "W") && (true U (letter == "A"))) || ((!(letter == "B") || (!(letter == "A") U ((((letter == "Y") && !(letter == "A")) && !(letter == "V")) && X ((!(letter == "A") && !(letter == "V")) U (letter == "X"))))) U (letter == "A"))))
1378 [main] INFO nl.utwente.fmt.rers.RERSExperiment - Parsed formula #30: (false R ((letter == "W") && (!!(letter == "E") || (!(letter == "S") W ((letter == "V") || (letter == "E"))))))
1379 [main] INFO nl.utwente.fmt.rers.RERSExperiment - Parsed formula #31: (false R (!(((letter == "A") && !(letter == "X")) && (true U (letter == "X"))) || (!(letter == "W") U ((letter == "T") || (letter == "X")))))
1379 [main] INFO nl.utwente.fmt.rers.RERSExperiment - Parsed formula #32: (!(true U (letter == "X")) || ((!(letter == "E") || (!(letter == "X") U ((letter == "U") && !(letter == "X")))) U (letter == "X")))
1380 [main] INFO nl.utwente.fmt.rers.RERSExperiment - Parsed formula #33: (!(true U (letter == "Z")) || ((!(letter == "E") || (!(letter == "Z") U ((letter == "Y") && !(letter == "Z")))) U (letter == "Z")))
1380 [main] INFO nl.utwente.fmt.rers.RERSExperiment - Parsed formula #34: (!(true U (letter == "Z")) || ((!(letter == "E") || (!(letter == "Z") U (((letter == "S") && !(letter == "Z")) && X (!(letter == "Z") U (letter == "U"))))) U (letter == "Z")))
1381 [main] INFO nl.utwente.fmt.rers.RERSExperiment - Parsed formula #35: (!(true U (letter == "X")) || (!(letter == "X") U (((letter == "A") && !(letter == "X")) && X (!(letter == "X") U (letter == "U")))))
1382 [main] INFO nl.utwente.fmt.rers.RERSExperiment - Parsed formula #36: (false R (!(letter == "Y") || (false R (!(letter == "A") || (((letter == "X") && !(letter == "W")) && X (!(letter == "W") U (letter == "U")))))))
1382 [main] INFO nl.utwente.fmt.rers.RERSExperiment - Parsed formula #37: (!(true U (letter == "V")) || (((letter == "B") && (!X (!(letter == "V") U (letter == "D")) || X (!(letter == "V") U ((letter == "D") && (true U (letter == "Z")))))) U (letter == "V")))
1383 [main] INFO nl.utwente.fmt.rers.RERSExperiment - Parsed formula #38: (false R (!((letter == "Z") && (true U (letter == "U"))) || ((!(letter == "D") || (!(letter == "U") U ((((letter == "T") && !(letter == "U")) && !(letter == "W")) && X ((!(letter == "U") && !(letter == "W")) U (letter == "X"))))) U (letter == "U"))))
1384 [main] INFO nl.utwente.fmt.rers.RERSExperiment - Parsed formula #39: (false R ((letter == "D") && (!!(letter == "W") || ((!(letter == "C") || (!(letter == "W") U ((letter == "Z") && !(letter == "W")))) W (letter == "W")))))
1385 [main] INFO nl.utwente.fmt.rers.RERSExperiment - Parsed formula #40: (false R (!(letter == "W") || ((!(letter == "B") || (!(letter == "C") U (((letter == "V") && !(letter == "C")) && X (!(letter == "C") U (letter == "Y"))))) U ((letter == "C") || (false R (!(letter == "B") || ((letter == "V") && X (true U (letter == "Y")))))))))
1386 [main] INFO nl.utwente.fmt.rers.RERSExperiment - Parsed formula #41: (false R (!(letter == "U") || ((!(((letter == "V") && !(letter == "A")) && X (!(letter == "A") U ((letter == "Y") && !(letter == "A")))) U ((letter == "A") || (letter == "X"))) || (false R !((letter == "V") && X (true U (letter == "Y")))))))
1387 [main] INFO nl.utwente.fmt.rers.RERSExperiment - Parsed formula #42: (false R (!(((letter == "T") && !(letter == "C")) && (true U (letter == "C"))) || ((!(letter == "A") || (!(letter == "C") U ((letter == "U") && !(letter == "C")))) U (letter == "C"))))
1388 [main] INFO nl.utwente.fmt.rers.RERSExperiment - Parsed formula #43: (false R (!((letter == "E") && (true U (letter == "B"))) || ((!(letter == "D") || (!(letter == "B") U ((((letter == "S") && !(letter == "B")) && !(letter == "T")) && X ((!(letter == "B") && !(letter == "T")) U (letter == "Z"))))) U (letter == "B"))))
1389 [main] INFO nl.utwente.fmt.rers.RERSExperiment - Parsed formula #44: (false R (!((letter == "S") && (true U (letter == "T"))) || ((!(letter == "B") || (!(letter == "T") U (((letter == "Y") && !(letter == "T")) && X (!(letter == "T") U (letter == "V"))))) U (letter == "T"))))
1389 [main] INFO nl.utwente.fmt.rers.RERSExperiment - Parsed formula #45: (false R (!(letter == "B") || (true U ((letter == "W") && X (true U (letter == "Y"))))))
1389 [main] INFO nl.utwente.fmt.rers.RERSExperiment - Parsed formula #46: (false R (!(((letter == "C") && !(letter == "U")) && (true U (letter == "U"))) || (!(letter == "Y") U ((letter == "W") || (letter == "U")))))
1390 [main] INFO nl.utwente.fmt.rers.RERSExperiment - Parsed formula #47: ((false R !(letter == "D")) || (true U ((letter == "D") && (!(letter == "W") W (letter == "C")))))
1390 [main] INFO nl.utwente.fmt.rers.RERSExperiment - Parsed formula #48: (false R (!(letter == "S") || (false R (!(letter == "B") || (((letter == "X") && !(letter == "Z")) && X (!(letter == "Z") U (letter == "V")))))))
1392 [main] INFO nl.utwente.fmt.rers.RERSExperiment - Parsed formula #49: (false R (!(((letter == "E") && !(letter == "Y")) && (true U (letter == "Y"))) || (!(letter == "Z") U ((letter == "W") || (letter == "Y")))))
1392 [main] INFO nl.utwente.fmt.rers.RERSExperiment - Parsed formula #50: (!(letter == "Z") W (letter == "E"))
1393 [main] INFO nl.utwente.fmt.rers.RERSExperiment - Parsed formula #51: (false R ((letter == "S") && (!!(letter == "Z") || ((!(letter == "D") || (!(letter == "Z") U ((letter == "U") && !(letter == "Z")))) W (letter == "Z")))))
1393 [main] INFO nl.utwente.fmt.rers.RERSExperiment - Parsed formula #52: (!(true U ((letter == "U") && X (true U (letter == "X")))) || (!(letter == "U") U (letter == "D")))
1394 [main] INFO nl.utwente.fmt.rers.RERSExperiment - Parsed formula #53: (!(true U (letter == "Y")) || (!(letter == "S") U ((letter == "X") || (letter == "Y"))))
1394 [main] INFO nl.utwente.fmt.rers.RERSExperiment - Parsed formula #54: (false R ((letter == "C") && (!!(letter == "U") || (!(letter == "S") W ((letter == "Y") || (letter == "U"))))))
1395 [main] INFO nl.utwente.fmt.rers.RERSExperiment - Parsed formula #55: (!(true U (letter == "S")) || (!(letter == "S") U (((letter == "T") && !(letter == "S")) && X (!(letter == "S") U (letter == "Z")))))
1396 [main] INFO nl.utwente.fmt.rers.RERSExperiment - Parsed formula #56: (!(true U (letter == "U")) || (!(letter == "Z") U ((letter == "S") || (letter == "U"))))
1397 [main] INFO nl.utwente.fmt.rers.RERSExperiment - Parsed formula #57: (!(true U ((letter == "Z") && X (true U (letter == "S")))) || (!(letter == "Z") U (letter == "X")))
1398 [main] INFO nl.utwente.fmt.rers.RERSExperiment - Parsed formula #58: (false R (!(letter == "D") || (((letter == "B") && (!X (!(letter == "T") U (letter == "C")) || X (!(letter == "T") U ((letter == "C") && (true U (letter == "X")))))) U ((letter == "T") || (false R ((letter == "B") && (!X (!(letter == "T") U (letter == "C")) || X (!(letter == "T") U ((letter == "C") && (true U (letter == "X")))))))))))
1398 [main] INFO nl.utwente.fmt.rers.RERSExperiment - Parsed formula #59: (!(true U (letter == "S")) || ((!(letter == "D") || (!(letter == "S") U ((((letter == "Y") && !(letter == "S")) && !(letter == "Z")) && X ((!(letter == "S") && !(letter == "Z")) U (letter == "T"))))) U (letter == "S")))
1399 [main] INFO nl.utwente.fmt.rers.RERSExperiment - Parsed formula #60: (false R (!(letter == "C") || (true U (letter == "V"))))
1401 [main] INFO nl.utwente.fmt.rers.RERSExperiment - Parsed formula #61: (false R (!(letter == "W") || ((!(((letter == "U") && !(letter == "E")) && X (!(letter == "E") U ((letter == "V") && !(letter == "E")))) U ((letter == "E") || (letter == "Y"))) || (false R !((letter == "U") && X (true U (letter == "V")))))))
1401 [main] INFO nl.utwente.fmt.rers.RERSExperiment - Parsed formula #62: ((false R !(letter == "B")) || (true U ((letter == "B") && (!(letter == "S") W (letter == "A")))))
1402 [main] INFO nl.utwente.fmt.rers.RERSExperiment - Parsed formula #63: (false R (!(letter == "C") || (true U ((letter == "S") && X (true U (letter == "U"))))))
1403 [main] INFO nl.utwente.fmt.rers.RERSExperiment - Parsed formula #64: (!(true U (letter == "C")) || (((letter == "E") && (!X (!(letter == "C") U (letter == "D")) || X (!(letter == "C") U ((letter == "D") && (true U (letter == "S")))))) U (letter == "C")))
1404 [main] INFO nl.utwente.fmt.rers.RERSExperiment - Parsed formula #65: ((false R !(letter == "X")) || (true U ((letter == "X") && (!(letter == "Z") W (letter == "V")))))
1405 [main] INFO nl.utwente.fmt.rers.RERSExperiment - Parsed formula #66: (false R (!((letter == "S") && (true U (letter == "C"))) || (((letter == "D") && (!X (!(letter == "C") U (letter == "B")) || X (!(letter == "C") U ((letter == "B") && (true U (letter == "Z")))))) U (letter == "C"))))
1405 [main] INFO nl.utwente.fmt.rers.RERSExperiment - Parsed formula #67: (!(letter == "Z") W (letter == "X"))
1406 [main] INFO nl.utwente.fmt.rers.RERSExperiment - Parsed formula #68: (!(true U (letter == "A")) || (!(letter == "U") U ((letter == "A") || (((letter == "E") && !(letter == "U")) && X (!(letter == "U") U (letter == "V"))))))
1406 [main] INFO nl.utwente.fmt.rers.RERSExperiment - Parsed formula #69: ((false R !(letter == "V")) || (!(letter == "V") U ((letter == "V") && (!(true U (letter == "Y")) || (!(letter == "Y") U (((letter == "T") && !(letter == "Y")) && X (!(letter == "Y") U (letter == "E"))))))))
1406 [main] INFO nl.utwente.fmt.rers.RERSExperiment - Parsed formula #70: (false R (!((letter == "E") && (true U (letter == "V"))) || (!(((letter == "X") && !(letter == "V")) && X (!(letter == "V") U ((letter == "U") && !(letter == "V")))) U ((letter == "V") || (letter == "A")))))
1407 [main] INFO nl.utwente.fmt.rers.RERSExperiment - Parsed formula #71: (false R (!(((letter == "T") && !(letter == "C")) && (true U (letter == "C"))) || (!(letter == "X") U ((letter == "E") || (letter == "C")))))
1407 [main] INFO nl.utwente.fmt.rers.RERSExperiment - Parsed formula #72: (false R (!(letter == "W") || (false R (!(letter == "A") || ((letter == "X") && X (true U (letter == "Y")))))))
1408 [main] INFO nl.utwente.fmt.rers.RERSExperiment - Parsed formula #73: (false R (!(letter == "A") || (true U (letter == "S"))))
1408 [main] INFO nl.utwente.fmt.rers.RERSExperiment - Parsed formula #74: (!(letter == "U") W (letter == "W"))
1408 [main] INFO nl.utwente.fmt.rers.RERSExperiment - Parsed formula #75: (false R (!((letter == "S") && (true U (letter == "V"))) || (((letter == "E") && (!X (!(letter == "V") U (letter == "A")) || X (!(letter == "V") U ((letter == "A") && (true U (letter == "Y")))))) U (letter == "V"))))
1409 [main] INFO nl.utwente.fmt.rers.RERSExperiment - Parsed formula #76: (false R (!(letter == "E") || (((letter == "A") && (!X (!(letter == "B") U (letter == "D")) || X (!(letter == "B") U ((letter == "D") && (true U (letter == "Z")))))) U ((letter == "B") || (false R ((letter == "A") && (!X (!(letter == "B") U (letter == "D")) || X (!(letter == "B") U ((letter == "D") && (true U (letter == "Z")))))))))))
1409 [main] INFO nl.utwente.fmt.rers.RERSExperiment - Parsed formula #77: ((false R !(letter == "U")) || (!(letter == "U") U ((letter == "U") && (!(true U ((letter == "T") && X (true U (letter == "W")))) || (!(letter == "T") U (letter == "D"))))))
1410 [main] INFO nl.utwente.fmt.rers.RERSExperiment - Parsed formula #78: (!(true U (letter == "U")) || (!(letter == "V") U ((letter == "Z") || (letter == "U"))))
1410 [main] INFO nl.utwente.fmt.rers.RERSExperiment - Parsed formula #79: (!(true U (letter == "A")) || (!(((letter == "U") && !(letter == "A")) && X (!(letter == "A") U ((letter == "W") && !(letter == "A")))) U ((letter == "A") || (letter == "T"))))
1410 [main] INFO nl.utwente.fmt.rers.RERSExperiment - Parsed formula #80: (false R (!((letter == "V") && (true U (letter == "U"))) || (!(letter == "S") U ((letter == "U") || (((letter == "E") && !(letter == "S")) && X (!(letter == "S") U (letter == "D")))))))
1411 [main] INFO nl.utwente.fmt.rers.RERSExperiment - Parsed formula #81: (false R (!(letter == "V") || ((!(((letter == "U") && !(letter == "E")) && X (!(letter == "E") U ((letter == "Z") && !(letter == "E")))) U ((letter == "E") || (letter == "A"))) || (false R !((letter == "U") && X (true U (letter == "Z")))))))
1411 [main] INFO nl.utwente.fmt.rers.RERSExperiment - Parsed formula #82: (false R (!(letter == "Z") || (false R (!(letter == "E") || (true U (letter == "V"))))))
1412 [main] INFO nl.utwente.fmt.rers.RERSExperiment - Parsed formula #83: (false R (!(letter == "Y") || (!(true U (letter == "V")) || (!(letter == "V") U ((letter == "Z") || (((letter == "X") && !(letter == "V")) && X (!(letter == "V") U (letter == "T"))))))))
1412 [main] INFO nl.utwente.fmt.rers.RERSExperiment - Parsed formula #84: (!(true U (letter == "T")) || ((!(letter == "A") || (!(letter == "T") U ((letter == "X") && !(letter == "T")))) U (letter == "T")))
1413 [main] INFO nl.utwente.fmt.rers.RERSExperiment - Parsed formula #85: (false R (!(((letter == "Y") && !(letter == "B")) && (true U (letter == "B"))) || (!(letter == "Z") U ((letter == "V") || (letter == "B")))))
1413 [main] INFO nl.utwente.fmt.rers.RERSExperiment - Parsed formula #86: (false R (!(letter == "T") || ((!(letter == "A") || (!(letter == "U") U (((letter == "X") && !(letter == "U")) && X (!(letter == "U") U (letter == "V"))))) U ((letter == "U") || (false R (!(letter == "A") || ((letter == "X") && X (true U (letter == "V")))))))))
1414 [main] INFO nl.utwente.fmt.rers.RERSExperiment - Parsed formula #87: (!(true U ((letter == "W") && X (true U (letter == "S")))) || (!(letter == "W") U (letter == "U")))
1414 [main] INFO nl.utwente.fmt.rers.RERSExperiment - Parsed formula #88: (false R (!(letter == "Y") || ((!(letter == "D") || (!(letter == "X") U (((letter == "S") && !(letter == "X")) && X (!(letter == "X") U (letter == "U"))))) U ((letter == "X") || (false R (!(letter == "D") || ((letter == "S") && X (true U (letter == "U")))))))))
1414 [main] INFO nl.utwente.fmt.rers.RERSExperiment - Parsed formula #89: (false R (!(letter == "X") || (false R ((letter == "B") && (!X (true U (letter == "A")) || X (!(letter == "A") U ((letter == "A") && (true U (letter == "S")))))))))
1415 [main] INFO nl.utwente.fmt.rers.RERSExperiment - Parsed formula #90: (!(true U (letter == "X")) || ((!(letter == "B") || (!(letter == "X") U ((((letter == "U") && !(letter == "X")) && !(letter == "T")) && X ((!(letter == "X") && !(letter == "T")) U (letter == "Z"))))) U (letter == "X")))
1416 [main] INFO nl.utwente.fmt.rers.RERSExperiment - Parsed formula #91: (false R (!(letter == "Y") || (((letter == "C") && (!X (!(letter == "X") U (letter == "A")) || X (!(letter == "X") U ((letter == "A") && (true U (letter == "V")))))) U ((letter == "X") || (false R ((letter == "C") && (!X (!(letter == "X") U (letter == "A")) || X (!(letter == "X") U ((letter == "A") && (true U (letter == "V")))))))))))
1416 [main] INFO nl.utwente.fmt.rers.RERSExperiment - Parsed formula #92: (false R (!(letter == "D") || (true U ((letter == "U") && X (true U (letter == "V"))))))
1416 [main] INFO nl.utwente.fmt.rers.RERSExperiment - Parsed formula #93: (!(true U ((letter == "X") && X (true U (letter == "W")))) || (!(letter == "X") U (letter == "C")))
1417 [main] INFO nl.utwente.fmt.rers.RERSExperiment - Parsed formula #94: (!(true U (letter == "U")) || ((!(letter == "C") || (!(letter == "U") U (((letter == "T") && !(letter == "U")) && X (!(letter == "U") U (letter == "W"))))) U (letter == "U")))
1417 [main] INFO nl.utwente.fmt.rers.RERSExperiment - Parsed formula #95: (false R (!((letter == "S") && (true U (letter == "W"))) || ((!(letter == "E") || (!(letter == "W") U (((letter == "Z") && !(letter == "W")) && X (!(letter == "W") U (letter == "X"))))) U (letter == "W"))))
1418 [main] INFO nl.utwente.fmt.rers.RERSExperiment - Parsed formula #96: (false R (!((letter == "V") && (true U (letter == "U"))) || (!(letter == "W") U ((letter == "U") || (((letter == "Y") && !(letter == "W")) && X (!(letter == "W") U (letter == "A")))))))
1418 [main] INFO nl.utwente.fmt.rers.RERSExperiment - Parsed formula #97: (!(true U (letter == "C")) || (!(letter == "S") U ((letter == "C") || (((letter == "W") && !(letter == "S")) && X (!(letter == "S") U (letter == "B"))))))
1419 [main] INFO nl.utwente.fmt.rers.RERSExperiment - Parsed formula #98: (!(letter == "V") W (letter == "A"))
1419 [main] INFO nl.utwente.fmt.rers.RERSExperiment - Parsed formula #99: (false R (!(letter == "C") || ((!(letter == "D") || (!(letter == "X") U (((letter == "Z") && !(letter == "X")) && X (!(letter == "X") U (letter == "T"))))) U ((letter == "X") || (false R (!(letter == "D") || ((letter == "Z") && X (true U (letter == "T")))))))))
1420 [main] INFO nl.utwente.fmt.rers.RERSExperiment - Parsed formula #100: (false R (!(((letter == "Y") && !(letter == "V")) && (true U (letter == "V"))) || (!(letter == "X") U ((letter == "A") || (letter == "V")))))
1430 [main] INFO de.learnlib.util.Experiment - Starting round 1
1430 [main] INFO de.learnlib.util.Experiment - Learning
1438 [main] INFO de.learnlib.util.BBCExperiment - Searching for property violation
3457 [main] INFO de.learnlib.api.logging.LoggingBlackBoxProperty - Spurious counterexample found for property: '(false R ((letter == "S") && (!!(letter == "Z") || ((!(letter == "D") || (!(letter == "Z") U ((letter == "U") && !(letter == "Z")))) W (letter == "Z")))))'
3457 [main] INFO de.learnlib.api.logging.LoggingBlackBoxProperty - Spurious counterexample: Query[ε|D D D D / Y   ]
3468 [main] INFO de.learnlib.util.BBCExperiment - Searching for property violation
3982 [main] INFO de.learnlib.api.logging.LoggingBlackBoxProperty - Spurious counterexample found for property: '(false R (!((letter == "S") && (true U (letter == "B"))) || (((letter == "A") && (!X (!(letter == "B") U (letter == "D")) || X (!(letter == "B") U ((letter == "D") && (true U (letter == "T")))))) U (letter == "B"))))'
3982 [main] INFO de.learnlib.api.logging.LoggingBlackBoxProperty - Spurious counterexample: Query[ε|D C B E B C D D C D D C D D C D D C D D C D D / Y U S X W X U W X U W X U W X U W X U W X U W]
3990 [main] INFO de.learnlib.util.BBCExperiment - Searching for property violation
4709 [main] INFO de.learnlib.api.logging.LoggingBlackBoxProperty - Spurious counterexample found for property: '(false R (!((letter == "S") && (true U (letter == "B"))) || (((letter == "A") && (!X (!(letter == "B") U (letter == "D")) || X (!(letter == "B") U ((letter == "D") && (true U (letter == "T")))))) U (letter == "B"))))'
4709 [main] INFO de.learnlib.api.logging.LoggingBlackBoxProperty - Spurious counterexample: Query[ε|D C D D B D D C B C D D C D D C D D C D D C D D C D D C D D C D D C D D C D D C D D C D D C D D C D D C D D C D D / Y U W Z W   S W X U W X U W X U W X U W X U W X U W X U W X U W X U W X U W X U W X U W X U W X U W X U W X U W]
4724 [main] INFO de.learnlib.util.BBCExperiment - Searching for property violation
5332 [main] INFO de.learnlib.api.logging.LoggingBlackBoxProperty - Property violated: '(false R (!((letter == "S") && (true U (letter == "B"))) || (((letter == "A") && (!X (!(letter == "B") U (letter == "D")) || X (!(letter == "B") U ((letter == "D") && (true U (letter == "T")))))) U (letter == "B"))))'
5332 [main] INFO de.learnlib.api.logging.LoggingBlackBoxProperty - Counter example for property: OmegaQuery[ε|D C D D B C B C D D C D D C D D C D D C D D C D D C D D C D D C D D C D D C D D C D D C D D C D D C D D C D D C D D C D D C D D / Y U W Z W S W X U W X U W X U W X U W X U W X U W X U W X U W X U W X U W X U W X U W X U W X U W X U W X U W X U W X U W X U W, [7, 10, 13, 16, 19, 22, 25, 28, 31, 34, 37, 40, 43, 46, 49, 52, 55, 58, 61] - [-674792664, -663907577, -663907577, -663907577, -663907577, -663907577, -663907577, -663907577, -663907577, -663907577, -663907577, -663907577, -663907577, -663907577, -663907577, -663907577, -663907577, -663907577, -663907577]]
5564 [main] INFO de.learnlib.api.logging.LoggingBlackBoxProperty - Property violated: '(!(true U (letter == "X")) || ((!(letter == "E") || (!(letter == "X") U ((letter == "U") && !(letter == "X")))) U (letter == "X")))'
5564 [main] INFO de.learnlib.api.logging.LoggingBlackBoxProperty - Counter example for property: OmegaQuery[ε|D C D D E C D D E C D D E C D D E C D D E C D D E C D D E C D D E C D D E C D D E C D D E C D D E C D D E C D D E C D D E C D D E C D D E C D D E C D D E C D D E / Y U W Z X U W Z X U W Z X U W Z X U W Z X U W Z X U W Z X U W Z X U W Z X U W Z X U W Z X U W Z X U W Z X U W Z X U W Z X U W Z X U W Z X U W Z X U W Z X U W Z X, [5, 9, 13, 17, 21, 25, 29, 33, 37, 41, 45, 49, 53, 57, 61, 65, 69, 73, 77] - [-662887762, -662887762, -662887762, -662887762, -662887762, -662887762, -662887762, -662887762, -662887762, -662887762, -662887762, -662887762, -662887762, -662887762, -662887762, -662887762, -662887762, -662887762, -662887762]]
5802 [main] INFO de.learnlib.api.logging.LoggingBlackBoxProperty - Property violated: '(false R (!((letter == "Z") && (true U (letter == "U"))) || ((!(letter == "D") || (!(letter == "U") U ((((letter == "T") && !(letter == "U")) && !(letter == "W")) && X ((!(letter == "U") && !(letter == "W")) U (letter == "X"))))) U (letter == "U"))))'
5802 [main] INFO de.learnlib.api.logging.LoggingBlackBoxProperty - Counter example for property: OmegaQuery[ε|D C D D B C D B C D D C D D C D D C D D C D D C D D C D D C D D C D D C D D C D D C D D C D D C D D C D D C D D C D D C D D C D D C D / Y U W Z W S S W X U W X U W X U W X U W X U W X U W X U W X U W X U W X U W X U W X U W X U W X U W X U W X U W X U W X U W X U W X U, [10, 13, 16, 19, 22, 25, 28, 31, 34, 37, 40, 43, 46, 49, 52, 55, 58, 61, 64] - [-663914539, -663914539, -663914539, -663914539, -663914539, -663914539, -663914539, -663914539, -663914539, -663914539, -663914539, -663914539, -663914539, -663914539, -663914539, -663914539, -663914539, -663914539, -663914539]]
6257 [main] INFO de.learnlib.api.logging.LoggingBlackBoxProperty - Property violated: '(!(true U (letter == "X")) || (!(letter == "X") U (((letter == "A") && !(letter == "X")) && X (!(letter == "X") U (letter == "U")))))'
6257 [main] INFO de.learnlib.api.logging.LoggingBlackBoxProperty - Counter example for property: OmegaQuery[ε|D C D D E C D D E C D D E C D D E C D D E C D D E C D D E C D D E C D D E C D D E C D D E C D D E C D D E C D D E C D D E C D D E C D D E C D D E C D D E C D D E / Y U W Z X U W Z X U W Z X U W Z X U W Z X U W Z X U W Z X U W Z X U W Z X U W Z X U W Z X U W Z X U W Z X U W Z X U W Z X U W Z X U W Z X U W Z X U W Z X U W Z X, [5, 9, 13, 17, 21, 25, 29, 33, 37, 41, 45, 49, 53, 57, 61, 65, 69, 73, 77] - [-662887762, -662887762, -662887762, -662887762, -662887762, -662887762, -662887762, -662887762, -662887762, -662887762, -662887762, -662887762, -662887762, -662887762, -662887762, -662887762, -662887762, -662887762, -662887762]]
6606 [main] INFO de.learnlib.api.logging.LoggingBlackBoxProperty - Property violated: '(false R (!((letter == "S") && (true U (letter == "W"))) || ((!(letter == "E") || (!(letter == "W") U (((letter == "Z") && !(letter == "W")) && X (!(letter == "W") U (letter == "X"))))) U (letter == "W"))))'
6606 [main] INFO de.learnlib.api.logging.LoggingBlackBoxProperty - Counter example for property: OmegaQuery[ε|D C D D B C E D C D D C D D C D D C D D C D D C D D C D D C D D C D D C D D C D D C D D C D D C D D C D D C D D C D D C D D C D D / Y U W Z W S Z W X U W X U W X U W X U W X U W X U W X U W X U W X U W X U W X U W X U W X U W X U W X U W X U W X U W X U W X U W, [8, 11, 14, 17, 20, 23, 26, 29, 32, 35, 38, 41, 44, 47, 50, 53, 56, 59, 62] - [-676024938, -663907577, -663907577, -663907577, -663907577, -663907577, -663907577, -663907577, -663907577, -663907577, -663907577, -663907577, -663907577, -663907577, -663907577, -663907577, -663907577, -663907577, -663907577]]
6872 [main] INFO de.learnlib.api.logging.LoggingBlackBoxProperty - Property violated: '(false R (!(((letter == "Y") && !(letter == "B")) && (true U (letter == "B"))) || (!(letter == "Z") U ((letter == "V") || (letter == "B")))))'
6873 [main] INFO de.learnlib.api.logging.LoggingBlackBoxProperty - Counter example for property: OmegaQuery[ε|D C D D E C B D D D D D D D D D D D D D D D D D D D D D D D D D D D D D D D D D D D D D D / Y U W Z X U S U U U U U U U U U U U U U U U U U U U U U U U U U U U U U U U U U U U U U U, [7, 9, 11, 13, 15, 17, 19, 21, 23, 25, 27, 29, 31, 33, 35, 37, 39, 41, 43] - [-662880741, -687115463, -687115463, -687115463, -687115463, -687115463, -687115463, -687115463, -687115463, -687115463, -687115463, -687115463, -687115463, -687115463, -687115463, -687115463, -687115463, -687115463, -687115463]]
7690 [main] INFO de.learnlib.api.logging.LoggingBlackBoxProperty - Property violated: '(false R ((letter == "S") && (!!(letter == "Z") || ((!(letter == "D") || (!(letter == "Z") U ((letter == "U") && !(letter == "Z")))) W (letter == "Z")))))'
7690 [main] INFO de.learnlib.api.logging.LoggingBlackBoxProperty - Counter example for property: OmegaQuery[ε|D C D D E C D D E C D D E C D D E C D D E C D D E C D D E C D D E C D D E C D D E C D D E C D D E C D D E C D D E C D D E C D D E C D D E C D D E C D D E / Y U W Z X U W Z X U W Z X U W Z X U W Z X U W Z X U W Z X U W Z X U W Z X U W Z X U W Z X U W Z X U W Z X U W Z X U W Z X U W Z X U W Z X U W Z X U W Z X, [1, 5, 9, 13, 17, 21, 25, 29, 33, 37, 41, 45, 49, 53, 57, 61, 65, 69, 73] - [-662887761, -662887762, -662887762, -662887762, -662887762, -662887762, -662887762, -662887762, -662887762, -662887762, -662887762, -662887762, -662887762, -662887762, -662887762, -662887762, -662887762, -662887762, -662887762]]
7865 [main] INFO de.learnlib.api.logging.LoggingBlackBoxProperty - Property violated: '(false R ((letter == "B") && (!!(letter == "W") || ((!(letter == "A") || (!(letter == "W") U ((letter == "S") && !(letter == "W")))) W (letter == "W")))))'
7865 [main] INFO de.learnlib.api.logging.LoggingBlackBoxProperty - Counter example for property: OmegaQuery[ε|D C D D E C D D E C D D E C D D E C D D E C D D E C D D E C D D E C D D E C D D E C D D E C D D E C D D E C D D E C D D E C D D E C D D E C D D E C D D E / Y U W Z X U W Z X U W Z X U W Z X U W Z X U W Z X U W Z X U W Z X U W Z X U W Z X U W Z X U W Z X U W Z X U W Z X U W Z X U W Z X U W Z X U W Z X U W Z X, [1, 5, 9, 13, 17, 21, 25, 29, 33, 37, 41, 45, 49, 53, 57, 61, 65, 69, 73] - [-662887761, -662887762, -662887762, -662887762, -662887762, -662887762, -662887762, -662887762, -662887762, -662887762, -662887762, -662887762, -662887762, -662887762, -662887762, -662887762, -662887762, -662887762, -662887762]]
8053 [main] INFO de.learnlib.api.logging.LoggingBlackBoxProperty - Property violated: '(false R (!(letter == "E") || (((letter == "A") && (!X (!(letter == "B") U (letter == "D")) || X (!(letter == "B") U ((letter == "D") && (true U (letter == "Z")))))) U ((letter == "B") || (false R ((letter == "A") && (!X (!(letter == "B") U (letter == "D")) || X (!(letter == "B") U ((letter == "D") && (true U (letter == "Z")))))))))))'
8053 [main] INFO de.learnlib.api.logging.LoggingBlackBoxProperty - Counter example for property: OmegaQuery[ε|D C D D E C D D E C D D E C D D E C D D E C D D E C D D E C D D E C D D E C D D E C D D E C D D E C D D E C D D E C D D E C D D E C D D E C D D E C D D E C D D E / Y U W Z X U W Z X U W Z X U W Z X U W Z X U W Z X U W Z X U W Z X U W Z X U W Z X U W Z X U W Z X U W Z X U W Z X U W Z X U W Z X U W Z X U W Z X U W Z X U W Z X, [5, 9, 13, 17, 21, 25, 29, 33, 37, 41, 45, 49, 53, 57, 61, 65, 69, 73, 77] - [-662887762, -662887762, -662887762, -662887762, -662887762, -662887762, -662887762, -662887762, -662887762, -662887762, -662887762, -662887762, -662887762, -662887762, -662887762, -662887762, -662887762, -662887762, -662887762]]
8266 [main] INFO de.learnlib.api.logging.LoggingBlackBoxProperty - Property violated: '((false R !(letter == "B")) || (true U ((letter == "B") && (!(letter == "S") W (letter == "A")))))'
8267 [main] INFO de.learnlib.api.logging.LoggingBlackBoxProperty - Counter example for property: OmegaQuery[ε|D C D D B C D D D D D D D D D D D D D D D D D D D / Y U W Z W S S S S S S S S S S S S S S S S S S S S, [6, 7, 8, 9, 10, 11, 12, 13, 14, 15, 16, 17, 18, 19, 20, 21, 22, 23, 24] - [-674796263, -674796263, -674796263, -674796263, -674796263, -674796263, -674796263, -674796263, -674796263, -674796263, -674796263, -674796263, -674796263, -674796263, -674796263, -674796263, -674796263, -674796263, -674796263]]
8471 [main] INFO de.learnlib.api.logging.LoggingBlackBoxProperty - Property violated: '(false R (!((letter == "S") && (true U (letter == "C"))) || (((letter == "D") && (!X (!(letter == "C") U (letter == "B")) || X (!(letter == "C") U ((letter == "B") && (true U (letter == "Z")))))) U (letter == "C"))))'
8472 [main] INFO de.learnlib.api.logging.LoggingBlackBoxProperty - Counter example for property: OmegaQuery[ε|D C D D B C B C D D C D D C D D C D D C D D C D D C D D C D D C D D C D D C D D C D D C D D C D D C D D C D D C D D C D D C D D C / Y U W Z W S W X U W X U W X U W X U W X U W X U W X U W X U W X U W X U W X U W X U W X U W X U W X U W X U W X U W X U W X U W X, [8, 11, 14, 17, 20, 23, 26, 29, 32, 35, 38, 41, 44, 47, 50, 53, 56, 59, 62] - [-662678784, -663911058, -663911058, -663911058, -663911058, -663911058, -663911058, -663911058, -663911058, -663911058, -663911058, -663911058, -663911058, -663911058, -663911058, -663911058, -663911058, -663911058, -663911058]]
8695 [main] INFO de.learnlib.api.logging.LoggingBlackBoxProperty - Property violated: '(false R ((letter == "W") && (!!(letter == "E") || (!(letter == "S") W ((letter == "V") || (letter == "E"))))))'
8695 [main] INFO de.learnlib.api.logging.LoggingBlackBoxProperty - Counter example for property: OmegaQuery[ε|D C D D E C D D E C D D E C D D E C D D E C D D E C D D E C D D E C D D E C D D E C D D E C D D E C D D E C D D E C D D E C D D E C D D E C D D E C D D E / Y U W Z X U W Z X U W Z X U W Z X U W Z X U W Z X U W Z X U W Z X U W Z X U W Z X U W Z X U W Z X U W Z X U W Z X U W Z X U W Z X U W Z X U W Z X U W Z X, [1, 5, 9, 13, 17, 21, 25, 29, 33, 37, 41, 45, 49, 53, 57, 61, 65, 69, 73] - [-662887761, -662887762, -662887762, -662887762, -662887762, -662887762, -662887762, -662887762, -662887762, -662887762, -662887762, -662887762, -662887762, -662887762, -662887762, -662887762, -662887762, -662887762, -662887762]]
8868 [main] INFO de.learnlib.api.logging.LoggingBlackBoxProperty - Property violated: '((false R !(letter == "X")) || (true U ((letter == "X") && (!(letter == "Z") W (letter == "V")))))'
8868 [main] INFO de.learnlib.api.logging.LoggingBlackBoxProperty - Counter example for property: OmegaQuery[ε|D C D D E C D D E C D D E C D D E C D D E C D D E C D D E C D D E C D D E C D D E C D D E C D D E C D D E C D D E C D D E C D D E C D D E C D D E C D D E C D D E / Y U W Z X U W Z X U W Z X U W Z X U W Z X U W Z X U W Z X U W Z X U W Z X U W Z X U W Z X U W Z X U W Z X U W Z X U W Z X U W Z X U W Z X U W Z X U W Z X U W Z X, [5, 9, 13, 17, 21, 25, 29, 33, 37, 41, 45, 49, 53, 57, 61, 65, 69, 73, 77] - [-662887762, -662887762, -662887762, -662887762, -662887762, -662887762, -662887762, -662887762, -662887762, -662887762, -662887762, -662887762, -662887762, -662887762, -662887762, -662887762, -662887762, -662887762, -662887762]]
9382 [main] INFO de.learnlib.api.logging.LoggingBlackBoxProperty - Property violated: '(!(true U (letter == "S")) || (!(letter == "S") U (((letter == "T") && !(letter == "S")) && X (!(letter == "S") U (letter == "Z")))))'
9382 [main] INFO de.learnlib.api.logging.LoggingBlackBoxProperty - Counter example for property: OmegaQuery[ε|D C D D B C D D D D D D D D D D D D D D D D D D D / Y U W Z W S S S S S S S S S S S S S S S S S S S S, [6, 7, 8, 9, 10, 11, 12, 13, 14, 15, 16, 17, 18, 19, 20, 21, 22, 23, 24] - [-674796263, -674796263, -674796263, -674796263, -674796263, -674796263, -674796263, -674796263, -674796263, -674796263, -674796263, -674796263, -674796263, -674796263, -674796263, -674796263, -674796263, -674796263, -674796263]]
9795 [main] INFO de.learnlib.api.logging.LoggingBlackBoxProperty - Property violated: '(false R (!(letter == "C") || (true U (letter == "V"))))'
9795 [main] INFO de.learnlib.api.logging.LoggingBlackBoxProperty - Counter example for property: OmegaQuery[ε|D C D D E C D D E C D D E C D D E C D D E C D D E C D D E C D D E C D D E C D D E C D D E C D D E C D D E C D D E C D D E C D D E C D D E C D D E C D D E C / Y U W Z X U W Z X U W Z X U W Z X U W Z X U W Z X U W Z X U W Z X U W Z X U W Z X U W Z X U W Z X U W Z X U W Z X U W Z X U W Z X U W Z X U W Z X U W Z X U, [2, 6, 10, 14, 18, 22, 26, 30, 34, 38, 42, 46, 50, 54, 58, 62, 66, 70, 74] - [-662873838, -662873838, -662873838, -662873838, -662873838, -662873838, -662873838, -662873838, -662873838, -662873838, -662873838, -662873838, -662873838, -662873838, -662873838, -662873838, -662873838, -662873838, -662873838]]
10493 [main] INFO de.learnlib.api.logging.LoggingBlackBoxProperty - Property violated: '(false R (!(letter == "C") || (false R (!(letter == "E") || (((letter == "S") && !(letter == "Y")) && X (!(letter == "Y") U (letter == "X")))))))'
10493 [main] INFO de.learnlib.api.logging.LoggingBlackBoxProperty - Counter example for property: OmegaQuery[ε|D C D D E C D D E C D D E C D D E C D D E C D D E C D D E C D D E C D D E C D D E C D D E C D D E C D D E C D D E C D D E C D D E C D D E C D D E C D D E C D D E / Y U W Z X U W Z X U W Z X U W Z X U W Z X U W Z X U W Z X U W Z X U W Z X U W Z X U W Z X U W Z X U W Z X U W Z X U W Z X U W Z X U W Z X U W Z X U W Z X U W Z X, [5, 9, 13, 17, 21, 25, 29, 33, 37, 41, 45, 49, 53, 57, 61, 65, 69, 73, 77] - [-662887762, -662887762, -662887762, -662887762, -662887762, -662887762, -662887762, -662887762, -662887762, -662887762, -662887762, -662887762, -662887762, -662887762, -662887762, -662887762, -662887762, -662887762, -662887762]]
10691 [main] INFO de.learnlib.api.logging.LoggingBlackBoxProperty - Property violated: '(false R ((letter == "D") && (!!(letter == "W") || ((!(letter == "C") || (!(letter == "W") U ((letter == "Z") && !(letter == "W")))) W (letter == "W")))))'
10691 [main] INFO de.learnlib.api.logging.LoggingBlackBoxProperty - Counter example for property: OmegaQuery[ε|D C D D E C D D E C D D E C D D E C D D E C D D E C D D E C D D E C D D E C D D E C D D E C D D E C D D E C D D E C D D E C D D E C D D E C D D E C D D E / Y U W Z X U W Z X U W Z X U W Z X U W Z X U W Z X U W Z X U W Z X U W Z X U W Z X U W Z X U W Z X U W Z X U W Z X U W Z X U W Z X U W Z X U W Z X U W Z X, [1, 5, 9, 13, 17, 21, 25, 29, 33, 37, 41, 45, 49, 53, 57, 61, 65, 69, 73] - [-662887761, -662887762, -662887762, -662887762, -662887762, -662887762, -662887762, -662887762, -662887762, -662887762, -662887762, -662887762, -662887762, -662887762, -662887762, -662887762, -662887762, -662887762, -662887762]]
10864 [main] INFO de.learnlib.api.logging.LoggingBlackBoxProperty - Property violated: '(!(true U (letter == "U")) || ((!(letter == "C") || (!(letter == "U") U (((letter == "T") && !(letter == "U")) && X (!(letter == "U") U (letter == "W"))))) U (letter == "U")))'
10864 [main] INFO de.learnlib.api.logging.LoggingBlackBoxProperty - Counter example for property: OmegaQuery[ε|D C D D E C D D E C D D E C D D E C D D E C D D E C D D E C D D E C D D E C D D E C D D E C D D E C D D E C D D E C D D E C D D E C D D E C D D E C D D E C / Y U W Z X U W Z X U W Z X U W Z X U W Z X U W Z X U W Z X U W Z X U W Z X U W Z X U W Z X U W Z X U W Z X U W Z X U W Z X U W Z X U W Z X U W Z X U W Z X U, [2, 6, 10, 14, 18, 22, 26, 30, 34, 38, 42, 46, 50, 54, 58, 62, 66, 70, 74] - [-662873838, -662873838, -662873838, -662873838, -662873838, -662873838, -662873838, -662873838, -662873838, -662873838, -662873838, -662873838, -662873838, -662873838, -662873838, -662873838, -662873838, -662873838, -662873838]]
11052 [main] INFO de.learnlib.api.logging.LoggingBlackBoxProperty - Property violated: '(false R (!(letter == "E") || (false R (!(letter == "B") || ((letter == "U") && X (true U (letter == "Y")))))))'
11052 [main] INFO de.learnlib.api.logging.LoggingBlackBoxProperty - Counter example for property: OmegaQuery[ε|D C D D E C D D B C D D D D D D D D D D D D D D D D D D D / Y U W Z X U W Z W S S S S S S S S S S S S S S S S S S S S, [10, 11, 12, 13, 14, 15, 16, 17, 18, 19, 20, 21, 22, 23, 24, 25, 26, 27, 28] - [-674796263, -674796263, -674796263, -674796263, -674796263, -674796263, -674796263, -674796263, -674796263, -674796263, -674796263, -674796263, -674796263, -674796263, -674796263, -674796263, -674796263, -674796263, -674796263]]
11307 [main] INFO de.learnlib.api.logging.LoggingBlackBoxProperty - Property violated: '(false R (!(letter == "B") || (true U ((letter == "W") && X (true U (letter == "Y"))))))'
11307 [main] INFO de.learnlib.api.logging.LoggingBlackBoxProperty - Counter example for property: OmegaQuery[ε|D C D D B C B C D D C D D C D D C D D C D D C D D C D D C D D C D D C D D C D D C D D C D D C D D C D D C D D C D D C D D C D D / Y U W Z W S W X U W X U W X U W X U W X U W X U W X U W X U W X U W X U W X U W X U W X U W X U W X U W X U W X U W X U W X U W, [7, 10, 13, 16, 19, 22, 25, 28, 31, 34, 37, 40, 43, 46, 49, 52, 55, 58, 61] - [-674792664, -663907577, -663907577, -663907577, -663907577, -663907577, -663907577, -663907577, -663907577, -663907577, -663907577, -663907577, -663907577, -663907577, -663907577, -663907577, -663907577, -663907577, -663907577]]
11592 [main] INFO de.learnlib.api.logging.LoggingBlackBoxProperty - Property violated: '(false R (!(letter == "D") || (true U ((letter == "U") && X (true U (letter == "V"))))))'
11592 [main] INFO de.learnlib.api.logging.LoggingBlackBoxProperty - Counter example for property: OmegaQuery[ε|D C D D E C D D E C D D E C D D E C D D E C D D E C D D E C D D E C D D E C D D E C D D E C D D E C D D E C D D E C D D E C D D E C D D E C D D E C D D E C / Y U W Z X U W Z X U W Z X U W Z X U W Z X U W Z X U W Z X U W Z X U W Z X U W Z X U W Z X U W Z X U W Z X U W Z X U W Z X U W Z X U W Z X U W Z X U W Z X U, [2, 6, 10, 14, 18, 22, 26, 30, 34, 38, 42, 46, 50, 54, 58, 62, 66, 70, 74] - [-662873838, -662873838, -662873838, -662873838, -662873838, -662873838, -662873838, -662873838, -662873838, -662873838, -662873838, -662873838, -662873838, -662873838, -662873838, -662873838, -662873838, -662873838, -662873838]]
11833 [main] INFO de.learnlib.api.logging.LoggingBlackBoxProperty - Property violated: '(!(true U (letter == "X")) || ((!(letter == "B") || (!(letter == "X") U ((((letter == "U") && !(letter == "X")) && !(letter == "T")) && X ((!(letter == "X") && !(letter == "T")) U (letter == "Z"))))) U (letter == "X")))'
11833 [main] INFO de.learnlib.api.logging.LoggingBlackBoxProperty - Counter example for property: OmegaQuery[ε|D C D D B C B C D D C D D C D D C D D C D D C D D C D D C D D C D D C D D C D D C D D C D D C D D C D D C D D C D D C D D C D D C / Y U W Z W S W X U W X U W X U W X U W X U W X U W X U W X U W X U W X U W X U W X U W X U W X U W X U W X U W X U W X U W X U W X, [8, 11, 14, 17, 20, 23, 26, 29, 32, 35, 38, 41, 44, 47, 50, 53, 56, 59, 62] - [-662678784, -663911058, -663911058, -663911058, -663911058, -663911058, -663911058, -663911058, -663911058, -663911058, -663911058, -663911058, -663911058, -663911058, -663911058, -663911058, -663911058, -663911058, -663911058]]
12057 [main] INFO de.learnlib.api.logging.LoggingBlackBoxProperty - Property violated: '(false R (!(letter == "C") || (((letter == "E") && (!X (!(letter == "T") U (letter == "A")) || X (!(letter == "T") U ((letter == "A") && (true U (letter == "U")))))) U ((letter == "T") || (false R ((letter == "E") && (!X (!(letter == "T") U (letter == "A")) || X (!(letter == "T") U ((letter == "A") && (true U (letter == "U")))))))))))'
12057 [main] INFO de.learnlib.api.logging.LoggingBlackBoxProperty - Counter example for property: OmegaQuery[ε|D C D D E C D D E C D D E C D D E C D D E C D D E C D D E C D D E C D D E C D D E C D D E C D D E C D D E C D D E C D D E C D D E C D D E C D D E C D D E C / Y U W Z X U W Z X U W Z X U W Z X U W Z X U W Z X U W Z X U W Z X U W Z X U W Z X U W Z X U W Z X U W Z X U W Z X U W Z X U W Z X U W Z X U W Z X U W Z X U, [2, 6, 10, 14, 18, 22, 26, 30, 34, 38, 42, 46, 50, 54, 58, 62, 66, 70, 74] - [-662873838, -662873838, -662873838, -662873838, -662873838, -662873838, -662873838, -662873838, -662873838, -662873838, -662873838, -662873838, -662873838, -662873838, -662873838, -662873838, -662873838, -662873838, -662873838]]
12567 [main] INFO de.learnlib.api.logging.LoggingBlackBoxProperty - Spurious counterexample found for property: '(false R (!(letter == "W") || ((!(letter == "B") || (!(letter == "C") U (((letter == "V") && !(letter == "C")) && X (!(letter == "C") U (letter == "Y"))))) U ((letter == "C") || (false R (!(letter == "B") || ((letter == "V") && X (true U (letter == "Y")))))))))'
12567 [main] INFO de.learnlib.api.logging.LoggingBlackBoxProperty - Spurious counterexample: Query[ε|D C D D B C B C D D E D D B E D B D D C D D D D D D D D D D D D D D D D D D D / Y U W Z W S W X U W U W Z W Z     S                   ]
12580 [main] INFO de.learnlib.util.BBCExperiment - Searching for property violation
15333 [main] INFO de.learnlib.api.logging.LoggingBlackBoxProperty - Property violated: '(false R (!(letter == "W") || ((!(letter == "B") || (!(letter == "C") U (((letter == "V") && !(letter == "C")) && X (!(letter == "C") U (letter == "Y"))))) U ((letter == "C") || (false R (!(letter == "B") || ((letter == "V") && X (true U (letter == "Y")))))))))'
15333 [main] INFO de.learnlib.api.logging.LoggingBlackBoxProperty - Counter example for property: OmegaQuery[ε|D C D D B C B C D D E D D B C D D D D D D D D D D D D D D D D D D D D D / Y U W Z W S W X U W U W Z W S S S S S S S S S S S S S S S S S S S S S S, [15, 16, 17, 18, 19, 20, 21, 22, 23, 24, 25, 26, 27, 28, 29, 30, 31, 32, 33, 34, 35] - [-674796145, -674796145, -674796145, -674796145, -674796145, -674796145, -674796145, -674796145, -674796145, -674796145, -674796145, -674796145, -674796145, -674796145, -674796145, -674796145, -674796145, -674796145, -674796145, -674796145, -674796145]]
15984 [main] INFO de.learnlib.api.logging.LoggingBlackBoxProperty - Property violated: '(false R (!(((letter == "E") && !(letter == "Y")) && (true U (letter == "Y"))) || (!(letter == "Z") U ((letter == "W") || (letter == "Y")))))'
15984 [main] INFO de.learnlib.api.logging.LoggingBlackBoxProperty - Counter example for property: OmegaQuery[ε|D C D D E C B E E D E B D E C D D E C D D E C D D E C D D E C D D E C D D E C D D E C D D E C D D E C D D E C D D E C D D E C D D E C D D E C D D E C D D E C D D E C D D E C D D E C D D E C D D E / Y U W Z X U S X Z W U S U Y U W Z X U W Z X U W Z X U W Z X U W Z X U W Z X U W Z X U W Z X U W Z X U W Z X U W Z X U W Z X U W Z X U W Z X U W Z X U W Z X U W Z X U W Z X U W Z X U W Z X U W Z X, [14, 18, 22, 26, 30, 34, 38, 42, 46, 50, 54, 58, 62, 66, 70, 74, 78, 82, 86, 90, 94] - [-687122425, -687122425, -687122425, -687122425, -687122425, -687122425, -687122425, -687122425, -687122425, -687122425, -687122425, -687122425, -687122425, -687122425, -687122425, -687122425, -687122425, -687122425, -687122425, -687122425, -687122425]]
16374 [main] INFO de.learnlib.api.logging.LoggingBlackBoxProperty - Property violated: '(false R (!((letter == "E") && (true U (letter == "B"))) || ((!(letter == "D") || (!(letter == "B") U ((((letter == "S") && !(letter == "B")) && !(letter == "T")) && X ((!(letter == "B") && !(letter == "T")) U (letter == "Z"))))) U (letter == "B"))))'
16374 [main] INFO de.learnlib.api.logging.LoggingBlackBoxProperty - Counter example for property: OmegaQuery[ε|D C D D E C D D E C B D D D D D D D D D D D D D D D D D D D D D D D D D D D D D D D D D D D D D D D D D D / Y U W Z X U W Z X U S U U U U U U U U U U U U U U U U U U U U U U U U U U U U U U U U U U U U U U U U U U, [11, 13, 15, 17, 19, 21, 23, 25, 27, 29, 31, 33, 35, 37, 39, 41, 43, 45, 47, 49, 51] - [-662880741, -687115463, -687115463, -687115463, -687115463, -687115463, -687115463, -687115463, -687115463, -687115463, -687115463, -687115463, -687115463, -687115463, -687115463, -687115463, -687115463, -687115463, -687115463, -687115463, -687115463]]
17310 [main] INFO de.learnlib.api.logging.LoggingBlackBoxProperty - Property violated: '(!(letter == "Z") W (letter == "E"))'
17310 [main] INFO de.learnlib.api.logging.LoggingBlackBoxProperty - Counter example for property: OmegaQuery[ε|D C D D E C D D E C D D E C D D E C D D E C D D E C D D E C D D E C D D E C D D E C D D E C D D E C D D E C D D E C D D E C D D E C D D E C D D E C D D E C D D E C D D E C D D / Y U W Z X U W Z X U W Z X U W Z X U W Z X U W Z X U W Z X U W Z X U W Z X U W Z X U W Z X U W Z X U W Z X U W Z X U W Z X U W Z X U W Z X U W Z X U W Z X U W Z X U W Z X U W Z, [4, 8, 12, 16, 20, 24, 28, 32, 36, 40, 44, 48, 52, 56, 60, 64, 68, 72, 76, 80, 84] - [-662877319, -662877319, -662877319, -662877319, -662877319, -662877319, -662877319, -662877319, -662877319, -662877319, -662877319, -662877319, -662877319, -662877319, -662877319, -662877319, -662877319, -662877319, -662877319, -662877319, -662877319]]
18754 [main] INFO de.learnlib.api.logging.LoggingBlackBoxProperty - Property violated: '(false R (!(letter == "D") || (((letter == "B") && (!X (!(letter == "T") U (letter == "C")) || X (!(letter == "T") U ((letter == "C") && (true U (letter == "X")))))) U ((letter == "T") || (false R ((letter == "B") && (!X (!(letter == "T") U (letter == "C")) || X (!(letter == "T") U ((letter == "C") && (true U (letter == "X")))))))))))'
18754 [main] INFO de.learnlib.api.logging.LoggingBlackBoxProperty - Counter example for property: OmegaQuery[ε|D C D D E C D D E C D D E C D D E C D D E C D D E C D D E C D D E C D D E C D D E C D D E C D D E C D D E C D D E C D D E C D D E C D D E C D D E C D D E C D D E C D D E / Y U W Z X U W Z X U W Z X U W Z X U W Z X U W Z X U W Z X U W Z X U W Z X U W Z X U W Z X U W Z X U W Z X U W Z X U W Z X U W Z X U W Z X U W Z X U W Z X U W Z X U W Z X, [1, 5, 9, 13, 17, 21, 25, 29, 33, 37, 41, 45, 49, 53, 57, 61, 65, 69, 73, 77, 81] - [-662887761, -662887762, -662887762, -662887762, -662887762, -662887762, -662887762, -662887762, -662887762, -662887762, -662887762, -662887762, -662887762, -662887762, -662887762, -662887762, -662887762, -662887762, -662887762, -662887762, -662887762]]
19027 [main] INFO de.learnlib.api.logging.LoggingBlackBoxProperty - Property violated: '(false R (!(letter == "Y") || ((!(letter == "D") || (!(letter == "X") U (((letter == "S") && !(letter == "X")) && X (!(letter == "X") U (letter == "U"))))) U ((letter == "X") || (false R (!(letter == "D") || ((letter == "S") && X (true U (letter == "U")))))))))'
19027 [main] INFO de.learnlib.api.logging.LoggingBlackBoxProperty - Counter example for property: OmegaQuery[ε|D C B D E C D D E C D D E C D D E C D D E C D D E C D D E C D D E C D D E C D D E C D D E C D D E C D D E C D D E C D D E C D D E C D D E C D D E C D D E C D D E C D D E C D D E C D D E / Y U S U Y U W Z X U W Z X U W Z X U W Z X U W Z X U W Z X U W Z X U W Z X U W Z X U W Z X U W Z X U W Z X U W Z X U W Z X U W Z X U W Z X U W Z X U W Z X U W Z X U W Z X U W Z X U W Z X, [9, 13, 17, 21, 25, 29, 33, 37, 41, 45, 49, 53, 57, 61, 65, 69, 73, 77, 81, 85, 89] - [-687122425, -687122425, -687122425, -687122425, -687122425, -687122425, -687122425, -687122425, -687122425, -687122425, -687122425, -687122425, -687122425, -687122425, -687122425, -687122425, -687122425, -687122425, -687122425, -687122425, -687122425]]
19344 [main] INFO de.learnlib.api.logging.LoggingBlackBoxProperty - Property violated: '(false R ((letter == "Y") && (!!(letter == "W") || (!(letter == "U") W ((letter == "X") || (letter == "W"))))))'
19344 [main] INFO de.learnlib.api.logging.LoggingBlackBoxProperty - Counter example for property: OmegaQuery[ε|D C D D E C D D E C D D E C D D E C D D E C D D E C D D E C D D E C D D E C D D E C D D E C D D E C D D E C D D E C D D E C D D E C D D E C D D E C D D E C D D E C D D E / Y U W Z X U W Z X U W Z X U W Z X U W Z X U W Z X U W Z X U W Z X U W Z X U W Z X U W Z X U W Z X U W Z X U W Z X U W Z X U W Z X U W Z X U W Z X U W Z X U W Z X U W Z X, [1, 5, 9, 13, 17, 21, 25, 29, 33, 37, 41, 45, 49, 53, 57, 61, 65, 69, 73, 77, 81] - [-662887761, -662887762, -662887762, -662887762, -662887762, -662887762, -662887762, -662887762, -662887762, -662887762, -662887762, -662887762, -662887762, -662887762, -662887762, -662887762, -662887762, -662887762, -662887762, -662887762, -662887762]]
19517 [main] INFO de.learnlib.api.logging.LoggingBlackBoxProperty - Property violated: '(!(letter == "Z") W (letter == "X"))'
19518 [main] INFO de.learnlib.api.logging.LoggingBlackBoxProperty - Counter example for property: OmegaQuery[ε|D C D D E C D D E C D D E C D D E C D D E C D D E C D D E C D D E C D D E C D D E C D D E C D D E C D D E C D D E C D D E C D D E C D D E C D D E C D D E C D D E C D D E C D D / Y U W Z X U W Z X U W Z X U W Z X U W Z X U W Z X U W Z X U W Z X U W Z X U W Z X U W Z X U W Z X U W Z X U W Z X U W Z X U W Z X U W Z X U W Z X U W Z X U W Z X U W Z X U W Z, [4, 8, 12, 16, 20, 24, 28, 32, 36, 40, 44, 48, 52, 56, 60, 64, 68, 72, 76, 80, 84] - [-662877319, -662877319, -662877319, -662877319, -662877319, -662877319, -662877319, -662877319, -662877319, -662877319, -662877319, -662877319, -662877319, -662877319, -662877319, -662877319, -662877319, -662877319, -662877319, -662877319, -662877319]]
19714 [main] INFO de.learnlib.api.logging.LoggingBlackBoxProperty - Property violated: '(false R (!(letter == "E") || (false R (!(letter == "D") || (true U (letter == "W"))))))'
19715 [main] INFO de.learnlib.api.logging.LoggingBlackBoxProperty - Counter example for property: OmegaQuery[ε|D C D D E C B D D D D D D D D D D D D D D D D D D D D D D D D D D D D D D D D D D D D D D D D D D D / Y U W Z X U S U U U U U U U U U U U U U U U U U U U U U U U U U U U U U U U U U U U U U U U U U U U, [8, 10, 12, 14, 16, 18, 20, 22, 24, 26, 28, 30, 32, 34, 36, 38, 40, 42, 44, 46, 48] - [-687118944, -687118944, -687118944, -687118944, -687118944, -687118944, -687118944, -687118944, -687118944, -687118944, -687118944, -687118944, -687118944, -687118944, -687118944, -687118944, -687118944, -687118944, -687118944, -687118944, -687118944]]
20185 [main] INFO de.learnlib.api.logging.LoggingBlackBoxProperty - Property violated: '(!(true U ((letter == "Z") && X (true U (letter == "S")))) || (!(letter == "Z") U (letter == "X")))'
20185 [main] INFO de.learnlib.api.logging.LoggingBlackBoxProperty - Counter example for property: OmegaQuery[ε|D C D D E C B D D D D D D D D D D D D D D D D D D D D D D D D D D D D D D D D D D D D D D D D D D / Y U W Z X U S U U U U U U U U U U U U U U U U U U U U U U U U U U U U U U U U U U U U U U U U U U, [7, 9, 11, 13, 15, 17, 19, 21, 23, 25, 27, 29, 31, 33, 35, 37, 39, 41, 43, 45, 47] - [-662880741, -687115463, -687115463, -687115463, -687115463, -687115463, -687115463, -687115463, -687115463, -687115463, -687115463, -687115463, -687115463, -687115463, -687115463, -687115463, -687115463, -687115463, -687115463, -687115463, -687115463]]
20419 [main] INFO de.learnlib.api.logging.LoggingBlackBoxProperty - Property violated: '(!(true U (letter == "Z")) || ((!(letter == "E") || (!(letter == "Z") U ((letter == "Y") && !(letter == "Z")))) U (letter == "Z")))'
20420 [main] INFO de.learnlib.api.logging.LoggingBlackBoxProperty - Counter example for property: OmegaQuery[ε|D C B E B C D E C D D E C D D E C D D E C D D E C D D E C D D E C D D E C D D E C D D E C D D E C D D E C D D E C D D E C D D E C D D E C D D E C D D E C D D E C D D E C D D E C D D E C D D / Y U S X W X U X U W Z X U W Z X U W Z X U W Z X U W Z X U W Z X U W Z X U W Z X U W Z X U W Z X U W Z X U W Z X U W Z X U W Z X U W Z X U W Z X U W Z X U W Z X U W Z X U W Z X U W Z X U W Z, [11, 15, 19, 23, 27, 31, 35, 39, 43, 47, 51, 55, 59, 63, 67, 71, 75, 79, 83, 87, 91] - [-662877201, -662877201, -662877201, -662877201, -662877201, -662877201, -662877201, -662877201, -662877201, -662877201, -662877201, -662877201, -662877201, -662877201, -662877201, -662877201, -662877201, -662877201, -662877201, -662877201, -662877201]]
21335 [main] INFO de.learnlib.api.logging.LoggingBlackBoxProperty - Property violated: '(false R (!(((letter == "U") && !(letter == "S")) && (true U (letter == "S"))) || (!(letter == "Z") U ((letter == "C") || (letter == "S")))))'
21336 [main] INFO de.learnlib.api.logging.LoggingBlackBoxProperty - Counter example for property: OmegaQuery[ε|D C D D E C B D D D D D D D D D D D D D D D D D D D D D D D D D D D D D D D D D D D D D D D D D D / Y U W Z X U S U U U U U U U U U U U U U U U U U U U U U U U U U U U U U U U U U U U U U U U U U U, [7, 9, 11, 13, 15, 17, 19, 21, 23, 25, 27, 29, 31, 33, 35, 37, 39, 41, 43, 45, 47] - [-662880741, -687115463, -687115463, -687115463, -687115463, -687115463, -687115463, -687115463, -687115463, -687115463, -687115463, -687115463, -687115463, -687115463, -687115463, -687115463, -687115463, -687115463, -687115463, -687115463, -687115463]]
22136 [main] INFO de.learnlib.api.logging.LoggingBlackBoxProperty - Property violated: '(false R (!(letter == "S") || (false R (!(letter == "B") || (((letter == "X") && !(letter == "Z")) && X (!(letter == "Z") U (letter == "V")))))))'
22136 [main] INFO de.learnlib.api.logging.LoggingBlackBoxProperty - Counter example for property: OmegaQuery[ε|D C D D B C B C D D C D D C D D C D D C D D C D D C D D C D D C D D C D D C D D C D D C D D C D D C D D C D D C D D C D D C D D C D D C D D / Y U W Z W S W X U W X U W X U W X U W X U W X U W X U W X U W X U W X U W X U W X U W X U W X U W X U W X U W X U W X U W X U W X U W X U W, [7, 10, 13, 16, 19, 22, 25, 28, 31, 34, 37, 40, 43, 46, 49, 52, 55, 58, 61, 64, 67] - [-674792664, -663907577, -663907577, -663907577, -663907577, -663907577, -663907577, -663907577, -663907577, -663907577, -663907577, -663907577, -663907577, -663907577, -663907577, -663907577, -663907577, -663907577, -663907577, -663907577, -663907577]]
22385 [main] INFO de.learnlib.api.logging.LoggingBlackBoxProperty - Property violated: '(false R (!(letter == "E") || (!(true U (letter == "Y")) || (!(letter == "Y") U ((letter == "X") || (((letter == "Z") && !(letter == "Y")) && X (!(letter == "Y") U (letter == "D"))))))))'
22386 [main] INFO de.learnlib.api.logging.LoggingBlackBoxProperty - Counter example for property: OmegaQuery[ε|D C D D B C B E D D B C E C C C C C C C C C C C C C C C C C C C C C C / Y U W Z W S W U W Z W S Z Y Y Y Y Y Y Y Y Y Y Y Y Y Y Y Y Y Y Y Y Y Y, [14, 15, 16, 17, 18, 19, 20, 21, 22, 23, 24, 25, 26, 27, 28, 29, 30, 31, 32, 33, 34] - [-639676336, -639676336, -639676336, -639676336, -639676336, -639676336, -639676336, -639676336, -639676336, -639676336, -639676336, -639676336, -639676336, -639676336, -639676336, -639676336, -639676336, -639676336, -639676336, -639676336, -639676336]]
23228 [main] INFO de.learnlib.api.logging.LoggingBlackBoxProperty - Property violated: '(!(true U (letter == "Z")) || ((!(letter == "E") || (!(letter == "Z") U (((letter == "S") && !(letter == "Z")) && X (!(letter == "Z") U (letter == "U"))))) U (letter == "Z")))'
23228 [main] INFO de.learnlib.api.logging.LoggingBlackBoxProperty - Counter example for property: OmegaQuery[ε|D C B D E C D D E C D D E C D D E C D D E C D D E C D D E C D D E C D D E C D D E C D D E C D D E C D D E C D D E C D D E C D D E C D D E C D D E C D D E C D D E C D D E C D D E C D D / Y U S U Y U W Z X U W Z X U W Z X U W Z X U W Z X U W Z X U W Z X U W Z X U W Z X U W Z X U W Z X U W Z X U W Z X U W Z X U W Z X U W Z X U W Z X U W Z X U W Z X U W Z X U W Z X U W Z, [8, 12, 16, 20, 24, 28, 32, 36, 40, 44, 48, 52, 56, 60, 64, 68, 72, 76, 80, 84, 88] - [-687111982, -687111982, -687111982, -687111982, -687111982, -687111982, -687111982, -687111982, -687111982, -687111982, -687111982, -687111982, -687111982, -687111982, -687111982, -687111982, -687111982, -687111982, -687111982, -687111982, -687111982]]
23569 [main] INFO de.learnlib.api.logging.LoggingBlackBoxProperty - Property violated: '(!(true U (letter == "S")) || ((!(letter == "D") || (!(letter == "S") U ((((letter == "Y") && !(letter == "S")) && !(letter == "Z")) && X ((!(letter == "S") && !(letter == "Z")) U (letter == "T"))))) U (letter == "S")))'
23569 [main] INFO de.learnlib.api.logging.LoggingBlackBoxProperty - Counter example for property: OmegaQuery[ε|D C D D E C B D D D D D D D D D D D D D D D D D D D D D D D D D D D D D D D D D D D D D D D D D D / Y U W Z X U S U U U U U U U U U U U U U U U U U U U U U U U U U U U U U U U U U U U U U U U U U U, [7, 9, 11, 13, 15, 17, 19, 21, 23, 25, 27, 29, 31, 33, 35, 37, 39, 41, 43, 45, 47] - [-662880741, -687115463, -687115463, -687115463, -687115463, -687115463, -687115463, -687115463, -687115463, -687115463, -687115463, -687115463, -687115463, -687115463, -687115463, -687115463, -687115463, -687115463, -687115463, -687115463, -687115463]]
23824 [main] INFO de.learnlib.api.logging.LoggingBlackBoxProperty - Property violated: '(false R (!(letter == "C") || ((!(letter == "D") || (!(letter == "X") U (((letter == "Z") && !(letter == "X")) && X (!(letter == "X") U (letter == "T"))))) U ((letter == "X") || (false R (!(letter == "D") || ((letter == "Z") && X (true U (letter == "T")))))))))'
23824 [main] INFO de.learnlib.api.logging.LoggingBlackBoxProperty - Counter example for property: OmegaQuery[ε|D C D D B E C B C D D D D D D D D D D D D D D D D D D D D D D / Y U W Z W Z S W S S S S S S S S S S S S S S S S S S S S S S S, [10, 11, 12, 13, 14, 15, 16, 17, 18, 19, 20, 21, 22, 23, 24, 25, 26, 27, 28, 29, 30] - [-674796263, -674796263, -674796263, -674796263, -674796263, -674796263, -674796263, -674796263, -674796263, -674796263, -674796263, -674796263, -674796263, -674796263, -674796263, -674796263, -674796263, -674796263, -674796263, -674796263, -674796263]]
24688 [main] INFO de.learnlib.api.logging.LoggingBlackBoxProperty - Property violated: '(false R (!(letter == "D") || (false R (!(letter == "B") || ((letter == "W") && X (true U (letter == "U")))))))'
24689 [main] INFO de.learnlib.api.logging.LoggingBlackBoxProperty - Counter example for property: OmegaQuery[ε|D C D D B C D D D D D D D D D D D D D D D D D D D D D / Y U W Z W S S S S S S S S S S S S S S S S S S S S S S, [6, 7, 8, 9, 10, 11, 12, 13, 14, 15, 16, 17, 18, 19, 20, 21, 22, 23, 24, 25, 26] - [-674796263, -674796263, -674796263, -674796263, -674796263, -674796263, -674796263, -674796263, -674796263, -674796263, -674796263, -674796263, -674796263, -674796263, -674796263, -674796263, -674796263, -674796263, -674796263, -674796263, -674796263]]
25127 [main] INFO de.learnlib.api.logging.LoggingBlackBoxProperty - Property violated: '(!(true U (letter == "C")) || (((letter == "E") && (!X (!(letter == "C") U (letter == "D")) || X (!(letter == "C") U ((letter == "D") && (true U (letter == "S")))))) U (letter == "C")))'
25127 [main] INFO de.learnlib.api.logging.LoggingBlackBoxProperty - Counter example for property: OmegaQuery[ε|D C D D E C D D E C D D E C D D E C D D E C D D E C D D E C D D E C D D E C D D E C D D E C D D E C D D E C D D E C D D E C D D E C D D E C D D E C D D E C D D E C D D E C / Y U W Z X U W Z X U W Z X U W Z X U W Z X U W Z X U W Z X U W Z X U W Z X U W Z X U W Z X U W Z X U W Z X U W Z X U W Z X U W Z X U W Z X U W Z X U W Z X U W Z X U W Z X U, [2, 6, 10, 14, 18, 22, 26, 30, 34, 38, 42, 46, 50, 54, 58, 62, 66, 70, 74, 78, 82] - [-662873838, -662873838, -662873838, -662873838, -662873838, -662873838, -662873838, -662873838, -662873838, -662873838, -662873838, -662873838, -662873838, -662873838, -662873838, -662873838, -662873838, -662873838, -662873838, -662873838, -662873838]]
25341 [main] INFO de.learnlib.api.logging.LoggingBlackBoxProperty - Property violated: '(false R (!(letter == "D") || (true U (((letter == "U") && !(letter == "V")) && X (!(letter == "V") U (letter == "Y"))))))'
25342 [main] INFO de.learnlib.api.logging.LoggingBlackBoxProperty - Counter example for property: OmegaQuery[ε|D C D D B C B C D D C D D C D D C D D C D D C D D C D D C D D C D D C D D C D D C D D C D D C D D C D D C D D C D D C D D C D D C D D C D D C D D C D / Y U W Z W S W X U W X U W X U W X U W X U W X U W X U W X U W X U W X U W X U W X U W X U W X U W X U W X U W X U W X U W X U W X U W X U W X U W X U, [12, 15, 18, 21, 24, 27, 30, 33, 36, 39, 42, 45, 48, 51, 54, 57, 60, 63, 66, 69, 72] - [-663914539, -663914539, -663914539, -663914539, -663914539, -663914539, -663914539, -663914539, -663914539, -663914539, -663914539, -663914539, -663914539, -663914539, -663914539, -663914539, -663914539, -663914539, -663914539, -663914539, -663914539]]
26073 [main] INFO de.learnlib.api.logging.LoggingBlackBoxProperty - Property violated: '(false R (!(letter == "Y") || (((letter == "C") && (!X (!(letter == "X") U (letter == "A")) || X (!(letter == "X") U ((letter == "A") && (true U (letter == "V")))))) U ((letter == "X") || (false R ((letter == "C") && (!X (!(letter == "X") U (letter == "A")) || X (!(letter == "X") U ((letter == "A") && (true U (letter == "V")))))))))))'
26073 [main] INFO de.learnlib.api.logging.LoggingBlackBoxProperty - Counter example for property: OmegaQuery[ε|D C D D E C D D E C D D E C D D E C D D E C D D E C D D E C D D E C D D E C D D E C D D E C D D E C D D E C D D E C D D E C D D E C D D E C D D E C D D E C D D E C D D E / Y U W Z X U W Z X U W Z X U W Z X U W Z X U W Z X U W Z X U W Z X U W Z X U W Z X U W Z X U W Z X U W Z X U W Z X U W Z X U W Z X U W Z X U W Z X U W Z X U W Z X U W Z X, [1, 5, 9, 13, 17, 21, 25, 29, 33, 37, 41, 45, 49, 53, 57, 61, 65, 69, 73, 77, 81] - [-662887761, -662887762, -662887762, -662887762, -662887762, -662887762, -662887762, -662887762, -662887762, -662887762, -662887762, -662887762, -662887762, -662887762, -662887762, -662887762, -662887762, -662887762, -662887762, -662887762, -662887762]]
26548 [main] INFO de.learnlib.api.logging.LoggingBlackBoxProperty - Property violated: '(false R (!((letter == "E") && (true U (letter == "U"))) || ((!(letter == "C") || (!(letter == "U") U (((letter == "X") && !(letter == "U")) && X (!(letter == "U") U (letter == "S"))))) U (letter == "U"))))'
26548 [main] INFO de.learnlib.api.logging.LoggingBlackBoxProperty - Counter example for property: OmegaQuery[ε|D C D D E C D D E C D D E C D D E C D D E C D D E C D D E C D D E C D D E C D D E C D D E C D D E C D D E C D D E C D D E C D D E C D D E C D D E C D D E C D D E C D D E C D D E C / Y U W Z X U W Z X U W Z X U W Z X U W Z X U W Z X U W Z X U W Z X U W Z X U W Z X U W Z X U W Z X U W Z X U W Z X U W Z X U W Z X U W Z X U W Z X U W Z X U W Z X U W Z X U W Z X U, [6, 10, 14, 18, 22, 26, 30, 34, 38, 42, 46, 50, 54, 58, 62, 66, 70, 74, 78, 82, 86] - [-662873838, -662873838, -662873838, -662873838, -662873838, -662873838, -662873838, -662873838, -662873838, -662873838, -662873838, -662873838, -662873838, -662873838, -662873838, -662873838, -662873838, -662873838, -662873838, -662873838, -662873838]]
27630 [main] INFO de.learnlib.api.logging.LoggingBlackBoxProperty - Property violated: '(false R ((letter == "C") && (!!(letter == "U") || (!(letter == "S") W ((letter == "Y") || (letter == "U"))))))'
27630 [main] INFO de.learnlib.api.logging.LoggingBlackBoxProperty - Counter example for property: OmegaQuery[ε|D C D D E C D D E C D D E C D D E C D D E C D D E C D D E C D D E C D D E C D D E C D D E C D D E C D D E C D D E C D D E C D D E C D D E C D D E C D D E C D D E C D D E / Y U W Z X U W Z X U W Z X U W Z X U W Z X U W Z X U W Z X U W Z X U W Z X U W Z X U W Z X U W Z X U W Z X U W Z X U W Z X U W Z X U W Z X U W Z X U W Z X U W Z X U W Z X, [1, 5, 9, 13, 17, 21, 25, 29, 33, 37, 41, 45, 49, 53, 57, 61, 65, 69, 73, 77, 81] - [-662887761, -662887762, -662887762, -662887762, -662887762, -662887762, -662887762, -662887762, -662887762, -662887762, -662887762, -662887762, -662887762, -662887762, -662887762, -662887762, -662887762, -662887762, -662887762, -662887762, -662887762]]
27803 [main] INFO de.learnlib.api.logging.LoggingBlackBoxProperty - Property violated: '(false R (!(letter == "C") || (true U ((letter == "S") && X (true U (letter == "U"))))))'
27803 [main] INFO de.learnlib.api.logging.LoggingBlackBoxProperty - Counter example for property: OmegaQuery[ε|D C D D E C D D E C D D E C D D E C D D E C D D E C D D E C D D E C D D E C D D E C D D E C D D E C D D E C D D E C D D E C D D E C D D E C D D E C D D E C D D E C D D E C / Y U W Z X U W Z X U W Z X U W Z X U W Z X U W Z X U W Z X U W Z X U W Z X U W Z X U W Z X U W Z X U W Z X U W Z X U W Z X U W Z X U W Z X U W Z X U W Z X U W Z X U W Z X U, [2, 6, 10, 14, 18, 22, 26, 30, 34, 38, 42, 46, 50, 54, 58, 62, 66, 70, 74, 78, 82] - [-662873838, -662873838, -662873838, -662873838, -662873838, -662873838, -662873838, -662873838, -662873838, -662873838, -662873838, -662873838, -662873838, -662873838, -662873838, -662873838, -662873838, -662873838, -662873838, -662873838, -662873838]]
28623 [main] INFO de.learnlib.api.logging.LoggingBlackBoxProperty - Property violated: '(false R (!(letter == "X") || (false R ((letter == "B") && (!X (true U (letter == "A")) || X (!(letter == "A") U ((letter == "A") && (true U (letter == "S")))))))))'
28623 [main] INFO de.learnlib.api.logging.LoggingBlackBoxProperty - Counter example for property: OmegaQuery[ε|D C D D E C D D E C D D E C D D E C D D E C D D E C D D E C D D E C D D E C D D E C D D E C D D E C D D E C D D E C D D E C D D E C D D E C D D E C D D E C D D E C D D E C D D E / Y U W Z X U W Z X U W Z X U W Z X U W Z X U W Z X U W Z X U W Z X U W Z X U W Z X U W Z X U W Z X U W Z X U W Z X U W Z X U W Z X U W Z X U W Z X U W Z X U W Z X U W Z X U W Z X, [5, 9, 13, 17, 21, 25, 29, 33, 37, 41, 45, 49, 53, 57, 61, 65, 69, 73, 77, 81, 85] - [-662887762, -662887762, -662887762, -662887762, -662887762, -662887762, -662887762, -662887762, -662887762, -662887762, -662887762, -662887762, -662887762, -662887762, -662887762, -662887762, -662887762, -662887762, -662887762, -662887762, -662887762]]
28839 [main] INFO de.learnlib.api.logging.LoggingBlackBoxProperty - Property violated: '(!(letter == "U") W (letter == "W"))'
28839 [main] INFO de.learnlib.api.logging.LoggingBlackBoxProperty - Counter example for property: OmegaQuery[ε|D C D D E C D D E C D D E C D D E C D D E C D D E C D D E C D D E C D D E C D D E C D D E C D D E C D D E C D D E C D D E C D D E C D D E C D D E C D D E C D D E C D D E C / Y U W Z X U W Z X U W Z X U W Z X U W Z X U W Z X U W Z X U W Z X U W Z X U W Z X U W Z X U W Z X U W Z X U W Z X U W Z X U W Z X U W Z X U W Z X U W Z X U W Z X U W Z X U, [2, 6, 10, 14, 18, 22, 26, 30, 34, 38, 42, 46, 50, 54, 58, 62, 66, 70, 74, 78, 82] - [-662873838, -662873838, -662873838, -662873838, -662873838, -662873838, -662873838, -662873838, -662873838, -662873838, -662873838, -662873838, -662873838, -662873838, -662873838, -662873838, -662873838, -662873838, -662873838, -662873838, -662873838]]
29367 [main] INFO de.learnlib.api.logging.LoggingBlackBoxProperty - Property violated: '(false R (!(((letter == "Y") && !(letter == "C")) && (true U (letter == "C"))) || (!(letter == "U") U ((letter == "B") || (letter == "C")))))'
29367 [main] INFO de.learnlib.api.logging.LoggingBlackBoxProperty - Counter example for property: OmegaQuery[ε|D C E B D D C D D D D D D D D D D D D D D D D D D D D D / Y U W Y U X S S S S S S S S S S S S S S S S S S S S S S, [7, 8, 9, 10, 11, 12, 13, 14, 15, 16, 17, 18, 19, 20, 21, 22, 23, 24, 25, 26, 27] - [-675206843, -675206843, -675206843, -675206843, -675206843, -675206843, -675206843, -675206843, -675206843, -675206843, -675206843, -675206843, -675206843, -675206843, -675206843, -675206843, -675206843, -675206843, -675206843, -675206843, -675206843]]
29639 [main] INFO de.learnlib.api.logging.LoggingBlackBoxProperty - Property violated: '(false R ((letter == "A") && (!!(letter == "E") || (!(letter == "W") W ((letter == "S") || (letter == "E"))))))'
29639 [main] INFO de.learnlib.api.logging.LoggingBlackBoxProperty - Counter example for property: OmegaQuery[ε|D C D D E C D D E C D D E C D D E C D D E C D D E C D D E C D D E C D D E C D D E C D D E C D D E C D D E C D D E C D D E C D D E C D D E C D D E C D D E C D D E C D D E / Y U W Z X U W Z X U W Z X U W Z X U W Z X U W Z X U W Z X U W Z X U W Z X U W Z X U W Z X U W Z X U W Z X U W Z X U W Z X U W Z X U W Z X U W Z X U W Z X U W Z X U W Z X, [1, 5, 9, 13, 17, 21, 25, 29, 33, 37, 41, 45, 49, 53, 57, 61, 65, 69, 73, 77, 81] - [-662887761, -662887762, -662887762, -662887762, -662887762, -662887762, -662887762, -662887762, -662887762, -662887762, -662887762, -662887762, -662887762, -662887762, -662887762, -662887762, -662887762, -662887762, -662887762, -662887762, -662887762]]
31156 [main] INFO de.learnlib.api.logging.LoggingBlackBoxProperty - Property violated: '(false R (!(letter == "Z") || (false R (!(letter == "E") || (true U (letter == "V"))))))'
31156 [main] INFO de.learnlib.api.logging.LoggingBlackBoxProperty - Counter example for property: OmegaQuery[ε|D C D D E C D D E C D D E C D D E C D D E C D D E C D D E C D D E C D D E C D D E C D D E C D D E C D D E C D D E C D D E C D D E C D D E C D D E C D D E C D D E C D D E C D D E / Y U W Z X U W Z X U W Z X U W Z X U W Z X U W Z X U W Z X U W Z X U W Z X U W Z X U W Z X U W Z X U W Z X U W Z X U W Z X U W Z X U W Z X U W Z X U W Z X U W Z X U W Z X U W Z X, [5, 9, 13, 17, 21, 25, 29, 33, 37, 41, 45, 49, 53, 57, 61, 65, 69, 73, 77, 81, 85] - [-662887762, -662887762, -662887762, -662887762, -662887762, -662887762, -662887762, -662887762, -662887762, -662887762, -662887762, -662887762, -662887762, -662887762, -662887762, -662887762, -662887762, -662887762, -662887762, -662887762, -662887762]]
31306 [main] INFO de.learnlib.util.Experiment - Searching for counterexample
slurmstepd-ctit062: error: *** STEP 35947.0 ON ctit062 CANCELLED AT 2017-11-30T12:13:38 DUE TO TIME LIMIT ***
