13 [main] INFO nl.utwente.fmt.rers.Main - multiplier is: 1.0
13 [main] INFO nl.utwente.fmt.rers.Main - minimum unfolds is : 3
173 [main] INFO nl.utwente.fmt.rers.RERSExperiment - Parsed formula #1: ((false R !(letter == "D")) || (!(letter == "D") U ((letter == "D") && (!(true U ((letter == "W") && X (true U (letter == "Z")))) || (!(letter == "W") U (letter == "G"))))))
175 [main] INFO nl.utwente.fmt.rers.RERSExperiment - Parsed formula #2: (!(true U (letter == "T")) || ((!(letter == "H") || (!(letter == "T") U ((((letter == "W") && !(letter == "T")) && !(letter == "Y")) && X ((!(letter == "T") && !(letter == "Y")) U (letter == "R"))))) U (letter == "T")))
176 [main] INFO nl.utwente.fmt.rers.RERSExperiment - Parsed formula #3: ((false R !(letter == "K")) || (!(letter == "K") U ((letter == "K") && (!(true U (letter == "W")) || (!(letter == "W") U (((letter == "T") && !(letter == "W")) && X (!(letter == "W") U (letter == "Y"))))))))
177 [main] INFO nl.utwente.fmt.rers.RERSExperiment - Parsed formula #4: (false R (!(letter == "U") || ((!(((letter == "Y") && !(letter == "R")) && X (!(letter == "R") U ((letter == "V") && !(letter == "R")))) U ((letter == "R") || (letter == "A"))) || (false R !((letter == "Y") && X (true U (letter == "V")))))))
178 [main] INFO nl.utwente.fmt.rers.RERSExperiment - Parsed formula #5: (false R (!((letter == "L") && (true U (letter == "U"))) || (!(letter == "P") U ((letter == "U") || (((letter == "Q") && !(letter == "P")) && X (!(letter == "P") U (letter == "Y")))))))
179 [main] INFO nl.utwente.fmt.rers.RERSExperiment - Parsed formula #6: (false R (!(((letter == "E") && !(letter == "P")) && (true U (letter == "P"))) || (!(letter == "R") U ((letter == "G") || (letter == "P")))))
180 [main] INFO nl.utwente.fmt.rers.RERSExperiment - Parsed formula #7: (false R (!(((letter == "C") && !(letter == "H")) && (true U (letter == "H"))) || ((!(letter == "D") || (!(letter == "H") U ((letter == "V") && !(letter == "H")))) U (letter == "H"))))
181 [main] INFO nl.utwente.fmt.rers.RERSExperiment - Parsed formula #8: (false R (!(letter == "X") || (false R (!(letter == "K") || (((letter == "P") && !(letter == "Y")) && X (!(letter == "Y") U (letter == "W")))))))
181 [main] INFO nl.utwente.fmt.rers.RERSExperiment - Parsed formula #9: (false R (!(letter == "H") || ((!(letter == "D") || (!(letter == "C") U (((letter == "Y") && !(letter == "C")) && X (!(letter == "C") U (letter == "S"))))) U ((letter == "C") || (false R (!(letter == "D") || ((letter == "Y") && X (true U (letter == "S")))))))))
182 [main] INFO nl.utwente.fmt.rers.RERSExperiment - Parsed formula #10: (!(true U (letter == "G")) || ((!(letter == "A") || (!(letter == "G") U (((letter == "R") && !(letter == "G")) && X (!(letter == "G") U (letter == "S"))))) U (letter == "G")))
182 [main] INFO nl.utwente.fmt.rers.RERSExperiment - Parsed formula #11: (!(true U (letter == "F")) || (!(letter == "W") U ((letter == "F") || (((letter == "L") && !(letter == "W")) && X (!(letter == "W") U (letter == "X"))))))
183 [main] INFO nl.utwente.fmt.rers.RERSExperiment - Parsed formula #12: (false R (!((letter == "L") && (true U (letter == "E"))) || ((!(letter == "B") || (!(letter == "E") U ((((letter == "W") && !(letter == "E")) && !(letter == "S")) && X ((!(letter == "E") && !(letter == "S")) U (letter == "Z"))))) U (letter == "E"))))
183 [main] INFO nl.utwente.fmt.rers.RERSExperiment - Parsed formula #13: (!(letter == "Q") W (letter == "L"))
184 [main] INFO nl.utwente.fmt.rers.RERSExperiment - Parsed formula #14: (false R (!(letter == "P") || (false R (!(letter == "F") || (true U (letter == "Q"))))))
184 [main] INFO nl.utwente.fmt.rers.RERSExperiment - Parsed formula #15: (false R (!(letter == "W") || (!(true U (letter == "X")) || (!(letter == "X") U ((letter == "R") || (((letter == "N") && !(letter == "X")) && X (!(letter == "X") U (letter == "A"))))))))
185 [main] INFO nl.utwente.fmt.rers.RERSExperiment - Parsed formula #16: (false R (!((letter == "Y") && (true U (letter == "U"))) || (!(letter == "Z") U ((letter == "U") || (((letter == "O") && !(letter == "Z")) && X (!(letter == "Z") U (letter == "R")))))))
185 [main] INFO nl.utwente.fmt.rers.RERSExperiment - Parsed formula #17: (!(true U (letter == "A")) || (((letter == "L") && (!X (!(letter == "A") U (letter == "J")) || X (!(letter == "A") U ((letter == "J") && (true U (letter == "X")))))) U (letter == "A")))
185 [main] INFO nl.utwente.fmt.rers.RERSExperiment - Parsed formula #18: (false R (!(letter == "R") || (false R (!(letter == "A") || ((letter == "Z") && X (true U (letter == "P")))))))
186 [main] INFO nl.utwente.fmt.rers.RERSExperiment - Parsed formula #19: (false R (!((letter == "I") && (true U (letter == "J"))) || (!(letter == "P") U ((letter == "J") || (((letter == "S") && !(letter == "P")) && X (!(letter == "P") U (letter == "M")))))))
186 [main] INFO nl.utwente.fmt.rers.RERSExperiment - Parsed formula #20: ((false R !(letter == "S")) || (!(letter == "S") U ((letter == "S") && (!(true U (letter == "W")) || (!(letter == "W") U (((letter == "Q") && !(letter == "W")) && X (!(letter == "W") U (letter == "A"))))))))
187 [main] INFO nl.utwente.fmt.rers.RERSExperiment - Parsed formula #21: (false R (!(letter == "W") || (false R (!(letter == "O") || ((letter == "Z") && X (true U (letter == "T")))))))
187 [main] INFO nl.utwente.fmt.rers.RERSExperiment - Parsed formula #22: (false R (!((letter == "I") && (true U (letter == "D"))) || (((letter == "E") && (!X (!(letter == "D") U (letter == "B")) || X (!(letter == "D") U ((letter == "B") && (true U (letter == "W")))))) U (letter == "D"))))
188 [main] INFO nl.utwente.fmt.rers.RERSExperiment - Parsed formula #23: (false R ((letter == "R") && (!!(letter == "O") || (!(letter == "Q") W ((letter == "N") || (letter == "O"))))))
188 [main] INFO nl.utwente.fmt.rers.RERSExperiment - Parsed formula #24: (!(true U (letter == "E")) || ((!(letter == "L") || (!(letter == "E") U ((letter == "S") && !(letter == "E")))) U (letter == "E")))
188 [main] INFO nl.utwente.fmt.rers.RERSExperiment - Parsed formula #25: (false R (!((letter == "P") && (true U (letter == "W"))) || (!(((letter == "T") && !(letter == "W")) && X (!(letter == "W") U ((letter == "Z") && !(letter == "W")))) U ((letter == "W") || (letter == "R")))))
189 [main] INFO nl.utwente.fmt.rers.RERSExperiment - Parsed formula #26: (false R (!(letter == "U") || (false R (!(letter == "N") || (((letter == "X") && !(letter == "S")) && X (!(letter == "S") U (letter == "V")))))))
189 [main] INFO nl.utwente.fmt.rers.RERSExperiment - Parsed formula #27: (false R ((letter == "N") && (!X (true U (letter == "L")) || X (true U ((letter == "L") && (true U (letter == "W")))))))
189 [main] INFO nl.utwente.fmt.rers.RERSExperiment - Parsed formula #28: (false R (!((letter == "I") && (true U (letter == "T"))) || ((!(letter == "K") || (!(letter == "T") U ((((letter == "X") && !(letter == "T")) && !(letter == "U")) && X ((!(letter == "T") && !(letter == "U")) U (letter == "Z"))))) U (letter == "T"))))
190 [main] INFO nl.utwente.fmt.rers.RERSExperiment - Parsed formula #29: (false R (!(letter == "K") || ((!(letter == "F") || (!(letter == "P") U ((((letter == "X") && !(letter == "P")) && !(letter == "Q")) && X ((!(letter == "P") && !(letter == "Q")) U (letter == "Z"))))) U ((letter == "P") || (false R (!(letter == "F") || (((letter == "X") && !(letter == "Q")) && X (!(letter == "Q") U (letter == "Z")))))))))
190 [main] INFO nl.utwente.fmt.rers.RERSExperiment - Parsed formula #30: (false R (!(((letter == "S") && !(letter == "K")) && (true U (letter == "K"))) || (!(letter == "Y") U ((letter == "F") || (letter == "K")))))
190 [main] INFO nl.utwente.fmt.rers.RERSExperiment - Parsed formula #31: (false R (!(letter == "C") || (false R ((letter == "O") && (!X (true U (letter == "N")) || X (!(letter == "N") U ((letter == "N") && (true U (letter == "V")))))))))
191 [main] INFO nl.utwente.fmt.rers.RERSExperiment - Parsed formula #32: ((false R !(letter == "Y")) || (!(letter == "Y") U ((letter == "Y") && (!(true U ((letter == "Q") && X (true U (letter == "V")))) || (!(letter == "Q") U (letter == "D"))))))
191 [main] INFO nl.utwente.fmt.rers.RERSExperiment - Parsed formula #33: ((false R !(letter == "J")) || (!(letter == "J") U ((letter == "J") && (!(true U (letter == "Q")) || (!(letter == "Q") U (((letter == "Z") && !(letter == "Q")) && X (!(letter == "Q") U (letter == "N"))))))))
191 [main] INFO nl.utwente.fmt.rers.RERSExperiment - Parsed formula #34: (false R ((letter == "F") && (!!(letter == "K") || (!(letter == "X") W ((letter == "L") || (letter == "K"))))))
192 [main] INFO nl.utwente.fmt.rers.RERSExperiment - Parsed formula #35: (false R (!(letter == "E") || (true U (letter == "Z"))))
192 [main] INFO nl.utwente.fmt.rers.RERSExperiment - Parsed formula #36: (false R (!(letter == "J") || (true U (letter == "V"))))
192 [main] INFO nl.utwente.fmt.rers.RERSExperiment - Parsed formula #37: (!(true U (letter == "U")) || ((!(letter == "C") || (!(letter == "U") U ((((letter == "R") && !(letter == "U")) && !(letter == "V")) && X ((!(letter == "U") && !(letter == "V")) U (letter == "W"))))) U (letter == "U")))
192 [main] INFO nl.utwente.fmt.rers.RERSExperiment - Parsed formula #38: (!(true U (letter == "I")) || ((!(letter == "O") || (!(letter == "I") U ((((letter == "T") && !(letter == "I")) && !(letter == "R")) && X ((!(letter == "I") && !(letter == "R")) U (letter == "Z"))))) U (letter == "I")))
193 [main] INFO nl.utwente.fmt.rers.RERSExperiment - Parsed formula #39: (!(true U (letter == "X")) || (!(((letter == "W") && !(letter == "X")) && X (!(letter == "X") U ((letter == "Q") && !(letter == "X")))) U ((letter == "X") || (letter == "T"))))
193 [main] INFO nl.utwente.fmt.rers.RERSExperiment - Parsed formula #40: (false R (!(letter == "U") || (false R (!(letter == "H") || (true U (letter == "P"))))))
193 [main] INFO nl.utwente.fmt.rers.RERSExperiment - Parsed formula #41: (false R (!(letter == "V") || (((letter == "J") && (!X (!(letter == "H") U (letter == "A")) || X (!(letter == "H") U ((letter == "A") && (true U (letter == "P")))))) U ((letter == "H") || (false R ((letter == "J") && (!X (!(letter == "H") U (letter == "A")) || X (!(letter == "H") U ((letter == "A") && (true U (letter == "P")))))))))))
194 [main] INFO nl.utwente.fmt.rers.RERSExperiment - Parsed formula #42: (false R (!(letter == "H") || (false R ((letter == "G") && (!X (true U (letter == "F")) || X (!(letter == "F") U ((letter == "F") && (true U (letter == "Z")))))))))
194 [main] INFO nl.utwente.fmt.rers.RERSExperiment - Parsed formula #43: (false R (!((letter == "Q") && (true U (letter == "D"))) || (!(letter == "W") U ((letter == "D") || (((letter == "I") && !(letter == "W")) && X (!(letter == "W") U (letter == "M")))))))
194 [main] INFO nl.utwente.fmt.rers.RERSExperiment - Parsed formula #44: (!(true U (letter == "T")) || (!(letter == "T") U (((letter == "G") && !(letter == "T")) && X (!(letter == "T") U (letter == "V")))))
195 [main] INFO nl.utwente.fmt.rers.RERSExperiment - Parsed formula #45: (!(true U (letter == "W")) || (!(letter == "W") U (((letter == "B") && !(letter == "W")) && X (!(letter == "W") U (letter == "E")))))
195 [main] INFO nl.utwente.fmt.rers.RERSExperiment - Parsed formula #46: (false R (!(letter == "V") || (!(true U (letter == "Y")) || (!(letter == "Y") U ((letter == "U") || (((letter == "I") && !(letter == "Y")) && X (!(letter == "Y") U (letter == "F"))))))))
196 [main] INFO nl.utwente.fmt.rers.RERSExperiment - Parsed formula #47: (false R (!((letter == "I") && (true U (letter == "K"))) || (!(letter == "S") U ((letter == "K") || (((letter == "W") && !(letter == "S")) && X (!(letter == "S") U (letter == "X")))))))
196 [main] INFO nl.utwente.fmt.rers.RERSExperiment - Parsed formula #48: (false R ((letter == "N") && (!X (true U (letter == "M")) || X (true U ((letter == "M") && (true U (letter == "T")))))))
196 [main] INFO nl.utwente.fmt.rers.RERSExperiment - Parsed formula #49: (false R (!(((letter == "H") && !(letter == "I")) && (true U (letter == "I"))) || (!(letter == "Y") U ((letter == "B") || (letter == "I")))))
196 [main] INFO nl.utwente.fmt.rers.RERSExperiment - Parsed formula #50: (!(true U (letter == "X")) || (!(letter == "X") U (((letter == "U") && !(letter == "X")) && X (!(letter == "X") U (letter == "F")))))
197 [main] INFO nl.utwente.fmt.rers.RERSExperiment - Parsed formula #51: (false R (!((letter == "L") && (true U (letter == "G"))) || (!(((letter == "W") && !(letter == "G")) && X (!(letter == "G") U ((letter == "Y") && !(letter == "G")))) U ((letter == "G") || (letter == "Q")))))
197 [main] INFO nl.utwente.fmt.rers.RERSExperiment - Parsed formula #52: (!(true U (letter == "C")) || ((!(letter == "D") || (!(letter == "C") U ((letter == "P") && !(letter == "C")))) U (letter == "C")))
197 [main] INFO nl.utwente.fmt.rers.RERSExperiment - Parsed formula #53: (!(true U (letter == "F")) || ((!(letter == "A") || (!(letter == "F") U (((letter == "T") && !(letter == "F")) && X (!(letter == "F") U (letter == "U"))))) U (letter == "F")))
197 [main] INFO nl.utwente.fmt.rers.RERSExperiment - Parsed formula #54: (false R (!((letter == "D") && (true U (letter == "J"))) || (((letter == "A") && (!X (!(letter == "J") U (letter == "I")) || X (!(letter == "J") U ((letter == "I") && (true U (letter == "W")))))) U (letter == "J"))))
198 [main] INFO nl.utwente.fmt.rers.RERSExperiment - Parsed formula #55: (!(true U (letter == "B")) || ((!(letter == "A") || (!(letter == "B") U ((((letter == "V") && !(letter == "B")) && !(letter == "X")) && X ((!(letter == "B") && !(letter == "X")) U (letter == "P"))))) U (letter == "B")))
198 [main] INFO nl.utwente.fmt.rers.RERSExperiment - Parsed formula #56: (false R (!(letter == "W") || (false R (!(letter == "G") || ((letter == "S") && X (true U (letter == "Q")))))))
198 [main] INFO nl.utwente.fmt.rers.RERSExperiment - Parsed formula #57: (false R (!(letter == "N") || (true U (letter == "Y"))))
198 [main] INFO nl.utwente.fmt.rers.RERSExperiment - Parsed formula #58: (false R (!(letter == "M") || (true U ((letter == "V") && X (true U (letter == "R"))))))
198 [main] INFO nl.utwente.fmt.rers.RERSExperiment - Parsed formula #59: (false R (!((letter == "O") && (true U (letter == "K"))) || (!(((letter == "V") && !(letter == "K")) && X (!(letter == "K") U ((letter == "Q") && !(letter == "K")))) U ((letter == "K") || (letter == "B")))))
199 [main] INFO nl.utwente.fmt.rers.RERSExperiment - Parsed formula #60: (!(true U ((letter == "X") && X (true U (letter == "P")))) || (!(letter == "X") U (letter == "V")))
199 [main] INFO nl.utwente.fmt.rers.RERSExperiment - Parsed formula #61: (false R (!(letter == "B") || (false R (!(letter == "O") || (true U (letter == "S"))))))
199 [main] INFO nl.utwente.fmt.rers.RERSExperiment - Parsed formula #62: (!(letter == "P") W (letter == "A"))
200 [main] INFO nl.utwente.fmt.rers.RERSExperiment - Parsed formula #63: (!(true U ((letter == "Q") && X (true U (letter == "S")))) || (!(letter == "Q") U (letter == "I")))
200 [main] INFO nl.utwente.fmt.rers.RERSExperiment - Parsed formula #64: (!(true U (letter == "C")) || (!(((letter == "S") && !(letter == "C")) && X (!(letter == "C") U ((letter == "R") && !(letter == "C")))) U ((letter == "C") || (letter == "F"))))
200 [main] INFO nl.utwente.fmt.rers.RERSExperiment - Parsed formula #65: (!(true U (letter == "A")) || (!(letter == "Z") U ((letter == "A") || (((letter == "L") && !(letter == "Z")) && X (!(letter == "Z") U (letter == "O"))))))
200 [main] INFO nl.utwente.fmt.rers.RERSExperiment - Parsed formula #66: (false R (!(letter == "V") || (false R (!(letter == "H") || ((letter == "P") && X (true U (letter == "R")))))))
201 [main] INFO nl.utwente.fmt.rers.RERSExperiment - Parsed formula #67: (false R (!((letter == "C") && (true U (letter == "N"))) || ((!(letter == "E") || (!(letter == "N") U (((letter == "S") && !(letter == "N")) && X (!(letter == "N") U (letter == "R"))))) U (letter == "N"))))
201 [main] INFO nl.utwente.fmt.rers.RERSExperiment - Parsed formula #68: (false R (!(letter == "H") || (true U ((letter == "R") && X (true U (letter == "W"))))))
201 [main] INFO nl.utwente.fmt.rers.RERSExperiment - Parsed formula #69: (false R (!(letter == "B") || (false R (!(letter == "F") || (((letter == "V") && !(letter == "Y")) && X (!(letter == "Y") U (letter == "P")))))))
201 [main] INFO nl.utwente.fmt.rers.RERSExperiment - Parsed formula #70: (false R ((letter == "Y") && (!!(letter == "M") || (!(letter == "Z") W ((letter == "C") || (letter == "M"))))))
202 [main] INFO nl.utwente.fmt.rers.RERSExperiment - Parsed formula #71: (false R (!(letter == "Q") || (!(true U (letter == "Z")) || (!(letter == "Z") U ((letter == "X") || (((letter == "H") && !(letter == "Z")) && X (!(letter == "Z") U (letter == "U"))))))))
202 [main] INFO nl.utwente.fmt.rers.RERSExperiment - Parsed formula #72: (false R ((letter == "T") && (!!(letter == "Y") || (!(letter == "Z") W ((letter == "A") || (letter == "Y"))))))
202 [main] INFO nl.utwente.fmt.rers.RERSExperiment - Parsed formula #73: ((false R !(letter == "U")) || (!(letter == "U") U ((letter == "U") && (!(true U (letter == "Y")) || (!(letter == "Y") U (((letter == "N") && !(letter == "Y")) && X (!(letter == "Y") U (letter == "J"))))))))
202 [main] INFO nl.utwente.fmt.rers.RERSExperiment - Parsed formula #74: (!(letter == "W") W (letter == "U"))
203 [main] INFO nl.utwente.fmt.rers.RERSExperiment - Parsed formula #75: (false R (!((letter == "N") && (true U (letter == "X"))) || (!(letter == "Y") U ((letter == "X") || (((letter == "F") && !(letter == "Y")) && X (!(letter == "Y") U (letter == "S")))))))
203 [main] INFO nl.utwente.fmt.rers.RERSExperiment - Parsed formula #76: (false R (!((letter == "M") && (true U (letter == "N"))) || ((!(letter == "A") || (!(letter == "N") U ((((letter == "R") && !(letter == "N")) && !(letter == "T")) && X ((!(letter == "N") && !(letter == "T")) U (letter == "X"))))) U (letter == "N"))))
203 [main] INFO nl.utwente.fmt.rers.RERSExperiment - Parsed formula #77: (false R ((letter == "A") && (!X (true U (letter == "E")) || X (true U ((letter == "E") && (true U (letter == "P")))))))
203 [main] INFO nl.utwente.fmt.rers.RERSExperiment - Parsed formula #78: (false R (!(letter == "Y") || (false R (!(letter == "F") || (true U (letter == "Q"))))))
203 [main] INFO nl.utwente.fmt.rers.RERSExperiment - Parsed formula #79: (!(true U (letter == "E")) || ((!(letter == "F") || (!(letter == "E") U (((letter == "Y") && !(letter == "E")) && X (!(letter == "E") U (letter == "Q"))))) U (letter == "E")))
204 [main] INFO nl.utwente.fmt.rers.RERSExperiment - Parsed formula #80: (!(true U (letter == "D")) || ((!(letter == "E") || (!(letter == "D") U ((letter == "W") && !(letter == "D")))) U (letter == "D")))
204 [main] INFO nl.utwente.fmt.rers.RERSExperiment - Parsed formula #81: ((false R !(letter == "H")) || (!(letter == "H") U ((letter == "H") && (!(true U ((letter == "Z") && X (true U (letter == "X")))) || (!(letter == "Z") U (letter == "N"))))))
204 [main] INFO nl.utwente.fmt.rers.RERSExperiment - Parsed formula #82: (false R (!(letter == "J") || (!(true U (letter == "Y")) || (!(letter == "Y") U ((letter == "D") || (((letter == "T") && !(letter == "Y")) && X (!(letter == "Y") U (letter == "W"))))))))
204 [main] INFO nl.utwente.fmt.rers.RERSExperiment - Parsed formula #83: (false R (!((letter == "L") && (true U (letter == "U"))) || (!(letter == "R") U ((letter == "U") || (((letter == "V") && !(letter == "R")) && X (!(letter == "R") U (letter == "F")))))))
204 [main] INFO nl.utwente.fmt.rers.RERSExperiment - Parsed formula #84: (false R (!(((letter == "Y") && !(letter == "W")) && (true U (letter == "W"))) || ((!(letter == "H") || (!(letter == "W") U ((letter == "S") && !(letter == "W")))) U (letter == "W"))))
205 [main] INFO nl.utwente.fmt.rers.RERSExperiment - Parsed formula #85: (false R (!(letter == "M") || (true U ((letter == "Z") && X (true U (letter == "R"))))))
205 [main] INFO nl.utwente.fmt.rers.RERSExperiment - Parsed formula #86: (!(true U ((letter == "S") && X (true U (letter == "X")))) || (!(letter == "S") U (letter == "Z")))
206 [main] INFO nl.utwente.fmt.rers.RERSExperiment - Parsed formula #87: (false R (!((letter == "L") && (true U (letter == "U"))) || (!(((letter == "S") && !(letter == "U")) && X (!(letter == "U") U ((letter == "W") && !(letter == "U")))) U ((letter == "U") || (letter == "K")))))
206 [main] INFO nl.utwente.fmt.rers.RERSExperiment - Parsed formula #88: (false R (!(letter == "O") || ((!(letter == "K") || (!(letter == "W") U (((letter == "V") && !(letter == "W")) && X (!(letter == "W") U (letter == "U"))))) U ((letter == "W") || (false R (!(letter == "K") || ((letter == "V") && X (true U (letter == "U")))))))))
206 [main] INFO nl.utwente.fmt.rers.RERSExperiment - Parsed formula #89: ((false R !(letter == "Q")) || (!(letter == "Q") U ((letter == "Q") && (!(true U ((letter == "R") && X (true U (letter == "S")))) || (!(letter == "R") U (letter == "X"))))))
206 [main] INFO nl.utwente.fmt.rers.RERSExperiment - Parsed formula #90: (false R (!(letter == "J") || ((!(letter == "A") || (!(letter == "B") U ((((letter == "R") && !(letter == "B")) && !(letter == "W")) && X ((!(letter == "B") && !(letter == "W")) U (letter == "V"))))) U ((letter == "B") || (false R (!(letter == "A") || (((letter == "R") && !(letter == "W")) && X (!(letter == "W") U (letter == "V")))))))))
207 [main] INFO nl.utwente.fmt.rers.RERSExperiment - Parsed formula #91: (false R (!(((letter == "X") && !(letter == "T")) && (true U (letter == "T"))) || ((!(letter == "E") || (!(letter == "T") U ((letter == "Y") && !(letter == "T")))) U (letter == "T"))))
207 [main] INFO nl.utwente.fmt.rers.RERSExperiment - Parsed formula #92: (!(true U (letter == "D")) || (((letter == "G") && (!X (!(letter == "D") U (letter == "C")) || X (!(letter == "D") U ((letter == "C") && (true U (letter == "T")))))) U (letter == "D")))
207 [main] INFO nl.utwente.fmt.rers.RERSExperiment - Parsed formula #93: (!(letter == "U") W (letter == "E"))
207 [main] INFO nl.utwente.fmt.rers.RERSExperiment - Parsed formula #94: (false R ((letter == "K") && (!!(letter == "Z") || (!(letter == "S") W ((letter == "V") || (letter == "Z"))))))
207 [main] INFO nl.utwente.fmt.rers.RERSExperiment - Parsed formula #95: (!(true U (letter == "L")) || (((letter == "I") && (!X (!(letter == "L") U (letter == "H")) || X (!(letter == "L") U ((letter == "H") && (true U (letter == "V")))))) U (letter == "L")))
208 [main] INFO nl.utwente.fmt.rers.RERSExperiment - Parsed formula #96: (false R (!(letter == "U") || (false R ((letter == "H") && (!X (true U (letter == "N")) || X (!(letter == "N") U ((letter == "N") && (true U (letter == "S")))))))))
208 [main] INFO nl.utwente.fmt.rers.RERSExperiment - Parsed formula #97: (false R (!((letter == "S") && (true U (letter == "J"))) || ((!(letter == "B") || (!(letter == "J") U (((letter == "R") && !(letter == "J")) && X (!(letter == "J") U (letter == "T"))))) U (letter == "J"))))
208 [main] INFO nl.utwente.fmt.rers.RERSExperiment - Parsed formula #98: (false R (!(letter == "B") || ((!(((letter == "V") && !(letter == "J")) && X (!(letter == "J") U ((letter == "W") && !(letter == "J")))) U ((letter == "J") || (letter == "Y"))) || (false R !((letter == "V") && X (true U (letter == "W")))))))
209 [main] INFO nl.utwente.fmt.rers.RERSExperiment - Parsed formula #99: (!(true U (letter == "A")) || (!(letter == "U") U ((letter == "S") || (letter == "A"))))
209 [main] INFO nl.utwente.fmt.rers.RERSExperiment - Parsed formula #100: (false R (!((letter == "Q") && (true U (letter == "Y"))) || (((letter == "A") && (!X (!(letter == "Y") U (letter == "O")) || X (!(letter == "Y") U ((letter == "O") && (true U (letter == "Z")))))) U (letter == "Y"))))
287 [main] INFO nl.utwente.fmt.rers.Main - Searching for counterexample
321 [main] INFO nl.utwente.fmt.rers.Main - Query[ε|L L / P ]
351 [main] INFO nl.utwente.fmt.rers.Main - Searching for counterexample
364 [main] INFO nl.utwente.fmt.rers.Main - Query[ε|L I L I L / P V T  ]
383 [main] INFO nl.utwente.fmt.rers.Main - Searching for counterexample
386 [main] INFO nl.utwente.fmt.rers.Main - Query[ε|L E K L / P Z  ]
397 [main] INFO nl.utwente.fmt.rers.Main - Searching for counterexample
413 [main] INFO nl.utwente.fmt.rers.Main - Query[ε|L E N L L / P Z V P T]
415 [main] INFO nl.utwente.fmt.rers.Main - Searching for counterexample
426 [main] INFO nl.utwente.fmt.rers.Main - Query[ε|D D I O L / X X S S X]
430 [main] INFO nl.utwente.fmt.rers.Main - Searching for counterexample
431 [main] INFO nl.utwente.fmt.rers.Main - Query[ε|L I A E L / P V Z  ]
434 [main] INFO nl.utwente.fmt.rers.Main - Searching for counterexample
455 [main] INFO nl.utwente.fmt.rers.Main - Query[ε|L E F L D L / P Z S X R ]
458 [main] INFO nl.utwente.fmt.rers.Main - Searching for counterexample
460 [main] INFO nl.utwente.fmt.rers.Main - Query[ε|D I L D L / X X Z  ]
464 [main] INFO nl.utwente.fmt.rers.Main - Searching for counterexample
488 [main] INFO nl.utwente.fmt.rers.Main - Query[ε|D I L A F O L / X X Z P Z Z ]
490 [main] INFO nl.utwente.fmt.rers.Main - Searching for counterexample
520 [main] INFO nl.utwente.fmt.rers.Main - Query[ε|D D I O K L / X X S S  X]
522 [main] INFO nl.utwente.fmt.rers.Main - Searching for counterexample
551 [main] INFO nl.utwente.fmt.rers.Main - Query[ε|D I I E L / X X Z Z ]
553 [main] INFO nl.utwente.fmt.rers.Main - Searching for counterexample
568 [main] INFO nl.utwente.fmt.rers.Main - Query[ε|D I I E O L / X X Z Z X Z]
570 [main] INFO nl.utwente.fmt.rers.Main - Searching for counterexample
601 [main] INFO nl.utwente.fmt.rers.Main - Query[ε|D I J E L / X X V T ]
603 [main] INFO nl.utwente.fmt.rers.Main - Searching for counterexample
632 [main] INFO nl.utwente.fmt.rers.Main - Query[ε|L I L F O E L / P V T T X  ]
634 [main] INFO nl.utwente.fmt.rers.Main - Searching for counterexample
637 [main] INFO nl.utwente.fmt.rers.Main - Query[ε|D I J A M L / X X V S  ]
639 [main] INFO nl.utwente.fmt.rers.Main - Searching for counterexample
705 [main] INFO nl.utwente.fmt.rers.Main - Query[ε|L E N L A L / P Z V P T ]
706 [main] INFO nl.utwente.fmt.rers.Main - Searching for counterexample
795 [main] INFO nl.utwente.fmt.rers.Main - Query[ε|D I I F A L / X X Z S  T]
797 [main] INFO nl.utwente.fmt.rers.Main - Searching for counterexample
13934193 [main] INFO nl.utwente.fmt.rers.Main - timeout reached, not using counter example
13934193 [main] INFO nl.utwente.fmt.rers.Main - Useless equivalence symbols: 8319735517
13934193 [main] INFO nl.utwente.fmt.rers.Main - Useless equivalence queries: 108408433
13934697 [main] INFO de.learnlib.api.logging.LoggingBlackBoxProperty - Property violated: '(false R (!((letter == "L") && (true U (letter == "E"))) || ((!(letter == "B") || (!(letter == "E") U ((((letter == "W") && !(letter == "E")) && !(letter == "S")) && X ((!(letter == "E") && !(letter == "S")) U (letter == "Z"))))) U (letter == "E"))))'
13934698 [main] INFO de.learnlib.api.logging.LoggingBlackBoxProperty - Counter example for property: OmegaQuery[ε|D D I E L F O B L C J E C C C C C C C C C C C C C C C C C C C C C C C C C C C C C C C C C C C C C C C / X X S R Y S S S X X V T T T T T T T T T T T T T T T T T T T T T T T T T T T T T T T T T T T T T T T T, [12, 13, 14, 15, 16, 17, 18, 19, 20, 21, 22, 23, 24, 25, 26, 27, 28, 29, 30, 31, 32, 33, 34, 35, 36, 37, 38, 39, 40, 41, 42, 43, 44, 45, 46, 47, 48, 49, 50] - [-123491956, -123491956, -123491956, -123491956, -123491956, -123491956, -123491956, -123491956, -123491956, -123491956, -123491956, -123491956, -123491956, -123491956, -123491956, -123491956, -123491956, -123491956, -123491956, -123491956, -123491956, -123491956, -123491956, -123491956, -123491956, -123491956, -123491956, -123491956, -123491956, -123491956, -123491956, -123491956, -123491956, -123491956, -123491956, -123491956, -123491956, -123491956, -123491956]]
13936053 [main] INFO nl.utwente.fmt.rers.RERSProperty - possibly false: #49, (!(true U (letter == "X")) || (!(letter == "X") U (((letter == "U") && !(letter == "X")) && X (!(letter == "X") U (letter == "F"))))) (1 times, fixed)
13936053 [main] INFO nl.utwente.fmt.rers.RERSProperty - query: Query[ε|D D I E L F E L F E L F / X X S R Y S R Y S R Y S]
13936106 [main] INFO nl.utwente.fmt.rers.RERSProperty - possibly false: #49, (!(true U (letter == "X")) || (!(letter == "X") U (((letter == "U") && !(letter == "X")) && X (!(letter == "X") U (letter == "F"))))) (1 times, relative)
13936106 [main] INFO nl.utwente.fmt.rers.RERSProperty - query: Query[ε|D D I E L F E L F E L F E L F E L F E L F E L F E L F E L F E L F E L F E L F E L F E L F E L F E L F E L F E L F E L F E L F E L F E L F E L F E L F E L F E L F E L F E L F E L F E L F E L F E L F E L F E L F E L F E L F E L F E L F E L F / X X S R Y S R Y S R Y S R Y S R Y S R Y S R Y S R Y S R Y S R Y S R Y S R Y S R Y S R Y S R Y S R Y S R Y S R Y S R Y S R Y S R Y S R Y S R Y S R Y S R Y S R Y S R Y S R Y S R Y S R Y S R Y S R Y S R Y S R Y S R Y S R Y S R Y S R Y S R Y S]
13937255 [main] INFO nl.utwente.fmt.rers.RERSProperty - possibly false: #94, (!(true U (letter == "L")) || (((letter == "I") && (!X (!(letter == "L") U (letter == "H")) || X (!(letter == "L") U ((letter == "H") && (true U (letter == "V")))))) U (letter == "L"))) (1 times, fixed)
13937255 [main] INFO nl.utwente.fmt.rers.RERSProperty - query: Query[ε|D D I E L F E L F E L F E L / X X S R Y S R Y S R Y S R Y]
13937309 [main] INFO nl.utwente.fmt.rers.RERSProperty - possibly false: #94, (!(true U (letter == "L")) || (((letter == "I") && (!X (!(letter == "L") U (letter == "H")) || X (!(letter == "L") U ((letter == "H") && (true U (letter == "V")))))) U (letter == "L"))) (1 times, relative)
13937309 [main] INFO nl.utwente.fmt.rers.RERSProperty - query: Query[ε|D D I E L F E L F E L F E L F E L F E L F E L F E L F E L F E L F E L F E L F E L F E L F E L F E L F E L F E L F E L F E L F E L F E L F E L F E L F E L F E L F E L F E L F E L F E L F E L F E L F E L F E L F E L F E L F E L F E L F E L F E L / X X S R Y S R Y S R Y S R Y S R Y S R Y S R Y S R Y S R Y S R Y S R Y S R Y S R Y S R Y S R Y S R Y S R Y S R Y S R Y S R Y S R Y S R Y S R Y S R Y S R Y S R Y S R Y S R Y S R Y S R Y S R Y S R Y S R Y S R Y S R Y S R Y S R Y S R Y S R Y S R Y]
13938376 [main] INFO de.learnlib.api.logging.LoggingBlackBoxProperty - Property violated: '(!(true U (letter == "F")) || ((!(letter == "A") || (!(letter == "F") U (((letter == "T") && !(letter == "F")) && X (!(letter == "F") U (letter == "U"))))) U (letter == "F")))'
13938376 [main] INFO de.learnlib.api.logging.LoggingBlackBoxProperty - Counter example for property: OmegaQuery[ε|D D I O L C J A N L A F J C C C C C C C C C C C C C C C C C C C C C C C C C C C C C C C C C C C C C C C / X X S S X X V S P Z P Z S T T T T T T T T T T T T T T T T T T T T T T T T T T T T T T T T T T T T T T T, [13, 14, 15, 16, 17, 18, 19, 20, 21, 22, 23, 24, 25, 26, 27, 28, 29, 30, 31, 32, 33, 34, 35, 36, 37, 38, 39, 40, 41, 42, 43, 44, 45, 46, 47, 48, 49, 50, 51] - [-1036446059, -1036446059, -1036446059, -1036446059, -1036446059, -1036446059, -1036446059, -1036446059, -1036446059, -1036446059, -1036446059, -1036446059, -1036446059, -1036446059, -1036446059, -1036446059, -1036446059, -1036446059, -1036446059, -1036446059, -1036446059, -1036446059, -1036446059, -1036446059, -1036446059, -1036446059, -1036446059, -1036446059, -1036446059, -1036446059, -1036446059, -1036446059, -1036446059, -1036446059, -1036446059, -1036446059, -1036446059, -1036446059, -1036446059]]
13938792 [main] INFO de.learnlib.api.logging.LoggingBlackBoxProperty - Property violated: '(false R (!(letter == "K") || ((!(letter == "F") || (!(letter == "P") U ((((letter == "X") && !(letter == "P")) && !(letter == "Q")) && X ((!(letter == "P") && !(letter == "Q")) U (letter == "Z"))))) U ((letter == "P") || (false R (!(letter == "F") || (((letter == "X") && !(letter == "Q")) && X (!(letter == "Q") U (letter == "Z")))))))))'
13938792 [main] INFO de.learnlib.api.logging.LoggingBlackBoxProperty - Counter example for property: OmegaQuery[ε|D D I O L C I F F D A F A M I L F G K I F F N F N F N F N F N F N F N F N F N F N F N F N F N F N F N F N F N F N F N F N F N F N F N F N F N F N F N F N F N F N F N F N F N F N F N F N F N F N F N / X X S S X X Z S S X T S S V V T T Y X Z S S S S S S S S S S S S S S S S S S S S S S S S S S S S S S S S S S S S S S S S S S S S S S S S S S S S S S S S S S S S S S S S S S S S S S S S S S S S S S S, [21, 23, 25, 27, 29, 31, 33, 35, 37, 39, 41, 43, 45, 47, 49, 51, 53, 55, 57, 59, 61, 63, 65, 67, 69, 71, 73, 75, 77, 79, 81, 83, 85, 87, 89, 91, 93, 95, 97] - [20680439, -1644311950, -1657343142, -441860340, -1540449565, 1279903195, 1937698300, 1508169111, 81206562, -134028162, 2145423070, 656728885, 933695245, 423659535, 4455018, -441860340, -1540449565, 1279903195, 1937698300, 1508169111, 81206562, -134028162, 2145423070, 656728885, 933695245, 423659535, 4455018, -441860340, -1540449565, 1279903195, 1937698300, 1508169111, 81206562, -134028162, 2145423070, 656728885, 933695245, 423659535, 4455018]]
13939928 [main] INFO nl.utwente.fmt.rers.RERSProperty - possibly false: #17, (false R (!(letter == "R") || (false R (!(letter == "A") || ((letter == "Z") && X (true U (letter == "P"))))))) (1 times, fixed)
13939928 [main] INFO nl.utwente.fmt.rers.RERSProperty - query: Query[ε|D D I E L F O L C J A N J A N J A N J A / X X S R Y S S X X V S P V S P V S P V S]
13940009 [main] INFO nl.utwente.fmt.rers.RERSProperty - possibly false: #17, (false R (!(letter == "R") || (false R (!(letter == "A") || ((letter == "Z") && X (true U (letter == "P"))))))) (1 times, relative)
13940010 [main] INFO nl.utwente.fmt.rers.RERSProperty - query: Query[ε|D D I E L F O L C J A N J A N J A N J A N J A N J A N J A N J A N J A N J A N J A N J A N J A N J A N J A N J A N J A N J A N J A N J A N J A N J A N J A N J A N J A N J A N J A N J A N J A N J A N J A N J A N J A N J A N J A N J A N J A N J A N J A N J A / X X S R Y S S X X V S P V S P V S P V S P V S P V S P V S P V S P V S P V S P V S P V S P V S P V S P V S P V S P V S P V S P V S P V S P V S P V S P V S P V S P V S P V S P V S P V S P V S P V S P V S P V S P V S P V S P V S P V S P V S P V S P V S P V S]
13942091 [main] INFO de.learnlib.api.logging.LoggingBlackBoxProperty - Property violated: '(!(true U (letter == "A")) || (!(letter == "Z") U ((letter == "A") || (((letter == "L") && !(letter == "Z")) && X (!(letter == "Z") U (letter == "O"))))))'
13942092 [main] INFO de.learnlib.api.logging.LoggingBlackBoxProperty - Counter example for property: OmegaQuery[ε|D D I O L C L A F J C C C C C C C C C C C C C C C C C C C C C C C C C C C C C C C C C C C C C C C / X X S S X X Z P Z S T T T T T T T T T T T T T T T T T T T T T T T T T T T T T T T T T T T T T T T, [10, 11, 12, 13, 14, 15, 16, 17, 18, 19, 20, 21, 22, 23, 24, 25, 26, 27, 28, 29, 30, 31, 32, 33, 34, 35, 36, 37, 38, 39, 40, 41, 42, 43, 44, 45, 46, 47, 48] - [2113754598, 2113754598, 2113754598, 2113754598, 2113754598, 2113754598, 2113754598, 2113754598, 2113754598, 2113754598, 2113754598, 2113754598, 2113754598, 2113754598, 2113754598, 2113754598, 2113754598, 2113754598, 2113754598, 2113754598, 2113754598, 2113754598, 2113754598, 2113754598, 2113754598, 2113754598, 2113754598, 2113754598, 2113754598, 2113754598, 2113754598, 2113754598, 2113754598, 2113754598, 2113754598, 2113754598, 2113754598, 2113754598, 2113754598]]
13942357 [main] INFO de.learnlib.api.logging.LoggingBlackBoxProperty - Property violated: '(false R (!(letter == "B") || (false R (!(letter == "F") || (((letter == "V") && !(letter == "Y")) && X (!(letter == "Y") U (letter == "P")))))))'
13942357 [main] INFO de.learnlib.api.logging.LoggingBlackBoxProperty - Counter example for property: OmegaQuery[ε|D D I O B L C L A F J C C C C C C C C C C C C C C C C C C C C C C C C C C C C C C C C C C C C C C C / X X S S S X X Z P Z S T T T T T T T T T T T T T T T T T T T T T T T T T T T T T T T T T T T T T T T, [11, 12, 13, 14, 15, 16, 17, 18, 19, 20, 21, 22, 23, 24, 25, 26, 27, 28, 29, 30, 31, 32, 33, 34, 35, 36, 37, 38, 39, 40, 41, 42, 43, 44, 45, 46, 47, 48, 49] - [2113754598, 2113754598, 2113754598, 2113754598, 2113754598, 2113754598, 2113754598, 2113754598, 2113754598, 2113754598, 2113754598, 2113754598, 2113754598, 2113754598, 2113754598, 2113754598, 2113754598, 2113754598, 2113754598, 2113754598, 2113754598, 2113754598, 2113754598, 2113754598, 2113754598, 2113754598, 2113754598, 2113754598, 2113754598, 2113754598, 2113754598, 2113754598, 2113754598, 2113754598, 2113754598, 2113754598, 2113754598, 2113754598, 2113754598]]
13943471 [main] INFO nl.utwente.fmt.rers.RERSProperty - possibly false: #93, (false R ((letter == "K") && (!!(letter == "Z") || (!(letter == "S") W ((letter == "V") || (letter == "Z")))))) (1 times, fixed)
13943471 [main] INFO nl.utwente.fmt.rers.RERSProperty - query: Query[ε|D D I E L F E L F E L F / X X S R Y S R Y S R Y S]
13943518 [main] INFO nl.utwente.fmt.rers.RERSProperty - possibly false: #93, (false R ((letter == "K") && (!!(letter == "Z") || (!(letter == "S") W ((letter == "V") || (letter == "Z")))))) (1 times, relative)
13943518 [main] INFO nl.utwente.fmt.rers.RERSProperty - query: Query[ε|D D I E L F E L F E L F E L F E L F E L F E L F E L F E L F E L F E L F E L F E L F E L F E L F E L F E L F E L F E L F E L F E L F E L F E L F E L F E L F E L F E L F E L F E L F E L F E L F E L F E L F E L F E L F E L F E L F E L F E L F / X X S R Y S R Y S R Y S R Y S R Y S R Y S R Y S R Y S R Y S R Y S R Y S R Y S R Y S R Y S R Y S R Y S R Y S R Y S R Y S R Y S R Y S R Y S R Y S R Y S R Y S R Y S R Y S R Y S R Y S R Y S R Y S R Y S R Y S R Y S R Y S R Y S R Y S R Y S R Y S]
13943648 [main] INFO de.learnlib.api.logging.LoggingBlackBoxProperty - Property violated: '(!(true U (letter == "D")) || ((!(letter == "E") || (!(letter == "D") U ((letter == "W") && !(letter == "D")))) U (letter == "D")))'
13943649 [main] INFO de.learnlib.api.logging.LoggingBlackBoxProperty - Counter example for property: OmegaQuery[ε|L E F A M I L F G K I F F D N N N N N N N N N N N N N N N N N N N N N N N N N N N N N N N N N N N N N N N / P Z S S V V T T Y X Z S S X X X X X X X X X X X X X X X X X X X X X X X X X X X X X X X X X X X X X X X X, [14, 15, 16, 17, 18, 19, 20, 21, 22, 23, 24, 25, 26, 27, 28, 29, 30, 31, 32, 33, 34, 35, 36, 37, 38, 39, 40, 41, 42, 43, 44, 45, 46, 47, 48, 49, 50, 51, 52] - [940051415, -688628042, -688628042, -688628042, -688628042, -688628042, -688628042, -688628042, -688628042, -688628042, -688628042, -688628042, -688628042, -688628042, -688628042, -688628042, -688628042, -688628042, -688628042, -688628042, -688628042, -688628042, -688628042, -688628042, -688628042, -688628042, -688628042, -688628042, -688628042, -688628042, -688628042, -688628042, -688628042, -688628042, -688628042, -688628042, -688628042, -688628042, -688628042]]
13944938 [main] INFO de.learnlib.api.logging.LoggingBlackBoxProperty - Property violated: '(false R (!(letter == "X") || (false R (!(letter == "K") || (((letter == "P") && !(letter == "Y")) && X (!(letter == "Y") U (letter == "W")))))))'
13944938 [main] INFO de.learnlib.api.logging.LoggingBlackBoxProperty - Counter example for property: OmegaQuery[ε|D D I O L C L A F K C C C C C C C C C C C C C C C C C C C C C C C C C C C C C C C C C C C C C C C / X X S S X X Z P Z T T T T T T T T T T T T T T T T T T T T T T T T T T T T T T T T T T T T T T T T, [10, 11, 12, 13, 14, 15, 16, 17, 18, 19, 20, 21, 22, 23, 24, 25, 26, 27, 28, 29, 30, 31, 32, 33, 34, 35, 36, 37, 38, 39, 40, 41, 42, 43, 44, 45, 46, 47, 48] - [-1318960521, -1318960521, -1318960521, -1318960521, -1318960521, -1318960521, -1318960521, -1318960521, -1318960521, -1318960521, -1318960521, -1318960521, -1318960521, -1318960521, -1318960521, -1318960521, -1318960521, -1318960521, -1318960521, -1318960521, -1318960521, -1318960521, -1318960521, -1318960521, -1318960521, -1318960521, -1318960521, -1318960521, -1318960521, -1318960521, -1318960521, -1318960521, -1318960521, -1318960521, -1318960521, -1318960521, -1318960521, -1318960521, -1318960521]]
13945209 [main] INFO nl.utwente.fmt.rers.RERSProperty - possibly false: #47, (false R ((letter == "N") && (!X (true U (letter == "M")) || X (true U ((letter == "M") && (true U (letter == "T"))))))) (1 times, fixed)
13945210 [main] INFO nl.utwente.fmt.rers.RERSProperty - query: Query[ε|D D I E L F E L F E L F / X X S R Y S R Y S R Y S]
13945260 [main] INFO nl.utwente.fmt.rers.RERSProperty - possibly false: #47, (false R ((letter == "N") && (!X (true U (letter == "M")) || X (true U ((letter == "M") && (true U (letter == "T"))))))) (1 times, relative)
13945260 [main] INFO nl.utwente.fmt.rers.RERSProperty - query: Query[ε|D D I E L F E L F E L F E L F E L F E L F E L F E L F E L F E L F E L F E L F E L F E L F E L F E L F E L F E L F E L F E L F E L F E L F E L F E L F E L F E L F E L F E L F E L F E L F E L F E L F E L F E L F E L F E L F E L F E L F E L F / X X S R Y S R Y S R Y S R Y S R Y S R Y S R Y S R Y S R Y S R Y S R Y S R Y S R Y S R Y S R Y S R Y S R Y S R Y S R Y S R Y S R Y S R Y S R Y S R Y S R Y S R Y S R Y S R Y S R Y S R Y S R Y S R Y S R Y S R Y S R Y S R Y S R Y S R Y S R Y S]
13950384 [main] INFO nl.utwente.fmt.rers.RERSProperty - possibly false: #77, (false R (!(letter == "Y") || (false R (!(letter == "F") || (true U (letter == "Q")))))) (1 times, fixed)
13950384 [main] INFO nl.utwente.fmt.rers.RERSProperty - query: Query[ε|D D I E L F E L F E L F E L F / X X S R Y S R Y S R Y S R Y S]
13950442 [main] INFO nl.utwente.fmt.rers.RERSProperty - possibly false: #77, (false R (!(letter == "Y") || (false R (!(letter == "F") || (true U (letter == "Q")))))) (1 times, relative)
13950442 [main] INFO nl.utwente.fmt.rers.RERSProperty - query: Query[ε|D D I E L F E L F E L F E L F E L F E L F E L F E L F E L F E L F E L F E L F E L F E L F E L F E L F E L F E L F E L F E L F E L F E L F E L F E L F E L F E L F E L F E L F E L F E L F E L F E L F E L F E L F E L F E L F E L F E L F E L F E L F / X X S R Y S R Y S R Y S R Y S R Y S R Y S R Y S R Y S R Y S R Y S R Y S R Y S R Y S R Y S R Y S R Y S R Y S R Y S R Y S R Y S R Y S R Y S R Y S R Y S R Y S R Y S R Y S R Y S R Y S R Y S R Y S R Y S R Y S R Y S R Y S R Y S R Y S R Y S R Y S R Y S]
13950538 [main] INFO de.learnlib.api.logging.LoggingBlackBoxProperty - Property violated: '(false R (!((letter == "I") && (true U (letter == "K"))) || (!(letter == "S") U ((letter == "K") || (((letter == "W") && !(letter == "S")) && X (!(letter == "S") U (letter == "X")))))))'
13950538 [main] INFO de.learnlib.api.logging.LoggingBlackBoxProperty - Counter example for property: OmegaQuery[ε|D D I O L C L A F K C C C C C C C C C C C C C C C C C C C C C C C C C C C C C C C C C C C C C C C / X X S S X X Z P Z T T T T T T T T T T T T T T T T T T T T T T T T T T T T T T T T T T T T T T T T, [10, 11, 12, 13, 14, 15, 16, 17, 18, 19, 20, 21, 22, 23, 24, 25, 26, 27, 28, 29, 30, 31, 32, 33, 34, 35, 36, 37, 38, 39, 40, 41, 42, 43, 44, 45, 46, 47, 48] - [-1318960521, -1318960521, -1318960521, -1318960521, -1318960521, -1318960521, -1318960521, -1318960521, -1318960521, -1318960521, -1318960521, -1318960521, -1318960521, -1318960521, -1318960521, -1318960521, -1318960521, -1318960521, -1318960521, -1318960521, -1318960521, -1318960521, -1318960521, -1318960521, -1318960521, -1318960521, -1318960521, -1318960521, -1318960521, -1318960521, -1318960521, -1318960521, -1318960521, -1318960521, -1318960521, -1318960521, -1318960521, -1318960521, -1318960521]]
13950841 [main] INFO de.learnlib.api.logging.LoggingBlackBoxProperty - Property violated: '(false R (!((letter == "I") && (true U (letter == "D"))) || (((letter == "E") && (!X (!(letter == "D") U (letter == "B")) || X (!(letter == "D") U ((letter == "B") && (true U (letter == "W")))))) U (letter == "D"))))'
13950841 [main] INFO de.learnlib.api.logging.LoggingBlackBoxProperty - Counter example for property: OmegaQuery[ε|D D I O L C I F F D N N N N N N N N N N N N N N N N N N N N N N N N N N N N N N N N N N N N N N N / X X S S X X Z S S X X X X X X X X X X X X X X X X X X X X X X X X X X X X X X X X X X X X X X X X, [10, 11, 12, 13, 14, 15, 16, 17, 18, 19, 20, 21, 22, 23, 24, 25, 26, 27, 28, 29, 30, 31, 32, 33, 34, 35, 36, 37, 38, 39, 40, 41, 42, 43, 44, 45, 46, 47, 48] - [491620365, 1143954548, 1143954548, 1143954548, 1143954548, 1143954548, 1143954548, 1143954548, 1143954548, 1143954548, 1143954548, 1143954548, 1143954548, 1143954548, 1143954548, 1143954548, 1143954548, 1143954548, 1143954548, 1143954548, 1143954548, 1143954548, 1143954548, 1143954548, 1143954548, 1143954548, 1143954548, 1143954548, 1143954548, 1143954548, 1143954548, 1143954548, 1143954548, 1143954548, 1143954548, 1143954548, 1143954548, 1143954548, 1143954548]]
13951227 [main] INFO de.learnlib.api.logging.LoggingBlackBoxProperty - Property violated: '(!(true U (letter == "G")) || ((!(letter == "A") || (!(letter == "G") U (((letter == "R") && !(letter == "G")) && X (!(letter == "G") U (letter == "S"))))) U (letter == "G")))'
13951227 [main] INFO de.learnlib.api.logging.LoggingBlackBoxProperty - Counter example for property: OmegaQuery[ε|D D I O L C J A N I F F D A F A F L G N L N N N N N N N N N N N N N N N N N N N N N N N N N N N N N N N N N N N N N N N / X X S S X X V S P Z S S X T S S R X V V P X X X X X X X X X X X X X X X X X X X X X X X X X X X X X X X X X X X X X X X, [21, 22, 23, 24, 25, 26, 27, 28, 29, 30, 31, 32, 33, 34, 35, 36, 37, 38, 39, 40, 41, 42, 43, 44, 45, 46, 47, 48, 49, 50, 51, 52, 53, 54, 55, 56, 57, 58, 59] - [1609870690, 741529113, 741529113, 741529113, 741529113, 741529113, 741529113, 741529113, 741529113, 741529113, 741529113, 741529113, 741529113, 741529113, 741529113, 741529113, 741529113, 741529113, 741529113, 741529113, 741529113, 741529113, 741529113, 741529113, 741529113, 741529113, 741529113, 741529113, 741529113, 741529113, 741529113, 741529113, 741529113, 741529113, 741529113, 741529113, 741529113, 741529113, 741529113]]
13951684 [main] INFO nl.utwente.fmt.rers.RERSProperty - possibly false: #56, (false R (!(letter == "N") || (true U (letter == "Y")))) (1 times, fixed)
13951684 [main] INFO nl.utwente.fmt.rers.RERSProperty - query: Query[ε|D D I O L C J A N J A N J A N J A N / X X S S X X V S P V S P V S P V S P]
13951763 [main] INFO nl.utwente.fmt.rers.RERSProperty - possibly false: #56, (false R (!(letter == "N") || (true U (letter == "Y")))) (1 times, relative)
13951763 [main] INFO nl.utwente.fmt.rers.RERSProperty - query: Query[ε|D D I O L C J A N J A N J A N J A N J A N J A N J A N J A N J A N J A N J A N J A N J A N J A N J A N J A N J A N J A N J A N J A N J A N J A N J A N J A N J A N J A N J A N J A N J A N J A N J A N J A N J A N J A N J A N J A N J A N J A N J A N J A N / X X S S X X V S P V S P V S P V S P V S P V S P V S P V S P V S P V S P V S P V S P V S P V S P V S P V S P V S P V S P V S P V S P V S P V S P V S P V S P V S P V S P V S P V S P V S P V S P V S P V S P V S P V S P V S P V S P V S P V S P V S P V S P]
13951834 [main] INFO de.learnlib.api.logging.LoggingBlackBoxProperty - Property violated: '(false R (!(letter == "J") || (true U (letter == "V"))))'
13951834 [main] INFO de.learnlib.api.logging.LoggingBlackBoxProperty - Counter example for property: OmegaQuery[ε|D D I O L C L A F J C C C C C C C C C C C C C C C C C C C C C C C C C C C C C C C C C C C C C C C / X X S S X X Z P Z S T T T T T T T T T T T T T T T T T T T T T T T T T T T T T T T T T T T T T T T, [10, 11, 12, 13, 14, 15, 16, 17, 18, 19, 20, 21, 22, 23, 24, 25, 26, 27, 28, 29, 30, 31, 32, 33, 34, 35, 36, 37, 38, 39, 40, 41, 42, 43, 44, 45, 46, 47, 48] - [2113754598, 2113754598, 2113754598, 2113754598, 2113754598, 2113754598, 2113754598, 2113754598, 2113754598, 2113754598, 2113754598, 2113754598, 2113754598, 2113754598, 2113754598, 2113754598, 2113754598, 2113754598, 2113754598, 2113754598, 2113754598, 2113754598, 2113754598, 2113754598, 2113754598, 2113754598, 2113754598, 2113754598, 2113754598, 2113754598, 2113754598, 2113754598, 2113754598, 2113754598, 2113754598, 2113754598, 2113754598, 2113754598, 2113754598]]
13952226 [main] INFO nl.utwente.fmt.rers.RERSProperty - possibly false: #69, (false R ((letter == "Y") && (!!(letter == "M") || (!(letter == "Z") W ((letter == "C") || (letter == "M")))))) (1 times, fixed)
13952226 [main] INFO nl.utwente.fmt.rers.RERSProperty - query: Query[ε|D D I E L F E L F E L F / X X S R Y S R Y S R Y S]
13952273 [main] INFO nl.utwente.fmt.rers.RERSProperty - possibly false: #69, (false R ((letter == "Y") && (!!(letter == "M") || (!(letter == "Z") W ((letter == "C") || (letter == "M")))))) (1 times, relative)
13952273 [main] INFO nl.utwente.fmt.rers.RERSProperty - query: Query[ε|D D I E L F E L F E L F E L F E L F E L F E L F E L F E L F E L F E L F E L F E L F E L F E L F E L F E L F E L F E L F E L F E L F E L F E L F E L F E L F E L F E L F E L F E L F E L F E L F E L F E L F E L F E L F E L F E L F E L F E L F / X X S R Y S R Y S R Y S R Y S R Y S R Y S R Y S R Y S R Y S R Y S R Y S R Y S R Y S R Y S R Y S R Y S R Y S R Y S R Y S R Y S R Y S R Y S R Y S R Y S R Y S R Y S R Y S R Y S R Y S R Y S R Y S R Y S R Y S R Y S R Y S R Y S R Y S R Y S R Y S]
13952400 [main] INFO nl.utwente.fmt.rers.RERSProperty - possibly false: #30, (false R (!(letter == "C") || (false R ((letter == "O") && (!X (true U (letter == "N")) || X (!(letter == "N") U ((letter == "N") && (true U (letter == "V"))))))))) (1 times, fixed)
13952401 [main] INFO nl.utwente.fmt.rers.RERSProperty - query: Query[ε|D D I O L C J A N J A N J A N / X X S S X X V S P V S P V S P]
13952473 [main] INFO nl.utwente.fmt.rers.RERSProperty - possibly false: #30, (false R (!(letter == "C") || (false R ((letter == "O") && (!X (true U (letter == "N")) || X (!(letter == "N") U ((letter == "N") && (true U (letter == "V"))))))))) (1 times, relative)
13952473 [main] INFO nl.utwente.fmt.rers.RERSProperty - query: Query[ε|D D I O L C J A N J A N J A N J A N J A N J A N J A N J A N J A N J A N J A N J A N J A N J A N J A N J A N J A N J A N J A N J A N J A N J A N J A N J A N J A N J A N J A N J A N J A N J A N J A N J A N J A N J A N J A N J A N J A N J A N J A N / X X S S X X V S P V S P V S P V S P V S P V S P V S P V S P V S P V S P V S P V S P V S P V S P V S P V S P V S P V S P V S P V S P V S P V S P V S P V S P V S P V S P V S P V S P V S P V S P V S P V S P V S P V S P V S P V S P V S P V S P V S P]
13952572 [main] INFO de.learnlib.api.logging.LoggingBlackBoxProperty - Property violated: '(false R (!(letter == "M") || (true U ((letter == "V") && X (true U (letter == "R"))))))'
13952572 [main] INFO de.learnlib.api.logging.LoggingBlackBoxProperty - Counter example for property: OmegaQuery[ε|D D I O L C L B M M M M M M M M M M M M M M M M M M M M M M M M M M M M M M M M M M M M M M M M / X X S S X X Z T P P P P P P P P P P P P P P P P P P P P P P P P P P P P P P P P P P P P P P P P, [9, 10, 11, 12, 13, 14, 15, 16, 17, 18, 19, 20, 21, 22, 23, 24, 25, 26, 27, 28, 29, 30, 31, 32, 33, 34, 35, 36, 37, 38, 39, 40, 41, 42, 43, 44, 45, 46, 47] - [1288350491, 1288350491, 1288350491, 1288350491, 1288350491, 1288350491, 1288350491, 1288350491, 1288350491, 1288350491, 1288350491, 1288350491, 1288350491, 1288350491, 1288350491, 1288350491, 1288350491, 1288350491, 1288350491, 1288350491, 1288350491, 1288350491, 1288350491, 1288350491, 1288350491, 1288350491, 1288350491, 1288350491, 1288350491, 1288350491, 1288350491, 1288350491, 1288350491, 1288350491, 1288350491, 1288350491, 1288350491, 1288350491, 1288350491]]
13953118 [main] INFO nl.utwente.fmt.rers.RERSProperty - possibly false: #18, (false R (!((letter == "I") && (true U (letter == "J"))) || (!(letter == "P") U ((letter == "J") || (((letter == "S") && !(letter == "P")) && X (!(letter == "P") U (letter == "M"))))))) (1 times, fixed)
13953118 [main] INFO nl.utwente.fmt.rers.RERSProperty - query: Query[ε|D D I O L C J A N I F F D A N L A F A M I L F G K J A N J A N J A N J / X X S S X X V S P Z S S X T V P T S S V V T T Y X V S P V S P V S P V]
13953284 [main] INFO nl.utwente.fmt.rers.RERSProperty - possibly false: #18, (false R (!((letter == "I") && (true U (letter == "J"))) || (!(letter == "P") U ((letter == "J") || (((letter == "S") && !(letter == "P")) && X (!(letter == "P") U (letter == "M"))))))) (1 times, relative)
13953284 [main] INFO nl.utwente.fmt.rers.RERSProperty - query: Query[ε|D D I O L C J A N I F F D A N L A F A M I L F G K J A N J A N J A N J A N J A N J A N J A N J A N J A N J A N J A N J A N J A N J A N J A N J A N J A N J A N J A N J A N J A N J A N J A N J A N J A N J A N J A N J A N J A N J A N J A N J A N J A N J A N J A N J A N J A N J A N J A N J / X X S S X X V S P Z S S X T V P T S S V V T T Y X V S P V S P V S P V S P V S P V S P V S P V S P V S P V S P V S P V S P V S P V S P V S P V S P V S P V S P V S P V S P V S P V S P V S P V S P V S P V S P V S P V S P V S P V S P V S P V S P V S P V S P V S P V S P V S P V S P V S P V]
13954010 [main] INFO de.learnlib.api.logging.LoggingBlackBoxProperty - Property violated: '(false R (!((letter == "C") && (true U (letter == "N"))) || ((!(letter == "E") || (!(letter == "N") U (((letter == "S") && !(letter == "N")) && X (!(letter == "N") U (letter == "R"))))) U (letter == "N"))))'
13954010 [main] INFO de.learnlib.api.logging.LoggingBlackBoxProperty - Counter example for property: OmegaQuery[ε|D D I O L C J A N I F F D A F A M I A C I E N L N N N N N N N N N N N N N N N N N N N N N N N N N N N N N N N N N N N N N N N / X X S S X X V S P Z S S X T S S V V Z Z P Z V P X X X X X X X X X X X X X X X X X X X X X X X X X X X X X X X X X X X X X X X, [24, 25, 26, 27, 28, 29, 30, 31, 32, 33, 34, 35, 36, 37, 38, 39, 40, 41, 42, 43, 44, 45, 46, 47, 48, 49, 50, 51, 52, 53, 54, 55, 56, 57, 58, 59, 60, 61, 62] - [120623785, -1004567258, -1004567258, -1004567258, -1004567258, -1004567258, -1004567258, -1004567258, -1004567258, -1004567258, -1004567258, -1004567258, -1004567258, -1004567258, -1004567258, -1004567258, -1004567258, -1004567258, -1004567258, -1004567258, -1004567258, -1004567258, -1004567258, -1004567258, -1004567258, -1004567258, -1004567258, -1004567258, -1004567258, -1004567258, -1004567258, -1004567258, -1004567258, -1004567258, -1004567258, -1004567258, -1004567258, -1004567258, -1004567258]]
13954492 [main] INFO de.learnlib.api.logging.LoggingBlackBoxProperty - Property violated: '(false R (!(letter == "B") || (false R (!(letter == "O") || (true U (letter == "S"))))))'
13954492 [main] INFO de.learnlib.api.logging.LoggingBlackBoxProperty - Counter example for property: OmegaQuery[ε|D D I O B L C J E O O O O O O O O O O O O O O O O O O O O O O O O O O O O O O O O O O O O O O O O / X X S S S X X V T V V V V V V V V V V V V V V V V V V V V V V V V V V V V V V V V V V V V V V V V, [10, 11, 12, 13, 14, 15, 16, 17, 18, 19, 20, 21, 22, 23, 24, 25, 26, 27, 28, 29, 30, 31, 32, 33, 34, 35, 36, 37, 38, 39, 40, 41, 42, 43, 44, 45, 46, 47, 48] - [-287719745, -287719745, -287719745, -287719745, -287719745, -287719745, -287719745, -287719745, -287719745, -287719745, -287719745, -287719745, -287719745, -287719745, -287719745, -287719745, -287719745, -287719745, -287719745, -287719745, -287719745, -287719745, -287719745, -287719745, -287719745, -287719745, -287719745, -287719745, -287719745, -287719745, -287719745, -287719745, -287719745, -287719745, -287719745, -287719745, -287719745, -287719745, -287719745]]
13955618 [main] INFO de.learnlib.api.logging.LoggingBlackBoxProperty - Property violated: '(!(letter == "P") W (letter == "A"))'
13955619 [main] INFO de.learnlib.api.logging.LoggingBlackBoxProperty - Counter example for property: OmegaQuery[ε|D D I O L C L B M M M M M M M M M M M M M M M M M M M M M M M M M M M M M M M M M M M M M M M M / X X S S X X Z T P P P P P P P P P P P P P P P P P P P P P P P P P P P P P P P P P P P P P P P P, [9, 10, 11, 12, 13, 14, 15, 16, 17, 18, 19, 20, 21, 22, 23, 24, 25, 26, 27, 28, 29, 30, 31, 32, 33, 34, 35, 36, 37, 38, 39, 40, 41, 42, 43, 44, 45, 46, 47] - [1288350491, 1288350491, 1288350491, 1288350491, 1288350491, 1288350491, 1288350491, 1288350491, 1288350491, 1288350491, 1288350491, 1288350491, 1288350491, 1288350491, 1288350491, 1288350491, 1288350491, 1288350491, 1288350491, 1288350491, 1288350491, 1288350491, 1288350491, 1288350491, 1288350491, 1288350491, 1288350491, 1288350491, 1288350491, 1288350491, 1288350491, 1288350491, 1288350491, 1288350491, 1288350491, 1288350491, 1288350491, 1288350491, 1288350491]]
13958882 [main] INFO nl.utwente.fmt.rers.RERSProperty - possibly false: #63, (!(true U (letter == "C")) || (!(((letter == "S") && !(letter == "C")) && X (!(letter == "C") U ((letter == "R") && !(letter == "C")))) U ((letter == "C") || (letter == "F")))) (1 times, fixed)
13958882 [main] INFO nl.utwente.fmt.rers.RERSProperty - query: Query[ε|D D I E L F O L C J A N J A N J A N / X X S R Y S S X X V S P V S P V S P]
13958949 [main] INFO nl.utwente.fmt.rers.RERSProperty - possibly false: #63, (!(true U (letter == "C")) || (!(((letter == "S") && !(letter == "C")) && X (!(letter == "C") U ((letter == "R") && !(letter == "C")))) U ((letter == "C") || (letter == "F")))) (1 times, relative)
13958950 [main] INFO nl.utwente.fmt.rers.RERSProperty - query: Query[ε|D D I E L F O L C J A N J A N J A N J A N J A N J A N J A N J A N J A N J A N J A N J A N J A N J A N J A N J A N J A N J A N J A N J A N J A N J A N J A N J A N J A N J A N J A N J A N J A N J A N J A N J A N J A N J A N J A N J A N J A N J A N J A N / X X S R Y S S X X V S P V S P V S P V S P V S P V S P V S P V S P V S P V S P V S P V S P V S P V S P V S P V S P V S P V S P V S P V S P V S P V S P V S P V S P V S P V S P V S P V S P V S P V S P V S P V S P V S P V S P V S P V S P V S P V S P V S P]
13959035 [main] INFO de.learnlib.api.logging.LoggingBlackBoxProperty - Property violated: '(false R (!(letter == "O") || ((!(letter == "K") || (!(letter == "W") U (((letter == "V") && !(letter == "W")) && X (!(letter == "W") U (letter == "U"))))) U ((letter == "W") || (false R (!(letter == "K") || ((letter == "V") && X (true U (letter == "U")))))))))'
13959035 [main] INFO de.learnlib.api.logging.LoggingBlackBoxProperty - Counter example for property: OmegaQuery[ε|D D I O L C L A F K C C C C C C C C C C C C C C C C C C C C C C C C C C C C C C C C C C C C C C C / X X S S X X Z P Z T T T T T T T T T T T T T T T T T T T T T T T T T T T T T T T T T T T T T T T T, [10, 11, 12, 13, 14, 15, 16, 17, 18, 19, 20, 21, 22, 23, 24, 25, 26, 27, 28, 29, 30, 31, 32, 33, 34, 35, 36, 37, 38, 39, 40, 41, 42, 43, 44, 45, 46, 47, 48] - [-1318960521, -1318960521, -1318960521, -1318960521, -1318960521, -1318960521, -1318960521, -1318960521, -1318960521, -1318960521, -1318960521, -1318960521, -1318960521, -1318960521, -1318960521, -1318960521, -1318960521, -1318960521, -1318960521, -1318960521, -1318960521, -1318960521, -1318960521, -1318960521, -1318960521, -1318960521, -1318960521, -1318960521, -1318960521, -1318960521, -1318960521, -1318960521, -1318960521, -1318960521, -1318960521, -1318960521, -1318960521, -1318960521, -1318960521]]
13959452 [main] INFO nl.utwente.fmt.rers.RERSProperty - possibly false: #75, (false R (!((letter == "M") && (true U (letter == "N"))) || ((!(letter == "A") || (!(letter == "N") U ((((letter == "R") && !(letter == "N")) && !(letter == "T")) && X ((!(letter == "N") && !(letter == "T")) U (letter == "X"))))) U (letter == "N")))) (1 times, fixed)
13959452 [main] INFO nl.utwente.fmt.rers.RERSProperty - query: Query[ε|D D I O L C L B M K J A N J A N J A N J A N / X X S S X X Z T P P V S P V S P V S P V S P]
13959577 [main] INFO nl.utwente.fmt.rers.RERSProperty - possibly false: #75, (false R (!((letter == "M") && (true U (letter == "N"))) || ((!(letter == "A") || (!(letter == "N") U ((((letter == "R") && !(letter == "N")) && !(letter == "T")) && X ((!(letter == "N") && !(letter == "T")) U (letter == "X"))))) U (letter == "N")))) (1 times, relative)
13959577 [main] INFO nl.utwente.fmt.rers.RERSProperty - query: Query[ε|D D I O L C L B M K J A N J A N J A N J A N J A N J A N J A N J A N J A N J A N J A N J A N J A N J A N J A N J A N J A N J A N J A N J A N J A N J A N J A N J A N J A N J A N J A N J A N J A N J A N J A N J A N J A N J A N J A N J A N J A N J A N J A N J A N / X X S S X X Z T P P V S P V S P V S P V S P V S P V S P V S P V S P V S P V S P V S P V S P V S P V S P V S P V S P V S P V S P V S P V S P V S P V S P V S P V S P V S P V S P V S P V S P V S P V S P V S P V S P V S P V S P V S P V S P V S P V S P V S P V S P]
13959668 [main] INFO de.learnlib.api.logging.LoggingBlackBoxProperty - Property violated: '(!(true U (letter == "E")) || ((!(letter == "L") || (!(letter == "E") U ((letter == "S") && !(letter == "E")))) U (letter == "E")))'
13959668 [main] INFO de.learnlib.api.logging.LoggingBlackBoxProperty - Counter example for property: OmegaQuery[ε|D D I O L C J A N L A F K E E E E E E E E E E E E E E E E E E E E E E E E E E E E E E E E E E E E E E E E / X X S S X X V S P Z P Z T S S S S S S S S S S S S S S S S S S S S S S S S S S S S S S S S S S S S S S S S, [14, 15, 16, 17, 18, 19, 20, 21, 22, 23, 24, 25, 26, 27, 28, 29, 30, 31, 32, 33, 34, 35, 36, 37, 38, 39, 40, 41, 42, 43, 44, 45, 46, 47, 48, 49, 50, 51, 52] - [1573536367, 1573536367, 1573536367, 1573536367, 1573536367, 1573536367, 1573536367, 1573536367, 1573536367, 1573536367, 1573536367, 1573536367, 1573536367, 1573536367, 1573536367, 1573536367, 1573536367, 1573536367, 1573536367, 1573536367, 1573536367, 1573536367, 1573536367, 1573536367, 1573536367, 1573536367, 1573536367, 1573536367, 1573536367, 1573536367, 1573536367, 1573536367, 1573536367, 1573536367, 1573536367, 1573536367, 1573536367, 1573536367, 1573536367]]
13959938 [main] INFO de.learnlib.api.logging.LoggingBlackBoxProperty - Property violated: '(false R (!(letter == "M") || (true U ((letter == "Z") && X (true U (letter == "R"))))))'
13959938 [main] INFO de.learnlib.api.logging.LoggingBlackBoxProperty - Counter example for property: OmegaQuery[ε|D D I O L C L B M M M M M M M M M M M M M M M M M M M M M M M M M M M M M M M M M M M M M M M M / X X S S X X Z T P P P P P P P P P P P P P P P P P P P P P P P P P P P P P P P P P P P P P P P P, [9, 10, 11, 12, 13, 14, 15, 16, 17, 18, 19, 20, 21, 22, 23, 24, 25, 26, 27, 28, 29, 30, 31, 32, 33, 34, 35, 36, 37, 38, 39, 40, 41, 42, 43, 44, 45, 46, 47] - [1288350491, 1288350491, 1288350491, 1288350491, 1288350491, 1288350491, 1288350491, 1288350491, 1288350491, 1288350491, 1288350491, 1288350491, 1288350491, 1288350491, 1288350491, 1288350491, 1288350491, 1288350491, 1288350491, 1288350491, 1288350491, 1288350491, 1288350491, 1288350491, 1288350491, 1288350491, 1288350491, 1288350491, 1288350491, 1288350491, 1288350491, 1288350491, 1288350491, 1288350491, 1288350491, 1288350491, 1288350491, 1288350491, 1288350491]]
13960296 [main] INFO nl.utwente.fmt.rers.RERSProperty - possibly false: #5, (false R (!(((letter == "E") && !(letter == "P")) && (true U (letter == "P"))) || (!(letter == "R") U ((letter == "G") || (letter == "P"))))) (1 times, fixed)
13960296 [main] INFO nl.utwente.fmt.rers.RERSProperty - query: Query[ε|D D I E L F O L C J A N J A N J A N J A N / X X S R Y S S X X V S P V S P V S P V S P]
13960370 [main] INFO nl.utwente.fmt.rers.RERSProperty - possibly false: #5, (false R (!(((letter == "E") && !(letter == "P")) && (true U (letter == "P"))) || (!(letter == "R") U ((letter == "G") || (letter == "P"))))) (1 times, relative)
13960370 [main] INFO nl.utwente.fmt.rers.RERSProperty - query: Query[ε|D D I E L F O L C J A N J A N J A N J A N J A N J A N J A N J A N J A N J A N J A N J A N J A N J A N J A N J A N J A N J A N J A N J A N J A N J A N J A N J A N J A N J A N J A N J A N J A N J A N J A N J A N J A N J A N J A N J A N J A N J A N J A N J A N / X X S R Y S S X X V S P V S P V S P V S P V S P V S P V S P V S P V S P V S P V S P V S P V S P V S P V S P V S P V S P V S P V S P V S P V S P V S P V S P V S P V S P V S P V S P V S P V S P V S P V S P V S P V S P V S P V S P V S P V S P V S P V S P V S P]
13963974 [main] INFO nl.utwente.fmt.rers.RERSProperty - possibly false: #26, (false R ((letter == "N") && (!X (true U (letter == "L")) || X (true U ((letter == "L") && (true U (letter == "W"))))))) (1 times, fixed)
13963974 [main] INFO nl.utwente.fmt.rers.RERSProperty - query: Query[ε|D D I E L F E L F E L F / X X S R Y S R Y S R Y S]
13964025 [main] INFO nl.utwente.fmt.rers.RERSProperty - possibly false: #26, (false R ((letter == "N") && (!X (true U (letter == "L")) || X (true U ((letter == "L") && (true U (letter == "W"))))))) (1 times, relative)
13964025 [main] INFO nl.utwente.fmt.rers.RERSProperty - query: Query[ε|D D I E L F E L F E L F E L F E L F E L F E L F E L F E L F E L F E L F E L F E L F E L F E L F E L F E L F E L F E L F E L F E L F E L F E L F E L F E L F E L F E L F E L F E L F E L F E L F E L F E L F E L F E L F E L F E L F E L F E L F / X X S R Y S R Y S R Y S R Y S R Y S R Y S R Y S R Y S R Y S R Y S R Y S R Y S R Y S R Y S R Y S R Y S R Y S R Y S R Y S R Y S R Y S R Y S R Y S R Y S R Y S R Y S R Y S R Y S R Y S R Y S R Y S R Y S R Y S R Y S R Y S R Y S R Y S R Y S R Y S]
13964674 [main] INFO nl.utwente.fmt.rers.RERSProperty - possibly false: #85, (!(true U ((letter == "S") && X (true U (letter == "X")))) || (!(letter == "S") U (letter == "Z"))) (1 times, fixed)
13964674 [main] INFO nl.utwente.fmt.rers.RERSProperty - query: Query[ε|D D I O L C J A N J A N J A N / X X S S X X V S P V S P V S P]
13964731 [main] INFO nl.utwente.fmt.rers.RERSProperty - possibly false: #85, (!(true U ((letter == "S") && X (true U (letter == "X")))) || (!(letter == "S") U (letter == "Z"))) (1 times, relative)
13964731 [main] INFO nl.utwente.fmt.rers.RERSProperty - query: Query[ε|D D I O L C J A N J A N J A N J A N J A N J A N J A N J A N J A N J A N J A N J A N J A N J A N J A N J A N J A N J A N J A N J A N J A N J A N J A N J A N J A N J A N J A N J A N J A N J A N J A N J A N J A N J A N J A N J A N J A N J A N J A N / X X S S X X V S P V S P V S P V S P V S P V S P V S P V S P V S P V S P V S P V S P V S P V S P V S P V S P V S P V S P V S P V S P V S P V S P V S P V S P V S P V S P V S P V S P V S P V S P V S P V S P V S P V S P V S P V S P V S P V S P V S P]
13964958 [main] INFO de.learnlib.api.logging.LoggingBlackBoxProperty - Property violated: '(false R (!(letter == "J") || ((!(letter == "A") || (!(letter == "B") U ((((letter == "R") && !(letter == "B")) && !(letter == "W")) && X ((!(letter == "B") && !(letter == "W")) U (letter == "V"))))) U ((letter == "B") || (false R (!(letter == "A") || (((letter == "R") && !(letter == "W")) && X (!(letter == "W") U (letter == "V")))))))))'
13964958 [main] INFO de.learnlib.api.logging.LoggingBlackBoxProperty - Counter example for property: OmegaQuery[ε|D D I O L C I E J F F D L F A F A F A F A F A F A F A F A F A F A F A F A F A F A F A F A F A F A F A F A F A F A F A F A F A F A F A F A F A F A F A F A F A F A F A F A F A F A F A F / X X S S X X Z Z R S S X T S S R S R S R S R S R S R S R S R S R S R S R S R S R S R S R S R S R S R S R S R S R S R S R S R S R S R S R S R S R S R S R S R S R S R S R S R S R S R S R, [14, 16, 18, 20, 22, 24, 26, 28, 30, 32, 34, 36, 38, 40, 42, 44, 46, 48, 50, 52, 54, 56, 58, 60, 62, 64, 66, 68, 70, 72, 74, 76, 78, 80, 82, 84, 86, 88, 90] - [1847631252, -1933240105, -968161812, -402911049, -1254421695, -402911049, -1254421695, -402911049, -1254421695, -402911049, -1254421695, -402911049, -1254421695, -402911049, -1254421695, -402911049, -1254421695, -402911049, -1254421695, -402911049, -1254421695, -402911049, -1254421695, -402911049, -1254421695, -402911049, -1254421695, -402911049, -1254421695, -402911049, -1254421695, -402911049, -1254421695, -402911049, -1254421695, -402911049, -1254421695, -402911049, -1254421695]]
13965519 [main] INFO nl.utwente.fmt.rers.RERSProperty - possibly false: #22, (false R ((letter == "R") && (!!(letter == "O") || (!(letter == "Q") W ((letter == "N") || (letter == "O")))))) (1 times, fixed)
13965519 [main] INFO nl.utwente.fmt.rers.RERSProperty - query: Query[ε|D D I E L F E L F E L F / X X S R Y S R Y S R Y S]
13965562 [main] INFO nl.utwente.fmt.rers.RERSProperty - possibly false: #22, (false R ((letter == "R") && (!!(letter == "O") || (!(letter == "Q") W ((letter == "N") || (letter == "O")))))) (1 times, relative)
13965562 [main] INFO nl.utwente.fmt.rers.RERSProperty - query: Query[ε|D D I E L F E L F E L F E L F E L F E L F E L F E L F E L F E L F E L F E L F E L F E L F E L F E L F E L F E L F E L F E L F E L F E L F E L F E L F E L F E L F E L F E L F E L F E L F E L F E L F E L F E L F E L F E L F E L F E L F E L F / X X S R Y S R Y S R Y S R Y S R Y S R Y S R Y S R Y S R Y S R Y S R Y S R Y S R Y S R Y S R Y S R Y S R Y S R Y S R Y S R Y S R Y S R Y S R Y S R Y S R Y S R Y S R Y S R Y S R Y S R Y S R Y S R Y S R Y S R Y S R Y S R Y S R Y S R Y S R Y S]
13965670 [main] INFO de.learnlib.api.logging.LoggingBlackBoxProperty - Property violated: '(!(true U (letter == "B")) || ((!(letter == "A") || (!(letter == "B") U ((((letter == "V") && !(letter == "B")) && !(letter == "X")) && X ((!(letter == "B") && !(letter == "X")) U (letter == "P"))))) U (letter == "B")))'
13965670 [main] INFO de.learnlib.api.logging.LoggingBlackBoxProperty - Counter example for property: OmegaQuery[ε|D D I O L C J A N L B M M M M M M M M M M M M M M M M M M M M M M M M M M M M M M M M M M M M M M M / X X S S X X V S P Z T P P P P P P P P P P P P P P P P P P P P P P P P P P P P P P P P P P P P P P P, [11, 12, 13, 14, 15, 16, 17, 18, 19, 20, 21, 22, 23, 24, 25, 26, 27, 28, 29, 30, 31, 32, 33, 34, 35, 36, 37, 38, 39, 40, 41, 42, 43, 44, 45, 46, 47, 48, 49] - [-791244259, -986122520, -986122520, -986122520, -986122520, -986122520, -986122520, -986122520, -986122520, -986122520, -986122520, -986122520, -986122520, -986122520, -986122520, -986122520, -986122520, -986122520, -986122520, -986122520, -986122520, -986122520, -986122520, -986122520, -986122520, -986122520, -986122520, -986122520, -986122520, -986122520, -986122520, -986122520, -986122520, -986122520, -986122520, -986122520, -986122520, -986122520, -986122520]]
13966036 [main] INFO nl.utwente.fmt.rers.RERSProperty - possibly false: #59, (!(true U ((letter == "X") && X (true U (letter == "P")))) || (!(letter == "X") U (letter == "V"))) (1 times, fixed)
13966036 [main] INFO nl.utwente.fmt.rers.RERSProperty - query: Query[ε|D D I O L C J A N J A N J A N J A N / X X S S X X V S P V S P V S P V S P]
13966114 [main] INFO nl.utwente.fmt.rers.RERSProperty - possibly false: #59, (!(true U ((letter == "X") && X (true U (letter == "P")))) || (!(letter == "X") U (letter == "V"))) (1 times, relative)
13966114 [main] INFO nl.utwente.fmt.rers.RERSProperty - query: Query[ε|D D I O L C J A N J A N J A N J A N J A N J A N J A N J A N J A N J A N J A N J A N J A N J A N J A N J A N J A N J A N J A N J A N J A N J A N J A N J A N J A N J A N J A N J A N J A N J A N J A N J A N J A N J A N J A N J A N J A N J A N J A N J A N / X X S S X X V S P V S P V S P V S P V S P V S P V S P V S P V S P V S P V S P V S P V S P V S P V S P V S P V S P V S P V S P V S P V S P V S P V S P V S P V S P V S P V S P V S P V S P V S P V S P V S P V S P V S P V S P V S P V S P V S P V S P V S P]
13968595 [main] INFO de.learnlib.api.logging.LoggingBlackBoxProperty - Property violated: '(false R (!(((letter == "S") && !(letter == "K")) && (true U (letter == "K"))) || (!(letter == "Y") U ((letter == "F") || (letter == "K")))))'
13968595 [main] INFO de.learnlib.api.logging.LoggingBlackBoxProperty - Counter example for property: OmegaQuery[ε|D D I E L F O L C L A F K C C C C C C C C C C C C C C C C C C C C C C C C C C C C C C C C C C C C C C C / X X S R Y S S X X Z P Z T T T T T T T T T T T T T T T T T T T T T T T T T T T T T T T T T T T T T T T T, [13, 14, 15, 16, 17, 18, 19, 20, 21, 22, 23, 24, 25, 26, 27, 28, 29, 30, 31, 32, 33, 34, 35, 36, 37, 38, 39, 40, 41, 42, 43, 44, 45, 46, 47, 48, 49, 50, 51] - [2002576441, 2002576441, 2002576441, 2002576441, 2002576441, 2002576441, 2002576441, 2002576441, 2002576441, 2002576441, 2002576441, 2002576441, 2002576441, 2002576441, 2002576441, 2002576441, 2002576441, 2002576441, 2002576441, 2002576441, 2002576441, 2002576441, 2002576441, 2002576441, 2002576441, 2002576441, 2002576441, 2002576441, 2002576441, 2002576441, 2002576441, 2002576441, 2002576441, 2002576441, 2002576441, 2002576441, 2002576441, 2002576441, 2002576441]]
13968915 [main] INFO nl.utwente.fmt.rers.RERSProperty - possibly false: #51, (!(true U (letter == "C")) || ((!(letter == "D") || (!(letter == "C") U ((letter == "P") && !(letter == "C")))) U (letter == "C"))) (1 times, fixed)
13968915 [main] INFO nl.utwente.fmt.rers.RERSProperty - query: Query[ε|D D I O L C J A N J A N J A N / X X S S X X V S P V S P V S P]
13968972 [main] INFO nl.utwente.fmt.rers.RERSProperty - possibly false: #51, (!(true U (letter == "C")) || ((!(letter == "D") || (!(letter == "C") U ((letter == "P") && !(letter == "C")))) U (letter == "C"))) (1 times, relative)
13968973 [main] INFO nl.utwente.fmt.rers.RERSProperty - query: Query[ε|D D I O L C J A N J A N J A N J A N J A N J A N J A N J A N J A N J A N J A N J A N J A N J A N J A N J A N J A N J A N J A N J A N J A N J A N J A N J A N J A N J A N J A N J A N J A N J A N J A N J A N J A N J A N J A N J A N J A N J A N J A N / X X S S X X V S P V S P V S P V S P V S P V S P V S P V S P V S P V S P V S P V S P V S P V S P V S P V S P V S P V S P V S P V S P V S P V S P V S P V S P V S P V S P V S P V S P V S P V S P V S P V S P V S P V S P V S P V S P V S P V S P V S P]
13969584 [main] INFO nl.utwente.fmt.rers.RERSProperty - possibly false: #76, (false R ((letter == "A") && (!X (true U (letter == "E")) || X (true U ((letter == "E") && (true U (letter == "P"))))))) (1 times, fixed)
13969584 [main] INFO nl.utwente.fmt.rers.RERSProperty - query: Query[ε|D D I E L F E L F E L F / X X S R Y S R Y S R Y S]
13969634 [main] INFO nl.utwente.fmt.rers.RERSProperty - possibly false: #76, (false R ((letter == "A") && (!X (true U (letter == "E")) || X (true U ((letter == "E") && (true U (letter == "P"))))))) (1 times, relative)
13969635 [main] INFO nl.utwente.fmt.rers.RERSProperty - query: Query[ε|D D I E L F E L F E L F E L F E L F E L F E L F E L F E L F E L F E L F E L F E L F E L F E L F E L F E L F E L F E L F E L F E L F E L F E L F E L F E L F E L F E L F E L F E L F E L F E L F E L F E L F E L F E L F E L F E L F E L F E L F / X X S R Y S R Y S R Y S R Y S R Y S R Y S R Y S R Y S R Y S R Y S R Y S R Y S R Y S R Y S R Y S R Y S R Y S R Y S R Y S R Y S R Y S R Y S R Y S R Y S R Y S R Y S R Y S R Y S R Y S R Y S R Y S R Y S R Y S R Y S R Y S R Y S R Y S R Y S R Y S]
13969789 [main] INFO nl.utwente.fmt.rers.RERSProperty - possibly false: #16, (!(true U (letter == "A")) || (((letter == "L") && (!X (!(letter == "A") U (letter == "J")) || X (!(letter == "A") U ((letter == "J") && (true U (letter == "X")))))) U (letter == "A"))) (1 times, fixed)
13969789 [main] INFO nl.utwente.fmt.rers.RERSProperty - query: Query[ε|D D I O L C J A N J A N J A N J A / X X S S X X V S P V S P V S P V S]
13969865 [main] INFO nl.utwente.fmt.rers.RERSProperty - possibly false: #16, (!(true U (letter == "A")) || (((letter == "L") && (!X (!(letter == "A") U (letter == "J")) || X (!(letter == "A") U ((letter == "J") && (true U (letter == "X")))))) U (letter == "A"))) (1 times, relative)
13969865 [main] INFO nl.utwente.fmt.rers.RERSProperty - query: Query[ε|D D I O L C J A N J A N J A N J A N J A N J A N J A N J A N J A N J A N J A N J A N J A N J A N J A N J A N J A N J A N J A N J A N J A N J A N J A N J A N J A N J A N J A N J A N J A N J A N J A N J A N J A N J A N J A N J A N J A N J A N J A N J A / X X S S X X V S P V S P V S P V S P V S P V S P V S P V S P V S P V S P V S P V S P V S P V S P V S P V S P V S P V S P V S P V S P V S P V S P V S P V S P V S P V S P V S P V S P V S P V S P V S P V S P V S P V S P V S P V S P V S P V S P V S P V S]
13969962 [main] INFO nl.utwente.fmt.rers.RERSProperty - possibly false: #34, (false R (!(letter == "E") || (true U (letter == "Z")))) (1 times, fixed)
13969962 [main] INFO nl.utwente.fmt.rers.RERSProperty - query: Query[ε|D D I E L F E L F E L F E / X X S R Y S R Y S R Y S R]
13970007 [main] INFO nl.utwente.fmt.rers.RERSProperty - possibly false: #34, (false R (!(letter == "E") || (true U (letter == "Z")))) (1 times, relative)
13970007 [main] INFO nl.utwente.fmt.rers.RERSProperty - query: Query[ε|D D I E L F E L F E L F E L F E L F E L F E L F E L F E L F E L F E L F E L F E L F E L F E L F E L F E L F E L F E L F E L F E L F E L F E L F E L F E L F E L F E L F E L F E L F E L F E L F E L F E L F E L F E L F E L F E L F E L F E L F E / X X S R Y S R Y S R Y S R Y S R Y S R Y S R Y S R Y S R Y S R Y S R Y S R Y S R Y S R Y S R Y S R Y S R Y S R Y S R Y S R Y S R Y S R Y S R Y S R Y S R Y S R Y S R Y S R Y S R Y S R Y S R Y S R Y S R Y S R Y S R Y S R Y S R Y S R Y S R Y S R]
13970576 [main] INFO nl.utwente.fmt.rers.RERSProperty - possibly false: #33, (false R ((letter == "F") && (!!(letter == "K") || (!(letter == "X") W ((letter == "L") || (letter == "K")))))) (1 times, fixed)
13970576 [main] INFO nl.utwente.fmt.rers.RERSProperty - query: Query[ε|D D I E L F E L F E L F / X X S R Y S R Y S R Y S]
13970624 [main] INFO nl.utwente.fmt.rers.RERSProperty - possibly false: #33, (false R ((letter == "F") && (!!(letter == "K") || (!(letter == "X") W ((letter == "L") || (letter == "K")))))) (1 times, relative)
13970624 [main] INFO nl.utwente.fmt.rers.RERSProperty - query: Query[ε|D D I E L F E L F E L F E L F E L F E L F E L F E L F E L F E L F E L F E L F E L F E L F E L F E L F E L F E L F E L F E L F E L F E L F E L F E L F E L F E L F E L F E L F E L F E L F E L F E L F E L F E L F E L F E L F E L F E L F E L F / X X S R Y S R Y S R Y S R Y S R Y S R Y S R Y S R Y S R Y S R Y S R Y S R Y S R Y S R Y S R Y S R Y S R Y S R Y S R Y S R Y S R Y S R Y S R Y S R Y S R Y S R Y S R Y S R Y S R Y S R Y S R Y S R Y S R Y S R Y S R Y S R Y S R Y S R Y S R Y S]
13972451 [main] INFO de.learnlib.api.logging.LoggingBlackBoxProperty - Property violated: '(false R (!(((letter == "X") && !(letter == "T")) && (true U (letter == "T"))) || ((!(letter == "E") || (!(letter == "T") U ((letter == "Y") && !(letter == "T")))) U (letter == "T"))))'
13972451 [main] INFO de.learnlib.api.logging.LoggingBlackBoxProperty - Counter example for property: OmegaQuery[ε|D D I O L C J E C C C C C C C C C C C C C C C C C C C C C C C C C C C C C C C C C C C C C C C / X X S S X X V T T T T T T T T T T T T T T T T T T T T T T T T T T T T T T T T T T T T T T T T, [8, 9, 10, 11, 12, 13, 14, 15, 16, 17, 18, 19, 20, 21, 22, 23, 24, 25, 26, 27, 28, 29, 30, 31, 32, 33, 34, 35, 36, 37, 38, 39, 40, 41, 42, 43, 44, 45, 46] - [-287719745, -287719745, -287719745, -287719745, -287719745, -287719745, -287719745, -287719745, -287719745, -287719745, -287719745, -287719745, -287719745, -287719745, -287719745, -287719745, -287719745, -287719745, -287719745, -287719745, -287719745, -287719745, -287719745, -287719745, -287719745, -287719745, -287719745, -287719745, -287719745, -287719745, -287719745, -287719745, -287719745, -287719745, -287719745, -287719745, -287719745, -287719745, -287719745]]
13972736 [main] INFO de.learnlib.api.logging.LoggingBlackBoxProperty - Property violated: '(false R (!(letter == "V") || (!(true U (letter == "Y")) || (!(letter == "Y") U ((letter == "U") || (((letter == "I") && !(letter == "Y")) && X (!(letter == "Y") U (letter == "F"))))))))'
13972736 [main] INFO de.learnlib.api.logging.LoggingBlackBoxProperty - Counter example for property: OmegaQuery[ε|D D I O L C J A N I F F D A N L A F A M I F F I F F I F F I F F I F F I F F I F F I F F I F F I F F I F F I F F I F F I F F I F F I F F I F F I F F I F F I F F I F F I F F I F F I F F I F F I F F I F F I F F I F F I F F I F F I F F I F F I F F I F F I F F I F F I F F I F F I F F I / X X S S X X V S P Z S S X T V P T S S V V V X Y V X Y V X Y V X Y V X Y V X Y V X Y V X Y V X Y V X Y V X Y V X Y V X Y V X Y V X Y V X Y V X Y V X Y V X Y V X Y V X Y V X Y V X Y V X Y V X Y V X Y V X Y V X Y V X Y V X Y V X Y V X Y V X Y V X Y V X Y V X Y V X Y V X Y V X Y V X Y, [24, 27, 30, 33, 36, 39, 42, 45, 48, 51, 54, 57, 60, 63, 66, 69, 72, 75, 78, 81, 84, 87, 90, 93, 96, 99, 102, 105, 108, 111, 114, 117, 120, 123, 126, 129, 132, 135, 138] - [-695257617, -695257617, -695257617, -695257617, -695257617, -695257617, -695257617, -695257617, -695257617, -695257617, -695257617, -695257617, -695257617, -695257617, -695257617, -695257617, -695257617, -695257617, -695257617, -695257617, -695257617, -695257617, -695257617, -695257617, -695257617, -695257617, -695257617, -695257617, -695257617, -695257617, -695257617, -695257617, -695257617, -695257617, -695257617, -695257617, -695257617, -695257617, -695257617]]
13974290 [main] INFO nl.utwente.fmt.rers.RERSProperty - possibly false: #53, (false R (!((letter == "D") && (true U (letter == "J"))) || (((letter == "A") && (!X (!(letter == "J") U (letter == "I")) || X (!(letter == "J") U ((letter == "I") && (true U (letter == "W")))))) U (letter == "J")))) (1 times, fixed)
13974290 [main] INFO nl.utwente.fmt.rers.RERSProperty - query: Query[ε|D D I O L C J A N J A N J A N J / X X S S X X V S P V S P V S P V]
13974371 [main] INFO nl.utwente.fmt.rers.RERSProperty - possibly false: #53, (false R (!((letter == "D") && (true U (letter == "J"))) || (((letter == "A") && (!X (!(letter == "J") U (letter == "I")) || X (!(letter == "J") U ((letter == "I") && (true U (letter == "W")))))) U (letter == "J")))) (1 times, relative)
13974371 [main] INFO nl.utwente.fmt.rers.RERSProperty - query: Query[ε|D D I O L C J A N J A N J A N J A N J A N J A N J A N J A N J A N J A N J A N J A N J A N J A N J A N J A N J A N J A N J A N J A N J A N J A N J A N J A N J A N J A N J A N J A N J A N J A N J A N J A N J A N J A N J A N J A N J A N J A N J A N J / X X S S X X V S P V S P V S P V S P V S P V S P V S P V S P V S P V S P V S P V S P V S P V S P V S P V S P V S P V S P V S P V S P V S P V S P V S P V S P V S P V S P V S P V S P V S P V S P V S P V S P V S P V S P V S P V S P V S P V S P V S P V]
13974527 [main] INFO nl.utwente.fmt.rers.RERSProperty - possibly false: #96, (false R (!((letter == "S") && (true U (letter == "J"))) || ((!(letter == "B") || (!(letter == "J") U (((letter == "R") && !(letter == "J")) && X (!(letter == "J") U (letter == "T"))))) U (letter == "J")))) (1 times, fixed)
13974527 [main] INFO nl.utwente.fmt.rers.RERSProperty - query: Query[ε|D D I O B L C J A N J A N J A N J / X X S S S X X V S P V S P V S P V]
13974595 [main] INFO nl.utwente.fmt.rers.RERSProperty - possibly false: #96, (false R (!((letter == "S") && (true U (letter == "J"))) || ((!(letter == "B") || (!(letter == "J") U (((letter == "R") && !(letter == "J")) && X (!(letter == "J") U (letter == "T"))))) U (letter == "J")))) (1 times, relative)
13974595 [main] INFO nl.utwente.fmt.rers.RERSProperty - query: Query[ε|D D I O B L C J A N J A N J A N J A N J A N J A N J A N J A N J A N J A N J A N J A N J A N J A N J A N J A N J A N J A N J A N J A N J A N J A N J A N J A N J A N J A N J A N J A N J A N J A N J A N J A N J A N J A N J A N J A N J A N J A N J A N J / X X S S S X X V S P V S P V S P V S P V S P V S P V S P V S P V S P V S P V S P V S P V S P V S P V S P V S P V S P V S P V S P V S P V S P V S P V S P V S P V S P V S P V S P V S P V S P V S P V S P V S P V S P V S P V S P V S P V S P V S P V S P V]
13974701 [main] INFO de.learnlib.api.logging.LoggingBlackBoxProperty - Property violated: '(false R (!(letter == "P") || (false R (!(letter == "F") || (true U (letter == "Q"))))))'
13974701 [main] INFO de.learnlib.api.logging.LoggingBlackBoxProperty - Counter example for property: OmegaQuery[ε|D D I O L C J A N L A F J C C C C C C C C C C C C C C C C C C C C C C C C C C C C C C C C C C C C C C C / X X S S X X V S P Z P Z S T T T T T T T T T T T T T T T T T T T T T T T T T T T T T T T T T T T T T T T, [13, 14, 15, 16, 17, 18, 19, 20, 21, 22, 23, 24, 25, 26, 27, 28, 29, 30, 31, 32, 33, 34, 35, 36, 37, 38, 39, 40, 41, 42, 43, 44, 45, 46, 47, 48, 49, 50, 51] - [-1036446059, -1036446059, -1036446059, -1036446059, -1036446059, -1036446059, -1036446059, -1036446059, -1036446059, -1036446059, -1036446059, -1036446059, -1036446059, -1036446059, -1036446059, -1036446059, -1036446059, -1036446059, -1036446059, -1036446059, -1036446059, -1036446059, -1036446059, -1036446059, -1036446059, -1036446059, -1036446059, -1036446059, -1036446059, -1036446059, -1036446059, -1036446059, -1036446059, -1036446059, -1036446059, -1036446059, -1036446059, -1036446059, -1036446059]]
13974997 [main] INFO nl.utwente.fmt.rers.RERSProperty - possibly false: #71, (false R ((letter == "T") && (!!(letter == "Y") || (!(letter == "Z") W ((letter == "A") || (letter == "Y")))))) (1 times, fixed)
13974997 [main] INFO nl.utwente.fmt.rers.RERSProperty - query: Query[ε|D D I E L F E L F E L F / X X S R Y S R Y S R Y S]
13975042 [main] INFO nl.utwente.fmt.rers.RERSProperty - possibly false: #71, (false R ((letter == "T") && (!!(letter == "Y") || (!(letter == "Z") W ((letter == "A") || (letter == "Y")))))) (1 times, relative)
13975042 [main] INFO nl.utwente.fmt.rers.RERSProperty - query: Query[ε|D D I E L F E L F E L F E L F E L F E L F E L F E L F E L F E L F E L F E L F E L F E L F E L F E L F E L F E L F E L F E L F E L F E L F E L F E L F E L F E L F E L F E L F E L F E L F E L F E L F E L F E L F E L F E L F E L F E L F E L F / X X S R Y S R Y S R Y S R Y S R Y S R Y S R Y S R Y S R Y S R Y S R Y S R Y S R Y S R Y S R Y S R Y S R Y S R Y S R Y S R Y S R Y S R Y S R Y S R Y S R Y S R Y S R Y S R Y S R Y S R Y S R Y S R Y S R Y S R Y S R Y S R Y S R Y S R Y S R Y S]
13976965 [main] INFO de.learnlib.api.logging.LoggingBlackBoxProperty - Property violated: '(!(true U (letter == "D")) || (((letter == "G") && (!X (!(letter == "D") U (letter == "C")) || X (!(letter == "D") U ((letter == "C") && (true U (letter == "T")))))) U (letter == "D")))'
13976965 [main] INFO de.learnlib.api.logging.LoggingBlackBoxProperty - Counter example for property: OmegaQuery[ε|L E F L D E N L N N N N N N N N N N N N N N N N N N N N N N N N N N N N N N N N N N N N N N N / P Z S X R Z V P X X X X X X X X X X X X X X X X X X X X X X X X X X X X X X X X X X X X X X X, [8, 9, 10, 11, 12, 13, 14, 15, 16, 17, 18, 19, 20, 21, 22, 23, 24, 25, 26, 27, 28, 29, 30, 31, 32, 33, 34, 35, 36, 37, 38, 39, 40, 41, 42, 43, 44, 45, 46] - [-670209165, 2134713925, 2134713925, 2134713925, 2134713925, 2134713925, 2134713925, 2134713925, 2134713925, 2134713925, 2134713925, 2134713925, 2134713925, 2134713925, 2134713925, 2134713925, 2134713925, 2134713925, 2134713925, 2134713925, 2134713925, 2134713925, 2134713925, 2134713925, 2134713925, 2134713925, 2134713925, 2134713925, 2134713925, 2134713925, 2134713925, 2134713925, 2134713925, 2134713925, 2134713925, 2134713925, 2134713925, 2134713925, 2134713925]]
13977748 [main] INFO de.learnlib.api.logging.LoggingBlackBoxProperty - Property violated: '(false R (!((letter == "I") && (true U (letter == "T"))) || ((!(letter == "K") || (!(letter == "T") U ((((letter == "X") && !(letter == "T")) && !(letter == "U")) && X ((!(letter == "T") && !(letter == "U")) U (letter == "Z"))))) U (letter == "T"))))'
13977748 [main] INFO de.learnlib.api.logging.LoggingBlackBoxProperty - Counter example for property: OmegaQuery[ε|D D I O L C L A F K C C C C C C C C C C C C C C C C C C C C C C C C C C C C C C C C C C C C C C C / X X S S X X Z P Z T T T T T T T T T T T T T T T T T T T T T T T T T T T T T T T T T T T T T T T T, [10, 11, 12, 13, 14, 15, 16, 17, 18, 19, 20, 21, 22, 23, 24, 25, 26, 27, 28, 29, 30, 31, 32, 33, 34, 35, 36, 37, 38, 39, 40, 41, 42, 43, 44, 45, 46, 47, 48] - [-1318960521, -1318960521, -1318960521, -1318960521, -1318960521, -1318960521, -1318960521, -1318960521, -1318960521, -1318960521, -1318960521, -1318960521, -1318960521, -1318960521, -1318960521, -1318960521, -1318960521, -1318960521, -1318960521, -1318960521, -1318960521, -1318960521, -1318960521, -1318960521, -1318960521, -1318960521, -1318960521, -1318960521, -1318960521, -1318960521, -1318960521, -1318960521, -1318960521, -1318960521, -1318960521, -1318960521, -1318960521, -1318960521, -1318960521]]
13978508 [main] INFO de.learnlib.api.logging.LoggingBlackBoxProperty - Property violated: '(!(true U (letter == "T")) || (!(letter == "T") U (((letter == "G") && !(letter == "T")) && X (!(letter == "T") U (letter == "V")))))'
13978508 [main] INFO de.learnlib.api.logging.LoggingBlackBoxProperty - Counter example for property: OmegaQuery[ε|D D I O L C J E C C C C C C C C C C C C C C C C C C C C C C C C C C C C C C C C C C C C C C C / X X S S X X V T T T T T T T T T T T T T T T T T T T T T T T T T T T T T T T T T T T T T T T T, [8, 9, 10, 11, 12, 13, 14, 15, 16, 17, 18, 19, 20, 21, 22, 23, 24, 25, 26, 27, 28, 29, 30, 31, 32, 33, 34, 35, 36, 37, 38, 39, 40, 41, 42, 43, 44, 45, 46] - [-287719745, -287719745, -287719745, -287719745, -287719745, -287719745, -287719745, -287719745, -287719745, -287719745, -287719745, -287719745, -287719745, -287719745, -287719745, -287719745, -287719745, -287719745, -287719745, -287719745, -287719745, -287719745, -287719745, -287719745, -287719745, -287719745, -287719745, -287719745, -287719745, -287719745, -287719745, -287719745, -287719745, -287719745, -287719745, -287719745, -287719745, -287719745, -287719745]]
13978774 [main] INFO nl.utwente.fmt.rers.RERSProperty - possibly false: #40, (false R (!(letter == "V") || (((letter == "J") && (!X (!(letter == "H") U (letter == "A")) || X (!(letter == "H") U ((letter == "A") && (true U (letter == "P")))))) U ((letter == "H") || (false R ((letter == "J") && (!X (!(letter == "H") U (letter == "A")) || X (!(letter == "H") U ((letter == "A") && (true U (letter == "P"))))))))))) (1 times, fixed)
13978774 [main] INFO nl.utwente.fmt.rers.RERSProperty - query: Query[ε|D D I O L C J A N J A N J A N J / X X S S X X V S P V S P V S P V]
13978837 [main] INFO nl.utwente.fmt.rers.RERSProperty - possibly false: #40, (false R (!(letter == "V") || (((letter == "J") && (!X (!(letter == "H") U (letter == "A")) || X (!(letter == "H") U ((letter == "A") && (true U (letter == "P")))))) U ((letter == "H") || (false R ((letter == "J") && (!X (!(letter == "H") U (letter == "A")) || X (!(letter == "H") U ((letter == "A") && (true U (letter == "P"))))))))))) (1 times, relative)
13978837 [main] INFO nl.utwente.fmt.rers.RERSProperty - query: Query[ε|D D I O L C J A N J A N J A N J A N J A N J A N J A N J A N J A N J A N J A N J A N J A N J A N J A N J A N J A N J A N J A N J A N J A N J A N J A N J A N J A N J A N J A N J A N J A N J A N J A N J A N J A N J A N J A N J A N J A N J A N J A N J / X X S S X X V S P V S P V S P V S P V S P V S P V S P V S P V S P V S P V S P V S P V S P V S P V S P V S P V S P V S P V S P V S P V S P V S P V S P V S P V S P V S P V S P V S P V S P V S P V S P V S P V S P V S P V S P V S P V S P V S P V S P V]
13979711 [main] INFO de.learnlib.api.logging.LoggingBlackBoxProperty - Property violated: '(!(true U (letter == "E")) || ((!(letter == "F") || (!(letter == "E") U (((letter == "Y") && !(letter == "E")) && X (!(letter == "E") U (letter == "Q"))))) U (letter == "E")))'
13979711 [main] INFO de.learnlib.api.logging.LoggingBlackBoxProperty - Counter example for property: OmegaQuery[ε|D D I O L C L A F J E E E E E E E E E E E E E E E E E E E E E E E E E E E E E E E E E E E E E E E E / X X S S X X Z P Z S S S S S S S S S S S S S S S S S S S S S S S S S S S S S S S S S S S S S S S S S, [11, 12, 13, 14, 15, 16, 17, 18, 19, 20, 21, 22, 23, 24, 25, 26, 27, 28, 29, 30, 31, 32, 33, 34, 35, 36, 37, 38, 39, 40, 41, 42, 43, 44, 45, 46, 47, 48, 49] - [2113754598, 2113754598, 2113754598, 2113754598, 2113754598, 2113754598, 2113754598, 2113754598, 2113754598, 2113754598, 2113754598, 2113754598, 2113754598, 2113754598, 2113754598, 2113754598, 2113754598, 2113754598, 2113754598, 2113754598, 2113754598, 2113754598, 2113754598, 2113754598, 2113754598, 2113754598, 2113754598, 2113754598, 2113754598, 2113754598, 2113754598, 2113754598, 2113754598, 2113754598, 2113754598, 2113754598, 2113754598, 2113754598, 2113754598]]
