16 [main] INFO nl.utwente.fmt.rers.Main - multiplier is: 1.0
17 [main] INFO nl.utwente.fmt.rers.Main - minimum unfolds is : 3
294 [main] INFO nl.utwente.fmt.rers.RERSExperiment - Parsed formula #1: (false R (!((letter == "V") && (true U (letter == "C"))) || (((letter == "E") && (!X (!(letter == "C") U (letter == "B")) || X (!(letter == "C") U ((letter == "B") && (true U (letter == "S")))))) U (letter == "C"))))
297 [main] INFO nl.utwente.fmt.rers.RERSExperiment - Parsed formula #2: ((false R !(letter == "V")) || (!(letter == "V") U ((letter == "V") && (!(true U (letter == "U")) || (!(letter == "U") U (((letter == "E") && !(letter == "U")) && X (!(letter == "U") U (letter == "T"))))))))
298 [main] INFO nl.utwente.fmt.rers.RERSExperiment - Parsed formula #3: (false R (!(((letter == "Y") && !(letter == "C")) && (true U (letter == "C"))) || (!(letter == "U") U ((letter == "B") || (letter == "C")))))
299 [main] INFO nl.utwente.fmt.rers.RERSExperiment - Parsed formula #4: (false R (!(letter == "C") || (false R (!(letter == "E") || (((letter == "S") && !(letter == "Y")) && X (!(letter == "Y") U (letter == "X")))))))
301 [main] INFO nl.utwente.fmt.rers.RERSExperiment - Parsed formula #5: (false R (!(((letter == "U") && !(letter == "S")) && (true U (letter == "S"))) || (!(letter == "Z") U ((letter == "C") || (letter == "S")))))
302 [main] INFO nl.utwente.fmt.rers.RERSExperiment - Parsed formula #6: (false R ((letter == "Y") && (!!(letter == "W") || (!(letter == "U") W ((letter == "X") || (letter == "W"))))))
303 [main] INFO nl.utwente.fmt.rers.RERSExperiment - Parsed formula #7: (!(true U (letter == "U")) || (!(letter == "W") U ((letter == "U") || (((letter == "B") && !(letter == "W")) && X (!(letter == "W") U (letter == "V"))))))
304 [main] INFO nl.utwente.fmt.rers.RERSExperiment - Parsed formula #8: (!(true U (letter == "W")) || (!(letter == "Z") U ((letter == "X") || (letter == "W"))))
305 [main] INFO nl.utwente.fmt.rers.RERSExperiment - Parsed formula #9: (!(true U ((letter == "T") && X (true U (letter == "U")))) || (!(letter == "T") U (letter == "D")))
307 [main] INFO nl.utwente.fmt.rers.RERSExperiment - Parsed formula #10: (false R (!(letter == "A") || (!(true U (letter == "Y")) || (!(letter == "Y") U ((letter == "E") || (((letter == "T") && !(letter == "Y")) && X (!(letter == "Y") U (letter == "Z"))))))))
308 [main] INFO nl.utwente.fmt.rers.RERSExperiment - Parsed formula #11: (!(true U (letter == "W")) || (!(((letter == "V") && !(letter == "W")) && X (!(letter == "W") U ((letter == "T") && !(letter == "W")))) U ((letter == "W") || (letter == "C"))))
310 [main] INFO nl.utwente.fmt.rers.RERSExperiment - Parsed formula #12: (false R (!(letter == "A") || (true U ((letter == "T") && X (true U (letter == "W"))))))
311 [main] INFO nl.utwente.fmt.rers.RERSExperiment - Parsed formula #13: (false R (!(letter == "C") || (((letter == "E") && (!X (!(letter == "T") U (letter == "A")) || X (!(letter == "T") U ((letter == "A") && (true U (letter == "U")))))) U ((letter == "T") || (false R ((letter == "E") && (!X (!(letter == "T") U (letter == "A")) || X (!(letter == "T") U ((letter == "A") && (true U (letter == "U")))))))))))
312 [main] INFO nl.utwente.fmt.rers.RERSExperiment - Parsed formula #14: (!(letter == "U") W (letter == "Y"))
312 [main] INFO nl.utwente.fmt.rers.RERSExperiment - Parsed formula #15: (!(true U (letter == "V")) || (!(letter == "X") U ((letter == "E") || (letter == "V"))))
313 [main] INFO nl.utwente.fmt.rers.RERSExperiment - Parsed formula #16: (false R (!(letter == "D") || (false R (!(letter == "B") || ((letter == "W") && X (true U (letter == "U")))))))
314 [main] INFO nl.utwente.fmt.rers.RERSExperiment - Parsed formula #17: (false R (!((letter == "B") && (true U (letter == "Y"))) || (!(((letter == "V") && !(letter == "Y")) && X (!(letter == "Y") U ((letter == "T") && !(letter == "Y")))) U ((letter == "Y") || (letter == "X")))))
315 [main] INFO nl.utwente.fmt.rers.RERSExperiment - Parsed formula #18: (false R (!(letter == "E") || (false R (!(letter == "B") || ((letter == "U") && X (true U (letter == "Y")))))))
316 [main] INFO nl.utwente.fmt.rers.RERSExperiment - Parsed formula #19: (false R (!(letter == "E") || (false R (!(letter == "D") || (true U (letter == "W"))))))
317 [main] INFO nl.utwente.fmt.rers.RERSExperiment - Parsed formula #20: (false R (!(letter == "E") || (!(true U (letter == "Y")) || (!(letter == "Y") U ((letter == "X") || (((letter == "Z") && !(letter == "Y")) && X (!(letter == "Y") U (letter == "D"))))))))
318 [main] INFO nl.utwente.fmt.rers.RERSExperiment - Parsed formula #21: (false R (!((letter == "S") && (true U (letter == "B"))) || (((letter == "A") && (!X (!(letter == "B") U (letter == "D")) || X (!(letter == "B") U ((letter == "D") && (true U (letter == "T")))))) U (letter == "B"))))
319 [main] INFO nl.utwente.fmt.rers.RERSExperiment - Parsed formula #22: (false R (!(((letter == "T") && !(letter == "D")) && (true U (letter == "D"))) || (!(letter == "U") U ((letter == "E") || (letter == "D")))))
320 [main] INFO nl.utwente.fmt.rers.RERSExperiment - Parsed formula #23: (false R (!((letter == "B") && (true U (letter == "D"))) || (!(((letter == "T") && !(letter == "D")) && X (!(letter == "D") U ((letter == "S") && !(letter == "D")))) U ((letter == "D") || (letter == "E")))))
320 [main] INFO nl.utwente.fmt.rers.RERSExperiment - Parsed formula #24: (false R (!(letter == "D") || (true U (((letter == "U") && !(letter == "V")) && X (!(letter == "V") U (letter == "Y"))))))
321 [main] INFO nl.utwente.fmt.rers.RERSExperiment - Parsed formula #25: (!(true U (letter == "A")) || (!(((letter == "S") && !(letter == "A")) && X (!(letter == "A") U ((letter == "Y") && !(letter == "A")))) U ((letter == "A") || (letter == "D"))))
322 [main] INFO nl.utwente.fmt.rers.RERSExperiment - Parsed formula #26: (false R ((letter == "A") && (!!(letter == "E") || (!(letter == "W") W ((letter == "S") || (letter == "E"))))))
323 [main] INFO nl.utwente.fmt.rers.RERSExperiment - Parsed formula #27: (false R ((letter == "B") && (!!(letter == "W") || ((!(letter == "A") || (!(letter == "W") U ((letter == "S") && !(letter == "W")))) W (letter == "W")))))
323 [main] INFO nl.utwente.fmt.rers.RERSExperiment - Parsed formula #28: (false R (!((letter == "E") && (true U (letter == "U"))) || ((!(letter == "C") || (!(letter == "U") U (((letter == "X") && !(letter == "U")) && X (!(letter == "U") U (letter == "S"))))) U (letter == "U"))))
328 [main] INFO nl.utwente.fmt.rers.RERSExperiment - Parsed formula #29: (false R (!((letter == "W") && (true U (letter == "A"))) || ((!(letter == "B") || (!(letter == "A") U ((((letter == "Y") && !(letter == "A")) && !(letter == "V")) && X ((!(letter == "A") && !(letter == "V")) U (letter == "X"))))) U (letter == "A"))))
329 [main] INFO nl.utwente.fmt.rers.RERSExperiment - Parsed formula #30: (false R ((letter == "W") && (!!(letter == "E") || (!(letter == "S") W ((letter == "V") || (letter == "E"))))))
330 [main] INFO nl.utwente.fmt.rers.RERSExperiment - Parsed formula #31: (false R (!(((letter == "A") && !(letter == "X")) && (true U (letter == "X"))) || (!(letter == "W") U ((letter == "T") || (letter == "X")))))
330 [main] INFO nl.utwente.fmt.rers.RERSExperiment - Parsed formula #32: (!(true U (letter == "X")) || ((!(letter == "E") || (!(letter == "X") U ((letter == "U") && !(letter == "X")))) U (letter == "X")))
331 [main] INFO nl.utwente.fmt.rers.RERSExperiment - Parsed formula #33: (!(true U (letter == "Z")) || ((!(letter == "E") || (!(letter == "Z") U ((letter == "Y") && !(letter == "Z")))) U (letter == "Z")))
331 [main] INFO nl.utwente.fmt.rers.RERSExperiment - Parsed formula #34: (!(true U (letter == "Z")) || ((!(letter == "E") || (!(letter == "Z") U (((letter == "S") && !(letter == "Z")) && X (!(letter == "Z") U (letter == "U"))))) U (letter == "Z")))
332 [main] INFO nl.utwente.fmt.rers.RERSExperiment - Parsed formula #35: (!(true U (letter == "X")) || (!(letter == "X") U (((letter == "A") && !(letter == "X")) && X (!(letter == "X") U (letter == "U")))))
332 [main] INFO nl.utwente.fmt.rers.RERSExperiment - Parsed formula #36: (false R (!(letter == "Y") || (false R (!(letter == "A") || (((letter == "X") && !(letter == "W")) && X (!(letter == "W") U (letter == "U")))))))
333 [main] INFO nl.utwente.fmt.rers.RERSExperiment - Parsed formula #37: (!(true U (letter == "V")) || (((letter == "B") && (!X (!(letter == "V") U (letter == "D")) || X (!(letter == "V") U ((letter == "D") && (true U (letter == "Z")))))) U (letter == "V")))
334 [main] INFO nl.utwente.fmt.rers.RERSExperiment - Parsed formula #38: (false R (!((letter == "Z") && (true U (letter == "U"))) || ((!(letter == "D") || (!(letter == "U") U ((((letter == "T") && !(letter == "U")) && !(letter == "W")) && X ((!(letter == "U") && !(letter == "W")) U (letter == "X"))))) U (letter == "U"))))
334 [main] INFO nl.utwente.fmt.rers.RERSExperiment - Parsed formula #39: (false R ((letter == "D") && (!!(letter == "W") || ((!(letter == "C") || (!(letter == "W") U ((letter == "Z") && !(letter == "W")))) W (letter == "W")))))
335 [main] INFO nl.utwente.fmt.rers.RERSExperiment - Parsed formula #40: (false R (!(letter == "W") || ((!(letter == "B") || (!(letter == "C") U (((letter == "V") && !(letter == "C")) && X (!(letter == "C") U (letter == "Y"))))) U ((letter == "C") || (false R (!(letter == "B") || ((letter == "V") && X (true U (letter == "Y")))))))))
335 [main] INFO nl.utwente.fmt.rers.RERSExperiment - Parsed formula #41: (false R (!(letter == "U") || ((!(((letter == "V") && !(letter == "A")) && X (!(letter == "A") U ((letter == "Y") && !(letter == "A")))) U ((letter == "A") || (letter == "X"))) || (false R !((letter == "V") && X (true U (letter == "Y")))))))
336 [main] INFO nl.utwente.fmt.rers.RERSExperiment - Parsed formula #42: (false R (!(((letter == "T") && !(letter == "C")) && (true U (letter == "C"))) || ((!(letter == "A") || (!(letter == "C") U ((letter == "U") && !(letter == "C")))) U (letter == "C"))))
337 [main] INFO nl.utwente.fmt.rers.RERSExperiment - Parsed formula #43: (false R (!((letter == "E") && (true U (letter == "B"))) || ((!(letter == "D") || (!(letter == "B") U ((((letter == "S") && !(letter == "B")) && !(letter == "T")) && X ((!(letter == "B") && !(letter == "T")) U (letter == "Z"))))) U (letter == "B"))))
337 [main] INFO nl.utwente.fmt.rers.RERSExperiment - Parsed formula #44: (false R (!((letter == "S") && (true U (letter == "T"))) || ((!(letter == "B") || (!(letter == "T") U (((letter == "Y") && !(letter == "T")) && X (!(letter == "T") U (letter == "V"))))) U (letter == "T"))))
338 [main] INFO nl.utwente.fmt.rers.RERSExperiment - Parsed formula #45: (false R (!(letter == "B") || (true U ((letter == "W") && X (true U (letter == "Y"))))))
338 [main] INFO nl.utwente.fmt.rers.RERSExperiment - Parsed formula #46: (false R (!(((letter == "C") && !(letter == "U")) && (true U (letter == "U"))) || (!(letter == "Y") U ((letter == "W") || (letter == "U")))))
338 [main] INFO nl.utwente.fmt.rers.RERSExperiment - Parsed formula #47: ((false R !(letter == "D")) || (true U ((letter == "D") && (!(letter == "W") W (letter == "C")))))
339 [main] INFO nl.utwente.fmt.rers.RERSExperiment - Parsed formula #48: (false R (!(letter == "S") || (false R (!(letter == "B") || (((letter == "X") && !(letter == "Z")) && X (!(letter == "Z") U (letter == "V")))))))
339 [main] INFO nl.utwente.fmt.rers.RERSExperiment - Parsed formula #49: (false R (!(((letter == "E") && !(letter == "Y")) && (true U (letter == "Y"))) || (!(letter == "Z") U ((letter == "W") || (letter == "Y")))))
340 [main] INFO nl.utwente.fmt.rers.RERSExperiment - Parsed formula #50: (!(letter == "Z") W (letter == "E"))
340 [main] INFO nl.utwente.fmt.rers.RERSExperiment - Parsed formula #51: (false R ((letter == "S") && (!!(letter == "Z") || ((!(letter == "D") || (!(letter == "Z") U ((letter == "U") && !(letter == "Z")))) W (letter == "Z")))))
341 [main] INFO nl.utwente.fmt.rers.RERSExperiment - Parsed formula #52: (!(true U ((letter == "U") && X (true U (letter == "X")))) || (!(letter == "U") U (letter == "D")))
341 [main] INFO nl.utwente.fmt.rers.RERSExperiment - Parsed formula #53: (!(true U (letter == "Y")) || (!(letter == "S") U ((letter == "X") || (letter == "Y"))))
341 [main] INFO nl.utwente.fmt.rers.RERSExperiment - Parsed formula #54: (false R ((letter == "C") && (!!(letter == "U") || (!(letter == "S") W ((letter == "Y") || (letter == "U"))))))
342 [main] INFO nl.utwente.fmt.rers.RERSExperiment - Parsed formula #55: (!(true U (letter == "S")) || (!(letter == "S") U (((letter == "T") && !(letter == "S")) && X (!(letter == "S") U (letter == "Z")))))
342 [main] INFO nl.utwente.fmt.rers.RERSExperiment - Parsed formula #56: (!(true U (letter == "U")) || (!(letter == "Z") U ((letter == "S") || (letter == "U"))))
343 [main] INFO nl.utwente.fmt.rers.RERSExperiment - Parsed formula #57: (!(true U ((letter == "Z") && X (true U (letter == "S")))) || (!(letter == "Z") U (letter == "X")))
343 [main] INFO nl.utwente.fmt.rers.RERSExperiment - Parsed formula #58: (false R (!(letter == "D") || (((letter == "B") && (!X (!(letter == "T") U (letter == "C")) || X (!(letter == "T") U ((letter == "C") && (true U (letter == "X")))))) U ((letter == "T") || (false R ((letter == "B") && (!X (!(letter == "T") U (letter == "C")) || X (!(letter == "T") U ((letter == "C") && (true U (letter == "X")))))))))))
344 [main] INFO nl.utwente.fmt.rers.RERSExperiment - Parsed formula #59: (!(true U (letter == "S")) || ((!(letter == "D") || (!(letter == "S") U ((((letter == "Y") && !(letter == "S")) && !(letter == "Z")) && X ((!(letter == "S") && !(letter == "Z")) U (letter == "T"))))) U (letter == "S")))
344 [main] INFO nl.utwente.fmt.rers.RERSExperiment - Parsed formula #60: (false R (!(letter == "C") || (true U (letter == "V"))))
345 [main] INFO nl.utwente.fmt.rers.RERSExperiment - Parsed formula #61: (false R (!(letter == "W") || ((!(((letter == "U") && !(letter == "E")) && X (!(letter == "E") U ((letter == "V") && !(letter == "E")))) U ((letter == "E") || (letter == "Y"))) || (false R !((letter == "U") && X (true U (letter == "V")))))))
345 [main] INFO nl.utwente.fmt.rers.RERSExperiment - Parsed formula #62: ((false R !(letter == "B")) || (true U ((letter == "B") && (!(letter == "S") W (letter == "A")))))
345 [main] INFO nl.utwente.fmt.rers.RERSExperiment - Parsed formula #63: (false R (!(letter == "C") || (true U ((letter == "S") && X (true U (letter == "U"))))))
346 [main] INFO nl.utwente.fmt.rers.RERSExperiment - Parsed formula #64: (!(true U (letter == "C")) || (((letter == "E") && (!X (!(letter == "C") U (letter == "D")) || X (!(letter == "C") U ((letter == "D") && (true U (letter == "S")))))) U (letter == "C")))
347 [main] INFO nl.utwente.fmt.rers.RERSExperiment - Parsed formula #65: ((false R !(letter == "X")) || (true U ((letter == "X") && (!(letter == "Z") W (letter == "V")))))
347 [main] INFO nl.utwente.fmt.rers.RERSExperiment - Parsed formula #66: (false R (!((letter == "S") && (true U (letter == "C"))) || (((letter == "D") && (!X (!(letter == "C") U (letter == "B")) || X (!(letter == "C") U ((letter == "B") && (true U (letter == "Z")))))) U (letter == "C"))))
347 [main] INFO nl.utwente.fmt.rers.RERSExperiment - Parsed formula #67: (!(letter == "Z") W (letter == "X"))
348 [main] INFO nl.utwente.fmt.rers.RERSExperiment - Parsed formula #68: (!(true U (letter == "A")) || (!(letter == "U") U ((letter == "A") || (((letter == "E") && !(letter == "U")) && X (!(letter == "U") U (letter == "V"))))))
348 [main] INFO nl.utwente.fmt.rers.RERSExperiment - Parsed formula #69: ((false R !(letter == "V")) || (!(letter == "V") U ((letter == "V") && (!(true U (letter == "Y")) || (!(letter == "Y") U (((letter == "T") && !(letter == "Y")) && X (!(letter == "Y") U (letter == "E"))))))))
349 [main] INFO nl.utwente.fmt.rers.RERSExperiment - Parsed formula #70: (false R (!((letter == "E") && (true U (letter == "V"))) || (!(((letter == "X") && !(letter == "V")) && X (!(letter == "V") U ((letter == "U") && !(letter == "V")))) U ((letter == "V") || (letter == "A")))))
349 [main] INFO nl.utwente.fmt.rers.RERSExperiment - Parsed formula #71: (false R (!(((letter == "T") && !(letter == "C")) && (true U (letter == "C"))) || (!(letter == "X") U ((letter == "E") || (letter == "C")))))
350 [main] INFO nl.utwente.fmt.rers.RERSExperiment - Parsed formula #72: (false R (!(letter == "W") || (false R (!(letter == "A") || ((letter == "X") && X (true U (letter == "Y")))))))
350 [main] INFO nl.utwente.fmt.rers.RERSExperiment - Parsed formula #73: (false R (!(letter == "A") || (true U (letter == "S"))))
350 [main] INFO nl.utwente.fmt.rers.RERSExperiment - Parsed formula #74: (!(letter == "U") W (letter == "W"))
351 [main] INFO nl.utwente.fmt.rers.RERSExperiment - Parsed formula #75: (false R (!((letter == "S") && (true U (letter == "V"))) || (((letter == "E") && (!X (!(letter == "V") U (letter == "A")) || X (!(letter == "V") U ((letter == "A") && (true U (letter == "Y")))))) U (letter == "V"))))
351 [main] INFO nl.utwente.fmt.rers.RERSExperiment - Parsed formula #76: (false R (!(letter == "E") || (((letter == "A") && (!X (!(letter == "B") U (letter == "D")) || X (!(letter == "B") U ((letter == "D") && (true U (letter == "Z")))))) U ((letter == "B") || (false R ((letter == "A") && (!X (!(letter == "B") U (letter == "D")) || X (!(letter == "B") U ((letter == "D") && (true U (letter == "Z")))))))))))
351 [main] INFO nl.utwente.fmt.rers.RERSExperiment - Parsed formula #77: ((false R !(letter == "U")) || (!(letter == "U") U ((letter == "U") && (!(true U ((letter == "T") && X (true U (letter == "W")))) || (!(letter == "T") U (letter == "D"))))))
352 [main] INFO nl.utwente.fmt.rers.RERSExperiment - Parsed formula #78: (!(true U (letter == "U")) || (!(letter == "V") U ((letter == "Z") || (letter == "U"))))
352 [main] INFO nl.utwente.fmt.rers.RERSExperiment - Parsed formula #79: (!(true U (letter == "A")) || (!(((letter == "U") && !(letter == "A")) && X (!(letter == "A") U ((letter == "W") && !(letter == "A")))) U ((letter == "A") || (letter == "T"))))
353 [main] INFO nl.utwente.fmt.rers.RERSExperiment - Parsed formula #80: (false R (!((letter == "V") && (true U (letter == "U"))) || (!(letter == "S") U ((letter == "U") || (((letter == "E") && !(letter == "S")) && X (!(letter == "S") U (letter == "D")))))))
353 [main] INFO nl.utwente.fmt.rers.RERSExperiment - Parsed formula #81: (false R (!(letter == "V") || ((!(((letter == "U") && !(letter == "E")) && X (!(letter == "E") U ((letter == "Z") && !(letter == "E")))) U ((letter == "E") || (letter == "A"))) || (false R !((letter == "U") && X (true U (letter == "Z")))))))
353 [main] INFO nl.utwente.fmt.rers.RERSExperiment - Parsed formula #82: (false R (!(letter == "Z") || (false R (!(letter == "E") || (true U (letter == "V"))))))
354 [main] INFO nl.utwente.fmt.rers.RERSExperiment - Parsed formula #83: (false R (!(letter == "Y") || (!(true U (letter == "V")) || (!(letter == "V") U ((letter == "Z") || (((letter == "X") && !(letter == "V")) && X (!(letter == "V") U (letter == "T"))))))))
354 [main] INFO nl.utwente.fmt.rers.RERSExperiment - Parsed formula #84: (!(true U (letter == "T")) || ((!(letter == "A") || (!(letter == "T") U ((letter == "X") && !(letter == "T")))) U (letter == "T")))
355 [main] INFO nl.utwente.fmt.rers.RERSExperiment - Parsed formula #85: (false R (!(((letter == "Y") && !(letter == "B")) && (true U (letter == "B"))) || (!(letter == "Z") U ((letter == "V") || (letter == "B")))))
355 [main] INFO nl.utwente.fmt.rers.RERSExperiment - Parsed formula #86: (false R (!(letter == "T") || ((!(letter == "A") || (!(letter == "U") U (((letter == "X") && !(letter == "U")) && X (!(letter == "U") U (letter == "V"))))) U ((letter == "U") || (false R (!(letter == "A") || ((letter == "X") && X (true U (letter == "V")))))))))
356 [main] INFO nl.utwente.fmt.rers.RERSExperiment - Parsed formula #87: (!(true U ((letter == "W") && X (true U (letter == "S")))) || (!(letter == "W") U (letter == "U")))
356 [main] INFO nl.utwente.fmt.rers.RERSExperiment - Parsed formula #88: (false R (!(letter == "Y") || ((!(letter == "D") || (!(letter == "X") U (((letter == "S") && !(letter == "X")) && X (!(letter == "X") U (letter == "U"))))) U ((letter == "X") || (false R (!(letter == "D") || ((letter == "S") && X (true U (letter == "U")))))))))
356 [main] INFO nl.utwente.fmt.rers.RERSExperiment - Parsed formula #89: (false R (!(letter == "X") || (false R ((letter == "B") && (!X (true U (letter == "A")) || X (!(letter == "A") U ((letter == "A") && (true U (letter == "S")))))))))
357 [main] INFO nl.utwente.fmt.rers.RERSExperiment - Parsed formula #90: (!(true U (letter == "X")) || ((!(letter == "B") || (!(letter == "X") U ((((letter == "U") && !(letter == "X")) && !(letter == "T")) && X ((!(letter == "X") && !(letter == "T")) U (letter == "Z"))))) U (letter == "X")))
358 [main] INFO nl.utwente.fmt.rers.RERSExperiment - Parsed formula #91: (false R (!(letter == "Y") || (((letter == "C") && (!X (!(letter == "X") U (letter == "A")) || X (!(letter == "X") U ((letter == "A") && (true U (letter == "V")))))) U ((letter == "X") || (false R ((letter == "C") && (!X (!(letter == "X") U (letter == "A")) || X (!(letter == "X") U ((letter == "A") && (true U (letter == "V")))))))))))
358 [main] INFO nl.utwente.fmt.rers.RERSExperiment - Parsed formula #92: (false R (!(letter == "D") || (true U ((letter == "U") && X (true U (letter == "V"))))))
358 [main] INFO nl.utwente.fmt.rers.RERSExperiment - Parsed formula #93: (!(true U ((letter == "X") && X (true U (letter == "W")))) || (!(letter == "X") U (letter == "C")))
359 [main] INFO nl.utwente.fmt.rers.RERSExperiment - Parsed formula #94: (!(true U (letter == "U")) || ((!(letter == "C") || (!(letter == "U") U (((letter == "T") && !(letter == "U")) && X (!(letter == "U") U (letter == "W"))))) U (letter == "U")))
359 [main] INFO nl.utwente.fmt.rers.RERSExperiment - Parsed formula #95: (false R (!((letter == "S") && (true U (letter == "W"))) || ((!(letter == "E") || (!(letter == "W") U (((letter == "Z") && !(letter == "W")) && X (!(letter == "W") U (letter == "X"))))) U (letter == "W"))))
359 [main] INFO nl.utwente.fmt.rers.RERSExperiment - Parsed formula #96: (false R (!((letter == "V") && (true U (letter == "U"))) || (!(letter == "W") U ((letter == "U") || (((letter == "Y") && !(letter == "W")) && X (!(letter == "W") U (letter == "A")))))))
360 [main] INFO nl.utwente.fmt.rers.RERSExperiment - Parsed formula #97: (!(true U (letter == "C")) || (!(letter == "S") U ((letter == "C") || (((letter == "W") && !(letter == "S")) && X (!(letter == "S") U (letter == "B"))))))
360 [main] INFO nl.utwente.fmt.rers.RERSExperiment - Parsed formula #98: (!(letter == "V") W (letter == "A"))
361 [main] INFO nl.utwente.fmt.rers.RERSExperiment - Parsed formula #99: (false R (!(letter == "C") || ((!(letter == "D") || (!(letter == "X") U (((letter == "Z") && !(letter == "X")) && X (!(letter == "X") U (letter == "T"))))) U ((letter == "X") || (false R (!(letter == "D") || ((letter == "Z") && X (true U (letter == "T")))))))))
361 [main] INFO nl.utwente.fmt.rers.RERSExperiment - Parsed formula #100: (false R (!(((letter == "Y") && !(letter == "V")) && (true U (letter == "V"))) || (!(letter == "X") U ((letter == "A") || (letter == "V")))))
386 [main] INFO nl.utwente.fmt.rers.Main - Searching for counterexample
424 [main] INFO nl.utwente.fmt.rers.Main - Query[ε|D C / Y U]
459 [main] INFO nl.utwente.fmt.rers.Main - Searching for counterexample
462 [main] INFO nl.utwente.fmt.rers.Main - Query[ε|D C B C / Y U S W]
486 [main] INFO nl.utwente.fmt.rers.Main - Searching for counterexample
496 [main] INFO nl.utwente.fmt.rers.Main - Query[ε|D C B C B C / Y U S W  ]
499 [main] INFO nl.utwente.fmt.rers.Main - Searching for counterexample
509 [main] INFO nl.utwente.fmt.rers.Main - Query[ε|D C D D B C / Y U W Z W S]
515 [main] INFO nl.utwente.fmt.rers.Main - Searching for counterexample
525 [main] INFO nl.utwente.fmt.rers.Main - Query[ε|D C D D B E E C / Y U W Z W Z  S]
529 [main] INFO nl.utwente.fmt.rers.Main - Searching for counterexample
541 [main] INFO nl.utwente.fmt.rers.Main - Query[ε|D C B E B C E C / Y U S X W X  ]
544 [main] INFO nl.utwente.fmt.rers.Main - Searching for counterexample
551 [main] INFO nl.utwente.fmt.rers.Main - Query[ε|D C B E E C E C / Y U S X Z Y  Y]
553 [main] INFO nl.utwente.fmt.rers.Main - Searching for counterexample
574 [main] INFO nl.utwente.fmt.rers.Main - Query[ε|D C E B D C / Y U W Y U ]
627 [main] INFO nl.utwente.fmt.rers.Main - Searching for counterexample
6707662 [main] INFO nl.utwente.fmt.rers.Main - timeout reached, not using counter example
6707663 [main] INFO nl.utwente.fmt.rers.Main - Useless equivalence symbols: 2750473243
6707663 [main] INFO nl.utwente.fmt.rers.Main - Useless equivalence queries: 100040935
6708486 [main] INFO de.learnlib.api.logging.LoggingBlackBoxProperty - Property violated: '(false R ((letter == "A") && (!!(letter == "E") || (!(letter == "W") W ((letter == "S") || (letter == "E"))))))'
6708486 [main] INFO de.learnlib.api.logging.LoggingBlackBoxProperty - Counter example for property: OmegaQuery[ε|D C D D E C D D E C D D E C D D E C D D E C D D E C D D E C D D E C D D E C D D E C D D E C D D E C D D E C D D E C D D E C D D E C D D E C D D E C D D E C D D E C D D E / Y U W Z X U W Z X U W Z X U W Z X U W Z X U W Z X U W Z X U W Z X U W Z X U W Z X U W Z X U W Z X U W Z X U W Z X U W Z X U W Z X U W Z X U W Z X U W Z X U W Z X U W Z X, [1, 5, 9, 13, 17, 21, 25, 29, 33, 37, 41, 45, 49, 53, 57, 61, 65, 69, 73, 77, 81] - [-662887761, -662887762, -662887762, -662887762, -662887762, -662887762, -662887762, -662887762, -662887762, -662887762, -662887762, -662887762, -662887762, -662887762, -662887762, -662887762, -662887762, -662887762, -662887762, -662887762, -662887762]]
6708690 [main] INFO de.learnlib.api.logging.LoggingBlackBoxProperty - Property violated: '(false R (!(letter == "C") || (((letter == "E") && (!X (!(letter == "T") U (letter == "A")) || X (!(letter == "T") U ((letter == "A") && (true U (letter == "U")))))) U ((letter == "T") || (false R ((letter == "E") && (!X (!(letter == "T") U (letter == "A")) || X (!(letter == "T") U ((letter == "A") && (true U (letter == "U")))))))))))'
6708691 [main] INFO de.learnlib.api.logging.LoggingBlackBoxProperty - Counter example for property: OmegaQuery[ε|D C D D E C D D E C D D E C D D E C D D E C D D E C D D E C D D E C D D E C D D E C D D E C D D E C D D E C D D E C D D E C D D E C D D E C D D E C D D E C D D E C D D E C / Y U W Z X U W Z X U W Z X U W Z X U W Z X U W Z X U W Z X U W Z X U W Z X U W Z X U W Z X U W Z X U W Z X U W Z X U W Z X U W Z X U W Z X U W Z X U W Z X U W Z X U W Z X U, [2, 6, 10, 14, 18, 22, 26, 30, 34, 38, 42, 46, 50, 54, 58, 62, 66, 70, 74, 78, 82] - [-662873838, -662873838, -662873838, -662873838, -662873838, -662873838, -662873838, -662873838, -662873838, -662873838, -662873838, -662873838, -662873838, -662873838, -662873838, -662873838, -662873838, -662873838, -662873838, -662873838, -662873838]]
6708887 [main] INFO de.learnlib.api.logging.LoggingBlackBoxProperty - Property violated: '(false R ((letter == "D") && (!!(letter == "W") || ((!(letter == "C") || (!(letter == "W") U ((letter == "Z") && !(letter == "W")))) W (letter == "W")))))'
6708888 [main] INFO de.learnlib.api.logging.LoggingBlackBoxProperty - Counter example for property: OmegaQuery[ε|D C D D E C D D E C D D E C D D E C D D E C D D E C D D E C D D E C D D E C D D E C D D E C D D E C D D E C D D E C D D E C D D E C D D E C D D E C D D E C D D E C D D E / Y U W Z X U W Z X U W Z X U W Z X U W Z X U W Z X U W Z X U W Z X U W Z X U W Z X U W Z X U W Z X U W Z X U W Z X U W Z X U W Z X U W Z X U W Z X U W Z X U W Z X U W Z X, [1, 5, 9, 13, 17, 21, 25, 29, 33, 37, 41, 45, 49, 53, 57, 61, 65, 69, 73, 77, 81] - [-662887761, -662887762, -662887762, -662887762, -662887762, -662887762, -662887762, -662887762, -662887762, -662887762, -662887762, -662887762, -662887762, -662887762, -662887762, -662887762, -662887762, -662887762, -662887762, -662887762, -662887762]]
6709058 [main] INFO de.learnlib.api.logging.LoggingBlackBoxProperty - Property violated: '(!(letter == "Z") W (letter == "E"))'
6709058 [main] INFO de.learnlib.api.logging.LoggingBlackBoxProperty - Counter example for property: OmegaQuery[ε|D C D D E C D D E C D D E C D D E C D D E C D D E C D D E C D D E C D D E C D D E C D D E C D D E C D D E C D D E C D D E C D D E C D D E C D D E C D D E C D D E C D D E C D D / Y U W Z X U W Z X U W Z X U W Z X U W Z X U W Z X U W Z X U W Z X U W Z X U W Z X U W Z X U W Z X U W Z X U W Z X U W Z X U W Z X U W Z X U W Z X U W Z X U W Z X U W Z X U W Z, [4, 8, 12, 16, 20, 24, 28, 32, 36, 40, 44, 48, 52, 56, 60, 64, 68, 72, 76, 80, 84] - [-662877319, -662877319, -662877319, -662877319, -662877319, -662877319, -662877319, -662877319, -662877319, -662877319, -662877319, -662877319, -662877319, -662877319, -662877319, -662877319, -662877319, -662877319, -662877319, -662877319, -662877319]]
6709247 [main] INFO de.learnlib.api.logging.LoggingBlackBoxProperty - Property violated: '(false R (!(letter == "C") || (false R (!(letter == "E") || (((letter == "S") && !(letter == "Y")) && X (!(letter == "Y") U (letter == "X")))))))'
6709247 [main] INFO de.learnlib.api.logging.LoggingBlackBoxProperty - Counter example for property: OmegaQuery[ε|D C D D E C D D E C D D E C D D E C D D E C D D E C D D E C D D E C D D E C D D E C D D E C D D E C D D E C D D E C D D E C D D E C D D E C D D E C D D E C D D E C D D E C D D E / Y U W Z X U W Z X U W Z X U W Z X U W Z X U W Z X U W Z X U W Z X U W Z X U W Z X U W Z X U W Z X U W Z X U W Z X U W Z X U W Z X U W Z X U W Z X U W Z X U W Z X U W Z X U W Z X, [5, 9, 13, 17, 21, 25, 29, 33, 37, 41, 45, 49, 53, 57, 61, 65, 69, 73, 77, 81, 85] - [-662887762, -662887762, -662887762, -662887762, -662887762, -662887762, -662887762, -662887762, -662887762, -662887762, -662887762, -662887762, -662887762, -662887762, -662887762, -662887762, -662887762, -662887762, -662887762, -662887762, -662887762]]
6709544 [main] INFO de.learnlib.api.logging.LoggingBlackBoxProperty - Property violated: '(false R (!((letter == "S") && (true U (letter == "W"))) || ((!(letter == "E") || (!(letter == "W") U (((letter == "Z") && !(letter == "W")) && X (!(letter == "W") U (letter == "X"))))) U (letter == "W"))))'
6709544 [main] INFO de.learnlib.api.logging.LoggingBlackBoxProperty - Counter example for property: OmegaQuery[ε|D C D D B C E D C D D C D D C D D C D D C D D C D D C D D C D D C D D C D D C D D C D D C D D C D D C D D C D D C D D C D D C D D C D D C D D / Y U W Z W S Z W X U W X U W X U W X U W X U W X U W X U W X U W X U W X U W X U W X U W X U W X U W X U W X U W X U W X U W X U W X U W X U W, [8, 11, 14, 17, 20, 23, 26, 29, 32, 35, 38, 41, 44, 47, 50, 53, 56, 59, 62, 65, 68] - [-676024938, -663907577, -663907577, -663907577, -663907577, -663907577, -663907577, -663907577, -663907577, -663907577, -663907577, -663907577, -663907577, -663907577, -663907577, -663907577, -663907577, -663907577, -663907577, -663907577, -663907577]]
6710421 [main] INFO de.learnlib.api.logging.LoggingBlackBoxProperty - Property violated: '(!(letter == "U") W (letter == "W"))'
6710421 [main] INFO de.learnlib.api.logging.LoggingBlackBoxProperty - Counter example for property: OmegaQuery[ε|D C D D E C D D E C D D E C D D E C D D E C D D E C D D E C D D E C D D E C D D E C D D E C D D E C D D E C D D E C D D E C D D E C D D E C D D E C D D E C D D E C D D E C / Y U W Z X U W Z X U W Z X U W Z X U W Z X U W Z X U W Z X U W Z X U W Z X U W Z X U W Z X U W Z X U W Z X U W Z X U W Z X U W Z X U W Z X U W Z X U W Z X U W Z X U W Z X U, [2, 6, 10, 14, 18, 22, 26, 30, 34, 38, 42, 46, 50, 54, 58, 62, 66, 70, 74, 78, 82] - [-662873838, -662873838, -662873838, -662873838, -662873838, -662873838, -662873838, -662873838, -662873838, -662873838, -662873838, -662873838, -662873838, -662873838, -662873838, -662873838, -662873838, -662873838, -662873838, -662873838, -662873838]]
6710618 [main] INFO de.learnlib.api.logging.LoggingBlackBoxProperty - Property violated: '(false R (!(letter == "E") || (false R (!(letter == "B") || ((letter == "U") && X (true U (letter == "Y")))))))'
6710619 [main] INFO de.learnlib.api.logging.LoggingBlackBoxProperty - Counter example for property: OmegaQuery[ε|D C D D E C D D B C D D D D D D D D D D D D D D D D D D D D D / Y U W Z X U W Z W S S S S S S S S S S S S S S S S S S S S S S, [10, 11, 12, 13, 14, 15, 16, 17, 18, 19, 20, 21, 22, 23, 24, 25, 26, 27, 28, 29, 30] - [-674796263, -674796263, -674796263, -674796263, -674796263, -674796263, -674796263, -674796263, -674796263, -674796263, -674796263, -674796263, -674796263, -674796263, -674796263, -674796263, -674796263, -674796263, -674796263, -674796263, -674796263]]
6711151 [main] INFO de.learnlib.api.logging.LoggingBlackBoxProperty - Property violated: '(false R (!(letter == "D") || (false R (!(letter == "B") || ((letter == "W") && X (true U (letter == "U")))))))'
6711151 [main] INFO de.learnlib.api.logging.LoggingBlackBoxProperty - Counter example for property: OmegaQuery[ε|D C D D B C D D D D D D D D D D D D D D D D D D D D D / Y U W Z W S S S S S S S S S S S S S S S S S S S S S S, [6, 7, 8, 9, 10, 11, 12, 13, 14, 15, 16, 17, 18, 19, 20, 21, 22, 23, 24, 25, 26] - [-674796263, -674796263, -674796263, -674796263, -674796263, -674796263, -674796263, -674796263, -674796263, -674796263, -674796263, -674796263, -674796263, -674796263, -674796263, -674796263, -674796263, -674796263, -674796263, -674796263, -674796263]]
6711363 [main] INFO de.learnlib.api.logging.LoggingBlackBoxProperty - Property violated: '((false R !(letter == "X")) || (true U ((letter == "X") && (!(letter == "Z") W (letter == "V")))))'
6711363 [main] INFO de.learnlib.api.logging.LoggingBlackBoxProperty - Counter example for property: OmegaQuery[ε|D C D D E C D D E C D D E C D D E C D D E C D D E C D D E C D D E C D D E C D D E C D D E C D D E C D D E C D D E C D D E C D D E C D D E C D D E C D D E C D D E C D D E C D D E / Y U W Z X U W Z X U W Z X U W Z X U W Z X U W Z X U W Z X U W Z X U W Z X U W Z X U W Z X U W Z X U W Z X U W Z X U W Z X U W Z X U W Z X U W Z X U W Z X U W Z X U W Z X U W Z X, [5, 9, 13, 17, 21, 25, 29, 33, 37, 41, 45, 49, 53, 57, 61, 65, 69, 73, 77, 81, 85] - [-662887762, -662887762, -662887762, -662887762, -662887762, -662887762, -662887762, -662887762, -662887762, -662887762, -662887762, -662887762, -662887762, -662887762, -662887762, -662887762, -662887762, -662887762, -662887762, -662887762, -662887762]]
6711851 [main] INFO de.learnlib.api.logging.LoggingBlackBoxProperty - Property violated: '(false R (!(letter == "B") || (true U ((letter == "W") && X (true U (letter == "Y"))))))'
6711852 [main] INFO de.learnlib.api.logging.LoggingBlackBoxProperty - Counter example for property: OmegaQuery[ε|D C D D B C B C D D C D D C D D C D D C D D C D D C D D C D D C D D C D D C D D C D D C D D C D D C D D C D D C D D C D D C D D C D D C D D / Y U W Z W S W X U W X U W X U W X U W X U W X U W X U W X U W X U W X U W X U W X U W X U W X U W X U W X U W X U W X U W X U W X U W X U W, [7, 10, 13, 16, 19, 22, 25, 28, 31, 34, 37, 40, 43, 46, 49, 52, 55, 58, 61, 64, 67] - [-674792664, -663907577, -663907577, -663907577, -663907577, -663907577, -663907577, -663907577, -663907577, -663907577, -663907577, -663907577, -663907577, -663907577, -663907577, -663907577, -663907577, -663907577, -663907577, -663907577, -663907577]]
6712082 [main] INFO de.learnlib.api.logging.LoggingBlackBoxProperty - Property violated: '(!(true U (letter == "U")) || ((!(letter == "C") || (!(letter == "U") U (((letter == "T") && !(letter == "U")) && X (!(letter == "U") U (letter == "W"))))) U (letter == "U")))'
6712083 [main] INFO de.learnlib.api.logging.LoggingBlackBoxProperty - Counter example for property: OmegaQuery[ε|D C D D E C D D E C D D E C D D E C D D E C D D E C D D E C D D E C D D E C D D E C D D E C D D E C D D E C D D E C D D E C D D E C D D E C D D E C D D E C D D E C D D E C / Y U W Z X U W Z X U W Z X U W Z X U W Z X U W Z X U W Z X U W Z X U W Z X U W Z X U W Z X U W Z X U W Z X U W Z X U W Z X U W Z X U W Z X U W Z X U W Z X U W Z X U W Z X U, [2, 6, 10, 14, 18, 22, 26, 30, 34, 38, 42, 46, 50, 54, 58, 62, 66, 70, 74, 78, 82] - [-662873838, -662873838, -662873838, -662873838, -662873838, -662873838, -662873838, -662873838, -662873838, -662873838, -662873838, -662873838, -662873838, -662873838, -662873838, -662873838, -662873838, -662873838, -662873838, -662873838, -662873838]]
6712895 [main] INFO de.learnlib.api.logging.LoggingBlackBoxProperty - Property violated: '(false R (!(letter == "S") || (false R (!(letter == "B") || (((letter == "X") && !(letter == "Z")) && X (!(letter == "Z") U (letter == "V")))))))'
6712895 [main] INFO de.learnlib.api.logging.LoggingBlackBoxProperty - Counter example for property: OmegaQuery[ε|D C D D B C B C D D C D D C D D C D D C D D C D D C D D C D D C D D C D D C D D C D D C D D C D D C D D C D D C D D C D D C D D C D D C D D / Y U W Z W S W X U W X U W X U W X U W X U W X U W X U W X U W X U W X U W X U W X U W X U W X U W X U W X U W X U W X U W X U W X U W X U W, [7, 10, 13, 16, 19, 22, 25, 28, 31, 34, 37, 40, 43, 46, 49, 52, 55, 58, 61, 64, 67] - [-674792664, -663907577, -663907577, -663907577, -663907577, -663907577, -663907577, -663907577, -663907577, -663907577, -663907577, -663907577, -663907577, -663907577, -663907577, -663907577, -663907577, -663907577, -663907577, -663907577, -663907577]]
6713626 [main] INFO de.learnlib.api.logging.LoggingBlackBoxProperty - Property violated: '(!(true U (letter == "Z")) || ((!(letter == "E") || (!(letter == "Z") U ((letter == "Y") && !(letter == "Z")))) U (letter == "Z")))'
6713626 [main] INFO de.learnlib.api.logging.LoggingBlackBoxProperty - Counter example for property: OmegaQuery[ε|D C B E B C D E C D D E C D D E C D D E C D D E C D D E C D D E C D D E C D D E C D D E C D D E C D D E C D D E C D D E C D D E C D D E C D D E C D D E C D D E C D D E C D D E C D D E C D D / Y U S X W X U X U W Z X U W Z X U W Z X U W Z X U W Z X U W Z X U W Z X U W Z X U W Z X U W Z X U W Z X U W Z X U W Z X U W Z X U W Z X U W Z X U W Z X U W Z X U W Z X U W Z X U W Z X U W Z, [11, 15, 19, 23, 27, 31, 35, 39, 43, 47, 51, 55, 59, 63, 67, 71, 75, 79, 83, 87, 91] - [-662877201, -662877201, -662877201, -662877201, -662877201, -662877201, -662877201, -662877201, -662877201, -662877201, -662877201, -662877201, -662877201, -662877201, -662877201, -662877201, -662877201, -662877201, -662877201, -662877201, -662877201]]
6714422 [main] INFO de.learnlib.api.logging.LoggingBlackBoxProperty - Property violated: '(false R (!(((letter == "Y") && !(letter == "C")) && (true U (letter == "C"))) || (!(letter == "U") U ((letter == "B") || (letter == "C")))))'
6714422 [main] INFO de.learnlib.api.logging.LoggingBlackBoxProperty - Counter example for property: OmegaQuery[ε|D C E B D D C D D D D D D D D D D D D D D D D D D D D D / Y U W Y U X S S S S S S S S S S S S S S S S S S S S S S, [7, 8, 9, 10, 11, 12, 13, 14, 15, 16, 17, 18, 19, 20, 21, 22, 23, 24, 25, 26, 27] - [-675206843, -675206843, -675206843, -675206843, -675206843, -675206843, -675206843, -675206843, -675206843, -675206843, -675206843, -675206843, -675206843, -675206843, -675206843, -675206843, -675206843, -675206843, -675206843, -675206843, -675206843]]
6715343 [main] INFO de.learnlib.api.logging.LoggingBlackBoxProperty - Property violated: '(!(true U ((letter == "Z") && X (true U (letter == "S")))) || (!(letter == "Z") U (letter == "X")))'
6715343 [main] INFO de.learnlib.api.logging.LoggingBlackBoxProperty - Counter example for property: OmegaQuery[ε|D C D D E C B D D D D D D D D D D D D D D D D D D D D D D D D D D D D D D D D D D D D D D D D D D / Y U W Z X U S U U U U U U U U U U U U U U U U U U U U U U U U U U U U U U U U U U U U U U U U U U, [7, 9, 11, 13, 15, 17, 19, 21, 23, 25, 27, 29, 31, 33, 35, 37, 39, 41, 43, 45, 47] - [-662880741, -687115463, -687115463, -687115463, -687115463, -687115463, -687115463, -687115463, -687115463, -687115463, -687115463, -687115463, -687115463, -687115463, -687115463, -687115463, -687115463, -687115463, -687115463, -687115463, -687115463]]
6715825 [main] INFO de.learnlib.api.logging.LoggingBlackBoxProperty - Property violated: '(false R (!(letter == "C") || (true U ((letter == "S") && X (true U (letter == "U"))))))'
6715825 [main] INFO de.learnlib.api.logging.LoggingBlackBoxProperty - Counter example for property: OmegaQuery[ε|D C D D E C D D E C D D E C D D E C D D E C D D E C D D E C D D E C D D E C D D E C D D E C D D E C D D E C D D E C D D E C D D E C D D E C D D E C D D E C D D E C D D E C / Y U W Z X U W Z X U W Z X U W Z X U W Z X U W Z X U W Z X U W Z X U W Z X U W Z X U W Z X U W Z X U W Z X U W Z X U W Z X U W Z X U W Z X U W Z X U W Z X U W Z X U W Z X U, [2, 6, 10, 14, 18, 22, 26, 30, 34, 38, 42, 46, 50, 54, 58, 62, 66, 70, 74, 78, 82] - [-662873838, -662873838, -662873838, -662873838, -662873838, -662873838, -662873838, -662873838, -662873838, -662873838, -662873838, -662873838, -662873838, -662873838, -662873838, -662873838, -662873838, -662873838, -662873838, -662873838, -662873838]]
6716909 [main] INFO de.learnlib.api.logging.LoggingBlackBoxProperty - Property violated: '(false R (!(letter == "D") || (((letter == "B") && (!X (!(letter == "T") U (letter == "C")) || X (!(letter == "T") U ((letter == "C") && (true U (letter == "X")))))) U ((letter == "T") || (false R ((letter == "B") && (!X (!(letter == "T") U (letter == "C")) || X (!(letter == "T") U ((letter == "C") && (true U (letter == "X")))))))))))'
6716909 [main] INFO de.learnlib.api.logging.LoggingBlackBoxProperty - Counter example for property: OmegaQuery[ε|D C D D E C D D E C D D E C D D E C D D E C D D E C D D E C D D E C D D E C D D E C D D E C D D E C D D E C D D E C D D E C D D E C D D E C D D E C D D E C D D E C D D E / Y U W Z X U W Z X U W Z X U W Z X U W Z X U W Z X U W Z X U W Z X U W Z X U W Z X U W Z X U W Z X U W Z X U W Z X U W Z X U W Z X U W Z X U W Z X U W Z X U W Z X U W Z X, [1, 5, 9, 13, 17, 21, 25, 29, 33, 37, 41, 45, 49, 53, 57, 61, 65, 69, 73, 77, 81] - [-662887761, -662887762, -662887762, -662887762, -662887762, -662887762, -662887762, -662887762, -662887762, -662887762, -662887762, -662887762, -662887762, -662887762, -662887762, -662887762, -662887762, -662887762, -662887762, -662887762, -662887762]]
6717114 [main] INFO de.learnlib.api.logging.LoggingBlackBoxProperty - Property violated: '(false R (!(letter == "E") || (false R (!(letter == "D") || (true U (letter == "W"))))))'
6717114 [main] INFO de.learnlib.api.logging.LoggingBlackBoxProperty - Counter example for property: OmegaQuery[ε|D C D D E C B D D D D D D D D D D D D D D D D D D D D D D D D D D D D D D D D D D D D D D D D D D D / Y U W Z X U S U U U U U U U U U U U U U U U U U U U U U U U U U U U U U U U U U U U U U U U U U U U, [8, 10, 12, 14, 16, 18, 20, 22, 24, 26, 28, 30, 32, 34, 36, 38, 40, 42, 44, 46, 48] - [-687118944, -687118944, -687118944, -687118944, -687118944, -687118944, -687118944, -687118944, -687118944, -687118944, -687118944, -687118944, -687118944, -687118944, -687118944, -687118944, -687118944, -687118944, -687118944, -687118944, -687118944]]
6717369 [main] INFO de.learnlib.api.logging.LoggingBlackBoxProperty - Property violated: '(!(letter == "Z") W (letter == "X"))'
6717369 [main] INFO de.learnlib.api.logging.LoggingBlackBoxProperty - Counter example for property: OmegaQuery[ε|D C D D E C D D E C D D E C D D E C D D E C D D E C D D E C D D E C D D E C D D E C D D E C D D E C D D E C D D E C D D E C D D E C D D E C D D E C D D E C D D E C D D E C D D / Y U W Z X U W Z X U W Z X U W Z X U W Z X U W Z X U W Z X U W Z X U W Z X U W Z X U W Z X U W Z X U W Z X U W Z X U W Z X U W Z X U W Z X U W Z X U W Z X U W Z X U W Z X U W Z, [4, 8, 12, 16, 20, 24, 28, 32, 36, 40, 44, 48, 52, 56, 60, 64, 68, 72, 76, 80, 84] - [-662877319, -662877319, -662877319, -662877319, -662877319, -662877319, -662877319, -662877319, -662877319, -662877319, -662877319, -662877319, -662877319, -662877319, -662877319, -662877319, -662877319, -662877319, -662877319, -662877319, -662877319]]
6717883 [main] INFO de.learnlib.api.logging.LoggingBlackBoxProperty - Property violated: '(!(true U (letter == "X")) || ((!(letter == "E") || (!(letter == "X") U ((letter == "U") && !(letter == "X")))) U (letter == "X")))'
6717883 [main] INFO de.learnlib.api.logging.LoggingBlackBoxProperty - Counter example for property: OmegaQuery[ε|D C D D E C D D E C D D E C D D E C D D E C D D E C D D E C D D E C D D E C D D E C D D E C D D E C D D E C D D E C D D E C D D E C D D E C D D E C D D E C D D E C D D E C D D E / Y U W Z X U W Z X U W Z X U W Z X U W Z X U W Z X U W Z X U W Z X U W Z X U W Z X U W Z X U W Z X U W Z X U W Z X U W Z X U W Z X U W Z X U W Z X U W Z X U W Z X U W Z X U W Z X, [5, 9, 13, 17, 21, 25, 29, 33, 37, 41, 45, 49, 53, 57, 61, 65, 69, 73, 77, 81, 85] - [-662887762, -662887762, -662887762, -662887762, -662887762, -662887762, -662887762, -662887762, -662887762, -662887762, -662887762, -662887762, -662887762, -662887762, -662887762, -662887762, -662887762, -662887762, -662887762, -662887762, -662887762]]
6718087 [main] INFO de.learnlib.api.logging.LoggingBlackBoxProperty - Property violated: '((false R !(letter == "B")) || (true U ((letter == "B") && (!(letter == "S") W (letter == "A")))))'
6718088 [main] INFO de.learnlib.api.logging.LoggingBlackBoxProperty - Counter example for property: OmegaQuery[ε|D C D D B C D D D D D D D D D D D D D D D D D D D D D / Y U W Z W S S S S S S S S S S S S S S S S S S S S S S, [6, 7, 8, 9, 10, 11, 12, 13, 14, 15, 16, 17, 18, 19, 20, 21, 22, 23, 24, 25, 26] - [-674796263, -674796263, -674796263, -674796263, -674796263, -674796263, -674796263, -674796263, -674796263, -674796263, -674796263, -674796263, -674796263, -674796263, -674796263, -674796263, -674796263, -674796263, -674796263, -674796263, -674796263]]
6718681 [main] INFO de.learnlib.api.logging.LoggingBlackBoxProperty - Property violated: '(!(true U (letter == "C")) || (((letter == "E") && (!X (!(letter == "C") U (letter == "D")) || X (!(letter == "C") U ((letter == "D") && (true U (letter == "S")))))) U (letter == "C")))'
6718681 [main] INFO de.learnlib.api.logging.LoggingBlackBoxProperty - Counter example for property: OmegaQuery[ε|D C D D E C D D E C D D E C D D E C D D E C D D E C D D E C D D E C D D E C D D E C D D E C D D E C D D E C D D E C D D E C D D E C D D E C D D E C D D E C D D E C D D E C / Y U W Z X U W Z X U W Z X U W Z X U W Z X U W Z X U W Z X U W Z X U W Z X U W Z X U W Z X U W Z X U W Z X U W Z X U W Z X U W Z X U W Z X U W Z X U W Z X U W Z X U W Z X U, [2, 6, 10, 14, 18, 22, 26, 30, 34, 38, 42, 46, 50, 54, 58, 62, 66, 70, 74, 78, 82] - [-662873838, -662873838, -662873838, -662873838, -662873838, -662873838, -662873838, -662873838, -662873838, -662873838, -662873838, -662873838, -662873838, -662873838, -662873838, -662873838, -662873838, -662873838, -662873838, -662873838, -662873838]]
6718937 [main] INFO de.learnlib.api.logging.LoggingBlackBoxProperty - Property violated: '(false R (!(letter == "Y") || ((!(letter == "D") || (!(letter == "X") U (((letter == "S") && !(letter == "X")) && X (!(letter == "X") U (letter == "U"))))) U ((letter == "X") || (false R (!(letter == "D") || ((letter == "S") && X (true U (letter == "U")))))))))'
6718937 [main] INFO de.learnlib.api.logging.LoggingBlackBoxProperty - Counter example for property: OmegaQuery[ε|D C B D E C D D E C D D E C D D E C D D E C D D E C D D E C D D E C D D E C D D E C D D E C D D E C D D E C D D E C D D E C D D E C D D E C D D E C D D E C D D E C D D E C D D E C D D E / Y U S U Y U W Z X U W Z X U W Z X U W Z X U W Z X U W Z X U W Z X U W Z X U W Z X U W Z X U W Z X U W Z X U W Z X U W Z X U W Z X U W Z X U W Z X U W Z X U W Z X U W Z X U W Z X U W Z X, [9, 13, 17, 21, 25, 29, 33, 37, 41, 45, 49, 53, 57, 61, 65, 69, 73, 77, 81, 85, 89] - [-687122425, -687122425, -687122425, -687122425, -687122425, -687122425, -687122425, -687122425, -687122425, -687122425, -687122425, -687122425, -687122425, -687122425, -687122425, -687122425, -687122425, -687122425, -687122425, -687122425, -687122425]]
6719277 [main] INFO de.learnlib.api.logging.LoggingBlackBoxProperty - Property violated: '(false R (!(letter == "E") || (((letter == "A") && (!X (!(letter == "B") U (letter == "D")) || X (!(letter == "B") U ((letter == "D") && (true U (letter == "Z")))))) U ((letter == "B") || (false R ((letter == "A") && (!X (!(letter == "B") U (letter == "D")) || X (!(letter == "B") U ((letter == "D") && (true U (letter == "Z")))))))))))'
6719277 [main] INFO de.learnlib.api.logging.LoggingBlackBoxProperty - Counter example for property: OmegaQuery[ε|D C D D E C D D E C D D E C D D E C D D E C D D E C D D E C D D E C D D E C D D E C D D E C D D E C D D E C D D E C D D E C D D E C D D E C D D E C D D E C D D E C D D E C D D E / Y U W Z X U W Z X U W Z X U W Z X U W Z X U W Z X U W Z X U W Z X U W Z X U W Z X U W Z X U W Z X U W Z X U W Z X U W Z X U W Z X U W Z X U W Z X U W Z X U W Z X U W Z X U W Z X, [5, 9, 13, 17, 21, 25, 29, 33, 37, 41, 45, 49, 53, 57, 61, 65, 69, 73, 77, 81, 85] - [-662887762, -662887762, -662887762, -662887762, -662887762, -662887762, -662887762, -662887762, -662887762, -662887762, -662887762, -662887762, -662887762, -662887762, -662887762, -662887762, -662887762, -662887762, -662887762, -662887762, -662887762]]
6719543 [main] INFO de.learnlib.api.logging.LoggingBlackBoxProperty - Property violated: '(false R (!(letter == "D") || (true U (((letter == "U") && !(letter == "V")) && X (!(letter == "V") U (letter == "Y"))))))'
6719543 [main] INFO de.learnlib.api.logging.LoggingBlackBoxProperty - Counter example for property: OmegaQuery[ε|D C D D B C B C D D C D D C D D C D D C D D C D D C D D C D D C D D C D D C D D C D D C D D C D D C D D C D D C D D C D D C D D C D D C D D C D D C D / Y U W Z W S W X U W X U W X U W X U W X U W X U W X U W X U W X U W X U W X U W X U W X U W X U W X U W X U W X U W X U W X U W X U W X U W X U W X U, [12, 15, 18, 21, 24, 27, 30, 33, 36, 39, 42, 45, 48, 51, 54, 57, 60, 63, 66, 69, 72] - [-663914539, -663914539, -663914539, -663914539, -663914539, -663914539, -663914539, -663914539, -663914539, -663914539, -663914539, -663914539, -663914539, -663914539, -663914539, -663914539, -663914539, -663914539, -663914539, -663914539, -663914539]]
6719816 [main] INFO de.learnlib.api.logging.LoggingBlackBoxProperty - Property violated: '(false R (!(((letter == "Y") && !(letter == "B")) && (true U (letter == "B"))) || (!(letter == "Z") U ((letter == "V") || (letter == "B")))))'
6719816 [main] INFO de.learnlib.api.logging.LoggingBlackBoxProperty - Counter example for property: OmegaQuery[ε|D C D D E C B D D D D D D D D D D D D D D D D D D D D D D D D D D D D D D D D D D D D D D D D D D / Y U W Z X U S U U U U U U U U U U U U U U U U U U U U U U U U U U U U U U U U U U U U U U U U U U, [7, 9, 11, 13, 15, 17, 19, 21, 23, 25, 27, 29, 31, 33, 35, 37, 39, 41, 43, 45, 47] - [-662880741, -687115463, -687115463, -687115463, -687115463, -687115463, -687115463, -687115463, -687115463, -687115463, -687115463, -687115463, -687115463, -687115463, -687115463, -687115463, -687115463, -687115463, -687115463, -687115463, -687115463]]
6720016 [main] INFO de.learnlib.api.logging.LoggingBlackBoxProperty - Property violated: '(false R ((letter == "Y") && (!!(letter == "W") || (!(letter == "U") W ((letter == "X") || (letter == "W"))))))'
6720016 [main] INFO de.learnlib.api.logging.LoggingBlackBoxProperty - Counter example for property: OmegaQuery[ε|D C D D E C D D E C D D E C D D E C D D E C D D E C D D E C D D E C D D E C D D E C D D E C D D E C D D E C D D E C D D E C D D E C D D E C D D E C D D E C D D E C D D E / Y U W Z X U W Z X U W Z X U W Z X U W Z X U W Z X U W Z X U W Z X U W Z X U W Z X U W Z X U W Z X U W Z X U W Z X U W Z X U W Z X U W Z X U W Z X U W Z X U W Z X U W Z X, [1, 5, 9, 13, 17, 21, 25, 29, 33, 37, 41, 45, 49, 53, 57, 61, 65, 69, 73, 77, 81] - [-662887761, -662887762, -662887762, -662887762, -662887762, -662887762, -662887762, -662887762, -662887762, -662887762, -662887762, -662887762, -662887762, -662887762, -662887762, -662887762, -662887762, -662887762, -662887762, -662887762, -662887762]]
6720615 [main] INFO de.learnlib.api.logging.LoggingBlackBoxProperty - Property violated: '(false R (!(((letter == "E") && !(letter == "Y")) && (true U (letter == "Y"))) || (!(letter == "Z") U ((letter == "W") || (letter == "Y")))))'
6720615 [main] INFO de.learnlib.api.logging.LoggingBlackBoxProperty - Counter example for property: OmegaQuery[ε|D C D D E C B E E D E B D E C D D E C D D E C D D E C D D E C D D E C D D E C D D E C D D E C D D E C D D E C D D E C D D E C D D E C D D E C D D E C D D E C D D E C D D E C D D E C D D E C D D E / Y U W Z X U S X Z W U S U Y U W Z X U W Z X U W Z X U W Z X U W Z X U W Z X U W Z X U W Z X U W Z X U W Z X U W Z X U W Z X U W Z X U W Z X U W Z X U W Z X U W Z X U W Z X U W Z X U W Z X U W Z X, [14, 18, 22, 26, 30, 34, 38, 42, 46, 50, 54, 58, 62, 66, 70, 74, 78, 82, 86, 90, 94] - [-687122425, -687122425, -687122425, -687122425, -687122425, -687122425, -687122425, -687122425, -687122425, -687122425, -687122425, -687122425, -687122425, -687122425, -687122425, -687122425, -687122425, -687122425, -687122425, -687122425, -687122425]]
6721447 [main] INFO de.learnlib.api.logging.LoggingBlackBoxProperty - Property violated: '(false R ((letter == "S") && (!!(letter == "Z") || ((!(letter == "D") || (!(letter == "Z") U ((letter == "U") && !(letter == "Z")))) W (letter == "Z")))))'
6721447 [main] INFO de.learnlib.api.logging.LoggingBlackBoxProperty - Counter example for property: OmegaQuery[ε|D C D D E C D D E C D D E C D D E C D D E C D D E C D D E C D D E C D D E C D D E C D D E C D D E C D D E C D D E C D D E C D D E C D D E C D D E C D D E C D D E C D D E / Y U W Z X U W Z X U W Z X U W Z X U W Z X U W Z X U W Z X U W Z X U W Z X U W Z X U W Z X U W Z X U W Z X U W Z X U W Z X U W Z X U W Z X U W Z X U W Z X U W Z X U W Z X, [1, 5, 9, 13, 17, 21, 25, 29, 33, 37, 41, 45, 49, 53, 57, 61, 65, 69, 73, 77, 81] - [-662887761, -662887762, -662887762, -662887762, -662887762, -662887762, -662887762, -662887762, -662887762, -662887762, -662887762, -662887762, -662887762, -662887762, -662887762, -662887762, -662887762, -662887762, -662887762, -662887762, -662887762]]
6721641 [main] INFO de.learnlib.api.logging.LoggingBlackBoxProperty - Property violated: '(false R ((letter == "B") && (!!(letter == "W") || ((!(letter == "A") || (!(letter == "W") U ((letter == "S") && !(letter == "W")))) W (letter == "W")))))'
6721641 [main] INFO de.learnlib.api.logging.LoggingBlackBoxProperty - Counter example for property: OmegaQuery[ε|D C D D E C D D E C D D E C D D E C D D E C D D E C D D E C D D E C D D E C D D E C D D E C D D E C D D E C D D E C D D E C D D E C D D E C D D E C D D E C D D E C D D E / Y U W Z X U W Z X U W Z X U W Z X U W Z X U W Z X U W Z X U W Z X U W Z X U W Z X U W Z X U W Z X U W Z X U W Z X U W Z X U W Z X U W Z X U W Z X U W Z X U W Z X U W Z X, [1, 5, 9, 13, 17, 21, 25, 29, 33, 37, 41, 45, 49, 53, 57, 61, 65, 69, 73, 77, 81] - [-662887761, -662887762, -662887762, -662887762, -662887762, -662887762, -662887762, -662887762, -662887762, -662887762, -662887762, -662887762, -662887762, -662887762, -662887762, -662887762, -662887762, -662887762, -662887762, -662887762, -662887762]]
6722490 [main] INFO de.learnlib.api.logging.LoggingBlackBoxProperty - Property violated: '(!(true U (letter == "X")) || ((!(letter == "B") || (!(letter == "X") U ((((letter == "U") && !(letter == "X")) && !(letter == "T")) && X ((!(letter == "X") && !(letter == "T")) U (letter == "Z"))))) U (letter == "X")))'
6722490 [main] INFO de.learnlib.api.logging.LoggingBlackBoxProperty - Counter example for property: OmegaQuery[ε|D C D D B C B C D D C D D C D D C D D C D D C D D C D D C D D C D D C D D C D D C D D C D D C D D C D D C D D C D D C D D C D D C D D C D D C / Y U W Z W S W X U W X U W X U W X U W X U W X U W X U W X U W X U W X U W X U W X U W X U W X U W X U W X U W X U W X U W X U W X U W X U W X, [8, 11, 14, 17, 20, 23, 26, 29, 32, 35, 38, 41, 44, 47, 50, 53, 56, 59, 62, 65, 68] - [-662678784, -663911058, -663911058, -663911058, -663911058, -663911058, -663911058, -663911058, -663911058, -663911058, -663911058, -663911058, -663911058, -663911058, -663911058, -663911058, -663911058, -663911058, -663911058, -663911058, -663911058]]
6723026 [main] INFO de.learnlib.api.logging.LoggingBlackBoxProperty - Property violated: '(!(true U (letter == "S")) || (!(letter == "S") U (((letter == "T") && !(letter == "S")) && X (!(letter == "S") U (letter == "Z")))))'
6723027 [main] INFO de.learnlib.api.logging.LoggingBlackBoxProperty - Counter example for property: OmegaQuery[ε|D C D D B C D D D D D D D D D D D D D D D D D D D D D / Y U W Z W S S S S S S S S S S S S S S S S S S S S S S, [6, 7, 8, 9, 10, 11, 12, 13, 14, 15, 16, 17, 18, 19, 20, 21, 22, 23, 24, 25, 26] - [-674796263, -674796263, -674796263, -674796263, -674796263, -674796263, -674796263, -674796263, -674796263, -674796263, -674796263, -674796263, -674796263, -674796263, -674796263, -674796263, -674796263, -674796263, -674796263, -674796263, -674796263]]
6723216 [main] INFO de.learnlib.api.logging.LoggingBlackBoxProperty - Property violated: '(false R (!(letter == "C") || (true U (letter == "V"))))'
6723216 [main] INFO de.learnlib.api.logging.LoggingBlackBoxProperty - Counter example for property: OmegaQuery[ε|D C D D E C D D E C D D E C D D E C D D E C D D E C D D E C D D E C D D E C D D E C D D E C D D E C D D E C D D E C D D E C D D E C D D E C D D E C D D E C D D E C D D E C / Y U W Z X U W Z X U W Z X U W Z X U W Z X U W Z X U W Z X U W Z X U W Z X U W Z X U W Z X U W Z X U W Z X U W Z X U W Z X U W Z X U W Z X U W Z X U W Z X U W Z X U W Z X U, [2, 6, 10, 14, 18, 22, 26, 30, 34, 38, 42, 46, 50, 54, 58, 62, 66, 70, 74, 78, 82] - [-662873838, -662873838, -662873838, -662873838, -662873838, -662873838, -662873838, -662873838, -662873838, -662873838, -662873838, -662873838, -662873838, -662873838, -662873838, -662873838, -662873838, -662873838, -662873838, -662873838, -662873838]]
6723437 [main] INFO de.learnlib.api.logging.LoggingBlackBoxProperty - Property violated: '(false R (!((letter == "S") && (true U (letter == "C"))) || (((letter == "D") && (!X (!(letter == "C") U (letter == "B")) || X (!(letter == "C") U ((letter == "B") && (true U (letter == "Z")))))) U (letter == "C"))))'
6723437 [main] INFO de.learnlib.api.logging.LoggingBlackBoxProperty - Counter example for property: OmegaQuery[ε|D C D D B C B C D D C D D C D D C D D C D D C D D C D D C D D C D D C D D C D D C D D C D D C D D C D D C D D C D D C D D C D D C D D C D D C / Y U W Z W S W X U W X U W X U W X U W X U W X U W X U W X U W X U W X U W X U W X U W X U W X U W X U W X U W X U W X U W X U W X U W X U W X, [8, 11, 14, 17, 20, 23, 26, 29, 32, 35, 38, 41, 44, 47, 50, 53, 56, 59, 62, 65, 68] - [-662678784, -663911058, -663911058, -663911058, -663911058, -663911058, -663911058, -663911058, -663911058, -663911058, -663911058, -663911058, -663911058, -663911058, -663911058, -663911058, -663911058, -663911058, -663911058, -663911058, -663911058]]
6723694 [main] INFO de.learnlib.api.logging.LoggingBlackBoxProperty - Property violated: '(false R (!((letter == "Z") && (true U (letter == "U"))) || ((!(letter == "D") || (!(letter == "U") U ((((letter == "T") && !(letter == "U")) && !(letter == "W")) && X ((!(letter == "U") && !(letter == "W")) U (letter == "X"))))) U (letter == "U"))))'
6723694 [main] INFO de.learnlib.api.logging.LoggingBlackBoxProperty - Counter example for property: OmegaQuery[ε|D C D D B C D B C D D C D D C D D C D D C D D C D D C D D C D D C D D C D D C D D C D D C D D C D D C D D C D D C D D C D D C D D C D D C D D C D / Y U W Z W S S W X U W X U W X U W X U W X U W X U W X U W X U W X U W X U W X U W X U W X U W X U W X U W X U W X U W X U W X U W X U W X U W X U, [10, 13, 16, 19, 22, 25, 28, 31, 34, 37, 40, 43, 46, 49, 52, 55, 58, 61, 64, 67, 70] - [-663914539, -663914539, -663914539, -663914539, -663914539, -663914539, -663914539, -663914539, -663914539, -663914539, -663914539, -663914539, -663914539, -663914539, -663914539, -663914539, -663914539, -663914539, -663914539, -663914539, -663914539]]
6723992 [main] INFO de.learnlib.api.logging.LoggingBlackBoxProperty - Property violated: '(false R (!(letter == "W") || ((!(letter == "B") || (!(letter == "C") U (((letter == "V") && !(letter == "C")) && X (!(letter == "C") U (letter == "Y"))))) U ((letter == "C") || (false R (!(letter == "B") || ((letter == "V") && X (true U (letter == "Y")))))))))'
6723992 [main] INFO de.learnlib.api.logging.LoggingBlackBoxProperty - Counter example for property: OmegaQuery[ε|D C D D B C B C D D E D D B C D D D D D D D D D D D D D D D D D D D D D / Y U W Z W S W X U W U W Z W S S S S S S S S S S S S S S S S S S S S S S, [15, 16, 17, 18, 19, 20, 21, 22, 23, 24, 25, 26, 27, 28, 29, 30, 31, 32, 33, 34, 35] - [-674796145, -674796145, -674796145, -674796145, -674796145, -674796145, -674796145, -674796145, -674796145, -674796145, -674796145, -674796145, -674796145, -674796145, -674796145, -674796145, -674796145, -674796145, -674796145, -674796145, -674796145]]
6724578 [main] INFO de.learnlib.api.logging.LoggingBlackBoxProperty - Property violated: '(false R (!((letter == "E") && (true U (letter == "B"))) || ((!(letter == "D") || (!(letter == "B") U ((((letter == "S") && !(letter == "B")) && !(letter == "T")) && X ((!(letter == "B") && !(letter == "T")) U (letter == "Z"))))) U (letter == "B"))))'
6724578 [main] INFO de.learnlib.api.logging.LoggingBlackBoxProperty - Counter example for property: OmegaQuery[ε|D C D D E C D D E C B D D D D D D D D D D D D D D D D D D D D D D D D D D D D D D D D D D D D D D D D D D / Y U W Z X U W Z X U S U U U U U U U U U U U U U U U U U U U U U U U U U U U U U U U U U U U U U U U U U U, [11, 13, 15, 17, 19, 21, 23, 25, 27, 29, 31, 33, 35, 37, 39, 41, 43, 45, 47, 49, 51] - [-662880741, -687115463, -687115463, -687115463, -687115463, -687115463, -687115463, -687115463, -687115463, -687115463, -687115463, -687115463, -687115463, -687115463, -687115463, -687115463, -687115463, -687115463, -687115463, -687115463, -687115463]]
6724809 [main] INFO de.learnlib.api.logging.LoggingBlackBoxProperty - Property violated: '(false R ((letter == "W") && (!!(letter == "E") || (!(letter == "S") W ((letter == "V") || (letter == "E"))))))'
6724809 [main] INFO de.learnlib.api.logging.LoggingBlackBoxProperty - Counter example for property: OmegaQuery[ε|D C D D E C D D E C D D E C D D E C D D E C D D E C D D E C D D E C D D E C D D E C D D E C D D E C D D E C D D E C D D E C D D E C D D E C D D E C D D E C D D E C D D E / Y U W Z X U W Z X U W Z X U W Z X U W Z X U W Z X U W Z X U W Z X U W Z X U W Z X U W Z X U W Z X U W Z X U W Z X U W Z X U W Z X U W Z X U W Z X U W Z X U W Z X U W Z X, [1, 5, 9, 13, 17, 21, 25, 29, 33, 37, 41, 45, 49, 53, 57, 61, 65, 69, 73, 77, 81] - [-662887761, -662887762, -662887762, -662887762, -662887762, -662887762, -662887762, -662887762, -662887762, -662887762, -662887762, -662887762, -662887762, -662887762, -662887762, -662887762, -662887762, -662887762, -662887762, -662887762, -662887762]]
6725822 [main] INFO de.learnlib.api.logging.LoggingBlackBoxProperty - Property violated: '(!(true U (letter == "X")) || (!(letter == "X") U (((letter == "A") && !(letter == "X")) && X (!(letter == "X") U (letter == "U")))))'
6725822 [main] INFO de.learnlib.api.logging.LoggingBlackBoxProperty - Counter example for property: OmegaQuery[ε|D C D D E C D D E C D D E C D D E C D D E C D D E C D D E C D D E C D D E C D D E C D D E C D D E C D D E C D D E C D D E C D D E C D D E C D D E C D D E C D D E C D D E C D D E / Y U W Z X U W Z X U W Z X U W Z X U W Z X U W Z X U W Z X U W Z X U W Z X U W Z X U W Z X U W Z X U W Z X U W Z X U W Z X U W Z X U W Z X U W Z X U W Z X U W Z X U W Z X U W Z X, [5, 9, 13, 17, 21, 25, 29, 33, 37, 41, 45, 49, 53, 57, 61, 65, 69, 73, 77, 81, 85] - [-662887762, -662887762, -662887762, -662887762, -662887762, -662887762, -662887762, -662887762, -662887762, -662887762, -662887762, -662887762, -662887762, -662887762, -662887762, -662887762, -662887762, -662887762, -662887762, -662887762, -662887762]]
6726043 [main] INFO de.learnlib.api.logging.LoggingBlackBoxProperty - Property violated: '(false R (!(letter == "X") || (false R ((letter == "B") && (!X (true U (letter == "A")) || X (!(letter == "A") U ((letter == "A") && (true U (letter == "S")))))))))'
6726043 [main] INFO de.learnlib.api.logging.LoggingBlackBoxProperty - Counter example for property: OmegaQuery[ε|D C D D E C D D E C D D E C D D E C D D E C D D E C D D E C D D E C D D E C D D E C D D E C D D E C D D E C D D E C D D E C D D E C D D E C D D E C D D E C D D E C D D E C D D E / Y U W Z X U W Z X U W Z X U W Z X U W Z X U W Z X U W Z X U W Z X U W Z X U W Z X U W Z X U W Z X U W Z X U W Z X U W Z X U W Z X U W Z X U W Z X U W Z X U W Z X U W Z X U W Z X, [5, 9, 13, 17, 21, 25, 29, 33, 37, 41, 45, 49, 53, 57, 61, 65, 69, 73, 77, 81, 85] - [-662887762, -662887762, -662887762, -662887762, -662887762, -662887762, -662887762, -662887762, -662887762, -662887762, -662887762, -662887762, -662887762, -662887762, -662887762, -662887762, -662887762, -662887762, -662887762, -662887762, -662887762]]
6726271 [main] INFO de.learnlib.api.logging.LoggingBlackBoxProperty - Property violated: '(!(true U (letter == "Z")) || ((!(letter == "E") || (!(letter == "Z") U (((letter == "S") && !(letter == "Z")) && X (!(letter == "Z") U (letter == "U"))))) U (letter == "Z")))'
6726271 [main] INFO de.learnlib.api.logging.LoggingBlackBoxProperty - Counter example for property: OmegaQuery[ε|D C B D E C D D E C D D E C D D E C D D E C D D E C D D E C D D E C D D E C D D E C D D E C D D E C D D E C D D E C D D E C D D E C D D E C D D E C D D E C D D E C D D E C D D E C D D / Y U S U Y U W Z X U W Z X U W Z X U W Z X U W Z X U W Z X U W Z X U W Z X U W Z X U W Z X U W Z X U W Z X U W Z X U W Z X U W Z X U W Z X U W Z X U W Z X U W Z X U W Z X U W Z X U W Z, [8, 12, 16, 20, 24, 28, 32, 36, 40, 44, 48, 52, 56, 60, 64, 68, 72, 76, 80, 84, 88] - [-687111982, -687111982, -687111982, -687111982, -687111982, -687111982, -687111982, -687111982, -687111982, -687111982, -687111982, -687111982, -687111982, -687111982, -687111982, -687111982, -687111982, -687111982, -687111982, -687111982, -687111982]]
6726506 [main] INFO de.learnlib.api.logging.LoggingBlackBoxProperty - Property violated: '(false R (!(letter == "Z") || (false R (!(letter == "E") || (true U (letter == "V"))))))'
6726506 [main] INFO de.learnlib.api.logging.LoggingBlackBoxProperty - Counter example for property: OmegaQuery[ε|D C D D E C D D E C D D E C D D E C D D E C D D E C D D E C D D E C D D E C D D E C D D E C D D E C D D E C D D E C D D E C D D E C D D E C D D E C D D E C D D E C D D E C D D E / Y U W Z X U W Z X U W Z X U W Z X U W Z X U W Z X U W Z X U W Z X U W Z X U W Z X U W Z X U W Z X U W Z X U W Z X U W Z X U W Z X U W Z X U W Z X U W Z X U W Z X U W Z X U W Z X, [5, 9, 13, 17, 21, 25, 29, 33, 37, 41, 45, 49, 53, 57, 61, 65, 69, 73, 77, 81, 85] - [-662887762, -662887762, -662887762, -662887762, -662887762, -662887762, -662887762, -662887762, -662887762, -662887762, -662887762, -662887762, -662887762, -662887762, -662887762, -662887762, -662887762, -662887762, -662887762, -662887762, -662887762]]
6727020 [main] INFO de.learnlib.api.logging.LoggingBlackBoxProperty - Property violated: '(false R (!(letter == "Y") || (((letter == "C") && (!X (!(letter == "X") U (letter == "A")) || X (!(letter == "X") U ((letter == "A") && (true U (letter == "V")))))) U ((letter == "X") || (false R ((letter == "C") && (!X (!(letter == "X") U (letter == "A")) || X (!(letter == "X") U ((letter == "A") && (true U (letter == "V")))))))))))'
6727020 [main] INFO de.learnlib.api.logging.LoggingBlackBoxProperty - Counter example for property: OmegaQuery[ε|D C D D E C D D E C D D E C D D E C D D E C D D E C D D E C D D E C D D E C D D E C D D E C D D E C D D E C D D E C D D E C D D E C D D E C D D E C D D E C D D E C D D E / Y U W Z X U W Z X U W Z X U W Z X U W Z X U W Z X U W Z X U W Z X U W Z X U W Z X U W Z X U W Z X U W Z X U W Z X U W Z X U W Z X U W Z X U W Z X U W Z X U W Z X U W Z X, [1, 5, 9, 13, 17, 21, 25, 29, 33, 37, 41, 45, 49, 53, 57, 61, 65, 69, 73, 77, 81] - [-662887761, -662887762, -662887762, -662887762, -662887762, -662887762, -662887762, -662887762, -662887762, -662887762, -662887762, -662887762, -662887762, -662887762, -662887762, -662887762, -662887762, -662887762, -662887762, -662887762, -662887762]]
6727506 [main] INFO de.learnlib.api.logging.LoggingBlackBoxProperty - Property violated: '(false R (!(((letter == "U") && !(letter == "S")) && (true U (letter == "S"))) || (!(letter == "Z") U ((letter == "C") || (letter == "S")))))'
6727506 [main] INFO de.learnlib.api.logging.LoggingBlackBoxProperty - Counter example for property: OmegaQuery[ε|D C D D E C B D D D D D D D D D D D D D D D D D D D D D D D D D D D D D D D D D D D D D D D D D D / Y U W Z X U S U U U U U U U U U U U U U U U U U U U U U U U U U U U U U U U U U U U U U U U U U U, [7, 9, 11, 13, 15, 17, 19, 21, 23, 25, 27, 29, 31, 33, 35, 37, 39, 41, 43, 45, 47] - [-662880741, -687115463, -687115463, -687115463, -687115463, -687115463, -687115463, -687115463, -687115463, -687115463, -687115463, -687115463, -687115463, -687115463, -687115463, -687115463, -687115463, -687115463, -687115463, -687115463, -687115463]]
6727717 [main] INFO de.learnlib.api.logging.LoggingBlackBoxProperty - Property violated: '(false R ((letter == "C") && (!!(letter == "U") || (!(letter == "S") W ((letter == "Y") || (letter == "U"))))))'
6727717 [main] INFO de.learnlib.api.logging.LoggingBlackBoxProperty - Counter example for property: OmegaQuery[ε|D C D D E C D D E C D D E C D D E C D D E C D D E C D D E C D D E C D D E C D D E C D D E C D D E C D D E C D D E C D D E C D D E C D D E C D D E C D D E C D D E C D D E / Y U W Z X U W Z X U W Z X U W Z X U W Z X U W Z X U W Z X U W Z X U W Z X U W Z X U W Z X U W Z X U W Z X U W Z X U W Z X U W Z X U W Z X U W Z X U W Z X U W Z X U W Z X, [1, 5, 9, 13, 17, 21, 25, 29, 33, 37, 41, 45, 49, 53, 57, 61, 65, 69, 73, 77, 81] - [-662887761, -662887762, -662887762, -662887762, -662887762, -662887762, -662887762, -662887762, -662887762, -662887762, -662887762, -662887762, -662887762, -662887762, -662887762, -662887762, -662887762, -662887762, -662887762, -662887762, -662887762]]
6728588 [main] INFO de.learnlib.api.logging.LoggingBlackBoxProperty - Property violated: '(!(true U (letter == "S")) || ((!(letter == "D") || (!(letter == "S") U ((((letter == "Y") && !(letter == "S")) && !(letter == "Z")) && X ((!(letter == "S") && !(letter == "Z")) U (letter == "T"))))) U (letter == "S")))'
6728589 [main] INFO de.learnlib.api.logging.LoggingBlackBoxProperty - Counter example for property: OmegaQuery[ε|D C D D E C B D D D D D D D D D D D D D D D D D D D D D D D D D D D D D D D D D D D D D D D D D D / Y U W Z X U S U U U U U U U U U U U U U U U U U U U U U U U U U U U U U U U U U U U U U U U U U U, [7, 9, 11, 13, 15, 17, 19, 21, 23, 25, 27, 29, 31, 33, 35, 37, 39, 41, 43, 45, 47] - [-662880741, -687115463, -687115463, -687115463, -687115463, -687115463, -687115463, -687115463, -687115463, -687115463, -687115463, -687115463, -687115463, -687115463, -687115463, -687115463, -687115463, -687115463, -687115463, -687115463, -687115463]]
6728862 [main] INFO de.learnlib.api.logging.LoggingBlackBoxProperty - Property violated: '(false R (!(letter == "C") || ((!(letter == "D") || (!(letter == "X") U (((letter == "Z") && !(letter == "X")) && X (!(letter == "X") U (letter == "T"))))) U ((letter == "X") || (false R (!(letter == "D") || ((letter == "Z") && X (true U (letter == "T")))))))))'
6728862 [main] INFO de.learnlib.api.logging.LoggingBlackBoxProperty - Counter example for property: OmegaQuery[ε|D C D D B E C B C D D D D D D D D D D D D D D D D D D D D D D / Y U W Z W Z S W S S S S S S S S S S S S S S S S S S S S S S S, [10, 11, 12, 13, 14, 15, 16, 17, 18, 19, 20, 21, 22, 23, 24, 25, 26, 27, 28, 29, 30] - [-674796263, -674796263, -674796263, -674796263, -674796263, -674796263, -674796263, -674796263, -674796263, -674796263, -674796263, -674796263, -674796263, -674796263, -674796263, -674796263, -674796263, -674796263, -674796263, -674796263, -674796263]]
6729187 [main] INFO de.learnlib.api.logging.LoggingBlackBoxProperty - Property violated: '(false R (!(letter == "D") || (true U ((letter == "U") && X (true U (letter == "V"))))))'
6729187 [main] INFO de.learnlib.api.logging.LoggingBlackBoxProperty - Counter example for property: OmegaQuery[ε|D C D D E C D D E C D D E C D D E C D D E C D D E C D D E C D D E C D D E C D D E C D D E C D D E C D D E C D D E C D D E C D D E C D D E C D D E C D D E C D D E C D D E C / Y U W Z X U W Z X U W Z X U W Z X U W Z X U W Z X U W Z X U W Z X U W Z X U W Z X U W Z X U W Z X U W Z X U W Z X U W Z X U W Z X U W Z X U W Z X U W Z X U W Z X U W Z X U, [2, 6, 10, 14, 18, 22, 26, 30, 34, 38, 42, 46, 50, 54, 58, 62, 66, 70, 74, 78, 82] - [-662873838, -662873838, -662873838, -662873838, -662873838, -662873838, -662873838, -662873838, -662873838, -662873838, -662873838, -662873838, -662873838, -662873838, -662873838, -662873838, -662873838, -662873838, -662873838, -662873838, -662873838]]
6729644 [main] INFO de.learnlib.api.logging.LoggingBlackBoxProperty - Property violated: '(false R (!((letter == "E") && (true U (letter == "U"))) || ((!(letter == "C") || (!(letter == "U") U (((letter == "X") && !(letter == "U")) && X (!(letter == "U") U (letter == "S"))))) U (letter == "U"))))'
6729644 [main] INFO de.learnlib.api.logging.LoggingBlackBoxProperty - Counter example for property: OmegaQuery[ε|D C D D E C D D E C D D E C D D E C D D E C D D E C D D E C D D E C D D E C D D E C D D E C D D E C D D E C D D E C D D E C D D E C D D E C D D E C D D E C D D E C D D E C D D E C / Y U W Z X U W Z X U W Z X U W Z X U W Z X U W Z X U W Z X U W Z X U W Z X U W Z X U W Z X U W Z X U W Z X U W Z X U W Z X U W Z X U W Z X U W Z X U W Z X U W Z X U W Z X U W Z X U, [6, 10, 14, 18, 22, 26, 30, 34, 38, 42, 46, 50, 54, 58, 62, 66, 70, 74, 78, 82, 86] - [-662873838, -662873838, -662873838, -662873838, -662873838, -662873838, -662873838, -662873838, -662873838, -662873838, -662873838, -662873838, -662873838, -662873838, -662873838, -662873838, -662873838, -662873838, -662873838, -662873838, -662873838]]
6729876 [main] INFO de.learnlib.api.logging.LoggingBlackBoxProperty - Property violated: '(false R (!((letter == "S") && (true U (letter == "B"))) || (((letter == "A") && (!X (!(letter == "B") U (letter == "D")) || X (!(letter == "B") U ((letter == "D") && (true U (letter == "T")))))) U (letter == "B"))))'
6729876 [main] INFO de.learnlib.api.logging.LoggingBlackBoxProperty - Counter example for property: OmegaQuery[ε|D C D D B C B C D D C D D C D D C D D C D D C D D C D D C D D C D D C D D C D D C D D C D D C D D C D D C D D C D D C D D C D D C D D C D D / Y U W Z W S W X U W X U W X U W X U W X U W X U W X U W X U W X U W X U W X U W X U W X U W X U W X U W X U W X U W X U W X U W X U W X U W, [7, 10, 13, 16, 19, 22, 25, 28, 31, 34, 37, 40, 43, 46, 49, 52, 55, 58, 61, 64, 67] - [-674792664, -663907577, -663907577, -663907577, -663907577, -663907577, -663907577, -663907577, -663907577, -663907577, -663907577, -663907577, -663907577, -663907577, -663907577, -663907577, -663907577, -663907577, -663907577, -663907577, -663907577]]
6731161 [main] INFO de.learnlib.api.logging.LoggingBlackBoxProperty - Property violated: '(false R (!(letter == "E") || (!(true U (letter == "Y")) || (!(letter == "Y") U ((letter == "X") || (((letter == "Z") && !(letter == "Y")) && X (!(letter == "Y") U (letter == "D"))))))))'
6731161 [main] INFO de.learnlib.api.logging.LoggingBlackBoxProperty - Counter example for property: OmegaQuery[ε|D C D D B C B E D D B C E C C C C C C C C C C C C C C C C C C C C C C / Y U W Z W S W U W Z W S Z Y Y Y Y Y Y Y Y Y Y Y Y Y Y Y Y Y Y Y Y Y Y, [14, 15, 16, 17, 18, 19, 20, 21, 22, 23, 24, 25, 26, 27, 28, 29, 30, 31, 32, 33, 34] - [-639676336, -639676336, -639676336, -639676336, -639676336, -639676336, -639676336, -639676336, -639676336, -639676336, -639676336, -639676336, -639676336, -639676336, -639676336, -639676336, -639676336, -639676336, -639676336, -639676336, -639676336]]
