13 [main] INFO nl.utwente.fmt.rers.Main - multiplier is: 1.0
13 [main] INFO nl.utwente.fmt.rers.Main - minimum unfolds is : 3
164 [main] INFO nl.utwente.fmt.rers.RERSExperiment - Parsed formula #1: (false R (!((letter == "V") && (true U (letter == "C"))) || (((letter == "E") && (!X (!(letter == "C") U (letter == "B")) || X (!(letter == "C") U ((letter == "B") && (true U (letter == "S")))))) U (letter == "C"))))
165 [main] INFO nl.utwente.fmt.rers.RERSExperiment - Parsed formula #2: ((false R !(letter == "V")) || (!(letter == "V") U ((letter == "V") && (!(true U (letter == "U")) || (!(letter == "U") U (((letter == "E") && !(letter == "U")) && X (!(letter == "U") U (letter == "T"))))))))
166 [main] INFO nl.utwente.fmt.rers.RERSExperiment - Parsed formula #3: (false R (!(((letter == "Y") && !(letter == "C")) && (true U (letter == "C"))) || (!(letter == "U") U ((letter == "B") || (letter == "C")))))
167 [main] INFO nl.utwente.fmt.rers.RERSExperiment - Parsed formula #4: (false R (!(letter == "C") || (false R (!(letter == "E") || (((letter == "S") && !(letter == "Y")) && X (!(letter == "Y") U (letter == "X")))))))
168 [main] INFO nl.utwente.fmt.rers.RERSExperiment - Parsed formula #5: (false R (!(((letter == "U") && !(letter == "S")) && (true U (letter == "S"))) || (!(letter == "Z") U ((letter == "C") || (letter == "S")))))
169 [main] INFO nl.utwente.fmt.rers.RERSExperiment - Parsed formula #6: (false R ((letter == "Y") && (!!(letter == "W") || (!(letter == "U") W ((letter == "X") || (letter == "W"))))))
170 [main] INFO nl.utwente.fmt.rers.RERSExperiment - Parsed formula #7: (!(true U (letter == "U")) || (!(letter == "W") U ((letter == "U") || (((letter == "B") && !(letter == "W")) && X (!(letter == "W") U (letter == "V"))))))
170 [main] INFO nl.utwente.fmt.rers.RERSExperiment - Parsed formula #8: (!(true U (letter == "W")) || (!(letter == "Z") U ((letter == "X") || (letter == "W"))))
171 [main] INFO nl.utwente.fmt.rers.RERSExperiment - Parsed formula #9: (!(true U ((letter == "T") && X (true U (letter == "U")))) || (!(letter == "T") U (letter == "D")))
171 [main] INFO nl.utwente.fmt.rers.RERSExperiment - Parsed formula #10: (false R (!(letter == "A") || (!(true U (letter == "Y")) || (!(letter == "Y") U ((letter == "E") || (((letter == "T") && !(letter == "Y")) && X (!(letter == "Y") U (letter == "Z"))))))))
172 [main] INFO nl.utwente.fmt.rers.RERSExperiment - Parsed formula #11: (!(true U (letter == "W")) || (!(((letter == "V") && !(letter == "W")) && X (!(letter == "W") U ((letter == "T") && !(letter == "W")))) U ((letter == "W") || (letter == "C"))))
172 [main] INFO nl.utwente.fmt.rers.RERSExperiment - Parsed formula #12: (false R (!(letter == "A") || (true U ((letter == "T") && X (true U (letter == "W"))))))
173 [main] INFO nl.utwente.fmt.rers.RERSExperiment - Parsed formula #13: (false R (!(letter == "C") || (((letter == "E") && (!X (!(letter == "T") U (letter == "A")) || X (!(letter == "T") U ((letter == "A") && (true U (letter == "U")))))) U ((letter == "T") || (false R ((letter == "E") && (!X (!(letter == "T") U (letter == "A")) || X (!(letter == "T") U ((letter == "A") && (true U (letter == "U")))))))))))
173 [main] INFO nl.utwente.fmt.rers.RERSExperiment - Parsed formula #14: (!(letter == "U") W (letter == "Y"))
174 [main] INFO nl.utwente.fmt.rers.RERSExperiment - Parsed formula #15: (!(true U (letter == "V")) || (!(letter == "X") U ((letter == "E") || (letter == "V"))))
175 [main] INFO nl.utwente.fmt.rers.RERSExperiment - Parsed formula #16: (false R (!(letter == "D") || (false R (!(letter == "B") || ((letter == "W") && X (true U (letter == "U")))))))
175 [main] INFO nl.utwente.fmt.rers.RERSExperiment - Parsed formula #17: (false R (!((letter == "B") && (true U (letter == "Y"))) || (!(((letter == "V") && !(letter == "Y")) && X (!(letter == "Y") U ((letter == "T") && !(letter == "Y")))) U ((letter == "Y") || (letter == "X")))))
175 [main] INFO nl.utwente.fmt.rers.RERSExperiment - Parsed formula #18: (false R (!(letter == "E") || (false R (!(letter == "B") || ((letter == "U") && X (true U (letter == "Y")))))))
176 [main] INFO nl.utwente.fmt.rers.RERSExperiment - Parsed formula #19: (false R (!(letter == "E") || (false R (!(letter == "D") || (true U (letter == "W"))))))
176 [main] INFO nl.utwente.fmt.rers.RERSExperiment - Parsed formula #20: (false R (!(letter == "E") || (!(true U (letter == "Y")) || (!(letter == "Y") U ((letter == "X") || (((letter == "Z") && !(letter == "Y")) && X (!(letter == "Y") U (letter == "D"))))))))
177 [main] INFO nl.utwente.fmt.rers.RERSExperiment - Parsed formula #21: (false R (!((letter == "S") && (true U (letter == "B"))) || (((letter == "A") && (!X (!(letter == "B") U (letter == "D")) || X (!(letter == "B") U ((letter == "D") && (true U (letter == "T")))))) U (letter == "B"))))
177 [main] INFO nl.utwente.fmt.rers.RERSExperiment - Parsed formula #22: (false R (!(((letter == "T") && !(letter == "D")) && (true U (letter == "D"))) || (!(letter == "U") U ((letter == "E") || (letter == "D")))))
177 [main] INFO nl.utwente.fmt.rers.RERSExperiment - Parsed formula #23: (false R (!((letter == "B") && (true U (letter == "D"))) || (!(((letter == "T") && !(letter == "D")) && X (!(letter == "D") U ((letter == "S") && !(letter == "D")))) U ((letter == "D") || (letter == "E")))))
178 [main] INFO nl.utwente.fmt.rers.RERSExperiment - Parsed formula #24: (false R (!(letter == "D") || (true U (((letter == "U") && !(letter == "V")) && X (!(letter == "V") U (letter == "Y"))))))
178 [main] INFO nl.utwente.fmt.rers.RERSExperiment - Parsed formula #25: (!(true U (letter == "A")) || (!(((letter == "S") && !(letter == "A")) && X (!(letter == "A") U ((letter == "Y") && !(letter == "A")))) U ((letter == "A") || (letter == "D"))))
179 [main] INFO nl.utwente.fmt.rers.RERSExperiment - Parsed formula #26: (false R ((letter == "A") && (!!(letter == "E") || (!(letter == "W") W ((letter == "S") || (letter == "E"))))))
179 [main] INFO nl.utwente.fmt.rers.RERSExperiment - Parsed formula #27: (false R ((letter == "B") && (!!(letter == "W") || ((!(letter == "A") || (!(letter == "W") U ((letter == "S") && !(letter == "W")))) W (letter == "W")))))
179 [main] INFO nl.utwente.fmt.rers.RERSExperiment - Parsed formula #28: (false R (!((letter == "E") && (true U (letter == "U"))) || ((!(letter == "C") || (!(letter == "U") U (((letter == "X") && !(letter == "U")) && X (!(letter == "U") U (letter == "S"))))) U (letter == "U"))))
180 [main] INFO nl.utwente.fmt.rers.RERSExperiment - Parsed formula #29: (false R (!((letter == "W") && (true U (letter == "A"))) || ((!(letter == "B") || (!(letter == "A") U ((((letter == "Y") && !(letter == "A")) && !(letter == "V")) && X ((!(letter == "A") && !(letter == "V")) U (letter == "X"))))) U (letter == "A"))))
180 [main] INFO nl.utwente.fmt.rers.RERSExperiment - Parsed formula #30: (false R ((letter == "W") && (!!(letter == "E") || (!(letter == "S") W ((letter == "V") || (letter == "E"))))))
180 [main] INFO nl.utwente.fmt.rers.RERSExperiment - Parsed formula #31: (false R (!(((letter == "A") && !(letter == "X")) && (true U (letter == "X"))) || (!(letter == "W") U ((letter == "T") || (letter == "X")))))
181 [main] INFO nl.utwente.fmt.rers.RERSExperiment - Parsed formula #32: (!(true U (letter == "X")) || ((!(letter == "E") || (!(letter == "X") U ((letter == "U") && !(letter == "X")))) U (letter == "X")))
181 [main] INFO nl.utwente.fmt.rers.RERSExperiment - Parsed formula #33: (!(true U (letter == "Z")) || ((!(letter == "E") || (!(letter == "Z") U ((letter == "Y") && !(letter == "Z")))) U (letter == "Z")))
181 [main] INFO nl.utwente.fmt.rers.RERSExperiment - Parsed formula #34: (!(true U (letter == "Z")) || ((!(letter == "E") || (!(letter == "Z") U (((letter == "S") && !(letter == "Z")) && X (!(letter == "Z") U (letter == "U"))))) U (letter == "Z")))
182 [main] INFO nl.utwente.fmt.rers.RERSExperiment - Parsed formula #35: (!(true U (letter == "X")) || (!(letter == "X") U (((letter == "A") && !(letter == "X")) && X (!(letter == "X") U (letter == "U")))))
182 [main] INFO nl.utwente.fmt.rers.RERSExperiment - Parsed formula #36: (false R (!(letter == "Y") || (false R (!(letter == "A") || (((letter == "X") && !(letter == "W")) && X (!(letter == "W") U (letter == "U")))))))
182 [main] INFO nl.utwente.fmt.rers.RERSExperiment - Parsed formula #37: (!(true U (letter == "V")) || (((letter == "B") && (!X (!(letter == "V") U (letter == "D")) || X (!(letter == "V") U ((letter == "D") && (true U (letter == "Z")))))) U (letter == "V")))
183 [main] INFO nl.utwente.fmt.rers.RERSExperiment - Parsed formula #38: (false R (!((letter == "Z") && (true U (letter == "U"))) || ((!(letter == "D") || (!(letter == "U") U ((((letter == "T") && !(letter == "U")) && !(letter == "W")) && X ((!(letter == "U") && !(letter == "W")) U (letter == "X"))))) U (letter == "U"))))
183 [main] INFO nl.utwente.fmt.rers.RERSExperiment - Parsed formula #39: (false R ((letter == "D") && (!!(letter == "W") || ((!(letter == "C") || (!(letter == "W") U ((letter == "Z") && !(letter == "W")))) W (letter == "W")))))
183 [main] INFO nl.utwente.fmt.rers.RERSExperiment - Parsed formula #40: (false R (!(letter == "W") || ((!(letter == "B") || (!(letter == "C") U (((letter == "V") && !(letter == "C")) && X (!(letter == "C") U (letter == "Y"))))) U ((letter == "C") || (false R (!(letter == "B") || ((letter == "V") && X (true U (letter == "Y")))))))))
184 [main] INFO nl.utwente.fmt.rers.RERSExperiment - Parsed formula #41: (false R (!(letter == "U") || ((!(((letter == "V") && !(letter == "A")) && X (!(letter == "A") U ((letter == "Y") && !(letter == "A")))) U ((letter == "A") || (letter == "X"))) || (false R !((letter == "V") && X (true U (letter == "Y")))))))
184 [main] INFO nl.utwente.fmt.rers.RERSExperiment - Parsed formula #42: (false R (!(((letter == "T") && !(letter == "C")) && (true U (letter == "C"))) || ((!(letter == "A") || (!(letter == "C") U ((letter == "U") && !(letter == "C")))) U (letter == "C"))))
184 [main] INFO nl.utwente.fmt.rers.RERSExperiment - Parsed formula #43: (false R (!((letter == "E") && (true U (letter == "B"))) || ((!(letter == "D") || (!(letter == "B") U ((((letter == "S") && !(letter == "B")) && !(letter == "T")) && X ((!(letter == "B") && !(letter == "T")) U (letter == "Z"))))) U (letter == "B"))))
185 [main] INFO nl.utwente.fmt.rers.RERSExperiment - Parsed formula #44: (false R (!((letter == "S") && (true U (letter == "T"))) || ((!(letter == "B") || (!(letter == "T") U (((letter == "Y") && !(letter == "T")) && X (!(letter == "T") U (letter == "V"))))) U (letter == "T"))))
185 [main] INFO nl.utwente.fmt.rers.RERSExperiment - Parsed formula #45: (false R (!(letter == "B") || (true U ((letter == "W") && X (true U (letter == "Y"))))))
185 [main] INFO nl.utwente.fmt.rers.RERSExperiment - Parsed formula #46: (false R (!(((letter == "C") && !(letter == "U")) && (true U (letter == "U"))) || (!(letter == "Y") U ((letter == "W") || (letter == "U")))))
185 [main] INFO nl.utwente.fmt.rers.RERSExperiment - Parsed formula #47: ((false R !(letter == "D")) || (true U ((letter == "D") && (!(letter == "W") W (letter == "C")))))
186 [main] INFO nl.utwente.fmt.rers.RERSExperiment - Parsed formula #48: (false R (!(letter == "S") || (false R (!(letter == "B") || (((letter == "X") && !(letter == "Z")) && X (!(letter == "Z") U (letter == "V")))))))
186 [main] INFO nl.utwente.fmt.rers.RERSExperiment - Parsed formula #49: (false R (!(((letter == "E") && !(letter == "Y")) && (true U (letter == "Y"))) || (!(letter == "Z") U ((letter == "W") || (letter == "Y")))))
186 [main] INFO nl.utwente.fmt.rers.RERSExperiment - Parsed formula #50: (!(letter == "Z") W (letter == "E"))
186 [main] INFO nl.utwente.fmt.rers.RERSExperiment - Parsed formula #51: (false R ((letter == "S") && (!!(letter == "Z") || ((!(letter == "D") || (!(letter == "Z") U ((letter == "U") && !(letter == "Z")))) W (letter == "Z")))))
187 [main] INFO nl.utwente.fmt.rers.RERSExperiment - Parsed formula #52: (!(true U ((letter == "U") && X (true U (letter == "X")))) || (!(letter == "U") U (letter == "D")))
187 [main] INFO nl.utwente.fmt.rers.RERSExperiment - Parsed formula #53: (!(true U (letter == "Y")) || (!(letter == "S") U ((letter == "X") || (letter == "Y"))))
187 [main] INFO nl.utwente.fmt.rers.RERSExperiment - Parsed formula #54: (false R ((letter == "C") && (!!(letter == "U") || (!(letter == "S") W ((letter == "Y") || (letter == "U"))))))
187 [main] INFO nl.utwente.fmt.rers.RERSExperiment - Parsed formula #55: (!(true U (letter == "S")) || (!(letter == "S") U (((letter == "T") && !(letter == "S")) && X (!(letter == "S") U (letter == "Z")))))
187 [main] INFO nl.utwente.fmt.rers.RERSExperiment - Parsed formula #56: (!(true U (letter == "U")) || (!(letter == "Z") U ((letter == "S") || (letter == "U"))))
188 [main] INFO nl.utwente.fmt.rers.RERSExperiment - Parsed formula #57: (!(true U ((letter == "Z") && X (true U (letter == "S")))) || (!(letter == "Z") U (letter == "X")))
189 [main] INFO nl.utwente.fmt.rers.RERSExperiment - Parsed formula #58: (false R (!(letter == "D") || (((letter == "B") && (!X (!(letter == "T") U (letter == "C")) || X (!(letter == "T") U ((letter == "C") && (true U (letter == "X")))))) U ((letter == "T") || (false R ((letter == "B") && (!X (!(letter == "T") U (letter == "C")) || X (!(letter == "T") U ((letter == "C") && (true U (letter == "X")))))))))))
189 [main] INFO nl.utwente.fmt.rers.RERSExperiment - Parsed formula #59: (!(true U (letter == "S")) || ((!(letter == "D") || (!(letter == "S") U ((((letter == "Y") && !(letter == "S")) && !(letter == "Z")) && X ((!(letter == "S") && !(letter == "Z")) U (letter == "T"))))) U (letter == "S")))
189 [main] INFO nl.utwente.fmt.rers.RERSExperiment - Parsed formula #60: (false R (!(letter == "C") || (true U (letter == "V"))))
190 [main] INFO nl.utwente.fmt.rers.RERSExperiment - Parsed formula #61: (false R (!(letter == "W") || ((!(((letter == "U") && !(letter == "E")) && X (!(letter == "E") U ((letter == "V") && !(letter == "E")))) U ((letter == "E") || (letter == "Y"))) || (false R !((letter == "U") && X (true U (letter == "V")))))))
190 [main] INFO nl.utwente.fmt.rers.RERSExperiment - Parsed formula #62: ((false R !(letter == "B")) || (true U ((letter == "B") && (!(letter == "S") W (letter == "A")))))
191 [main] INFO nl.utwente.fmt.rers.RERSExperiment - Parsed formula #63: (false R (!(letter == "C") || (true U ((letter == "S") && X (true U (letter == "U"))))))
191 [main] INFO nl.utwente.fmt.rers.RERSExperiment - Parsed formula #64: (!(true U (letter == "C")) || (((letter == "E") && (!X (!(letter == "C") U (letter == "D")) || X (!(letter == "C") U ((letter == "D") && (true U (letter == "S")))))) U (letter == "C")))
191 [main] INFO nl.utwente.fmt.rers.RERSExperiment - Parsed formula #65: ((false R !(letter == "X")) || (true U ((letter == "X") && (!(letter == "Z") W (letter == "V")))))
191 [main] INFO nl.utwente.fmt.rers.RERSExperiment - Parsed formula #66: (false R (!((letter == "S") && (true U (letter == "C"))) || (((letter == "D") && (!X (!(letter == "C") U (letter == "B")) || X (!(letter == "C") U ((letter == "B") && (true U (letter == "Z")))))) U (letter == "C"))))
191 [main] INFO nl.utwente.fmt.rers.RERSExperiment - Parsed formula #67: (!(letter == "Z") W (letter == "X"))
192 [main] INFO nl.utwente.fmt.rers.RERSExperiment - Parsed formula #68: (!(true U (letter == "A")) || (!(letter == "U") U ((letter == "A") || (((letter == "E") && !(letter == "U")) && X (!(letter == "U") U (letter == "V"))))))
192 [main] INFO nl.utwente.fmt.rers.RERSExperiment - Parsed formula #69: ((false R !(letter == "V")) || (!(letter == "V") U ((letter == "V") && (!(true U (letter == "Y")) || (!(letter == "Y") U (((letter == "T") && !(letter == "Y")) && X (!(letter == "Y") U (letter == "E"))))))))
192 [main] INFO nl.utwente.fmt.rers.RERSExperiment - Parsed formula #70: (false R (!((letter == "E") && (true U (letter == "V"))) || (!(((letter == "X") && !(letter == "V")) && X (!(letter == "V") U ((letter == "U") && !(letter == "V")))) U ((letter == "V") || (letter == "A")))))
192 [main] INFO nl.utwente.fmt.rers.RERSExperiment - Parsed formula #71: (false R (!(((letter == "T") && !(letter == "C")) && (true U (letter == "C"))) || (!(letter == "X") U ((letter == "E") || (letter == "C")))))
192 [main] INFO nl.utwente.fmt.rers.RERSExperiment - Parsed formula #72: (false R (!(letter == "W") || (false R (!(letter == "A") || ((letter == "X") && X (true U (letter == "Y")))))))
193 [main] INFO nl.utwente.fmt.rers.RERSExperiment - Parsed formula #73: (false R (!(letter == "A") || (true U (letter == "S"))))
193 [main] INFO nl.utwente.fmt.rers.RERSExperiment - Parsed formula #74: (!(letter == "U") W (letter == "W"))
193 [main] INFO nl.utwente.fmt.rers.RERSExperiment - Parsed formula #75: (false R (!((letter == "S") && (true U (letter == "V"))) || (((letter == "E") && (!X (!(letter == "V") U (letter == "A")) || X (!(letter == "V") U ((letter == "A") && (true U (letter == "Y")))))) U (letter == "V"))))
193 [main] INFO nl.utwente.fmt.rers.RERSExperiment - Parsed formula #76: (false R (!(letter == "E") || (((letter == "A") && (!X (!(letter == "B") U (letter == "D")) || X (!(letter == "B") U ((letter == "D") && (true U (letter == "Z")))))) U ((letter == "B") || (false R ((letter == "A") && (!X (!(letter == "B") U (letter == "D")) || X (!(letter == "B") U ((letter == "D") && (true U (letter == "Z")))))))))))
193 [main] INFO nl.utwente.fmt.rers.RERSExperiment - Parsed formula #77: ((false R !(letter == "U")) || (!(letter == "U") U ((letter == "U") && (!(true U ((letter == "T") && X (true U (letter == "W")))) || (!(letter == "T") U (letter == "D"))))))
194 [main] INFO nl.utwente.fmt.rers.RERSExperiment - Parsed formula #78: (!(true U (letter == "U")) || (!(letter == "V") U ((letter == "Z") || (letter == "U"))))
194 [main] INFO nl.utwente.fmt.rers.RERSExperiment - Parsed formula #79: (!(true U (letter == "A")) || (!(((letter == "U") && !(letter == "A")) && X (!(letter == "A") U ((letter == "W") && !(letter == "A")))) U ((letter == "A") || (letter == "T"))))
194 [main] INFO nl.utwente.fmt.rers.RERSExperiment - Parsed formula #80: (false R (!((letter == "V") && (true U (letter == "U"))) || (!(letter == "S") U ((letter == "U") || (((letter == "E") && !(letter == "S")) && X (!(letter == "S") U (letter == "D")))))))
194 [main] INFO nl.utwente.fmt.rers.RERSExperiment - Parsed formula #81: (false R (!(letter == "V") || ((!(((letter == "U") && !(letter == "E")) && X (!(letter == "E") U ((letter == "Z") && !(letter == "E")))) U ((letter == "E") || (letter == "A"))) || (false R !((letter == "U") && X (true U (letter == "Z")))))))
194 [main] INFO nl.utwente.fmt.rers.RERSExperiment - Parsed formula #82: (false R (!(letter == "Z") || (false R (!(letter == "E") || (true U (letter == "V"))))))
195 [main] INFO nl.utwente.fmt.rers.RERSExperiment - Parsed formula #83: (false R (!(letter == "Y") || (!(true U (letter == "V")) || (!(letter == "V") U ((letter == "Z") || (((letter == "X") && !(letter == "V")) && X (!(letter == "V") U (letter == "T"))))))))
195 [main] INFO nl.utwente.fmt.rers.RERSExperiment - Parsed formula #84: (!(true U (letter == "T")) || ((!(letter == "A") || (!(letter == "T") U ((letter == "X") && !(letter == "T")))) U (letter == "T")))
196 [main] INFO nl.utwente.fmt.rers.RERSExperiment - Parsed formula #85: (false R (!(((letter == "Y") && !(letter == "B")) && (true U (letter == "B"))) || (!(letter == "Z") U ((letter == "V") || (letter == "B")))))
196 [main] INFO nl.utwente.fmt.rers.RERSExperiment - Parsed formula #86: (false R (!(letter == "T") || ((!(letter == "A") || (!(letter == "U") U (((letter == "X") && !(letter == "U")) && X (!(letter == "U") U (letter == "V"))))) U ((letter == "U") || (false R (!(letter == "A") || ((letter == "X") && X (true U (letter == "V")))))))))
196 [main] INFO nl.utwente.fmt.rers.RERSExperiment - Parsed formula #87: (!(true U ((letter == "W") && X (true U (letter == "S")))) || (!(letter == "W") U (letter == "U")))
197 [main] INFO nl.utwente.fmt.rers.RERSExperiment - Parsed formula #88: (false R (!(letter == "Y") || ((!(letter == "D") || (!(letter == "X") U (((letter == "S") && !(letter == "X")) && X (!(letter == "X") U (letter == "U"))))) U ((letter == "X") || (false R (!(letter == "D") || ((letter == "S") && X (true U (letter == "U")))))))))
197 [main] INFO nl.utwente.fmt.rers.RERSExperiment - Parsed formula #89: (false R (!(letter == "X") || (false R ((letter == "B") && (!X (true U (letter == "A")) || X (!(letter == "A") U ((letter == "A") && (true U (letter == "S")))))))))
197 [main] INFO nl.utwente.fmt.rers.RERSExperiment - Parsed formula #90: (!(true U (letter == "X")) || ((!(letter == "B") || (!(letter == "X") U ((((letter == "U") && !(letter == "X")) && !(letter == "T")) && X ((!(letter == "X") && !(letter == "T")) U (letter == "Z"))))) U (letter == "X")))
197 [main] INFO nl.utwente.fmt.rers.RERSExperiment - Parsed formula #91: (false R (!(letter == "Y") || (((letter == "C") && (!X (!(letter == "X") U (letter == "A")) || X (!(letter == "X") U ((letter == "A") && (true U (letter == "V")))))) U ((letter == "X") || (false R ((letter == "C") && (!X (!(letter == "X") U (letter == "A")) || X (!(letter == "X") U ((letter == "A") && (true U (letter == "V")))))))))))
197 [main] INFO nl.utwente.fmt.rers.RERSExperiment - Parsed formula #92: (false R (!(letter == "D") || (true U ((letter == "U") && X (true U (letter == "V"))))))
198 [main] INFO nl.utwente.fmt.rers.RERSExperiment - Parsed formula #93: (!(true U ((letter == "X") && X (true U (letter == "W")))) || (!(letter == "X") U (letter == "C")))
198 [main] INFO nl.utwente.fmt.rers.RERSExperiment - Parsed formula #94: (!(true U (letter == "U")) || ((!(letter == "C") || (!(letter == "U") U (((letter == "T") && !(letter == "U")) && X (!(letter == "U") U (letter == "W"))))) U (letter == "U")))
198 [main] INFO nl.utwente.fmt.rers.RERSExperiment - Parsed formula #95: (false R (!((letter == "S") && (true U (letter == "W"))) || ((!(letter == "E") || (!(letter == "W") U (((letter == "Z") && !(letter == "W")) && X (!(letter == "W") U (letter == "X"))))) U (letter == "W"))))
198 [main] INFO nl.utwente.fmt.rers.RERSExperiment - Parsed formula #96: (false R (!((letter == "V") && (true U (letter == "U"))) || (!(letter == "W") U ((letter == "U") || (((letter == "Y") && !(letter == "W")) && X (!(letter == "W") U (letter == "A")))))))
198 [main] INFO nl.utwente.fmt.rers.RERSExperiment - Parsed formula #97: (!(true U (letter == "C")) || (!(letter == "S") U ((letter == "C") || (((letter == "W") && !(letter == "S")) && X (!(letter == "S") U (letter == "B"))))))
199 [main] INFO nl.utwente.fmt.rers.RERSExperiment - Parsed formula #98: (!(letter == "V") W (letter == "A"))
199 [main] INFO nl.utwente.fmt.rers.RERSExperiment - Parsed formula #99: (false R (!(letter == "C") || ((!(letter == "D") || (!(letter == "X") U (((letter == "Z") && !(letter == "X")) && X (!(letter == "X") U (letter == "T"))))) U ((letter == "X") || (false R (!(letter == "D") || ((letter == "Z") && X (true U (letter == "T")))))))))
199 [main] INFO nl.utwente.fmt.rers.RERSExperiment - Parsed formula #100: (false R (!(((letter == "Y") && !(letter == "V")) && (true U (letter == "V"))) || (!(letter == "X") U ((letter == "A") || (letter == "V")))))
212 [main] INFO nl.utwente.fmt.rers.Main - Searching for counterexample
232 [main] INFO nl.utwente.fmt.rers.Main - Query[ε|D C / Y U]
239 [main] INFO nl.utwente.fmt.rers.Main - Searching for counterexample
242 [main] INFO nl.utwente.fmt.rers.Main - Query[ε|D C B C / Y U S W]
248 [main] INFO nl.utwente.fmt.rers.Main - Searching for counterexample
255 [main] INFO nl.utwente.fmt.rers.Main - Query[ε|D C B E E C E C / Y U S X Z Y  Y]
256 [main] INFO nl.utwente.fmt.rers.Main - Searching for counterexample
261 [main] INFO nl.utwente.fmt.rers.Main - Query[ε|D C B D E C / Y U S U Y U]
262 [main] INFO nl.utwente.fmt.rers.Main - Searching for counterexample
268 [main] INFO nl.utwente.fmt.rers.Main - Query[ε|D C E B D C / Y U W Y U ]
269 [main] INFO nl.utwente.fmt.rers.Main - Searching for counterexample
274 [main] INFO nl.utwente.fmt.rers.Main - Query[ε|D C B C D C / Y U S W S ]
276 [main] INFO nl.utwente.fmt.rers.Main - Searching for counterexample
279 [main] INFO nl.utwente.fmt.rers.Main - Query[ε|D C D D B C / Y U W Z W S]
281 [main] INFO nl.utwente.fmt.rers.Main - Searching for counterexample
282 [main] INFO nl.utwente.fmt.rers.Main - Query[ε|D C D D B E C / Y U W Z W Z S]
282 [main] INFO nl.utwente.fmt.rers.Main - Searching for counterexample
3558833 [main] INFO nl.utwente.fmt.rers.Main - Useless equivalence symbols: 2750474835
3558833 [main] INFO nl.utwente.fmt.rers.Main - Useless equivalence queries: 100041275
3559365 [main] INFO de.learnlib.api.logging.LoggingBlackBoxProperty - Property violated: '(false R (!(letter == "W") || ((!(letter == "B") || (!(letter == "C") U (((letter == "V") && !(letter == "C")) && X (!(letter == "C") U (letter == "Y"))))) U ((letter == "C") || (false R (!(letter == "B") || ((letter == "V") && X (true U (letter == "Y")))))))))'
3559366 [main] INFO de.learnlib.api.logging.LoggingBlackBoxProperty - Counter example for property: OmegaQuery[ε|D C D D B C B C D D E D D B C D D D D D D D D D D D D D D D D D D D D D / Y U W Z W S W X U W U W Z W S S S S S S S S S S S S S S S S S S S S S S, [15, 16, 17, 18, 19, 20, 21, 22, 23, 24, 25, 26, 27, 28, 29, 30, 31, 32, 33, 34, 35] - [-674796145, -674796145, -674796145, -674796145, -674796145, -674796145, -674796145, -674796145, -674796145, -674796145, -674796145, -674796145, -674796145, -674796145, -674796145, -674796145, -674796145, -674796145, -674796145, -674796145, -674796145]]
3559654 [main] INFO de.learnlib.api.logging.LoggingBlackBoxProperty - Property violated: '(false R ((letter == "C") && (!!(letter == "U") || (!(letter == "S") W ((letter == "Y") || (letter == "U"))))))'
3559654 [main] INFO de.learnlib.api.logging.LoggingBlackBoxProperty - Counter example for property: OmegaQuery[ε|D C D D E C D D E C D D E C D D E C D D E C D D E C D D E C D D E C D D E C D D E C D D E C D D E C D D E C D D E C D D E C D D E C D D E C D D E C D D E C D D E C D D E / Y U W Z X U W Z X U W Z X U W Z X U W Z X U W Z X U W Z X U W Z X U W Z X U W Z X U W Z X U W Z X U W Z X U W Z X U W Z X U W Z X U W Z X U W Z X U W Z X U W Z X U W Z X, [1, 5, 9, 13, 17, 21, 25, 29, 33, 37, 41, 45, 49, 53, 57, 61, 65, 69, 73, 77, 81] - [-662887761, -662887762, -662887762, -662887762, -662887762, -662887762, -662887762, -662887762, -662887762, -662887762, -662887762, -662887762, -662887762, -662887762, -662887762, -662887762, -662887762, -662887762, -662887762, -662887762, -662887762]]
3560231 [main] INFO de.learnlib.api.logging.LoggingBlackBoxProperty - Property violated: '(false R (!(letter == "E") || (false R (!(letter == "B") || ((letter == "U") && X (true U (letter == "Y")))))))'
3560231 [main] INFO de.learnlib.api.logging.LoggingBlackBoxProperty - Counter example for property: OmegaQuery[ε|D C D D E C D D B C D D D D D D D D D D D D D D D D D D D D D / Y U W Z X U W Z W S S S S S S S S S S S S S S S S S S S S S S, [10, 11, 12, 13, 14, 15, 16, 17, 18, 19, 20, 21, 22, 23, 24, 25, 26, 27, 28, 29, 30] - [-674796263, -674796263, -674796263, -674796263, -674796263, -674796263, -674796263, -674796263, -674796263, -674796263, -674796263, -674796263, -674796263, -674796263, -674796263, -674796263, -674796263, -674796263, -674796263, -674796263, -674796263]]
3560407 [main] INFO de.learnlib.api.logging.LoggingBlackBoxProperty - Property violated: '(!(letter == "Z") W (letter == "X"))'
3560407 [main] INFO de.learnlib.api.logging.LoggingBlackBoxProperty - Counter example for property: OmegaQuery[ε|D C D D E C D D E C D D E C D D E C D D E C D D E C D D E C D D E C D D E C D D E C D D E C D D E C D D E C D D E C D D E C D D E C D D E C D D E C D D E C D D E C D D E C D D / Y U W Z X U W Z X U W Z X U W Z X U W Z X U W Z X U W Z X U W Z X U W Z X U W Z X U W Z X U W Z X U W Z X U W Z X U W Z X U W Z X U W Z X U W Z X U W Z X U W Z X U W Z X U W Z, [4, 8, 12, 16, 20, 24, 28, 32, 36, 40, 44, 48, 52, 56, 60, 64, 68, 72, 76, 80, 84] - [-662877319, -662877319, -662877319, -662877319, -662877319, -662877319, -662877319, -662877319, -662877319, -662877319, -662877319, -662877319, -662877319, -662877319, -662877319, -662877319, -662877319, -662877319, -662877319, -662877319, -662877319]]
3560584 [main] INFO de.learnlib.api.logging.LoggingBlackBoxProperty - Property violated: '(false R (!((letter == "S") && (true U (letter == "B"))) || (((letter == "A") && (!X (!(letter == "B") U (letter == "D")) || X (!(letter == "B") U ((letter == "D") && (true U (letter == "T")))))) U (letter == "B"))))'
3560585 [main] INFO de.learnlib.api.logging.LoggingBlackBoxProperty - Counter example for property: OmegaQuery[ε|D C D D B C B C D D C D D C D D C D D C D D C D D C D D C D D C D D C D D C D D C D D C D D C D D C D D C D D C D D C D D C D D C D D C D D / Y U W Z W S W X U W X U W X U W X U W X U W X U W X U W X U W X U W X U W X U W X U W X U W X U W X U W X U W X U W X U W X U W X U W X U W, [7, 10, 13, 16, 19, 22, 25, 28, 31, 34, 37, 40, 43, 46, 49, 52, 55, 58, 61, 64, 67] - [-674792664, -663907577, -663907577, -663907577, -663907577, -663907577, -663907577, -663907577, -663907577, -663907577, -663907577, -663907577, -663907577, -663907577, -663907577, -663907577, -663907577, -663907577, -663907577, -663907577, -663907577]]
3560823 [main] INFO de.learnlib.api.logging.LoggingBlackBoxProperty - Property violated: '(!(true U (letter == "X")) || ((!(letter == "E") || (!(letter == "X") U ((letter == "U") && !(letter == "X")))) U (letter == "X")))'
3560823 [main] INFO de.learnlib.api.logging.LoggingBlackBoxProperty - Counter example for property: OmegaQuery[ε|D C D D E C D D E C D D E C D D E C D D E C D D E C D D E C D D E C D D E C D D E C D D E C D D E C D D E C D D E C D D E C D D E C D D E C D D E C D D E C D D E C D D E C D D E / Y U W Z X U W Z X U W Z X U W Z X U W Z X U W Z X U W Z X U W Z X U W Z X U W Z X U W Z X U W Z X U W Z X U W Z X U W Z X U W Z X U W Z X U W Z X U W Z X U W Z X U W Z X U W Z X, [5, 9, 13, 17, 21, 25, 29, 33, 37, 41, 45, 49, 53, 57, 61, 65, 69, 73, 77, 81, 85] - [-662887762, -662887762, -662887762, -662887762, -662887762, -662887762, -662887762, -662887762, -662887762, -662887762, -662887762, -662887762, -662887762, -662887762, -662887762, -662887762, -662887762, -662887762, -662887762, -662887762, -662887762]]
3561916 [main] INFO de.learnlib.api.logging.LoggingBlackBoxProperty - Property violated: '(!(true U (letter == "X")) || (!(letter == "X") U (((letter == "A") && !(letter == "X")) && X (!(letter == "X") U (letter == "U")))))'
3561916 [main] INFO de.learnlib.api.logging.LoggingBlackBoxProperty - Counter example for property: OmegaQuery[ε|D C D D E C D D E C D D E C D D E C D D E C D D E C D D E C D D E C D D E C D D E C D D E C D D E C D D E C D D E C D D E C D D E C D D E C D D E C D D E C D D E C D D E C D D E / Y U W Z X U W Z X U W Z X U W Z X U W Z X U W Z X U W Z X U W Z X U W Z X U W Z X U W Z X U W Z X U W Z X U W Z X U W Z X U W Z X U W Z X U W Z X U W Z X U W Z X U W Z X U W Z X, [5, 9, 13, 17, 21, 25, 29, 33, 37, 41, 45, 49, 53, 57, 61, 65, 69, 73, 77, 81, 85] - [-662887762, -662887762, -662887762, -662887762, -662887762, -662887762, -662887762, -662887762, -662887762, -662887762, -662887762, -662887762, -662887762, -662887762, -662887762, -662887762, -662887762, -662887762, -662887762, -662887762, -662887762]]
3562364 [main] INFO de.learnlib.api.logging.LoggingBlackBoxProperty - Property violated: '(!(true U ((letter == "Z") && X (true U (letter == "S")))) || (!(letter == "Z") U (letter == "X")))'
3562364 [main] INFO de.learnlib.api.logging.LoggingBlackBoxProperty - Counter example for property: OmegaQuery[ε|D C D D E C B D D D D D D D D D D D D D D D D D D D D D D D D D D D D D D D D D D D D D D D D D D / Y U W Z X U S U U U U U U U U U U U U U U U U U U U U U U U U U U U U U U U U U U U U U U U U U U, [7, 9, 11, 13, 15, 17, 19, 21, 23, 25, 27, 29, 31, 33, 35, 37, 39, 41, 43, 45, 47] - [-662880741, -687115463, -687115463, -687115463, -687115463, -687115463, -687115463, -687115463, -687115463, -687115463, -687115463, -687115463, -687115463, -687115463, -687115463, -687115463, -687115463, -687115463, -687115463, -687115463, -687115463]]
3563816 [main] INFO de.learnlib.api.logging.LoggingBlackBoxProperty - Property violated: '(false R (!(((letter == "Y") && !(letter == "C")) && (true U (letter == "C"))) || (!(letter == "U") U ((letter == "B") || (letter == "C")))))'
3563816 [main] INFO de.learnlib.api.logging.LoggingBlackBoxProperty - Counter example for property: OmegaQuery[ε|D C E B D D C D D D D D D D D D D D D D D D D D D D D D / Y U W Y U X S S S S S S S S S S S S S S S S S S S S S S, [7, 8, 9, 10, 11, 12, 13, 14, 15, 16, 17, 18, 19, 20, 21, 22, 23, 24, 25, 26, 27] - [-675206843, -675206843, -675206843, -675206843, -675206843, -675206843, -675206843, -675206843, -675206843, -675206843, -675206843, -675206843, -675206843, -675206843, -675206843, -675206843, -675206843, -675206843, -675206843, -675206843, -675206843]]
3564976 [main] INFO de.learnlib.api.logging.LoggingBlackBoxProperty - Property violated: '(false R (!(letter == "C") || (((letter == "E") && (!X (!(letter == "T") U (letter == "A")) || X (!(letter == "T") U ((letter == "A") && (true U (letter == "U")))))) U ((letter == "T") || (false R ((letter == "E") && (!X (!(letter == "T") U (letter == "A")) || X (!(letter == "T") U ((letter == "A") && (true U (letter == "U")))))))))))'
3564976 [main] INFO de.learnlib.api.logging.LoggingBlackBoxProperty - Counter example for property: OmegaQuery[ε|D C D D E C D D E C D D E C D D E C D D E C D D E C D D E C D D E C D D E C D D E C D D E C D D E C D D E C D D E C D D E C D D E C D D E C D D E C D D E C D D E C D D E C / Y U W Z X U W Z X U W Z X U W Z X U W Z X U W Z X U W Z X U W Z X U W Z X U W Z X U W Z X U W Z X U W Z X U W Z X U W Z X U W Z X U W Z X U W Z X U W Z X U W Z X U W Z X U, [2, 6, 10, 14, 18, 22, 26, 30, 34, 38, 42, 46, 50, 54, 58, 62, 66, 70, 74, 78, 82] - [-662873838, -662873838, -662873838, -662873838, -662873838, -662873838, -662873838, -662873838, -662873838, -662873838, -662873838, -662873838, -662873838, -662873838, -662873838, -662873838, -662873838, -662873838, -662873838, -662873838, -662873838]]
3565732 [main] INFO de.learnlib.api.logging.LoggingBlackBoxProperty - Property violated: '(false R (!(letter == "E") || (((letter == "A") && (!X (!(letter == "B") U (letter == "D")) || X (!(letter == "B") U ((letter == "D") && (true U (letter == "Z")))))) U ((letter == "B") || (false R ((letter == "A") && (!X (!(letter == "B") U (letter == "D")) || X (!(letter == "B") U ((letter == "D") && (true U (letter == "Z")))))))))))'
3565732 [main] INFO de.learnlib.api.logging.LoggingBlackBoxProperty - Counter example for property: OmegaQuery[ε|D C D D E C D D E C D D E C D D E C D D E C D D E C D D E C D D E C D D E C D D E C D D E C D D E C D D E C D D E C D D E C D D E C D D E C D D E C D D E C D D E C D D E C D D E / Y U W Z X U W Z X U W Z X U W Z X U W Z X U W Z X U W Z X U W Z X U W Z X U W Z X U W Z X U W Z X U W Z X U W Z X U W Z X U W Z X U W Z X U W Z X U W Z X U W Z X U W Z X U W Z X, [5, 9, 13, 17, 21, 25, 29, 33, 37, 41, 45, 49, 53, 57, 61, 65, 69, 73, 77, 81, 85] - [-662887762, -662887762, -662887762, -662887762, -662887762, -662887762, -662887762, -662887762, -662887762, -662887762, -662887762, -662887762, -662887762, -662887762, -662887762, -662887762, -662887762, -662887762, -662887762, -662887762, -662887762]]
3567441 [main] INFO de.learnlib.api.logging.LoggingBlackBoxProperty - Property violated: '(!(letter == "Z") W (letter == "E"))'
3567441 [main] INFO de.learnlib.api.logging.LoggingBlackBoxProperty - Counter example for property: OmegaQuery[ε|D C D D E C D D E C D D E C D D E C D D E C D D E C D D E C D D E C D D E C D D E C D D E C D D E C D D E C D D E C D D E C D D E C D D E C D D E C D D E C D D E C D D E C D D / Y U W Z X U W Z X U W Z X U W Z X U W Z X U W Z X U W Z X U W Z X U W Z X U W Z X U W Z X U W Z X U W Z X U W Z X U W Z X U W Z X U W Z X U W Z X U W Z X U W Z X U W Z X U W Z, [4, 8, 12, 16, 20, 24, 28, 32, 36, 40, 44, 48, 52, 56, 60, 64, 68, 72, 76, 80, 84] - [-662877319, -662877319, -662877319, -662877319, -662877319, -662877319, -662877319, -662877319, -662877319, -662877319, -662877319, -662877319, -662877319, -662877319, -662877319, -662877319, -662877319, -662877319, -662877319, -662877319, -662877319]]
3567607 [main] INFO de.learnlib.api.logging.LoggingBlackBoxProperty - Property violated: '(false R (!((letter == "Z") && (true U (letter == "U"))) || ((!(letter == "D") || (!(letter == "U") U ((((letter == "T") && !(letter == "U")) && !(letter == "W")) && X ((!(letter == "U") && !(letter == "W")) U (letter == "X"))))) U (letter == "U"))))'
3567607 [main] INFO de.learnlib.api.logging.LoggingBlackBoxProperty - Counter example for property: OmegaQuery[ε|D C D D B C D B C D D C D D C D D C D D C D D C D D C D D C D D C D D C D D C D D C D D C D D C D D C D D C D D C D D C D D C D D C D D C D D C D / Y U W Z W S S W X U W X U W X U W X U W X U W X U W X U W X U W X U W X U W X U W X U W X U W X U W X U W X U W X U W X U W X U W X U W X U W X U, [10, 13, 16, 19, 22, 25, 28, 31, 34, 37, 40, 43, 46, 49, 52, 55, 58, 61, 64, 67, 70] - [-663914539, -663914539, -663914539, -663914539, -663914539, -663914539, -663914539, -663914539, -663914539, -663914539, -663914539, -663914539, -663914539, -663914539, -663914539, -663914539, -663914539, -663914539, -663914539, -663914539, -663914539]]
3567835 [main] INFO de.learnlib.api.logging.LoggingBlackBoxProperty - Property violated: '(false R (!(((letter == "Y") && !(letter == "B")) && (true U (letter == "B"))) || (!(letter == "Z") U ((letter == "V") || (letter == "B")))))'
3567835 [main] INFO de.learnlib.api.logging.LoggingBlackBoxProperty - Counter example for property: OmegaQuery[ε|D C D D E C B D D D D D D D D D D D D D D D D D D D D D D D D D D D D D D D D D D D D D D D D D D / Y U W Z X U S U U U U U U U U U U U U U U U U U U U U U U U U U U U U U U U U U U U U U U U U U U, [7, 9, 11, 13, 15, 17, 19, 21, 23, 25, 27, 29, 31, 33, 35, 37, 39, 41, 43, 45, 47] - [-662880741, -687115463, -687115463, -687115463, -687115463, -687115463, -687115463, -687115463, -687115463, -687115463, -687115463, -687115463, -687115463, -687115463, -687115463, -687115463, -687115463, -687115463, -687115463, -687115463, -687115463]]
3568342 [main] INFO de.learnlib.api.logging.LoggingBlackBoxProperty - Property violated: '(!(true U (letter == "C")) || (((letter == "E") && (!X (!(letter == "C") U (letter == "D")) || X (!(letter == "C") U ((letter == "D") && (true U (letter == "S")))))) U (letter == "C")))'
3568342 [main] INFO de.learnlib.api.logging.LoggingBlackBoxProperty - Counter example for property: OmegaQuery[ε|D C D D E C D D E C D D E C D D E C D D E C D D E C D D E C D D E C D D E C D D E C D D E C D D E C D D E C D D E C D D E C D D E C D D E C D D E C D D E C D D E C D D E C / Y U W Z X U W Z X U W Z X U W Z X U W Z X U W Z X U W Z X U W Z X U W Z X U W Z X U W Z X U W Z X U W Z X U W Z X U W Z X U W Z X U W Z X U W Z X U W Z X U W Z X U W Z X U, [2, 6, 10, 14, 18, 22, 26, 30, 34, 38, 42, 46, 50, 54, 58, 62, 66, 70, 74, 78, 82] - [-662873838, -662873838, -662873838, -662873838, -662873838, -662873838, -662873838, -662873838, -662873838, -662873838, -662873838, -662873838, -662873838, -662873838, -662873838, -662873838, -662873838, -662873838, -662873838, -662873838, -662873838]]
3568837 [main] INFO de.learnlib.api.logging.LoggingBlackBoxProperty - Property violated: '(false R (!(letter == "Y") || (((letter == "C") && (!X (!(letter == "X") U (letter == "A")) || X (!(letter == "X") U ((letter == "A") && (true U (letter == "V")))))) U ((letter == "X") || (false R ((letter == "C") && (!X (!(letter == "X") U (letter == "A")) || X (!(letter == "X") U ((letter == "A") && (true U (letter == "V")))))))))))'
3568838 [main] INFO de.learnlib.api.logging.LoggingBlackBoxProperty - Counter example for property: OmegaQuery[ε|D C D D E C D D E C D D E C D D E C D D E C D D E C D D E C D D E C D D E C D D E C D D E C D D E C D D E C D D E C D D E C D D E C D D E C D D E C D D E C D D E C D D E / Y U W Z X U W Z X U W Z X U W Z X U W Z X U W Z X U W Z X U W Z X U W Z X U W Z X U W Z X U W Z X U W Z X U W Z X U W Z X U W Z X U W Z X U W Z X U W Z X U W Z X U W Z X, [1, 5, 9, 13, 17, 21, 25, 29, 33, 37, 41, 45, 49, 53, 57, 61, 65, 69, 73, 77, 81] - [-662887761, -662887762, -662887762, -662887762, -662887762, -662887762, -662887762, -662887762, -662887762, -662887762, -662887762, -662887762, -662887762, -662887762, -662887762, -662887762, -662887762, -662887762, -662887762, -662887762, -662887762]]
3569258 [main] INFO de.learnlib.api.logging.LoggingBlackBoxProperty - Property violated: '(!(true U (letter == "S")) || ((!(letter == "D") || (!(letter == "S") U ((((letter == "Y") && !(letter == "S")) && !(letter == "Z")) && X ((!(letter == "S") && !(letter == "Z")) U (letter == "T"))))) U (letter == "S")))'
3569258 [main] INFO de.learnlib.api.logging.LoggingBlackBoxProperty - Counter example for property: OmegaQuery[ε|D C D D E C B D D D D D D D D D D D D D D D D D D D D D D D D D D D D D D D D D D D D D D D D D D / Y U W Z X U S U U U U U U U U U U U U U U U U U U U U U U U U U U U U U U U U U U U U U U U U U U, [7, 9, 11, 13, 15, 17, 19, 21, 23, 25, 27, 29, 31, 33, 35, 37, 39, 41, 43, 45, 47] - [-662880741, -687115463, -687115463, -687115463, -687115463, -687115463, -687115463, -687115463, -687115463, -687115463, -687115463, -687115463, -687115463, -687115463, -687115463, -687115463, -687115463, -687115463, -687115463, -687115463, -687115463]]
3570473 [main] INFO de.learnlib.api.logging.LoggingBlackBoxProperty - Property violated: '(false R (!((letter == "S") && (true U (letter == "W"))) || ((!(letter == "E") || (!(letter == "W") U (((letter == "Z") && !(letter == "W")) && X (!(letter == "W") U (letter == "X"))))) U (letter == "W"))))'
3570473 [main] INFO de.learnlib.api.logging.LoggingBlackBoxProperty - Counter example for property: OmegaQuery[ε|D C D D B C E D C D D C D D C D D C D D C D D C D D C D D C D D C D D C D D C D D C D D C D D C D D C D D C D D C D D C D D C D D C D D C D D / Y U W Z W S Z W X U W X U W X U W X U W X U W X U W X U W X U W X U W X U W X U W X U W X U W X U W X U W X U W X U W X U W X U W X U W X U W, [8, 11, 14, 17, 20, 23, 26, 29, 32, 35, 38, 41, 44, 47, 50, 53, 56, 59, 62, 65, 68] - [-676024938, -663907577, -663907577, -663907577, -663907577, -663907577, -663907577, -663907577, -663907577, -663907577, -663907577, -663907577, -663907577, -663907577, -663907577, -663907577, -663907577, -663907577, -663907577, -663907577, -663907577]]
3570699 [main] INFO de.learnlib.api.logging.LoggingBlackBoxProperty - Property violated: '(false R (!(letter == "X") || (false R ((letter == "B") && (!X (true U (letter == "A")) || X (!(letter == "A") U ((letter == "A") && (true U (letter == "S")))))))))'
3570699 [main] INFO de.learnlib.api.logging.LoggingBlackBoxProperty - Counter example for property: OmegaQuery[ε|D C D D E C D D E C D D E C D D E C D D E C D D E C D D E C D D E C D D E C D D E C D D E C D D E C D D E C D D E C D D E C D D E C D D E C D D E C D D E C D D E C D D E C D D E / Y U W Z X U W Z X U W Z X U W Z X U W Z X U W Z X U W Z X U W Z X U W Z X U W Z X U W Z X U W Z X U W Z X U W Z X U W Z X U W Z X U W Z X U W Z X U W Z X U W Z X U W Z X U W Z X, [5, 9, 13, 17, 21, 25, 29, 33, 37, 41, 45, 49, 53, 57, 61, 65, 69, 73, 77, 81, 85] - [-662887762, -662887762, -662887762, -662887762, -662887762, -662887762, -662887762, -662887762, -662887762, -662887762, -662887762, -662887762, -662887762, -662887762, -662887762, -662887762, -662887762, -662887762, -662887762, -662887762, -662887762]]
3570861 [main] INFO de.learnlib.api.logging.LoggingBlackBoxProperty - Property violated: '(false R (!(letter == "C") || (true U (letter == "V"))))'
3570861 [main] INFO de.learnlib.api.logging.LoggingBlackBoxProperty - Counter example for property: OmegaQuery[ε|D C D D E C D D E C D D E C D D E C D D E C D D E C D D E C D D E C D D E C D D E C D D E C D D E C D D E C D D E C D D E C D D E C D D E C D D E C D D E C D D E C D D E C / Y U W Z X U W Z X U W Z X U W Z X U W Z X U W Z X U W Z X U W Z X U W Z X U W Z X U W Z X U W Z X U W Z X U W Z X U W Z X U W Z X U W Z X U W Z X U W Z X U W Z X U W Z X U, [2, 6, 10, 14, 18, 22, 26, 30, 34, 38, 42, 46, 50, 54, 58, 62, 66, 70, 74, 78, 82] - [-662873838, -662873838, -662873838, -662873838, -662873838, -662873838, -662873838, -662873838, -662873838, -662873838, -662873838, -662873838, -662873838, -662873838, -662873838, -662873838, -662873838, -662873838, -662873838, -662873838, -662873838]]
3571015 [main] INFO de.learnlib.api.logging.LoggingBlackBoxProperty - Property violated: '(!(true U (letter == "X")) || ((!(letter == "B") || (!(letter == "X") U ((((letter == "U") && !(letter == "X")) && !(letter == "T")) && X ((!(letter == "X") && !(letter == "T")) U (letter == "Z"))))) U (letter == "X")))'
3571016 [main] INFO de.learnlib.api.logging.LoggingBlackBoxProperty - Counter example for property: OmegaQuery[ε|D C D D B C B C D D C D D C D D C D D C D D C D D C D D C D D C D D C D D C D D C D D C D D C D D C D D C D D C D D C D D C D D C D D C D D C / Y U W Z W S W X U W X U W X U W X U W X U W X U W X U W X U W X U W X U W X U W X U W X U W X U W X U W X U W X U W X U W X U W X U W X U W X, [8, 11, 14, 17, 20, 23, 26, 29, 32, 35, 38, 41, 44, 47, 50, 53, 56, 59, 62, 65, 68] - [-662678784, -663911058, -663911058, -663911058, -663911058, -663911058, -663911058, -663911058, -663911058, -663911058, -663911058, -663911058, -663911058, -663911058, -663911058, -663911058, -663911058, -663911058, -663911058, -663911058, -663911058]]
3571215 [main] INFO de.learnlib.api.logging.LoggingBlackBoxProperty - Property violated: '(false R (!((letter == "E") && (true U (letter == "U"))) || ((!(letter == "C") || (!(letter == "U") U (((letter == "X") && !(letter == "U")) && X (!(letter == "U") U (letter == "S"))))) U (letter == "U"))))'
3571215 [main] INFO de.learnlib.api.logging.LoggingBlackBoxProperty - Counter example for property: OmegaQuery[ε|D C D D E C D D E C D D E C D D E C D D E C D D E C D D E C D D E C D D E C D D E C D D E C D D E C D D E C D D E C D D E C D D E C D D E C D D E C D D E C D D E C D D E C D D E C / Y U W Z X U W Z X U W Z X U W Z X U W Z X U W Z X U W Z X U W Z X U W Z X U W Z X U W Z X U W Z X U W Z X U W Z X U W Z X U W Z X U W Z X U W Z X U W Z X U W Z X U W Z X U W Z X U, [6, 10, 14, 18, 22, 26, 30, 34, 38, 42, 46, 50, 54, 58, 62, 66, 70, 74, 78, 82, 86] - [-662873838, -662873838, -662873838, -662873838, -662873838, -662873838, -662873838, -662873838, -662873838, -662873838, -662873838, -662873838, -662873838, -662873838, -662873838, -662873838, -662873838, -662873838, -662873838, -662873838, -662873838]]
3571715 [main] INFO de.learnlib.api.logging.LoggingBlackBoxProperty - Property violated: '(false R ((letter == "Y") && (!!(letter == "W") || (!(letter == "U") W ((letter == "X") || (letter == "W"))))))'
3571716 [main] INFO de.learnlib.api.logging.LoggingBlackBoxProperty - Counter example for property: OmegaQuery[ε|D C D D E C D D E C D D E C D D E C D D E C D D E C D D E C D D E C D D E C D D E C D D E C D D E C D D E C D D E C D D E C D D E C D D E C D D E C D D E C D D E C D D E / Y U W Z X U W Z X U W Z X U W Z X U W Z X U W Z X U W Z X U W Z X U W Z X U W Z X U W Z X U W Z X U W Z X U W Z X U W Z X U W Z X U W Z X U W Z X U W Z X U W Z X U W Z X, [1, 5, 9, 13, 17, 21, 25, 29, 33, 37, 41, 45, 49, 53, 57, 61, 65, 69, 73, 77, 81] - [-662887761, -662887762, -662887762, -662887762, -662887762, -662887762, -662887762, -662887762, -662887762, -662887762, -662887762, -662887762, -662887762, -662887762, -662887762, -662887762, -662887762, -662887762, -662887762, -662887762, -662887762]]
3571844 [main] INFO de.learnlib.api.logging.LoggingBlackBoxProperty - Property violated: '(false R (!(letter == "D") || (true U ((letter == "U") && X (true U (letter == "V"))))))'
3571844 [main] INFO de.learnlib.api.logging.LoggingBlackBoxProperty - Counter example for property: OmegaQuery[ε|D C D D E C D D E C D D E C D D E C D D E C D D E C D D E C D D E C D D E C D D E C D D E C D D E C D D E C D D E C D D E C D D E C D D E C D D E C D D E C D D E C D D E C / Y U W Z X U W Z X U W Z X U W Z X U W Z X U W Z X U W Z X U W Z X U W Z X U W Z X U W Z X U W Z X U W Z X U W Z X U W Z X U W Z X U W Z X U W Z X U W Z X U W Z X U W Z X U, [2, 6, 10, 14, 18, 22, 26, 30, 34, 38, 42, 46, 50, 54, 58, 62, 66, 70, 74, 78, 82] - [-662873838, -662873838, -662873838, -662873838, -662873838, -662873838, -662873838, -662873838, -662873838, -662873838, -662873838, -662873838, -662873838, -662873838, -662873838, -662873838, -662873838, -662873838, -662873838, -662873838, -662873838]]
3571982 [main] INFO de.learnlib.api.logging.LoggingBlackBoxProperty - Property violated: '(false R ((letter == "B") && (!!(letter == "W") || ((!(letter == "A") || (!(letter == "W") U ((letter == "S") && !(letter == "W")))) W (letter == "W")))))'
3571982 [main] INFO de.learnlib.api.logging.LoggingBlackBoxProperty - Counter example for property: OmegaQuery[ε|D C D D E C D D E C D D E C D D E C D D E C D D E C D D E C D D E C D D E C D D E C D D E C D D E C D D E C D D E C D D E C D D E C D D E C D D E C D D E C D D E C D D E / Y U W Z X U W Z X U W Z X U W Z X U W Z X U W Z X U W Z X U W Z X U W Z X U W Z X U W Z X U W Z X U W Z X U W Z X U W Z X U W Z X U W Z X U W Z X U W Z X U W Z X U W Z X, [1, 5, 9, 13, 17, 21, 25, 29, 33, 37, 41, 45, 49, 53, 57, 61, 65, 69, 73, 77, 81] - [-662887761, -662887762, -662887762, -662887762, -662887762, -662887762, -662887762, -662887762, -662887762, -662887762, -662887762, -662887762, -662887762, -662887762, -662887762, -662887762, -662887762, -662887762, -662887762, -662887762, -662887762]]
3572107 [main] INFO de.learnlib.api.logging.LoggingBlackBoxProperty - Property violated: '(false R ((letter == "A") && (!!(letter == "E") || (!(letter == "W") W ((letter == "S") || (letter == "E"))))))'
3572107 [main] INFO de.learnlib.api.logging.LoggingBlackBoxProperty - Counter example for property: OmegaQuery[ε|D C D D E C D D E C D D E C D D E C D D E C D D E C D D E C D D E C D D E C D D E C D D E C D D E C D D E C D D E C D D E C D D E C D D E C D D E C D D E C D D E C D D E / Y U W Z X U W Z X U W Z X U W Z X U W Z X U W Z X U W Z X U W Z X U W Z X U W Z X U W Z X U W Z X U W Z X U W Z X U W Z X U W Z X U W Z X U W Z X U W Z X U W Z X U W Z X, [1, 5, 9, 13, 17, 21, 25, 29, 33, 37, 41, 45, 49, 53, 57, 61, 65, 69, 73, 77, 81] - [-662887761, -662887762, -662887762, -662887762, -662887762, -662887762, -662887762, -662887762, -662887762, -662887762, -662887762, -662887762, -662887762, -662887762, -662887762, -662887762, -662887762, -662887762, -662887762, -662887762, -662887762]]
3572383 [main] INFO de.learnlib.api.logging.LoggingBlackBoxProperty - Property violated: '(!(true U (letter == "Z")) || ((!(letter == "E") || (!(letter == "Z") U (((letter == "S") && !(letter == "Z")) && X (!(letter == "Z") U (letter == "U"))))) U (letter == "Z")))'
3572383 [main] INFO de.learnlib.api.logging.LoggingBlackBoxProperty - Counter example for property: OmegaQuery[ε|D C B D E C D D E C D D E C D D E C D D E C D D E C D D E C D D E C D D E C D D E C D D E C D D E C D D E C D D E C D D E C D D E C D D E C D D E C D D E C D D E C D D E C D D E C D D / Y U S U Y U W Z X U W Z X U W Z X U W Z X U W Z X U W Z X U W Z X U W Z X U W Z X U W Z X U W Z X U W Z X U W Z X U W Z X U W Z X U W Z X U W Z X U W Z X U W Z X U W Z X U W Z X U W Z, [8, 12, 16, 20, 24, 28, 32, 36, 40, 44, 48, 52, 56, 60, 64, 68, 72, 76, 80, 84, 88] - [-687111982, -687111982, -687111982, -687111982, -687111982, -687111982, -687111982, -687111982, -687111982, -687111982, -687111982, -687111982, -687111982, -687111982, -687111982, -687111982, -687111982, -687111982, -687111982, -687111982, -687111982]]
3572575 [main] INFO de.learnlib.api.logging.LoggingBlackBoxProperty - Property violated: '((false R !(letter == "X")) || (true U ((letter == "X") && (!(letter == "Z") W (letter == "V")))))'
3572575 [main] INFO de.learnlib.api.logging.LoggingBlackBoxProperty - Counter example for property: OmegaQuery[ε|D C D D E C D D E C D D E C D D E C D D E C D D E C D D E C D D E C D D E C D D E C D D E C D D E C D D E C D D E C D D E C D D E C D D E C D D E C D D E C D D E C D D E C D D E / Y U W Z X U W Z X U W Z X U W Z X U W Z X U W Z X U W Z X U W Z X U W Z X U W Z X U W Z X U W Z X U W Z X U W Z X U W Z X U W Z X U W Z X U W Z X U W Z X U W Z X U W Z X U W Z X, [5, 9, 13, 17, 21, 25, 29, 33, 37, 41, 45, 49, 53, 57, 61, 65, 69, 73, 77, 81, 85] - [-662887762, -662887762, -662887762, -662887762, -662887762, -662887762, -662887762, -662887762, -662887762, -662887762, -662887762, -662887762, -662887762, -662887762, -662887762, -662887762, -662887762, -662887762, -662887762, -662887762, -662887762]]
3573052 [main] INFO de.learnlib.api.logging.LoggingBlackBoxProperty - Property violated: '(false R (!(letter == "D") || (true U (((letter == "U") && !(letter == "V")) && X (!(letter == "V") U (letter == "Y"))))))'
3573053 [main] INFO de.learnlib.api.logging.LoggingBlackBoxProperty - Counter example for property: OmegaQuery[ε|D C D D B C B C D D C D D C D D C D D C D D C D D C D D C D D C D D C D D C D D C D D C D D C D D C D D C D D C D D C D D C D D C D D C D D C D D C D / Y U W Z W S W X U W X U W X U W X U W X U W X U W X U W X U W X U W X U W X U W X U W X U W X U W X U W X U W X U W X U W X U W X U W X U W X U W X U, [12, 15, 18, 21, 24, 27, 30, 33, 36, 39, 42, 45, 48, 51, 54, 57, 60, 63, 66, 69, 72] - [-663914539, -663914539, -663914539, -663914539, -663914539, -663914539, -663914539, -663914539, -663914539, -663914539, -663914539, -663914539, -663914539, -663914539, -663914539, -663914539, -663914539, -663914539, -663914539, -663914539, -663914539]]
3573270 [main] INFO de.learnlib.api.logging.LoggingBlackBoxProperty - Property violated: '(false R ((letter == "D") && (!!(letter == "W") || ((!(letter == "C") || (!(letter == "W") U ((letter == "Z") && !(letter == "W")))) W (letter == "W")))))'
3573270 [main] INFO de.learnlib.api.logging.LoggingBlackBoxProperty - Counter example for property: OmegaQuery[ε|D C D D E C D D E C D D E C D D E C D D E C D D E C D D E C D D E C D D E C D D E C D D E C D D E C D D E C D D E C D D E C D D E C D D E C D D E C D D E C D D E C D D E / Y U W Z X U W Z X U W Z X U W Z X U W Z X U W Z X U W Z X U W Z X U W Z X U W Z X U W Z X U W Z X U W Z X U W Z X U W Z X U W Z X U W Z X U W Z X U W Z X U W Z X U W Z X, [1, 5, 9, 13, 17, 21, 25, 29, 33, 37, 41, 45, 49, 53, 57, 61, 65, 69, 73, 77, 81] - [-662887761, -662887762, -662887762, -662887762, -662887762, -662887762, -662887762, -662887762, -662887762, -662887762, -662887762, -662887762, -662887762, -662887762, -662887762, -662887762, -662887762, -662887762, -662887762, -662887762, -662887762]]
3573634 [main] INFO de.learnlib.api.logging.LoggingBlackBoxProperty - Property violated: '(false R (!(((letter == "U") && !(letter == "S")) && (true U (letter == "S"))) || (!(letter == "Z") U ((letter == "C") || (letter == "S")))))'
3573634 [main] INFO de.learnlib.api.logging.LoggingBlackBoxProperty - Counter example for property: OmegaQuery[ε|D C D D E C B D D D D D D D D D D D D D D D D D D D D D D D D D D D D D D D D D D D D D D D D D D / Y U W Z X U S U U U U U U U U U U U U U U U U U U U U U U U U U U U U U U U U U U U U U U U U U U, [7, 9, 11, 13, 15, 17, 19, 21, 23, 25, 27, 29, 31, 33, 35, 37, 39, 41, 43, 45, 47] - [-662880741, -687115463, -687115463, -687115463, -687115463, -687115463, -687115463, -687115463, -687115463, -687115463, -687115463, -687115463, -687115463, -687115463, -687115463, -687115463, -687115463, -687115463, -687115463, -687115463, -687115463]]
3574186 [main] INFO de.learnlib.api.logging.LoggingBlackBoxProperty - Property violated: '(!(true U (letter == "S")) || (!(letter == "S") U (((letter == "T") && !(letter == "S")) && X (!(letter == "S") U (letter == "Z")))))'
3574186 [main] INFO de.learnlib.api.logging.LoggingBlackBoxProperty - Counter example for property: OmegaQuery[ε|D C D D B C D D D D D D D D D D D D D D D D D D D D D / Y U W Z W S S S S S S S S S S S S S S S S S S S S S S, [6, 7, 8, 9, 10, 11, 12, 13, 14, 15, 16, 17, 18, 19, 20, 21, 22, 23, 24, 25, 26] - [-674796263, -674796263, -674796263, -674796263, -674796263, -674796263, -674796263, -674796263, -674796263, -674796263, -674796263, -674796263, -674796263, -674796263, -674796263, -674796263, -674796263, -674796263, -674796263, -674796263, -674796263]]
3574348 [main] INFO de.learnlib.api.logging.LoggingBlackBoxProperty - Property violated: '(false R (!((letter == "E") && (true U (letter == "B"))) || ((!(letter == "D") || (!(letter == "B") U ((((letter == "S") && !(letter == "B")) && !(letter == "T")) && X ((!(letter == "B") && !(letter == "T")) U (letter == "Z"))))) U (letter == "B"))))'
3574348 [main] INFO de.learnlib.api.logging.LoggingBlackBoxProperty - Counter example for property: OmegaQuery[ε|D C D D E C D D E C B D D D D D D D D D D D D D D D D D D D D D D D D D D D D D D D D D D D D D D D D D D / Y U W Z X U W Z X U S U U U U U U U U U U U U U U U U U U U U U U U U U U U U U U U U U U U U U U U U U U, [11, 13, 15, 17, 19, 21, 23, 25, 27, 29, 31, 33, 35, 37, 39, 41, 43, 45, 47, 49, 51] - [-662880741, -687115463, -687115463, -687115463, -687115463, -687115463, -687115463, -687115463, -687115463, -687115463, -687115463, -687115463, -687115463, -687115463, -687115463, -687115463, -687115463, -687115463, -687115463, -687115463, -687115463]]
3574527 [main] INFO de.learnlib.api.logging.LoggingBlackBoxProperty - Property violated: '(false R ((letter == "S") && (!!(letter == "Z") || ((!(letter == "D") || (!(letter == "Z") U ((letter == "U") && !(letter == "Z")))) W (letter == "Z")))))'
3574527 [main] INFO de.learnlib.api.logging.LoggingBlackBoxProperty - Counter example for property: OmegaQuery[ε|D C D D E C D D E C D D E C D D E C D D E C D D E C D D E C D D E C D D E C D D E C D D E C D D E C D D E C D D E C D D E C D D E C D D E C D D E C D D E C D D E C D D E / Y U W Z X U W Z X U W Z X U W Z X U W Z X U W Z X U W Z X U W Z X U W Z X U W Z X U W Z X U W Z X U W Z X U W Z X U W Z X U W Z X U W Z X U W Z X U W Z X U W Z X U W Z X, [1, 5, 9, 13, 17, 21, 25, 29, 33, 37, 41, 45, 49, 53, 57, 61, 65, 69, 73, 77, 81] - [-662887761, -662887762, -662887762, -662887762, -662887762, -662887762, -662887762, -662887762, -662887762, -662887762, -662887762, -662887762, -662887762, -662887762, -662887762, -662887762, -662887762, -662887762, -662887762, -662887762, -662887762]]
3575242 [main] INFO de.learnlib.api.logging.LoggingBlackBoxProperty - Property violated: '(false R (!(letter == "Y") || ((!(letter == "D") || (!(letter == "X") U (((letter == "S") && !(letter == "X")) && X (!(letter == "X") U (letter == "U"))))) U ((letter == "X") || (false R (!(letter == "D") || ((letter == "S") && X (true U (letter == "U")))))))))'
3575242 [main] INFO de.learnlib.api.logging.LoggingBlackBoxProperty - Counter example for property: OmegaQuery[ε|D C B D E C D D E C D D E C D D E C D D E C D D E C D D E C D D E C D D E C D D E C D D E C D D E C D D E C D D E C D D E C D D E C D D E C D D E C D D E C D D E C D D E C D D E C D D E / Y U S U Y U W Z X U W Z X U W Z X U W Z X U W Z X U W Z X U W Z X U W Z X U W Z X U W Z X U W Z X U W Z X U W Z X U W Z X U W Z X U W Z X U W Z X U W Z X U W Z X U W Z X U W Z X U W Z X, [9, 13, 17, 21, 25, 29, 33, 37, 41, 45, 49, 53, 57, 61, 65, 69, 73, 77, 81, 85, 89] - [-687122425, -687122425, -687122425, -687122425, -687122425, -687122425, -687122425, -687122425, -687122425, -687122425, -687122425, -687122425, -687122425, -687122425, -687122425, -687122425, -687122425, -687122425, -687122425, -687122425, -687122425]]
3575522 [main] INFO de.learnlib.api.logging.LoggingBlackBoxProperty - Property violated: '(!(true U (letter == "U")) || ((!(letter == "C") || (!(letter == "U") U (((letter == "T") && !(letter == "U")) && X (!(letter == "U") U (letter == "W"))))) U (letter == "U")))'
3575522 [main] INFO de.learnlib.api.logging.LoggingBlackBoxProperty - Counter example for property: OmegaQuery[ε|D C D D E C D D E C D D E C D D E C D D E C D D E C D D E C D D E C D D E C D D E C D D E C D D E C D D E C D D E C D D E C D D E C D D E C D D E C D D E C D D E C D D E C / Y U W Z X U W Z X U W Z X U W Z X U W Z X U W Z X U W Z X U W Z X U W Z X U W Z X U W Z X U W Z X U W Z X U W Z X U W Z X U W Z X U W Z X U W Z X U W Z X U W Z X U W Z X U, [2, 6, 10, 14, 18, 22, 26, 30, 34, 38, 42, 46, 50, 54, 58, 62, 66, 70, 74, 78, 82] - [-662873838, -662873838, -662873838, -662873838, -662873838, -662873838, -662873838, -662873838, -662873838, -662873838, -662873838, -662873838, -662873838, -662873838, -662873838, -662873838, -662873838, -662873838, -662873838, -662873838, -662873838]]
3575638 [main] INFO de.learnlib.api.logging.LoggingBlackBoxProperty - Property violated: '(false R (!(letter == "C") || (false R (!(letter == "E") || (((letter == "S") && !(letter == "Y")) && X (!(letter == "Y") U (letter == "X")))))))'
3575638 [main] INFO de.learnlib.api.logging.LoggingBlackBoxProperty - Counter example for property: OmegaQuery[ε|D C D D E C D D E C D D E C D D E C D D E C D D E C D D E C D D E C D D E C D D E C D D E C D D E C D D E C D D E C D D E C D D E C D D E C D D E C D D E C D D E C D D E C D D E / Y U W Z X U W Z X U W Z X U W Z X U W Z X U W Z X U W Z X U W Z X U W Z X U W Z X U W Z X U W Z X U W Z X U W Z X U W Z X U W Z X U W Z X U W Z X U W Z X U W Z X U W Z X U W Z X, [5, 9, 13, 17, 21, 25, 29, 33, 37, 41, 45, 49, 53, 57, 61, 65, 69, 73, 77, 81, 85] - [-662887762, -662887762, -662887762, -662887762, -662887762, -662887762, -662887762, -662887762, -662887762, -662887762, -662887762, -662887762, -662887762, -662887762, -662887762, -662887762, -662887762, -662887762, -662887762, -662887762, -662887762]]
3575785 [main] INFO de.learnlib.api.logging.LoggingBlackBoxProperty - Property violated: '(false R (!((letter == "S") && (true U (letter == "C"))) || (((letter == "D") && (!X (!(letter == "C") U (letter == "B")) || X (!(letter == "C") U ((letter == "B") && (true U (letter == "Z")))))) U (letter == "C"))))'
3575785 [main] INFO de.learnlib.api.logging.LoggingBlackBoxProperty - Counter example for property: OmegaQuery[ε|D C D D B C B C D D C D D C D D C D D C D D C D D C D D C D D C D D C D D C D D C D D C D D C D D C D D C D D C D D C D D C D D C D D C D D C / Y U W Z W S W X U W X U W X U W X U W X U W X U W X U W X U W X U W X U W X U W X U W X U W X U W X U W X U W X U W X U W X U W X U W X U W X, [8, 11, 14, 17, 20, 23, 26, 29, 32, 35, 38, 41, 44, 47, 50, 53, 56, 59, 62, 65, 68] - [-662678784, -663911058, -663911058, -663911058, -663911058, -663911058, -663911058, -663911058, -663911058, -663911058, -663911058, -663911058, -663911058, -663911058, -663911058, -663911058, -663911058, -663911058, -663911058, -663911058, -663911058]]
3575984 [main] INFO de.learnlib.api.logging.LoggingBlackBoxProperty - Property violated: '(false R (!(letter == "E") || (false R (!(letter == "D") || (true U (letter == "W"))))))'
3575984 [main] INFO de.learnlib.api.logging.LoggingBlackBoxProperty - Counter example for property: OmegaQuery[ε|D C D D E C B D D D D D D D D D D D D D D D D D D D D D D D D D D D D D D D D D D D D D D D D D D D / Y U W Z X U S U U U U U U U U U U U U U U U U U U U U U U U U U U U U U U U U U U U U U U U U U U U, [8, 10, 12, 14, 16, 18, 20, 22, 24, 26, 28, 30, 32, 34, 36, 38, 40, 42, 44, 46, 48] - [-687118944, -687118944, -687118944, -687118944, -687118944, -687118944, -687118944, -687118944, -687118944, -687118944, -687118944, -687118944, -687118944, -687118944, -687118944, -687118944, -687118944, -687118944, -687118944, -687118944, -687118944]]
3576417 [main] INFO de.learnlib.api.logging.LoggingBlackBoxProperty - Property violated: '(false R ((letter == "W") && (!!(letter == "E") || (!(letter == "S") W ((letter == "V") || (letter == "E"))))))'
3576417 [main] INFO de.learnlib.api.logging.LoggingBlackBoxProperty - Counter example for property: OmegaQuery[ε|D C D D E C D D E C D D E C D D E C D D E C D D E C D D E C D D E C D D E C D D E C D D E C D D E C D D E C D D E C D D E C D D E C D D E C D D E C D D E C D D E C D D E / Y U W Z X U W Z X U W Z X U W Z X U W Z X U W Z X U W Z X U W Z X U W Z X U W Z X U W Z X U W Z X U W Z X U W Z X U W Z X U W Z X U W Z X U W Z X U W Z X U W Z X U W Z X, [1, 5, 9, 13, 17, 21, 25, 29, 33, 37, 41, 45, 49, 53, 57, 61, 65, 69, 73, 77, 81] - [-662887761, -662887762, -662887762, -662887762, -662887762, -662887762, -662887762, -662887762, -662887762, -662887762, -662887762, -662887762, -662887762, -662887762, -662887762, -662887762, -662887762, -662887762, -662887762, -662887762, -662887762]]
3576783 [main] INFO de.learnlib.api.logging.LoggingBlackBoxProperty - Property violated: '(false R (!(letter == "D") || (((letter == "B") && (!X (!(letter == "T") U (letter == "C")) || X (!(letter == "T") U ((letter == "C") && (true U (letter == "X")))))) U ((letter == "T") || (false R ((letter == "B") && (!X (!(letter == "T") U (letter == "C")) || X (!(letter == "T") U ((letter == "C") && (true U (letter == "X")))))))))))'
3576783 [main] INFO de.learnlib.api.logging.LoggingBlackBoxProperty - Counter example for property: OmegaQuery[ε|D C D D E C D D E C D D E C D D E C D D E C D D E C D D E C D D E C D D E C D D E C D D E C D D E C D D E C D D E C D D E C D D E C D D E C D D E C D D E C D D E C D D E / Y U W Z X U W Z X U W Z X U W Z X U W Z X U W Z X U W Z X U W Z X U W Z X U W Z X U W Z X U W Z X U W Z X U W Z X U W Z X U W Z X U W Z X U W Z X U W Z X U W Z X U W Z X, [1, 5, 9, 13, 17, 21, 25, 29, 33, 37, 41, 45, 49, 53, 57, 61, 65, 69, 73, 77, 81] - [-662887761, -662887762, -662887762, -662887762, -662887762, -662887762, -662887762, -662887762, -662887762, -662887762, -662887762, -662887762, -662887762, -662887762, -662887762, -662887762, -662887762, -662887762, -662887762, -662887762, -662887762]]
3577379 [main] INFO de.learnlib.api.logging.LoggingBlackBoxProperty - Property violated: '(false R (!(letter == "C") || ((!(letter == "D") || (!(letter == "X") U (((letter == "Z") && !(letter == "X")) && X (!(letter == "X") U (letter == "T"))))) U ((letter == "X") || (false R (!(letter == "D") || ((letter == "Z") && X (true U (letter == "T")))))))))'
3577379 [main] INFO de.learnlib.api.logging.LoggingBlackBoxProperty - Counter example for property: OmegaQuery[ε|D C D D B E C B C D D D D D D D D D D D D D D D D D D D D D D / Y U W Z W Z S W S S S S S S S S S S S S S S S S S S S S S S S, [10, 11, 12, 13, 14, 15, 16, 17, 18, 19, 20, 21, 22, 23, 24, 25, 26, 27, 28, 29, 30] - [-674796263, -674796263, -674796263, -674796263, -674796263, -674796263, -674796263, -674796263, -674796263, -674796263, -674796263, -674796263, -674796263, -674796263, -674796263, -674796263, -674796263, -674796263, -674796263, -674796263, -674796263]]
3577644 [main] INFO de.learnlib.api.logging.LoggingBlackBoxProperty - Property violated: '(false R (!(letter == "B") || (true U ((letter == "W") && X (true U (letter == "Y"))))))'
3577644 [main] INFO de.learnlib.api.logging.LoggingBlackBoxProperty - Counter example for property: OmegaQuery[ε|D C D D B C B C D D C D D C D D C D D C D D C D D C D D C D D C D D C D D C D D C D D C D D C D D C D D C D D C D D C D D C D D C D D C D D / Y U W Z W S W X U W X U W X U W X U W X U W X U W X U W X U W X U W X U W X U W X U W X U W X U W X U W X U W X U W X U W X U W X U W X U W, [7, 10, 13, 16, 19, 22, 25, 28, 31, 34, 37, 40, 43, 46, 49, 52, 55, 58, 61, 64, 67] - [-674792664, -663907577, -663907577, -663907577, -663907577, -663907577, -663907577, -663907577, -663907577, -663907577, -663907577, -663907577, -663907577, -663907577, -663907577, -663907577, -663907577, -663907577, -663907577, -663907577, -663907577]]
3577854 [main] INFO de.learnlib.api.logging.LoggingBlackBoxProperty - Property violated: '(false R (!(letter == "D") || (false R (!(letter == "B") || ((letter == "W") && X (true U (letter == "U")))))))'
3577854 [main] INFO de.learnlib.api.logging.LoggingBlackBoxProperty - Counter example for property: OmegaQuery[ε|D C D D B C D D D D D D D D D D D D D D D D D D D D D / Y U W Z W S S S S S S S S S S S S S S S S S S S S S S, [6, 7, 8, 9, 10, 11, 12, 13, 14, 15, 16, 17, 18, 19, 20, 21, 22, 23, 24, 25, 26] - [-674796263, -674796263, -674796263, -674796263, -674796263, -674796263, -674796263, -674796263, -674796263, -674796263, -674796263, -674796263, -674796263, -674796263, -674796263, -674796263, -674796263, -674796263, -674796263, -674796263, -674796263]]
3577998 [main] INFO de.learnlib.api.logging.LoggingBlackBoxProperty - Property violated: '(false R (!(letter == "C") || (true U ((letter == "S") && X (true U (letter == "U"))))))'
3577998 [main] INFO de.learnlib.api.logging.LoggingBlackBoxProperty - Counter example for property: OmegaQuery[ε|D C D D E C D D E C D D E C D D E C D D E C D D E C D D E C D D E C D D E C D D E C D D E C D D E C D D E C D D E C D D E C D D E C D D E C D D E C D D E C D D E C D D E C / Y U W Z X U W Z X U W Z X U W Z X U W Z X U W Z X U W Z X U W Z X U W Z X U W Z X U W Z X U W Z X U W Z X U W Z X U W Z X U W Z X U W Z X U W Z X U W Z X U W Z X U W Z X U, [2, 6, 10, 14, 18, 22, 26, 30, 34, 38, 42, 46, 50, 54, 58, 62, 66, 70, 74, 78, 82] - [-662873838, -662873838, -662873838, -662873838, -662873838, -662873838, -662873838, -662873838, -662873838, -662873838, -662873838, -662873838, -662873838, -662873838, -662873838, -662873838, -662873838, -662873838, -662873838, -662873838, -662873838]]
3578139 [main] INFO de.learnlib.api.logging.LoggingBlackBoxProperty - Property violated: '((false R !(letter == "B")) || (true U ((letter == "B") && (!(letter == "S") W (letter == "A")))))'
3578139 [main] INFO de.learnlib.api.logging.LoggingBlackBoxProperty - Counter example for property: OmegaQuery[ε|D C D D B C D D D D D D D D D D D D D D D D D D D D D / Y U W Z W S S S S S S S S S S S S S S S S S S S S S S, [6, 7, 8, 9, 10, 11, 12, 13, 14, 15, 16, 17, 18, 19, 20, 21, 22, 23, 24, 25, 26] - [-674796263, -674796263, -674796263, -674796263, -674796263, -674796263, -674796263, -674796263, -674796263, -674796263, -674796263, -674796263, -674796263, -674796263, -674796263, -674796263, -674796263, -674796263, -674796263, -674796263, -674796263]]
3579017 [main] INFO de.learnlib.api.logging.LoggingBlackBoxProperty - Property violated: '(!(letter == "U") W (letter == "W"))'
3579017 [main] INFO de.learnlib.api.logging.LoggingBlackBoxProperty - Counter example for property: OmegaQuery[ε|D C D D E C D D E C D D E C D D E C D D E C D D E C D D E C D D E C D D E C D D E C D D E C D D E C D D E C D D E C D D E C D D E C D D E C D D E C D D E C D D E C D D E C / Y U W Z X U W Z X U W Z X U W Z X U W Z X U W Z X U W Z X U W Z X U W Z X U W Z X U W Z X U W Z X U W Z X U W Z X U W Z X U W Z X U W Z X U W Z X U W Z X U W Z X U W Z X U, [2, 6, 10, 14, 18, 22, 26, 30, 34, 38, 42, 46, 50, 54, 58, 62, 66, 70, 74, 78, 82] - [-662873838, -662873838, -662873838, -662873838, -662873838, -662873838, -662873838, -662873838, -662873838, -662873838, -662873838, -662873838, -662873838, -662873838, -662873838, -662873838, -662873838, -662873838, -662873838, -662873838, -662873838]]
3579171 [main] INFO de.learnlib.api.logging.LoggingBlackBoxProperty - Property violated: '(!(true U (letter == "Z")) || ((!(letter == "E") || (!(letter == "Z") U ((letter == "Y") && !(letter == "Z")))) U (letter == "Z")))'
3579171 [main] INFO de.learnlib.api.logging.LoggingBlackBoxProperty - Counter example for property: OmegaQuery[ε|D C B E B C D E C D D E C D D E C D D E C D D E C D D E C D D E C D D E C D D E C D D E C D D E C D D E C D D E C D D E C D D E C D D E C D D E C D D E C D D E C D D E C D D E C D D E C D D / Y U S X W X U X U W Z X U W Z X U W Z X U W Z X U W Z X U W Z X U W Z X U W Z X U W Z X U W Z X U W Z X U W Z X U W Z X U W Z X U W Z X U W Z X U W Z X U W Z X U W Z X U W Z X U W Z X U W Z, [11, 15, 19, 23, 27, 31, 35, 39, 43, 47, 51, 55, 59, 63, 67, 71, 75, 79, 83, 87, 91] - [-662877201, -662877201, -662877201, -662877201, -662877201, -662877201, -662877201, -662877201, -662877201, -662877201, -662877201, -662877201, -662877201, -662877201, -662877201, -662877201, -662877201, -662877201, -662877201, -662877201, -662877201]]
3579395 [main] INFO de.learnlib.api.logging.LoggingBlackBoxProperty - Property violated: '(false R (!(letter == "Z") || (false R (!(letter == "E") || (true U (letter == "V"))))))'
3579395 [main] INFO de.learnlib.api.logging.LoggingBlackBoxProperty - Counter example for property: OmegaQuery[ε|D C D D E C D D E C D D E C D D E C D D E C D D E C D D E C D D E C D D E C D D E C D D E C D D E C D D E C D D E C D D E C D D E C D D E C D D E C D D E C D D E C D D E C D D E / Y U W Z X U W Z X U W Z X U W Z X U W Z X U W Z X U W Z X U W Z X U W Z X U W Z X U W Z X U W Z X U W Z X U W Z X U W Z X U W Z X U W Z X U W Z X U W Z X U W Z X U W Z X U W Z X, [5, 9, 13, 17, 21, 25, 29, 33, 37, 41, 45, 49, 53, 57, 61, 65, 69, 73, 77, 81, 85] - [-662887762, -662887762, -662887762, -662887762, -662887762, -662887762, -662887762, -662887762, -662887762, -662887762, -662887762, -662887762, -662887762, -662887762, -662887762, -662887762, -662887762, -662887762, -662887762, -662887762, -662887762]]
3580447 [main] INFO de.learnlib.api.logging.LoggingBlackBoxProperty - Property violated: '(false R (!(letter == "E") || (!(true U (letter == "Y")) || (!(letter == "Y") U ((letter == "X") || (((letter == "Z") && !(letter == "Y")) && X (!(letter == "Y") U (letter == "D"))))))))'
3580447 [main] INFO de.learnlib.api.logging.LoggingBlackBoxProperty - Counter example for property: OmegaQuery[ε|D C D D B C B E D D B C E C C C C C C C C C C C C C C C C C C C C C C / Y U W Z W S W U W Z W S Z Y Y Y Y Y Y Y Y Y Y Y Y Y Y Y Y Y Y Y Y Y Y, [14, 15, 16, 17, 18, 19, 20, 21, 22, 23, 24, 25, 26, 27, 28, 29, 30, 31, 32, 33, 34] - [-639676336, -639676336, -639676336, -639676336, -639676336, -639676336, -639676336, -639676336, -639676336, -639676336, -639676336, -639676336, -639676336, -639676336, -639676336, -639676336, -639676336, -639676336, -639676336, -639676336, -639676336]]
3580883 [main] INFO de.learnlib.api.logging.LoggingBlackBoxProperty - Property violated: '(false R (!(((letter == "E") && !(letter == "Y")) && (true U (letter == "Y"))) || (!(letter == "Z") U ((letter == "W") || (letter == "Y")))))'
3580883 [main] INFO de.learnlib.api.logging.LoggingBlackBoxProperty - Counter example for property: OmegaQuery[ε|D C D D E C B E E D E B D E C D D E C D D E C D D E C D D E C D D E C D D E C D D E C D D E C D D E C D D E C D D E C D D E C D D E C D D E C D D E C D D E C D D E C D D E C D D E C D D E C D D E / Y U W Z X U S X Z W U S U Y U W Z X U W Z X U W Z X U W Z X U W Z X U W Z X U W Z X U W Z X U W Z X U W Z X U W Z X U W Z X U W Z X U W Z X U W Z X U W Z X U W Z X U W Z X U W Z X U W Z X U W Z X, [14, 18, 22, 26, 30, 34, 38, 42, 46, 50, 54, 58, 62, 66, 70, 74, 78, 82, 86, 90, 94] - [-687122425, -687122425, -687122425, -687122425, -687122425, -687122425, -687122425, -687122425, -687122425, -687122425, -687122425, -687122425, -687122425, -687122425, -687122425, -687122425, -687122425, -687122425, -687122425, -687122425, -687122425]]
3581927 [main] INFO de.learnlib.api.logging.LoggingBlackBoxProperty - Property violated: '(false R (!(letter == "S") || (false R (!(letter == "B") || (((letter == "X") && !(letter == "Z")) && X (!(letter == "Z") U (letter == "V")))))))'
3581927 [main] INFO de.learnlib.api.logging.LoggingBlackBoxProperty - Counter example for property: OmegaQuery[ε|D C D D B C B C D D C D D C D D C D D C D D C D D C D D C D D C D D C D D C D D C D D C D D C D D C D D C D D C D D C D D C D D C D D C D D / Y U W Z W S W X U W X U W X U W X U W X U W X U W X U W X U W X U W X U W X U W X U W X U W X U W X U W X U W X U W X U W X U W X U W X U W, [7, 10, 13, 16, 19, 22, 25, 28, 31, 34, 37, 40, 43, 46, 49, 52, 55, 58, 61, 64, 67] - [-674792664, -663907577, -663907577, -663907577, -663907577, -663907577, -663907577, -663907577, -663907577, -663907577, -663907577, -663907577, -663907577, -663907577, -663907577, -663907577, -663907577, -663907577, -663907577, -663907577, -663907577]]
