13 [main] INFO nl.utwente.fmt.rers.Main - multiplier is: 1.0
13 [main] INFO nl.utwente.fmt.rers.Main - minimum unfolds is : 3
179 [main] INFO nl.utwente.fmt.rers.RERSExperiment - Parsed formula #1: ((false R !(letter == "D")) || (!(letter == "D") U ((letter == "D") && (!(true U ((letter == "W") && X (true U (letter == "Z")))) || (!(letter == "W") U (letter == "G"))))))
181 [main] INFO nl.utwente.fmt.rers.RERSExperiment - Parsed formula #2: (!(true U (letter == "T")) || ((!(letter == "H") || (!(letter == "T") U ((((letter == "W") && !(letter == "T")) && !(letter == "Y")) && X ((!(letter == "T") && !(letter == "Y")) U (letter == "R"))))) U (letter == "T")))
182 [main] INFO nl.utwente.fmt.rers.RERSExperiment - Parsed formula #3: ((false R !(letter == "K")) || (!(letter == "K") U ((letter == "K") && (!(true U (letter == "W")) || (!(letter == "W") U (((letter == "T") && !(letter == "W")) && X (!(letter == "W") U (letter == "Y"))))))))
183 [main] INFO nl.utwente.fmt.rers.RERSExperiment - Parsed formula #4: (false R (!(letter == "U") || ((!(((letter == "Y") && !(letter == "R")) && X (!(letter == "R") U ((letter == "V") && !(letter == "R")))) U ((letter == "R") || (letter == "A"))) || (false R !((letter == "Y") && X (true U (letter == "V")))))))
185 [main] INFO nl.utwente.fmt.rers.RERSExperiment - Parsed formula #5: (false R (!((letter == "L") && (true U (letter == "U"))) || (!(letter == "P") U ((letter == "U") || (((letter == "Q") && !(letter == "P")) && X (!(letter == "P") U (letter == "Y")))))))
187 [main] INFO nl.utwente.fmt.rers.RERSExperiment - Parsed formula #6: (false R (!(((letter == "E") && !(letter == "P")) && (true U (letter == "P"))) || (!(letter == "R") U ((letter == "G") || (letter == "P")))))
187 [main] INFO nl.utwente.fmt.rers.RERSExperiment - Parsed formula #7: (false R (!(((letter == "C") && !(letter == "H")) && (true U (letter == "H"))) || ((!(letter == "D") || (!(letter == "H") U ((letter == "V") && !(letter == "H")))) U (letter == "H"))))
188 [main] INFO nl.utwente.fmt.rers.RERSExperiment - Parsed formula #8: (false R (!(letter == "X") || (false R (!(letter == "K") || (((letter == "P") && !(letter == "Y")) && X (!(letter == "Y") U (letter == "W")))))))
188 [main] INFO nl.utwente.fmt.rers.RERSExperiment - Parsed formula #9: (false R (!(letter == "H") || ((!(letter == "D") || (!(letter == "C") U (((letter == "Y") && !(letter == "C")) && X (!(letter == "C") U (letter == "S"))))) U ((letter == "C") || (false R (!(letter == "D") || ((letter == "Y") && X (true U (letter == "S")))))))))
189 [main] INFO nl.utwente.fmt.rers.RERSExperiment - Parsed formula #10: (!(true U (letter == "G")) || ((!(letter == "A") || (!(letter == "G") U (((letter == "R") && !(letter == "G")) && X (!(letter == "G") U (letter == "S"))))) U (letter == "G")))
190 [main] INFO nl.utwente.fmt.rers.RERSExperiment - Parsed formula #11: (!(true U (letter == "F")) || (!(letter == "W") U ((letter == "F") || (((letter == "L") && !(letter == "W")) && X (!(letter == "W") U (letter == "X"))))))
190 [main] INFO nl.utwente.fmt.rers.RERSExperiment - Parsed formula #12: (false R (!((letter == "L") && (true U (letter == "E"))) || ((!(letter == "B") || (!(letter == "E") U ((((letter == "W") && !(letter == "E")) && !(letter == "S")) && X ((!(letter == "E") && !(letter == "S")) U (letter == "Z"))))) U (letter == "E"))))
190 [main] INFO nl.utwente.fmt.rers.RERSExperiment - Parsed formula #13: (!(letter == "Q") W (letter == "L"))
191 [main] INFO nl.utwente.fmt.rers.RERSExperiment - Parsed formula #14: (false R (!(letter == "P") || (false R (!(letter == "F") || (true U (letter == "Q"))))))
192 [main] INFO nl.utwente.fmt.rers.RERSExperiment - Parsed formula #15: (false R (!(letter == "W") || (!(true U (letter == "X")) || (!(letter == "X") U ((letter == "R") || (((letter == "N") && !(letter == "X")) && X (!(letter == "X") U (letter == "A"))))))))
192 [main] INFO nl.utwente.fmt.rers.RERSExperiment - Parsed formula #16: (false R (!((letter == "Y") && (true U (letter == "U"))) || (!(letter == "Z") U ((letter == "U") || (((letter == "O") && !(letter == "Z")) && X (!(letter == "Z") U (letter == "R")))))))
193 [main] INFO nl.utwente.fmt.rers.RERSExperiment - Parsed formula #17: (!(true U (letter == "A")) || (((letter == "L") && (!X (!(letter == "A") U (letter == "J")) || X (!(letter == "A") U ((letter == "J") && (true U (letter == "X")))))) U (letter == "A")))
193 [main] INFO nl.utwente.fmt.rers.RERSExperiment - Parsed formula #18: (false R (!(letter == "R") || (false R (!(letter == "A") || ((letter == "Z") && X (true U (letter == "P")))))))
193 [main] INFO nl.utwente.fmt.rers.RERSExperiment - Parsed formula #19: (false R (!((letter == "I") && (true U (letter == "J"))) || (!(letter == "P") U ((letter == "J") || (((letter == "S") && !(letter == "P")) && X (!(letter == "P") U (letter == "M")))))))
194 [main] INFO nl.utwente.fmt.rers.RERSExperiment - Parsed formula #20: ((false R !(letter == "S")) || (!(letter == "S") U ((letter == "S") && (!(true U (letter == "W")) || (!(letter == "W") U (((letter == "Q") && !(letter == "W")) && X (!(letter == "W") U (letter == "A"))))))))
194 [main] INFO nl.utwente.fmt.rers.RERSExperiment - Parsed formula #21: (false R (!(letter == "W") || (false R (!(letter == "O") || ((letter == "Z") && X (true U (letter == "T")))))))
195 [main] INFO nl.utwente.fmt.rers.RERSExperiment - Parsed formula #22: (false R (!((letter == "I") && (true U (letter == "D"))) || (((letter == "E") && (!X (!(letter == "D") U (letter == "B")) || X (!(letter == "D") U ((letter == "B") && (true U (letter == "W")))))) U (letter == "D"))))
195 [main] INFO nl.utwente.fmt.rers.RERSExperiment - Parsed formula #23: (false R ((letter == "R") && (!!(letter == "O") || (!(letter == "Q") W ((letter == "N") || (letter == "O"))))))
195 [main] INFO nl.utwente.fmt.rers.RERSExperiment - Parsed formula #24: (!(true U (letter == "E")) || ((!(letter == "L") || (!(letter == "E") U ((letter == "S") && !(letter == "E")))) U (letter == "E")))
196 [main] INFO nl.utwente.fmt.rers.RERSExperiment - Parsed formula #25: (false R (!((letter == "P") && (true U (letter == "W"))) || (!(((letter == "T") && !(letter == "W")) && X (!(letter == "W") U ((letter == "Z") && !(letter == "W")))) U ((letter == "W") || (letter == "R")))))
196 [main] INFO nl.utwente.fmt.rers.RERSExperiment - Parsed formula #26: (false R (!(letter == "U") || (false R (!(letter == "N") || (((letter == "X") && !(letter == "S")) && X (!(letter == "S") U (letter == "V")))))))
196 [main] INFO nl.utwente.fmt.rers.RERSExperiment - Parsed formula #27: (false R ((letter == "N") && (!X (true U (letter == "L")) || X (true U ((letter == "L") && (true U (letter == "W")))))))
197 [main] INFO nl.utwente.fmt.rers.RERSExperiment - Parsed formula #28: (false R (!((letter == "I") && (true U (letter == "T"))) || ((!(letter == "K") || (!(letter == "T") U ((((letter == "X") && !(letter == "T")) && !(letter == "U")) && X ((!(letter == "T") && !(letter == "U")) U (letter == "Z"))))) U (letter == "T"))))
197 [main] INFO nl.utwente.fmt.rers.RERSExperiment - Parsed formula #29: (false R (!(letter == "K") || ((!(letter == "F") || (!(letter == "P") U ((((letter == "X") && !(letter == "P")) && !(letter == "Q")) && X ((!(letter == "P") && !(letter == "Q")) U (letter == "Z"))))) U ((letter == "P") || (false R (!(letter == "F") || (((letter == "X") && !(letter == "Q")) && X (!(letter == "Q") U (letter == "Z")))))))))
197 [main] INFO nl.utwente.fmt.rers.RERSExperiment - Parsed formula #30: (false R (!(((letter == "S") && !(letter == "K")) && (true U (letter == "K"))) || (!(letter == "Y") U ((letter == "F") || (letter == "K")))))
198 [main] INFO nl.utwente.fmt.rers.RERSExperiment - Parsed formula #31: (false R (!(letter == "C") || (false R ((letter == "O") && (!X (true U (letter == "N")) || X (!(letter == "N") U ((letter == "N") && (true U (letter == "V")))))))))
198 [main] INFO nl.utwente.fmt.rers.RERSExperiment - Parsed formula #32: ((false R !(letter == "Y")) || (!(letter == "Y") U ((letter == "Y") && (!(true U ((letter == "Q") && X (true U (letter == "V")))) || (!(letter == "Q") U (letter == "D"))))))
198 [main] INFO nl.utwente.fmt.rers.RERSExperiment - Parsed formula #33: ((false R !(letter == "J")) || (!(letter == "J") U ((letter == "J") && (!(true U (letter == "Q")) || (!(letter == "Q") U (((letter == "Z") && !(letter == "Q")) && X (!(letter == "Q") U (letter == "N"))))))))
199 [main] INFO nl.utwente.fmt.rers.RERSExperiment - Parsed formula #34: (false R ((letter == "F") && (!!(letter == "K") || (!(letter == "X") W ((letter == "L") || (letter == "K"))))))
199 [main] INFO nl.utwente.fmt.rers.RERSExperiment - Parsed formula #35: (false R (!(letter == "E") || (true U (letter == "Z"))))
199 [main] INFO nl.utwente.fmt.rers.RERSExperiment - Parsed formula #36: (false R (!(letter == "J") || (true U (letter == "V"))))
200 [main] INFO nl.utwente.fmt.rers.RERSExperiment - Parsed formula #37: (!(true U (letter == "U")) || ((!(letter == "C") || (!(letter == "U") U ((((letter == "R") && !(letter == "U")) && !(letter == "V")) && X ((!(letter == "U") && !(letter == "V")) U (letter == "W"))))) U (letter == "U")))
200 [main] INFO nl.utwente.fmt.rers.RERSExperiment - Parsed formula #38: (!(true U (letter == "I")) || ((!(letter == "O") || (!(letter == "I") U ((((letter == "T") && !(letter == "I")) && !(letter == "R")) && X ((!(letter == "I") && !(letter == "R")) U (letter == "Z"))))) U (letter == "I")))
200 [main] INFO nl.utwente.fmt.rers.RERSExperiment - Parsed formula #39: (!(true U (letter == "X")) || (!(((letter == "W") && !(letter == "X")) && X (!(letter == "X") U ((letter == "Q") && !(letter == "X")))) U ((letter == "X") || (letter == "T"))))
200 [main] INFO nl.utwente.fmt.rers.RERSExperiment - Parsed formula #40: (false R (!(letter == "U") || (false R (!(letter == "H") || (true U (letter == "P"))))))
201 [main] INFO nl.utwente.fmt.rers.RERSExperiment - Parsed formula #41: (false R (!(letter == "V") || (((letter == "J") && (!X (!(letter == "H") U (letter == "A")) || X (!(letter == "H") U ((letter == "A") && (true U (letter == "P")))))) U ((letter == "H") || (false R ((letter == "J") && (!X (!(letter == "H") U (letter == "A")) || X (!(letter == "H") U ((letter == "A") && (true U (letter == "P")))))))))))
202 [main] INFO nl.utwente.fmt.rers.RERSExperiment - Parsed formula #42: (false R (!(letter == "H") || (false R ((letter == "G") && (!X (true U (letter == "F")) || X (!(letter == "F") U ((letter == "F") && (true U (letter == "Z")))))))))
202 [main] INFO nl.utwente.fmt.rers.RERSExperiment - Parsed formula #43: (false R (!((letter == "Q") && (true U (letter == "D"))) || (!(letter == "W") U ((letter == "D") || (((letter == "I") && !(letter == "W")) && X (!(letter == "W") U (letter == "M")))))))
202 [main] INFO nl.utwente.fmt.rers.RERSExperiment - Parsed formula #44: (!(true U (letter == "T")) || (!(letter == "T") U (((letter == "G") && !(letter == "T")) && X (!(letter == "T") U (letter == "V")))))
202 [main] INFO nl.utwente.fmt.rers.RERSExperiment - Parsed formula #45: (!(true U (letter == "W")) || (!(letter == "W") U (((letter == "B") && !(letter == "W")) && X (!(letter == "W") U (letter == "E")))))
203 [main] INFO nl.utwente.fmt.rers.RERSExperiment - Parsed formula #46: (false R (!(letter == "V") || (!(true U (letter == "Y")) || (!(letter == "Y") U ((letter == "U") || (((letter == "I") && !(letter == "Y")) && X (!(letter == "Y") U (letter == "F"))))))))
203 [main] INFO nl.utwente.fmt.rers.RERSExperiment - Parsed formula #47: (false R (!((letter == "I") && (true U (letter == "K"))) || (!(letter == "S") U ((letter == "K") || (((letter == "W") && !(letter == "S")) && X (!(letter == "S") U (letter == "X")))))))
203 [main] INFO nl.utwente.fmt.rers.RERSExperiment - Parsed formula #48: (false R ((letter == "N") && (!X (true U (letter == "M")) || X (true U ((letter == "M") && (true U (letter == "T")))))))
203 [main] INFO nl.utwente.fmt.rers.RERSExperiment - Parsed formula #49: (false R (!(((letter == "H") && !(letter == "I")) && (true U (letter == "I"))) || (!(letter == "Y") U ((letter == "B") || (letter == "I")))))
204 [main] INFO nl.utwente.fmt.rers.RERSExperiment - Parsed formula #50: (!(true U (letter == "X")) || (!(letter == "X") U (((letter == "U") && !(letter == "X")) && X (!(letter == "X") U (letter == "F")))))
204 [main] INFO nl.utwente.fmt.rers.RERSExperiment - Parsed formula #51: (false R (!((letter == "L") && (true U (letter == "G"))) || (!(((letter == "W") && !(letter == "G")) && X (!(letter == "G") U ((letter == "Y") && !(letter == "G")))) U ((letter == "G") || (letter == "Q")))))
204 [main] INFO nl.utwente.fmt.rers.RERSExperiment - Parsed formula #52: (!(true U (letter == "C")) || ((!(letter == "D") || (!(letter == "C") U ((letter == "P") && !(letter == "C")))) U (letter == "C")))
204 [main] INFO nl.utwente.fmt.rers.RERSExperiment - Parsed formula #53: (!(true U (letter == "F")) || ((!(letter == "A") || (!(letter == "F") U (((letter == "T") && !(letter == "F")) && X (!(letter == "F") U (letter == "U"))))) U (letter == "F")))
205 [main] INFO nl.utwente.fmt.rers.RERSExperiment - Parsed formula #54: (false R (!((letter == "D") && (true U (letter == "J"))) || (((letter == "A") && (!X (!(letter == "J") U (letter == "I")) || X (!(letter == "J") U ((letter == "I") && (true U (letter == "W")))))) U (letter == "J"))))
205 [main] INFO nl.utwente.fmt.rers.RERSExperiment - Parsed formula #55: (!(true U (letter == "B")) || ((!(letter == "A") || (!(letter == "B") U ((((letter == "V") && !(letter == "B")) && !(letter == "X")) && X ((!(letter == "B") && !(letter == "X")) U (letter == "P"))))) U (letter == "B")))
205 [main] INFO nl.utwente.fmt.rers.RERSExperiment - Parsed formula #56: (false R (!(letter == "W") || (false R (!(letter == "G") || ((letter == "S") && X (true U (letter == "Q")))))))
205 [main] INFO nl.utwente.fmt.rers.RERSExperiment - Parsed formula #57: (false R (!(letter == "N") || (true U (letter == "Y"))))
205 [main] INFO nl.utwente.fmt.rers.RERSExperiment - Parsed formula #58: (false R (!(letter == "M") || (true U ((letter == "V") && X (true U (letter == "R"))))))
206 [main] INFO nl.utwente.fmt.rers.RERSExperiment - Parsed formula #59: (false R (!((letter == "O") && (true U (letter == "K"))) || (!(((letter == "V") && !(letter == "K")) && X (!(letter == "K") U ((letter == "Q") && !(letter == "K")))) U ((letter == "K") || (letter == "B")))))
206 [main] INFO nl.utwente.fmt.rers.RERSExperiment - Parsed formula #60: (!(true U ((letter == "X") && X (true U (letter == "P")))) || (!(letter == "X") U (letter == "V")))
206 [main] INFO nl.utwente.fmt.rers.RERSExperiment - Parsed formula #61: (false R (!(letter == "B") || (false R (!(letter == "O") || (true U (letter == "S"))))))
206 [main] INFO nl.utwente.fmt.rers.RERSExperiment - Parsed formula #62: (!(letter == "P") W (letter == "A"))
206 [main] INFO nl.utwente.fmt.rers.RERSExperiment - Parsed formula #63: (!(true U ((letter == "Q") && X (true U (letter == "S")))) || (!(letter == "Q") U (letter == "I")))
207 [main] INFO nl.utwente.fmt.rers.RERSExperiment - Parsed formula #64: (!(true U (letter == "C")) || (!(((letter == "S") && !(letter == "C")) && X (!(letter == "C") U ((letter == "R") && !(letter == "C")))) U ((letter == "C") || (letter == "F"))))
207 [main] INFO nl.utwente.fmt.rers.RERSExperiment - Parsed formula #65: (!(true U (letter == "A")) || (!(letter == "Z") U ((letter == "A") || (((letter == "L") && !(letter == "Z")) && X (!(letter == "Z") U (letter == "O"))))))
207 [main] INFO nl.utwente.fmt.rers.RERSExperiment - Parsed formula #66: (false R (!(letter == "V") || (false R (!(letter == "H") || ((letter == "P") && X (true U (letter == "R")))))))
208 [main] INFO nl.utwente.fmt.rers.RERSExperiment - Parsed formula #67: (false R (!((letter == "C") && (true U (letter == "N"))) || ((!(letter == "E") || (!(letter == "N") U (((letter == "S") && !(letter == "N")) && X (!(letter == "N") U (letter == "R"))))) U (letter == "N"))))
208 [main] INFO nl.utwente.fmt.rers.RERSExperiment - Parsed formula #68: (false R (!(letter == "H") || (true U ((letter == "R") && X (true U (letter == "W"))))))
208 [main] INFO nl.utwente.fmt.rers.RERSExperiment - Parsed formula #69: (false R (!(letter == "B") || (false R (!(letter == "F") || (((letter == "V") && !(letter == "Y")) && X (!(letter == "Y") U (letter == "P")))))))
209 [main] INFO nl.utwente.fmt.rers.RERSExperiment - Parsed formula #70: (false R ((letter == "Y") && (!!(letter == "M") || (!(letter == "Z") W ((letter == "C") || (letter == "M"))))))
209 [main] INFO nl.utwente.fmt.rers.RERSExperiment - Parsed formula #71: (false R (!(letter == "Q") || (!(true U (letter == "Z")) || (!(letter == "Z") U ((letter == "X") || (((letter == "H") && !(letter == "Z")) && X (!(letter == "Z") U (letter == "U"))))))))
209 [main] INFO nl.utwente.fmt.rers.RERSExperiment - Parsed formula #72: (false R ((letter == "T") && (!!(letter == "Y") || (!(letter == "Z") W ((letter == "A") || (letter == "Y"))))))
209 [main] INFO nl.utwente.fmt.rers.RERSExperiment - Parsed formula #73: ((false R !(letter == "U")) || (!(letter == "U") U ((letter == "U") && (!(true U (letter == "Y")) || (!(letter == "Y") U (((letter == "N") && !(letter == "Y")) && X (!(letter == "Y") U (letter == "J"))))))))
209 [main] INFO nl.utwente.fmt.rers.RERSExperiment - Parsed formula #74: (!(letter == "W") W (letter == "U"))
210 [main] INFO nl.utwente.fmt.rers.RERSExperiment - Parsed formula #75: (false R (!((letter == "N") && (true U (letter == "X"))) || (!(letter == "Y") U ((letter == "X") || (((letter == "F") && !(letter == "Y")) && X (!(letter == "Y") U (letter == "S")))))))
210 [main] INFO nl.utwente.fmt.rers.RERSExperiment - Parsed formula #76: (false R (!((letter == "M") && (true U (letter == "N"))) || ((!(letter == "A") || (!(letter == "N") U ((((letter == "R") && !(letter == "N")) && !(letter == "T")) && X ((!(letter == "N") && !(letter == "T")) U (letter == "X"))))) U (letter == "N"))))
210 [main] INFO nl.utwente.fmt.rers.RERSExperiment - Parsed formula #77: (false R ((letter == "A") && (!X (true U (letter == "E")) || X (true U ((letter == "E") && (true U (letter == "P")))))))
210 [main] INFO nl.utwente.fmt.rers.RERSExperiment - Parsed formula #78: (false R (!(letter == "Y") || (false R (!(letter == "F") || (true U (letter == "Q"))))))
210 [main] INFO nl.utwente.fmt.rers.RERSExperiment - Parsed formula #79: (!(true U (letter == "E")) || ((!(letter == "F") || (!(letter == "E") U (((letter == "Y") && !(letter == "E")) && X (!(letter == "E") U (letter == "Q"))))) U (letter == "E")))
210 [main] INFO nl.utwente.fmt.rers.RERSExperiment - Parsed formula #80: (!(true U (letter == "D")) || ((!(letter == "E") || (!(letter == "D") U ((letter == "W") && !(letter == "D")))) U (letter == "D")))
211 [main] INFO nl.utwente.fmt.rers.RERSExperiment - Parsed formula #81: ((false R !(letter == "H")) || (!(letter == "H") U ((letter == "H") && (!(true U ((letter == "Z") && X (true U (letter == "X")))) || (!(letter == "Z") U (letter == "N"))))))
211 [main] INFO nl.utwente.fmt.rers.RERSExperiment - Parsed formula #82: (false R (!(letter == "J") || (!(true U (letter == "Y")) || (!(letter == "Y") U ((letter == "D") || (((letter == "T") && !(letter == "Y")) && X (!(letter == "Y") U (letter == "W"))))))))
211 [main] INFO nl.utwente.fmt.rers.RERSExperiment - Parsed formula #83: (false R (!((letter == "L") && (true U (letter == "U"))) || (!(letter == "R") U ((letter == "U") || (((letter == "V") && !(letter == "R")) && X (!(letter == "R") U (letter == "F")))))))
211 [main] INFO nl.utwente.fmt.rers.RERSExperiment - Parsed formula #84: (false R (!(((letter == "Y") && !(letter == "W")) && (true U (letter == "W"))) || ((!(letter == "H") || (!(letter == "W") U ((letter == "S") && !(letter == "W")))) U (letter == "W"))))
211 [main] INFO nl.utwente.fmt.rers.RERSExperiment - Parsed formula #85: (false R (!(letter == "M") || (true U ((letter == "Z") && X (true U (letter == "R"))))))
212 [main] INFO nl.utwente.fmt.rers.RERSExperiment - Parsed formula #86: (!(true U ((letter == "S") && X (true U (letter == "X")))) || (!(letter == "S") U (letter == "Z")))
212 [main] INFO nl.utwente.fmt.rers.RERSExperiment - Parsed formula #87: (false R (!((letter == "L") && (true U (letter == "U"))) || (!(((letter == "S") && !(letter == "U")) && X (!(letter == "U") U ((letter == "W") && !(letter == "U")))) U ((letter == "U") || (letter == "K")))))
212 [main] INFO nl.utwente.fmt.rers.RERSExperiment - Parsed formula #88: (false R (!(letter == "O") || ((!(letter == "K") || (!(letter == "W") U (((letter == "V") && !(letter == "W")) && X (!(letter == "W") U (letter == "U"))))) U ((letter == "W") || (false R (!(letter == "K") || ((letter == "V") && X (true U (letter == "U")))))))))
212 [main] INFO nl.utwente.fmt.rers.RERSExperiment - Parsed formula #89: ((false R !(letter == "Q")) || (!(letter == "Q") U ((letter == "Q") && (!(true U ((letter == "R") && X (true U (letter == "S")))) || (!(letter == "R") U (letter == "X"))))))
213 [main] INFO nl.utwente.fmt.rers.RERSExperiment - Parsed formula #90: (false R (!(letter == "J") || ((!(letter == "A") || (!(letter == "B") U ((((letter == "R") && !(letter == "B")) && !(letter == "W")) && X ((!(letter == "B") && !(letter == "W")) U (letter == "V"))))) U ((letter == "B") || (false R (!(letter == "A") || (((letter == "R") && !(letter == "W")) && X (!(letter == "W") U (letter == "V")))))))))
213 [main] INFO nl.utwente.fmt.rers.RERSExperiment - Parsed formula #91: (false R (!(((letter == "X") && !(letter == "T")) && (true U (letter == "T"))) || ((!(letter == "E") || (!(letter == "T") U ((letter == "Y") && !(letter == "T")))) U (letter == "T"))))
213 [main] INFO nl.utwente.fmt.rers.RERSExperiment - Parsed formula #92: (!(true U (letter == "D")) || (((letter == "G") && (!X (!(letter == "D") U (letter == "C")) || X (!(letter == "D") U ((letter == "C") && (true U (letter == "T")))))) U (letter == "D")))
213 [main] INFO nl.utwente.fmt.rers.RERSExperiment - Parsed formula #93: (!(letter == "U") W (letter == "E"))
213 [main] INFO nl.utwente.fmt.rers.RERSExperiment - Parsed formula #94: (false R ((letter == "K") && (!!(letter == "Z") || (!(letter == "S") W ((letter == "V") || (letter == "Z"))))))
213 [main] INFO nl.utwente.fmt.rers.RERSExperiment - Parsed formula #95: (!(true U (letter == "L")) || (((letter == "I") && (!X (!(letter == "L") U (letter == "H")) || X (!(letter == "L") U ((letter == "H") && (true U (letter == "V")))))) U (letter == "L")))
214 [main] INFO nl.utwente.fmt.rers.RERSExperiment - Parsed formula #96: (false R (!(letter == "U") || (false R ((letter == "H") && (!X (true U (letter == "N")) || X (!(letter == "N") U ((letter == "N") && (true U (letter == "S")))))))))
214 [main] INFO nl.utwente.fmt.rers.RERSExperiment - Parsed formula #97: (false R (!((letter == "S") && (true U (letter == "J"))) || ((!(letter == "B") || (!(letter == "J") U (((letter == "R") && !(letter == "J")) && X (!(letter == "J") U (letter == "T"))))) U (letter == "J"))))
214 [main] INFO nl.utwente.fmt.rers.RERSExperiment - Parsed formula #98: (false R (!(letter == "B") || ((!(((letter == "V") && !(letter == "J")) && X (!(letter == "J") U ((letter == "W") && !(letter == "J")))) U ((letter == "J") || (letter == "Y"))) || (false R !((letter == "V") && X (true U (letter == "W")))))))
214 [main] INFO nl.utwente.fmt.rers.RERSExperiment - Parsed formula #99: (!(true U (letter == "A")) || (!(letter == "U") U ((letter == "S") || (letter == "A"))))
214 [main] INFO nl.utwente.fmt.rers.RERSExperiment - Parsed formula #100: (false R (!((letter == "Q") && (true U (letter == "Y"))) || (((letter == "A") && (!X (!(letter == "Y") U (letter == "O")) || X (!(letter == "Y") U ((letter == "O") && (true U (letter == "Z")))))) U (letter == "Y"))))
358 [main] INFO nl.utwente.fmt.rers.Main - Searching for counterexample
13829118 [main] INFO nl.utwente.fmt.rers.Main - timeout reached, not using counter example
13829118 [main] INFO nl.utwente.fmt.rers.Main - Useless equivalence symbols: 8315634209
13829119 [main] INFO nl.utwente.fmt.rers.Main - Useless equivalence queries: 107925859
13829733 [main] INFO de.learnlib.api.logging.LoggingBlackBoxProperty - Property violated: '(!(true U (letter == "G")) || ((!(letter == "A") || (!(letter == "G") U (((letter == "R") && !(letter == "G")) && X (!(letter == "G") U (letter == "S"))))) U (letter == "G")))'
13829734 [main] INFO de.learnlib.api.logging.LoggingBlackBoxProperty - Counter example for property: OmegaQuery[ε|D D I O L C J A N I F F D A F A F L G N L N N N N N N N N N N N N N N N N N N N N N N N N N N N N N N N N N N N N N N N / X X S S X X V S P Z S S X T S S R X V V P X X X X X X X X X X X X X X X X X X X X X X X X X X X X X X X X X X X X X X X, [21, 22, 23, 24, 25, 26, 27, 28, 29, 30, 31, 32, 33, 34, 35, 36, 37, 38, 39, 40, 41, 42, 43, 44, 45, 46, 47, 48, 49, 50, 51, 52, 53, 54, 55, 56, 57, 58, 59] - [1609870690, 741529113, 741529113, 741529113, 741529113, 741529113, 741529113, 741529113, 741529113, 741529113, 741529113, 741529113, 741529113, 741529113, 741529113, 741529113, 741529113, 741529113, 741529113, 741529113, 741529113, 741529113, 741529113, 741529113, 741529113, 741529113, 741529113, 741529113, 741529113, 741529113, 741529113, 741529113, 741529113, 741529113, 741529113, 741529113, 741529113, 741529113, 741529113]]
13830155 [main] INFO nl.utwente.fmt.rers.RERSProperty - possibly false: #22, (false R ((letter == "R") && (!!(letter == "O") || (!(letter == "Q") W ((letter == "N") || (letter == "O")))))) (1 times, fixed)
13830155 [main] INFO nl.utwente.fmt.rers.RERSProperty - query: Query[ε|D D I E L F E L F E L F / X X S R Y S R Y S R Y S]
13830196 [main] INFO nl.utwente.fmt.rers.RERSProperty - possibly false: #22, (false R ((letter == "R") && (!!(letter == "O") || (!(letter == "Q") W ((letter == "N") || (letter == "O")))))) (1 times, relative)
13830196 [main] INFO nl.utwente.fmt.rers.RERSProperty - query: Query[ε|D D I E L F E L F E L F E L F E L F E L F E L F E L F E L F E L F E L F E L F E L F E L F E L F E L F E L F E L F E L F E L F E L F E L F E L F E L F E L F E L F E L F E L F E L F E L F E L F E L F E L F E L F E L F E L F E L F E L F E L F / X X S R Y S R Y S R Y S R Y S R Y S R Y S R Y S R Y S R Y S R Y S R Y S R Y S R Y S R Y S R Y S R Y S R Y S R Y S R Y S R Y S R Y S R Y S R Y S R Y S R Y S R Y S R Y S R Y S R Y S R Y S R Y S R Y S R Y S R Y S R Y S R Y S R Y S R Y S R Y S]
13830275 [main] INFO nl.utwente.fmt.rers.RERSProperty - possibly false: #33, (false R ((letter == "F") && (!!(letter == "K") || (!(letter == "X") W ((letter == "L") || (letter == "K")))))) (1 times, fixed)
13830275 [main] INFO nl.utwente.fmt.rers.RERSProperty - query: Query[ε|D D I E L F E L F E L F / X X S R Y S R Y S R Y S]
13830321 [main] INFO nl.utwente.fmt.rers.RERSProperty - possibly false: #33, (false R ((letter == "F") && (!!(letter == "K") || (!(letter == "X") W ((letter == "L") || (letter == "K")))))) (1 times, relative)
13830321 [main] INFO nl.utwente.fmt.rers.RERSProperty - query: Query[ε|D D I E L F E L F E L F E L F E L F E L F E L F E L F E L F E L F E L F E L F E L F E L F E L F E L F E L F E L F E L F E L F E L F E L F E L F E L F E L F E L F E L F E L F E L F E L F E L F E L F E L F E L F E L F E L F E L F E L F E L F / X X S R Y S R Y S R Y S R Y S R Y S R Y S R Y S R Y S R Y S R Y S R Y S R Y S R Y S R Y S R Y S R Y S R Y S R Y S R Y S R Y S R Y S R Y S R Y S R Y S R Y S R Y S R Y S R Y S R Y S R Y S R Y S R Y S R Y S R Y S R Y S R Y S R Y S R Y S R Y S]
13830923 [main] INFO de.learnlib.api.logging.LoggingBlackBoxProperty - Property violated: '(!(true U (letter == "E")) || ((!(letter == "F") || (!(letter == "E") U (((letter == "Y") && !(letter == "E")) && X (!(letter == "E") U (letter == "Q"))))) U (letter == "E")))'
13830923 [main] INFO de.learnlib.api.logging.LoggingBlackBoxProperty - Counter example for property: OmegaQuery[ε|D D I O L C L A F J E E E E E E E E E E E E E E E E E E E E E E E E E E E E E E E E E E E E E E E E / X X S S X X Z P Z S S S S S S S S S S S S S S S S S S S S S S S S S S S S S S S S S S S S S S S S S, [11, 12, 13, 14, 15, 16, 17, 18, 19, 20, 21, 22, 23, 24, 25, 26, 27, 28, 29, 30, 31, 32, 33, 34, 35, 36, 37, 38, 39, 40, 41, 42, 43, 44, 45, 46, 47, 48, 49] - [2113754598, 2113754598, 2113754598, 2113754598, 2113754598, 2113754598, 2113754598, 2113754598, 2113754598, 2113754598, 2113754598, 2113754598, 2113754598, 2113754598, 2113754598, 2113754598, 2113754598, 2113754598, 2113754598, 2113754598, 2113754598, 2113754598, 2113754598, 2113754598, 2113754598, 2113754598, 2113754598, 2113754598, 2113754598, 2113754598, 2113754598, 2113754598, 2113754598, 2113754598, 2113754598, 2113754598, 2113754598, 2113754598, 2113754598]]
13832546 [main] INFO de.learnlib.api.logging.LoggingBlackBoxProperty - Property violated: '(false R (!(letter == "M") || (true U ((letter == "V") && X (true U (letter == "R"))))))'
13832547 [main] INFO de.learnlib.api.logging.LoggingBlackBoxProperty - Counter example for property: OmegaQuery[ε|D D I O L C L B M M M M M M M M M M M M M M M M M M M M M M M M M M M M M M M M M M M M M M M M / X X S S X X Z T P P P P P P P P P P P P P P P P P P P P P P P P P P P P P P P P P P P P P P P P, [9, 10, 11, 12, 13, 14, 15, 16, 17, 18, 19, 20, 21, 22, 23, 24, 25, 26, 27, 28, 29, 30, 31, 32, 33, 34, 35, 36, 37, 38, 39, 40, 41, 42, 43, 44, 45, 46, 47] - [1288350491, 1288350491, 1288350491, 1288350491, 1288350491, 1288350491, 1288350491, 1288350491, 1288350491, 1288350491, 1288350491, 1288350491, 1288350491, 1288350491, 1288350491, 1288350491, 1288350491, 1288350491, 1288350491, 1288350491, 1288350491, 1288350491, 1288350491, 1288350491, 1288350491, 1288350491, 1288350491, 1288350491, 1288350491, 1288350491, 1288350491, 1288350491, 1288350491, 1288350491, 1288350491, 1288350491, 1288350491, 1288350491, 1288350491]]
13833332 [main] INFO nl.utwente.fmt.rers.RERSProperty - possibly false: #96, (false R (!((letter == "S") && (true U (letter == "J"))) || ((!(letter == "B") || (!(letter == "J") U (((letter == "R") && !(letter == "J")) && X (!(letter == "J") U (letter == "T"))))) U (letter == "J")))) (1 times, fixed)
13833332 [main] INFO nl.utwente.fmt.rers.RERSProperty - query: Query[ε|D D I O B L C J A N J A N J A N J / X X S S S X X V S P V S P V S P V]
13833407 [main] INFO nl.utwente.fmt.rers.RERSProperty - possibly false: #96, (false R (!((letter == "S") && (true U (letter == "J"))) || ((!(letter == "B") || (!(letter == "J") U (((letter == "R") && !(letter == "J")) && X (!(letter == "J") U (letter == "T"))))) U (letter == "J")))) (1 times, relative)
13833407 [main] INFO nl.utwente.fmt.rers.RERSProperty - query: Query[ε|D D I O B L C J A N J A N J A N J A N J A N J A N J A N J A N J A N J A N J A N J A N J A N J A N J A N J A N J A N J A N J A N J A N J A N J A N J A N J A N J A N J A N J A N J A N J A N J A N J A N J A N J A N J A N J A N J A N J A N J A N J A N J / X X S S S X X V S P V S P V S P V S P V S P V S P V S P V S P V S P V S P V S P V S P V S P V S P V S P V S P V S P V S P V S P V S P V S P V S P V S P V S P V S P V S P V S P V S P V S P V S P V S P V S P V S P V S P V S P V S P V S P V S P V S P V]
13835627 [main] INFO de.learnlib.api.logging.LoggingBlackBoxProperty - Property violated: '(false R (!(letter == "O") || ((!(letter == "K") || (!(letter == "W") U (((letter == "V") && !(letter == "W")) && X (!(letter == "W") U (letter == "U"))))) U ((letter == "W") || (false R (!(letter == "K") || ((letter == "V") && X (true U (letter == "U")))))))))'
13835627 [main] INFO de.learnlib.api.logging.LoggingBlackBoxProperty - Counter example for property: OmegaQuery[ε|D D I O L C L A F K C C C C C C C C C C C C C C C C C C C C C C C C C C C C C C C C C C C C C C C / X X S S X X Z P Z T T T T T T T T T T T T T T T T T T T T T T T T T T T T T T T T T T T T T T T T, [10, 11, 12, 13, 14, 15, 16, 17, 18, 19, 20, 21, 22, 23, 24, 25, 26, 27, 28, 29, 30, 31, 32, 33, 34, 35, 36, 37, 38, 39, 40, 41, 42, 43, 44, 45, 46, 47, 48] - [-1318960521, -1318960521, -1318960521, -1318960521, -1318960521, -1318960521, -1318960521, -1318960521, -1318960521, -1318960521, -1318960521, -1318960521, -1318960521, -1318960521, -1318960521, -1318960521, -1318960521, -1318960521, -1318960521, -1318960521, -1318960521, -1318960521, -1318960521, -1318960521, -1318960521, -1318960521, -1318960521, -1318960521, -1318960521, -1318960521, -1318960521, -1318960521, -1318960521, -1318960521, -1318960521, -1318960521, -1318960521, -1318960521, -1318960521]]
13836452 [main] INFO de.learnlib.api.logging.LoggingBlackBoxProperty - Property violated: '(!(true U (letter == "F")) || ((!(letter == "A") || (!(letter == "F") U (((letter == "T") && !(letter == "F")) && X (!(letter == "F") U (letter == "U"))))) U (letter == "F")))'
13836452 [main] INFO de.learnlib.api.logging.LoggingBlackBoxProperty - Counter example for property: OmegaQuery[ε|D D I O L C J A N L A F J C C C C C C C C C C C C C C C C C C C C C C C C C C C C C C C C C C C C C C C / X X S S X X V S P Z P Z S T T T T T T T T T T T T T T T T T T T T T T T T T T T T T T T T T T T T T T T, [13, 14, 15, 16, 17, 18, 19, 20, 21, 22, 23, 24, 25, 26, 27, 28, 29, 30, 31, 32, 33, 34, 35, 36, 37, 38, 39, 40, 41, 42, 43, 44, 45, 46, 47, 48, 49, 50, 51] - [-1036446059, -1036446059, -1036446059, -1036446059, -1036446059, -1036446059, -1036446059, -1036446059, -1036446059, -1036446059, -1036446059, -1036446059, -1036446059, -1036446059, -1036446059, -1036446059, -1036446059, -1036446059, -1036446059, -1036446059, -1036446059, -1036446059, -1036446059, -1036446059, -1036446059, -1036446059, -1036446059, -1036446059, -1036446059, -1036446059, -1036446059, -1036446059, -1036446059, -1036446059, -1036446059, -1036446059, -1036446059, -1036446059, -1036446059]]
13836848 [main] INFO de.learnlib.api.logging.LoggingBlackBoxProperty - Property violated: '(false R (!(letter == "K") || ((!(letter == "F") || (!(letter == "P") U ((((letter == "X") && !(letter == "P")) && !(letter == "Q")) && X ((!(letter == "P") && !(letter == "Q")) U (letter == "Z"))))) U ((letter == "P") || (false R (!(letter == "F") || (((letter == "X") && !(letter == "Q")) && X (!(letter == "Q") U (letter == "Z")))))))))'
13836849 [main] INFO de.learnlib.api.logging.LoggingBlackBoxProperty - Counter example for property: OmegaQuery[ε|D D I O L C I F F D A F A M I L F G K I F F N F N F N F N F N F N F N F N F N F N F N F N F N F N F N F N F N F N F N F N F N F N F N F N F N F N F N F N F N F N F N F N F N F N F N F N F N F N F N / X X S S X X Z S S X T S S V V T T Y X Z S S S S S S S S S S S S S S S S S S S S S S S S S S S S S S S S S S S S S S S S S S S S S S S S S S S S S S S S S S S S S S S S S S S S S S S S S S S S S S S, [21, 23, 25, 27, 29, 31, 33, 35, 37, 39, 41, 43, 45, 47, 49, 51, 53, 55, 57, 59, 61, 63, 65, 67, 69, 71, 73, 75, 77, 79, 81, 83, 85, 87, 89, 91, 93, 95, 97] - [20680439, -1644311950, -1657343142, -441860340, -1540449565, 1279903195, 1937698300, 1508169111, 81206562, -134028162, 2145423070, 656728885, 933695245, 423659535, 4455018, -441860340, -1540449565, 1279903195, 1937698300, 1508169111, 81206562, -134028162, 2145423070, 656728885, 933695245, 423659535, 4455018, -441860340, -1540449565, 1279903195, 1937698300, 1508169111, 81206562, -134028162, 2145423070, 656728885, 933695245, 423659535, 4455018]]
13837378 [main] INFO nl.utwente.fmt.rers.RERSProperty - possibly false: #77, (false R (!(letter == "Y") || (false R (!(letter == "F") || (true U (letter == "Q")))))) (1 times, fixed)
13837378 [main] INFO nl.utwente.fmt.rers.RERSProperty - query: Query[ε|D D I E L F E L F E L F E L F / X X S R Y S R Y S R Y S R Y S]
13837424 [main] INFO nl.utwente.fmt.rers.RERSProperty - possibly false: #77, (false R (!(letter == "Y") || (false R (!(letter == "F") || (true U (letter == "Q")))))) (1 times, relative)
13837424 [main] INFO nl.utwente.fmt.rers.RERSProperty - query: Query[ε|D D I E L F E L F E L F E L F E L F E L F E L F E L F E L F E L F E L F E L F E L F E L F E L F E L F E L F E L F E L F E L F E L F E L F E L F E L F E L F E L F E L F E L F E L F E L F E L F E L F E L F E L F E L F E L F E L F E L F E L F E L F / X X S R Y S R Y S R Y S R Y S R Y S R Y S R Y S R Y S R Y S R Y S R Y S R Y S R Y S R Y S R Y S R Y S R Y S R Y S R Y S R Y S R Y S R Y S R Y S R Y S R Y S R Y S R Y S R Y S R Y S R Y S R Y S R Y S R Y S R Y S R Y S R Y S R Y S R Y S R Y S R Y S]
13837553 [main] INFO nl.utwente.fmt.rers.RERSProperty - possibly false: #63, (!(true U (letter == "C")) || (!(((letter == "S") && !(letter == "C")) && X (!(letter == "C") U ((letter == "R") && !(letter == "C")))) U ((letter == "C") || (letter == "F")))) (1 times, fixed)
13837553 [main] INFO nl.utwente.fmt.rers.RERSProperty - query: Query[ε|D D I E L F O L C J A N J A N J A N / X X S R Y S S X X V S P V S P V S P]
13837624 [main] INFO nl.utwente.fmt.rers.RERSProperty - possibly false: #63, (!(true U (letter == "C")) || (!(((letter == "S") && !(letter == "C")) && X (!(letter == "C") U ((letter == "R") && !(letter == "C")))) U ((letter == "C") || (letter == "F")))) (1 times, relative)
13837625 [main] INFO nl.utwente.fmt.rers.RERSProperty - query: Query[ε|D D I E L F O L C J A N J A N J A N J A N J A N J A N J A N J A N J A N J A N J A N J A N J A N J A N J A N J A N J A N J A N J A N J A N J A N J A N J A N J A N J A N J A N J A N J A N J A N J A N J A N J A N J A N J A N J A N J A N J A N J A N J A N / X X S R Y S S X X V S P V S P V S P V S P V S P V S P V S P V S P V S P V S P V S P V S P V S P V S P V S P V S P V S P V S P V S P V S P V S P V S P V S P V S P V S P V S P V S P V S P V S P V S P V S P V S P V S P V S P V S P V S P V S P V S P V S P]
13839232 [main] INFO de.learnlib.api.logging.LoggingBlackBoxProperty - Property violated: '(false R (!((letter == "C") && (true U (letter == "N"))) || ((!(letter == "E") || (!(letter == "N") U (((letter == "S") && !(letter == "N")) && X (!(letter == "N") U (letter == "R"))))) U (letter == "N"))))'
13839232 [main] INFO de.learnlib.api.logging.LoggingBlackBoxProperty - Counter example for property: OmegaQuery[ε|D D I O L C J A N I F F D A F A M I A C I E N L N N N N N N N N N N N N N N N N N N N N N N N N N N N N N N N N N N N N N N N / X X S S X X V S P Z S S X T S S V V Z Z P Z V P X X X X X X X X X X X X X X X X X X X X X X X X X X X X X X X X X X X X X X X, [24, 25, 26, 27, 28, 29, 30, 31, 32, 33, 34, 35, 36, 37, 38, 39, 40, 41, 42, 43, 44, 45, 46, 47, 48, 49, 50, 51, 52, 53, 54, 55, 56, 57, 58, 59, 60, 61, 62] - [120623785, -1004567258, -1004567258, -1004567258, -1004567258, -1004567258, -1004567258, -1004567258, -1004567258, -1004567258, -1004567258, -1004567258, -1004567258, -1004567258, -1004567258, -1004567258, -1004567258, -1004567258, -1004567258, -1004567258, -1004567258, -1004567258, -1004567258, -1004567258, -1004567258, -1004567258, -1004567258, -1004567258, -1004567258, -1004567258, -1004567258, -1004567258, -1004567258, -1004567258, -1004567258, -1004567258, -1004567258, -1004567258, -1004567258]]
13839799 [main] INFO nl.utwente.fmt.rers.RERSProperty - possibly false: #16, (!(true U (letter == "A")) || (((letter == "L") && (!X (!(letter == "A") U (letter == "J")) || X (!(letter == "A") U ((letter == "J") && (true U (letter == "X")))))) U (letter == "A"))) (1 times, fixed)
13839799 [main] INFO nl.utwente.fmt.rers.RERSProperty - query: Query[ε|D D I O L C J A N J A N J A N J A / X X S S X X V S P V S P V S P V S]
13839868 [main] INFO nl.utwente.fmt.rers.RERSProperty - possibly false: #16, (!(true U (letter == "A")) || (((letter == "L") && (!X (!(letter == "A") U (letter == "J")) || X (!(letter == "A") U ((letter == "J") && (true U (letter == "X")))))) U (letter == "A"))) (1 times, relative)
13839868 [main] INFO nl.utwente.fmt.rers.RERSProperty - query: Query[ε|D D I O L C J A N J A N J A N J A N J A N J A N J A N J A N J A N J A N J A N J A N J A N J A N J A N J A N J A N J A N J A N J A N J A N J A N J A N J A N J A N J A N J A N J A N J A N J A N J A N J A N J A N J A N J A N J A N J A N J A N J A N J A / X X S S X X V S P V S P V S P V S P V S P V S P V S P V S P V S P V S P V S P V S P V S P V S P V S P V S P V S P V S P V S P V S P V S P V S P V S P V S P V S P V S P V S P V S P V S P V S P V S P V S P V S P V S P V S P V S P V S P V S P V S P V S]
13840009 [main] INFO nl.utwente.fmt.rers.RERSProperty - possibly false: #56, (false R (!(letter == "N") || (true U (letter == "Y")))) (1 times, fixed)
13840009 [main] INFO nl.utwente.fmt.rers.RERSProperty - query: Query[ε|D D I O L C J A N J A N J A N J A N / X X S S X X V S P V S P V S P V S P]
13840077 [main] INFO nl.utwente.fmt.rers.RERSProperty - possibly false: #56, (false R (!(letter == "N") || (true U (letter == "Y")))) (1 times, relative)
13840077 [main] INFO nl.utwente.fmt.rers.RERSProperty - query: Query[ε|D D I O L C J A N J A N J A N J A N J A N J A N J A N J A N J A N J A N J A N J A N J A N J A N J A N J A N J A N J A N J A N J A N J A N J A N J A N J A N J A N J A N J A N J A N J A N J A N J A N J A N J A N J A N J A N J A N J A N J A N J A N J A N / X X S S X X V S P V S P V S P V S P V S P V S P V S P V S P V S P V S P V S P V S P V S P V S P V S P V S P V S P V S P V S P V S P V S P V S P V S P V S P V S P V S P V S P V S P V S P V S P V S P V S P V S P V S P V S P V S P V S P V S P V S P V S P]
13840889 [main] INFO de.learnlib.api.logging.LoggingBlackBoxProperty - Property violated: '(!(letter == "P") W (letter == "A"))'
13840889 [main] INFO de.learnlib.api.logging.LoggingBlackBoxProperty - Counter example for property: OmegaQuery[ε|D D I O L C L B M M M M M M M M M M M M M M M M M M M M M M M M M M M M M M M M M M M M M M M M / X X S S X X Z T P P P P P P P P P P P P P P P P P P P P P P P P P P P P P P P P P P P P P P P P, [9, 10, 11, 12, 13, 14, 15, 16, 17, 18, 19, 20, 21, 22, 23, 24, 25, 26, 27, 28, 29, 30, 31, 32, 33, 34, 35, 36, 37, 38, 39, 40, 41, 42, 43, 44, 45, 46, 47] - [1288350491, 1288350491, 1288350491, 1288350491, 1288350491, 1288350491, 1288350491, 1288350491, 1288350491, 1288350491, 1288350491, 1288350491, 1288350491, 1288350491, 1288350491, 1288350491, 1288350491, 1288350491, 1288350491, 1288350491, 1288350491, 1288350491, 1288350491, 1288350491, 1288350491, 1288350491, 1288350491, 1288350491, 1288350491, 1288350491, 1288350491, 1288350491, 1288350491, 1288350491, 1288350491, 1288350491, 1288350491, 1288350491, 1288350491]]
13841137 [main] INFO nl.utwente.fmt.rers.RERSProperty - possibly false: #30, (false R (!(letter == "C") || (false R ((letter == "O") && (!X (true U (letter == "N")) || X (!(letter == "N") U ((letter == "N") && (true U (letter == "V"))))))))) (1 times, fixed)
13841137 [main] INFO nl.utwente.fmt.rers.RERSProperty - query: Query[ε|D D I O L C J A N J A N J A N / X X S S X X V S P V S P V S P]
13841195 [main] INFO nl.utwente.fmt.rers.RERSProperty - possibly false: #30, (false R (!(letter == "C") || (false R ((letter == "O") && (!X (true U (letter == "N")) || X (!(letter == "N") U ((letter == "N") && (true U (letter == "V"))))))))) (1 times, relative)
13841195 [main] INFO nl.utwente.fmt.rers.RERSProperty - query: Query[ε|D D I O L C J A N J A N J A N J A N J A N J A N J A N J A N J A N J A N J A N J A N J A N J A N J A N J A N J A N J A N J A N J A N J A N J A N J A N J A N J A N J A N J A N J A N J A N J A N J A N J A N J A N J A N J A N J A N J A N J A N J A N / X X S S X X V S P V S P V S P V S P V S P V S P V S P V S P V S P V S P V S P V S P V S P V S P V S P V S P V S P V S P V S P V S P V S P V S P V S P V S P V S P V S P V S P V S P V S P V S P V S P V S P V S P V S P V S P V S P V S P V S P V S P]
13841346 [main] INFO nl.utwente.fmt.rers.RERSProperty - possibly false: #5, (false R (!(((letter == "E") && !(letter == "P")) && (true U (letter == "P"))) || (!(letter == "R") U ((letter == "G") || (letter == "P"))))) (1 times, fixed)
13841346 [main] INFO nl.utwente.fmt.rers.RERSProperty - query: Query[ε|D D I E L F O L C J A N J A N J A N J A N / X X S R Y S S X X V S P V S P V S P V S P]
13841415 [main] INFO nl.utwente.fmt.rers.RERSProperty - possibly false: #5, (false R (!(((letter == "E") && !(letter == "P")) && (true U (letter == "P"))) || (!(letter == "R") U ((letter == "G") || (letter == "P"))))) (1 times, relative)
13841415 [main] INFO nl.utwente.fmt.rers.RERSProperty - query: Query[ε|D D I E L F O L C J A N J A N J A N J A N J A N J A N J A N J A N J A N J A N J A N J A N J A N J A N J A N J A N J A N J A N J A N J A N J A N J A N J A N J A N J A N J A N J A N J A N J A N J A N J A N J A N J A N J A N J A N J A N J A N J A N J A N J A N / X X S R Y S S X X V S P V S P V S P V S P V S P V S P V S P V S P V S P V S P V S P V S P V S P V S P V S P V S P V S P V S P V S P V S P V S P V S P V S P V S P V S P V S P V S P V S P V S P V S P V S P V S P V S P V S P V S P V S P V S P V S P V S P V S P]
13841542 [main] INFO nl.utwente.fmt.rers.RERSProperty - possibly false: #40, (false R (!(letter == "V") || (((letter == "J") && (!X (!(letter == "H") U (letter == "A")) || X (!(letter == "H") U ((letter == "A") && (true U (letter == "P")))))) U ((letter == "H") || (false R ((letter == "J") && (!X (!(letter == "H") U (letter == "A")) || X (!(letter == "H") U ((letter == "A") && (true U (letter == "P"))))))))))) (1 times, fixed)
13841542 [main] INFO nl.utwente.fmt.rers.RERSProperty - query: Query[ε|D D I O L C J A N J A N J A N J / X X S S X X V S P V S P V S P V]
13841607 [main] INFO nl.utwente.fmt.rers.RERSProperty - possibly false: #40, (false R (!(letter == "V") || (((letter == "J") && (!X (!(letter == "H") U (letter == "A")) || X (!(letter == "H") U ((letter == "A") && (true U (letter == "P")))))) U ((letter == "H") || (false R ((letter == "J") && (!X (!(letter == "H") U (letter == "A")) || X (!(letter == "H") U ((letter == "A") && (true U (letter == "P"))))))))))) (1 times, relative)
13841607 [main] INFO nl.utwente.fmt.rers.RERSProperty - query: Query[ε|D D I O L C J A N J A N J A N J A N J A N J A N J A N J A N J A N J A N J A N J A N J A N J A N J A N J A N J A N J A N J A N J A N J A N J A N J A N J A N J A N J A N J A N J A N J A N J A N J A N J A N J A N J A N J A N J A N J A N J A N J A N J / X X S S X X V S P V S P V S P V S P V S P V S P V S P V S P V S P V S P V S P V S P V S P V S P V S P V S P V S P V S P V S P V S P V S P V S P V S P V S P V S P V S P V S P V S P V S P V S P V S P V S P V S P V S P V S P V S P V S P V S P V S P V]
13842951 [main] INFO de.learnlib.api.logging.LoggingBlackBoxProperty - Property violated: '(false R (!((letter == "I") && (true U (letter == "K"))) || (!(letter == "S") U ((letter == "K") || (((letter == "W") && !(letter == "S")) && X (!(letter == "S") U (letter == "X")))))))'
13842951 [main] INFO de.learnlib.api.logging.LoggingBlackBoxProperty - Counter example for property: OmegaQuery[ε|D D I O L C L A F K C C C C C C C C C C C C C C C C C C C C C C C C C C C C C C C C C C C C C C C / X X S S X X Z P Z T T T T T T T T T T T T T T T T T T T T T T T T T T T T T T T T T T T T T T T T, [10, 11, 12, 13, 14, 15, 16, 17, 18, 19, 20, 21, 22, 23, 24, 25, 26, 27, 28, 29, 30, 31, 32, 33, 34, 35, 36, 37, 38, 39, 40, 41, 42, 43, 44, 45, 46, 47, 48] - [-1318960521, -1318960521, -1318960521, -1318960521, -1318960521, -1318960521, -1318960521, -1318960521, -1318960521, -1318960521, -1318960521, -1318960521, -1318960521, -1318960521, -1318960521, -1318960521, -1318960521, -1318960521, -1318960521, -1318960521, -1318960521, -1318960521, -1318960521, -1318960521, -1318960521, -1318960521, -1318960521, -1318960521, -1318960521, -1318960521, -1318960521, -1318960521, -1318960521, -1318960521, -1318960521, -1318960521, -1318960521, -1318960521, -1318960521]]
13843191 [main] INFO nl.utwente.fmt.rers.RERSProperty - possibly false: #94, (!(true U (letter == "L")) || (((letter == "I") && (!X (!(letter == "L") U (letter == "H")) || X (!(letter == "L") U ((letter == "H") && (true U (letter == "V")))))) U (letter == "L"))) (1 times, fixed)
13843191 [main] INFO nl.utwente.fmt.rers.RERSProperty - query: Query[ε|D D I E L F E L F E L F E L / X X S R Y S R Y S R Y S R Y]
13843238 [main] INFO nl.utwente.fmt.rers.RERSProperty - possibly false: #94, (!(true U (letter == "L")) || (((letter == "I") && (!X (!(letter == "L") U (letter == "H")) || X (!(letter == "L") U ((letter == "H") && (true U (letter == "V")))))) U (letter == "L"))) (1 times, relative)
13843238 [main] INFO nl.utwente.fmt.rers.RERSProperty - query: Query[ε|D D I E L F E L F E L F E L F E L F E L F E L F E L F E L F E L F E L F E L F E L F E L F E L F E L F E L F E L F E L F E L F E L F E L F E L F E L F E L F E L F E L F E L F E L F E L F E L F E L F E L F E L F E L F E L F E L F E L F E L F E L / X X S R Y S R Y S R Y S R Y S R Y S R Y S R Y S R Y S R Y S R Y S R Y S R Y S R Y S R Y S R Y S R Y S R Y S R Y S R Y S R Y S R Y S R Y S R Y S R Y S R Y S R Y S R Y S R Y S R Y S R Y S R Y S R Y S R Y S R Y S R Y S R Y S R Y S R Y S R Y S R Y]
13843322 [main] INFO nl.utwente.fmt.rers.RERSProperty - possibly false: #93, (false R ((letter == "K") && (!!(letter == "Z") || (!(letter == "S") W ((letter == "V") || (letter == "Z")))))) (1 times, fixed)
13843322 [main] INFO nl.utwente.fmt.rers.RERSProperty - query: Query[ε|D D I E L F E L F E L F / X X S R Y S R Y S R Y S]
13843368 [main] INFO nl.utwente.fmt.rers.RERSProperty - possibly false: #93, (false R ((letter == "K") && (!!(letter == "Z") || (!(letter == "S") W ((letter == "V") || (letter == "Z")))))) (1 times, relative)
13843368 [main] INFO nl.utwente.fmt.rers.RERSProperty - query: Query[ε|D D I E L F E L F E L F E L F E L F E L F E L F E L F E L F E L F E L F E L F E L F E L F E L F E L F E L F E L F E L F E L F E L F E L F E L F E L F E L F E L F E L F E L F E L F E L F E L F E L F E L F E L F E L F E L F E L F E L F E L F / X X S R Y S R Y S R Y S R Y S R Y S R Y S R Y S R Y S R Y S R Y S R Y S R Y S R Y S R Y S R Y S R Y S R Y S R Y S R Y S R Y S R Y S R Y S R Y S R Y S R Y S R Y S R Y S R Y S R Y S R Y S R Y S R Y S R Y S R Y S R Y S R Y S R Y S R Y S R Y S]
13843492 [main] INFO nl.utwente.fmt.rers.RERSProperty - possibly false: #53, (false R (!((letter == "D") && (true U (letter == "J"))) || (((letter == "A") && (!X (!(letter == "J") U (letter == "I")) || X (!(letter == "J") U ((letter == "I") && (true U (letter == "W")))))) U (letter == "J")))) (1 times, fixed)
13843492 [main] INFO nl.utwente.fmt.rers.RERSProperty - query: Query[ε|D D I O L C J A N J A N J A N J / X X S S X X V S P V S P V S P V]
13843556 [main] INFO nl.utwente.fmt.rers.RERSProperty - possibly false: #53, (false R (!((letter == "D") && (true U (letter == "J"))) || (((letter == "A") && (!X (!(letter == "J") U (letter == "I")) || X (!(letter == "J") U ((letter == "I") && (true U (letter == "W")))))) U (letter == "J")))) (1 times, relative)
13843556 [main] INFO nl.utwente.fmt.rers.RERSProperty - query: Query[ε|D D I O L C J A N J A N J A N J A N J A N J A N J A N J A N J A N J A N J A N J A N J A N J A N J A N J A N J A N J A N J A N J A N J A N J A N J A N J A N J A N J A N J A N J A N J A N J A N J A N J A N J A N J A N J A N J A N J A N J A N J A N J / X X S S X X V S P V S P V S P V S P V S P V S P V S P V S P V S P V S P V S P V S P V S P V S P V S P V S P V S P V S P V S P V S P V S P V S P V S P V S P V S P V S P V S P V S P V S P V S P V S P V S P V S P V S P V S P V S P V S P V S P V S P V]
13843618 [main] INFO de.learnlib.api.logging.LoggingBlackBoxProperty - Property violated: '(!(true U (letter == "D")) || (((letter == "G") && (!X (!(letter == "D") U (letter == "C")) || X (!(letter == "D") U ((letter == "C") && (true U (letter == "T")))))) U (letter == "D")))'
13843618 [main] INFO de.learnlib.api.logging.LoggingBlackBoxProperty - Counter example for property: OmegaQuery[ε|L E F L D E N L N N N N N N N N N N N N N N N N N N N N N N N N N N N N N N N N N N N N N N N / P Z S X R Z V P X X X X X X X X X X X X X X X X X X X X X X X X X X X X X X X X X X X X X X X, [8, 9, 10, 11, 12, 13, 14, 15, 16, 17, 18, 19, 20, 21, 22, 23, 24, 25, 26, 27, 28, 29, 30, 31, 32, 33, 34, 35, 36, 37, 38, 39, 40, 41, 42, 43, 44, 45, 46] - [-670209165, 2134713925, 2134713925, 2134713925, 2134713925, 2134713925, 2134713925, 2134713925, 2134713925, 2134713925, 2134713925, 2134713925, 2134713925, 2134713925, 2134713925, 2134713925, 2134713925, 2134713925, 2134713925, 2134713925, 2134713925, 2134713925, 2134713925, 2134713925, 2134713925, 2134713925, 2134713925, 2134713925, 2134713925, 2134713925, 2134713925, 2134713925, 2134713925, 2134713925, 2134713925, 2134713925, 2134713925, 2134713925, 2134713925]]
13848709 [main] INFO de.learnlib.api.logging.LoggingBlackBoxProperty - Property violated: '(false R (!(letter == "V") || (!(true U (letter == "Y")) || (!(letter == "Y") U ((letter == "U") || (((letter == "I") && !(letter == "Y")) && X (!(letter == "Y") U (letter == "F"))))))))'
13848709 [main] INFO de.learnlib.api.logging.LoggingBlackBoxProperty - Counter example for property: OmegaQuery[ε|D D I O L C J A N I F F D A N L A F A M I F F I F F I F F I F F I F F I F F I F F I F F I F F I F F I F F I F F I F F I F F I F F I F F I F F I F F I F F I F F I F F I F F I F F I F F I F F I F F I F F I F F I F F I F F I F F I F F I F F I F F I F F I F F I F F I F F I F F I F F I / X X S S X X V S P Z S S X T V P T S S V V V X Y V X Y V X Y V X Y V X Y V X Y V X Y V X Y V X Y V X Y V X Y V X Y V X Y V X Y V X Y V X Y V X Y V X Y V X Y V X Y V X Y V X Y V X Y V X Y V X Y V X Y V X Y V X Y V X Y V X Y V X Y V X Y V X Y V X Y V X Y V X Y V X Y V X Y V X Y V X Y, [24, 27, 30, 33, 36, 39, 42, 45, 48, 51, 54, 57, 60, 63, 66, 69, 72, 75, 78, 81, 84, 87, 90, 93, 96, 99, 102, 105, 108, 111, 114, 117, 120, 123, 126, 129, 132, 135, 138] - [-695257617, -695257617, -695257617, -695257617, -695257617, -695257617, -695257617, -695257617, -695257617, -695257617, -695257617, -695257617, -695257617, -695257617, -695257617, -695257617, -695257617, -695257617, -695257617, -695257617, -695257617, -695257617, -695257617, -695257617, -695257617, -695257617, -695257617, -695257617, -695257617, -695257617, -695257617, -695257617, -695257617, -695257617, -695257617, -695257617, -695257617, -695257617, -695257617]]
13849136 [main] INFO nl.utwente.fmt.rers.RERSProperty - possibly false: #51, (!(true U (letter == "C")) || ((!(letter == "D") || (!(letter == "C") U ((letter == "P") && !(letter == "C")))) U (letter == "C"))) (1 times, fixed)
13849136 [main] INFO nl.utwente.fmt.rers.RERSProperty - query: Query[ε|D D I O L C J A N J A N J A N / X X S S X X V S P V S P V S P]
13849203 [main] INFO nl.utwente.fmt.rers.RERSProperty - possibly false: #51, (!(true U (letter == "C")) || ((!(letter == "D") || (!(letter == "C") U ((letter == "P") && !(letter == "C")))) U (letter == "C"))) (1 times, relative)
13849204 [main] INFO nl.utwente.fmt.rers.RERSProperty - query: Query[ε|D D I O L C J A N J A N J A N J A N J A N J A N J A N J A N J A N J A N J A N J A N J A N J A N J A N J A N J A N J A N J A N J A N J A N J A N J A N J A N J A N J A N J A N J A N J A N J A N J A N J A N J A N J A N J A N J A N J A N J A N J A N / X X S S X X V S P V S P V S P V S P V S P V S P V S P V S P V S P V S P V S P V S P V S P V S P V S P V S P V S P V S P V S P V S P V S P V S P V S P V S P V S P V S P V S P V S P V S P V S P V S P V S P V S P V S P V S P V S P V S P V S P V S P]
13850334 [main] INFO nl.utwente.fmt.rers.RERSProperty - possibly false: #47, (false R ((letter == "N") && (!X (true U (letter == "M")) || X (true U ((letter == "M") && (true U (letter == "T"))))))) (1 times, fixed)
13850334 [main] INFO nl.utwente.fmt.rers.RERSProperty - query: Query[ε|D D I E L F E L F E L F / X X S R Y S R Y S R Y S]
13850385 [main] INFO nl.utwente.fmt.rers.RERSProperty - possibly false: #47, (false R ((letter == "N") && (!X (true U (letter == "M")) || X (true U ((letter == "M") && (true U (letter == "T"))))))) (1 times, relative)
13850385 [main] INFO nl.utwente.fmt.rers.RERSProperty - query: Query[ε|D D I E L F E L F E L F E L F E L F E L F E L F E L F E L F E L F E L F E L F E L F E L F E L F E L F E L F E L F E L F E L F E L F E L F E L F E L F E L F E L F E L F E L F E L F E L F E L F E L F E L F E L F E L F E L F E L F E L F E L F / X X S R Y S R Y S R Y S R Y S R Y S R Y S R Y S R Y S R Y S R Y S R Y S R Y S R Y S R Y S R Y S R Y S R Y S R Y S R Y S R Y S R Y S R Y S R Y S R Y S R Y S R Y S R Y S R Y S R Y S R Y S R Y S R Y S R Y S R Y S R Y S R Y S R Y S R Y S R Y S]
13850463 [main] INFO nl.utwente.fmt.rers.RERSProperty - possibly false: #71, (false R ((letter == "T") && (!!(letter == "Y") || (!(letter == "Z") W ((letter == "A") || (letter == "Y")))))) (1 times, fixed)
13850463 [main] INFO nl.utwente.fmt.rers.RERSProperty - query: Query[ε|D D I E L F E L F E L F / X X S R Y S R Y S R Y S]
13850498 [main] INFO nl.utwente.fmt.rers.RERSProperty - possibly false: #71, (false R ((letter == "T") && (!!(letter == "Y") || (!(letter == "Z") W ((letter == "A") || (letter == "Y")))))) (1 times, relative)
13850499 [main] INFO nl.utwente.fmt.rers.RERSProperty - query: Query[ε|D D I E L F E L F E L F E L F E L F E L F E L F E L F E L F E L F E L F E L F E L F E L F E L F E L F E L F E L F E L F E L F E L F E L F E L F E L F E L F E L F E L F E L F E L F E L F E L F E L F E L F E L F E L F E L F E L F E L F E L F / X X S R Y S R Y S R Y S R Y S R Y S R Y S R Y S R Y S R Y S R Y S R Y S R Y S R Y S R Y S R Y S R Y S R Y S R Y S R Y S R Y S R Y S R Y S R Y S R Y S R Y S R Y S R Y S R Y S R Y S R Y S R Y S R Y S R Y S R Y S R Y S R Y S R Y S R Y S R Y S]
13850626 [main] INFO nl.utwente.fmt.rers.RERSProperty - possibly false: #59, (!(true U ((letter == "X") && X (true U (letter == "P")))) || (!(letter == "X") U (letter == "V"))) (1 times, fixed)
13850626 [main] INFO nl.utwente.fmt.rers.RERSProperty - query: Query[ε|D D I O L C J A N J A N J A N J A N / X X S S X X V S P V S P V S P V S P]
13850701 [main] INFO nl.utwente.fmt.rers.RERSProperty - possibly false: #59, (!(true U ((letter == "X") && X (true U (letter == "P")))) || (!(letter == "X") U (letter == "V"))) (1 times, relative)
13850701 [main] INFO nl.utwente.fmt.rers.RERSProperty - query: Query[ε|D D I O L C J A N J A N J A N J A N J A N J A N J A N J A N J A N J A N J A N J A N J A N J A N J A N J A N J A N J A N J A N J A N J A N J A N J A N J A N J A N J A N J A N J A N J A N J A N J A N J A N J A N J A N J A N J A N J A N J A N J A N J A N / X X S S X X V S P V S P V S P V S P V S P V S P V S P V S P V S P V S P V S P V S P V S P V S P V S P V S P V S P V S P V S P V S P V S P V S P V S P V S P V S P V S P V S P V S P V S P V S P V S P V S P V S P V S P V S P V S P V S P V S P V S P V S P]
13850940 [main] INFO de.learnlib.api.logging.LoggingBlackBoxProperty - Property violated: '(false R (!(letter == "J") || ((!(letter == "A") || (!(letter == "B") U ((((letter == "R") && !(letter == "B")) && !(letter == "W")) && X ((!(letter == "B") && !(letter == "W")) U (letter == "V"))))) U ((letter == "B") || (false R (!(letter == "A") || (((letter == "R") && !(letter == "W")) && X (!(letter == "W") U (letter == "V")))))))))'
13850940 [main] INFO de.learnlib.api.logging.LoggingBlackBoxProperty - Counter example for property: OmegaQuery[ε|D D I O L C I E J F F D L F A F A F A F A F A F A F A F A F A F A F A F A F A F A F A F A F A F A F A F A F A F A F A F A F A F A F A F A F A F A F A F A F A F A F A F A F A F A F A F / X X S S X X Z Z R S S X T S S R S R S R S R S R S R S R S R S R S R S R S R S R S R S R S R S R S R S R S R S R S R S R S R S R S R S R S R S R S R S R S R S R S R S R S R S R S R S R, [14, 16, 18, 20, 22, 24, 26, 28, 30, 32, 34, 36, 38, 40, 42, 44, 46, 48, 50, 52, 54, 56, 58, 60, 62, 64, 66, 68, 70, 72, 74, 76, 78, 80, 82, 84, 86, 88, 90] - [1847631252, -1933240105, -968161812, -402911049, -1254421695, -402911049, -1254421695, -402911049, -1254421695, -402911049, -1254421695, -402911049, -1254421695, -402911049, -1254421695, -402911049, -1254421695, -402911049, -1254421695, -402911049, -1254421695, -402911049, -1254421695, -402911049, -1254421695, -402911049, -1254421695, -402911049, -1254421695, -402911049, -1254421695, -402911049, -1254421695, -402911049, -1254421695, -402911049, -1254421695, -402911049, -1254421695]]
13851477 [main] INFO de.learnlib.api.logging.LoggingBlackBoxProperty - Property violated: '(false R (!(letter == "X") || (false R (!(letter == "K") || (((letter == "P") && !(letter == "Y")) && X (!(letter == "Y") U (letter == "W")))))))'
13851477 [main] INFO de.learnlib.api.logging.LoggingBlackBoxProperty - Counter example for property: OmegaQuery[ε|D D I O L C L A F K C C C C C C C C C C C C C C C C C C C C C C C C C C C C C C C C C C C C C C C / X X S S X X Z P Z T T T T T T T T T T T T T T T T T T T T T T T T T T T T T T T T T T T T T T T T, [10, 11, 12, 13, 14, 15, 16, 17, 18, 19, 20, 21, 22, 23, 24, 25, 26, 27, 28, 29, 30, 31, 32, 33, 34, 35, 36, 37, 38, 39, 40, 41, 42, 43, 44, 45, 46, 47, 48] - [-1318960521, -1318960521, -1318960521, -1318960521, -1318960521, -1318960521, -1318960521, -1318960521, -1318960521, -1318960521, -1318960521, -1318960521, -1318960521, -1318960521, -1318960521, -1318960521, -1318960521, -1318960521, -1318960521, -1318960521, -1318960521, -1318960521, -1318960521, -1318960521, -1318960521, -1318960521, -1318960521, -1318960521, -1318960521, -1318960521, -1318960521, -1318960521, -1318960521, -1318960521, -1318960521, -1318960521, -1318960521, -1318960521, -1318960521]]
13851743 [main] INFO de.learnlib.api.logging.LoggingBlackBoxProperty - Property violated: '(false R (!(letter == "B") || (false R (!(letter == "F") || (((letter == "V") && !(letter == "Y")) && X (!(letter == "Y") U (letter == "P")))))))'
13851743 [main] INFO de.learnlib.api.logging.LoggingBlackBoxProperty - Counter example for property: OmegaQuery[ε|D D I O B L C L A F J C C C C C C C C C C C C C C C C C C C C C C C C C C C C C C C C C C C C C C C / X X S S S X X Z P Z S T T T T T T T T T T T T T T T T T T T T T T T T T T T T T T T T T T T T T T T, [11, 12, 13, 14, 15, 16, 17, 18, 19, 20, 21, 22, 23, 24, 25, 26, 27, 28, 29, 30, 31, 32, 33, 34, 35, 36, 37, 38, 39, 40, 41, 42, 43, 44, 45, 46, 47, 48, 49] - [2113754598, 2113754598, 2113754598, 2113754598, 2113754598, 2113754598, 2113754598, 2113754598, 2113754598, 2113754598, 2113754598, 2113754598, 2113754598, 2113754598, 2113754598, 2113754598, 2113754598, 2113754598, 2113754598, 2113754598, 2113754598, 2113754598, 2113754598, 2113754598, 2113754598, 2113754598, 2113754598, 2113754598, 2113754598, 2113754598, 2113754598, 2113754598, 2113754598, 2113754598, 2113754598, 2113754598, 2113754598, 2113754598, 2113754598]]
13854636 [main] INFO nl.utwente.fmt.rers.RERSProperty - possibly false: #34, (false R (!(letter == "E") || (true U (letter == "Z")))) (1 times, fixed)
13854636 [main] INFO nl.utwente.fmt.rers.RERSProperty - query: Query[ε|D D I E L F E L F E L F E / X X S R Y S R Y S R Y S R]
13854688 [main] INFO nl.utwente.fmt.rers.RERSProperty - possibly false: #34, (false R (!(letter == "E") || (true U (letter == "Z")))) (1 times, relative)
13854688 [main] INFO nl.utwente.fmt.rers.RERSProperty - query: Query[ε|D D I E L F E L F E L F E L F E L F E L F E L F E L F E L F E L F E L F E L F E L F E L F E L F E L F E L F E L F E L F E L F E L F E L F E L F E L F E L F E L F E L F E L F E L F E L F E L F E L F E L F E L F E L F E L F E L F E L F E L F E / X X S R Y S R Y S R Y S R Y S R Y S R Y S R Y S R Y S R Y S R Y S R Y S R Y S R Y S R Y S R Y S R Y S R Y S R Y S R Y S R Y S R Y S R Y S R Y S R Y S R Y S R Y S R Y S R Y S R Y S R Y S R Y S R Y S R Y S R Y S R Y S R Y S R Y S R Y S R Y S R]
13855172 [main] INFO nl.utwente.fmt.rers.RERSProperty - possibly false: #69, (false R ((letter == "Y") && (!!(letter == "M") || (!(letter == "Z") W ((letter == "C") || (letter == "M")))))) (1 times, fixed)
13855172 [main] INFO nl.utwente.fmt.rers.RERSProperty - query: Query[ε|D D I E L F E L F E L F / X X S R Y S R Y S R Y S]
13855216 [main] INFO nl.utwente.fmt.rers.RERSProperty - possibly false: #69, (false R ((letter == "Y") && (!!(letter == "M") || (!(letter == "Z") W ((letter == "C") || (letter == "M")))))) (1 times, relative)
13855216 [main] INFO nl.utwente.fmt.rers.RERSProperty - query: Query[ε|D D I E L F E L F E L F E L F E L F E L F E L F E L F E L F E L F E L F E L F E L F E L F E L F E L F E L F E L F E L F E L F E L F E L F E L F E L F E L F E L F E L F E L F E L F E L F E L F E L F E L F E L F E L F E L F E L F E L F E L F / X X S R Y S R Y S R Y S R Y S R Y S R Y S R Y S R Y S R Y S R Y S R Y S R Y S R Y S R Y S R Y S R Y S R Y S R Y S R Y S R Y S R Y S R Y S R Y S R Y S R Y S R Y S R Y S R Y S R Y S R Y S R Y S R Y S R Y S R Y S R Y S R Y S R Y S R Y S R Y S]
13856870 [main] INFO de.learnlib.api.logging.LoggingBlackBoxProperty - Property violated: '(!(true U (letter == "T")) || (!(letter == "T") U (((letter == "G") && !(letter == "T")) && X (!(letter == "T") U (letter == "V")))))'
13856870 [main] INFO de.learnlib.api.logging.LoggingBlackBoxProperty - Counter example for property: OmegaQuery[ε|D D I O L C J E C C C C C C C C C C C C C C C C C C C C C C C C C C C C C C C C C C C C C C C / X X S S X X V T T T T T T T T T T T T T T T T T T T T T T T T T T T T T T T T T T T T T T T T, [8, 9, 10, 11, 12, 13, 14, 15, 16, 17, 18, 19, 20, 21, 22, 23, 24, 25, 26, 27, 28, 29, 30, 31, 32, 33, 34, 35, 36, 37, 38, 39, 40, 41, 42, 43, 44, 45, 46] - [-287719745, -287719745, -287719745, -287719745, -287719745, -287719745, -287719745, -287719745, -287719745, -287719745, -287719745, -287719745, -287719745, -287719745, -287719745, -287719745, -287719745, -287719745, -287719745, -287719745, -287719745, -287719745, -287719745, -287719745, -287719745, -287719745, -287719745, -287719745, -287719745, -287719745, -287719745, -287719745, -287719745, -287719745, -287719745, -287719745, -287719745, -287719745, -287719745]]
13857575 [main] INFO nl.utwente.fmt.rers.RERSProperty - possibly false: #49, (!(true U (letter == "X")) || (!(letter == "X") U (((letter == "U") && !(letter == "X")) && X (!(letter == "X") U (letter == "F"))))) (1 times, fixed)
13857575 [main] INFO nl.utwente.fmt.rers.RERSProperty - query: Query[ε|D D I E L F E L F E L F / X X S R Y S R Y S R Y S]
13857622 [main] INFO nl.utwente.fmt.rers.RERSProperty - possibly false: #49, (!(true U (letter == "X")) || (!(letter == "X") U (((letter == "U") && !(letter == "X")) && X (!(letter == "X") U (letter == "F"))))) (1 times, relative)
13857622 [main] INFO nl.utwente.fmt.rers.RERSProperty - query: Query[ε|D D I E L F E L F E L F E L F E L F E L F E L F E L F E L F E L F E L F E L F E L F E L F E L F E L F E L F E L F E L F E L F E L F E L F E L F E L F E L F E L F E L F E L F E L F E L F E L F E L F E L F E L F E L F E L F E L F E L F E L F / X X S R Y S R Y S R Y S R Y S R Y S R Y S R Y S R Y S R Y S R Y S R Y S R Y S R Y S R Y S R Y S R Y S R Y S R Y S R Y S R Y S R Y S R Y S R Y S R Y S R Y S R Y S R Y S R Y S R Y S R Y S R Y S R Y S R Y S R Y S R Y S R Y S R Y S R Y S R Y S]
13857739 [main] INFO de.learnlib.api.logging.LoggingBlackBoxProperty - Property violated: '(false R (!((letter == "I") && (true U (letter == "D"))) || (((letter == "E") && (!X (!(letter == "D") U (letter == "B")) || X (!(letter == "D") U ((letter == "B") && (true U (letter == "W")))))) U (letter == "D"))))'
13857739 [main] INFO de.learnlib.api.logging.LoggingBlackBoxProperty - Counter example for property: OmegaQuery[ε|D D I O L C I F F D N N N N N N N N N N N N N N N N N N N N N N N N N N N N N N N N N N N N N N N / X X S S X X Z S S X X X X X X X X X X X X X X X X X X X X X X X X X X X X X X X X X X X X X X X X, [10, 11, 12, 13, 14, 15, 16, 17, 18, 19, 20, 21, 22, 23, 24, 25, 26, 27, 28, 29, 30, 31, 32, 33, 34, 35, 36, 37, 38, 39, 40, 41, 42, 43, 44, 45, 46, 47, 48] - [491620365, 1143954548, 1143954548, 1143954548, 1143954548, 1143954548, 1143954548, 1143954548, 1143954548, 1143954548, 1143954548, 1143954548, 1143954548, 1143954548, 1143954548, 1143954548, 1143954548, 1143954548, 1143954548, 1143954548, 1143954548, 1143954548, 1143954548, 1143954548, 1143954548, 1143954548, 1143954548, 1143954548, 1143954548, 1143954548, 1143954548, 1143954548, 1143954548, 1143954548, 1143954548, 1143954548, 1143954548, 1143954548, 1143954548]]
13858030 [main] INFO de.learnlib.api.logging.LoggingBlackBoxProperty - Property violated: '(!(true U (letter == "E")) || ((!(letter == "L") || (!(letter == "E") U ((letter == "S") && !(letter == "E")))) U (letter == "E")))'
13858030 [main] INFO de.learnlib.api.logging.LoggingBlackBoxProperty - Counter example for property: OmegaQuery[ε|D D I O L C J A N L A F K E E E E E E E E E E E E E E E E E E E E E E E E E E E E E E E E E E E E E E E E / X X S S X X V S P Z P Z T S S S S S S S S S S S S S S S S S S S S S S S S S S S S S S S S S S S S S S S S, [14, 15, 16, 17, 18, 19, 20, 21, 22, 23, 24, 25, 26, 27, 28, 29, 30, 31, 32, 33, 34, 35, 36, 37, 38, 39, 40, 41, 42, 43, 44, 45, 46, 47, 48, 49, 50, 51, 52] - [1573536367, 1573536367, 1573536367, 1573536367, 1573536367, 1573536367, 1573536367, 1573536367, 1573536367, 1573536367, 1573536367, 1573536367, 1573536367, 1573536367, 1573536367, 1573536367, 1573536367, 1573536367, 1573536367, 1573536367, 1573536367, 1573536367, 1573536367, 1573536367, 1573536367, 1573536367, 1573536367, 1573536367, 1573536367, 1573536367, 1573536367, 1573536367, 1573536367, 1573536367, 1573536367, 1573536367, 1573536367, 1573536367, 1573536367]]
13858261 [main] INFO nl.utwente.fmt.rers.RERSProperty - possibly false: #26, (false R ((letter == "N") && (!X (true U (letter == "L")) || X (true U ((letter == "L") && (true U (letter == "W"))))))) (1 times, fixed)
13858261 [main] INFO nl.utwente.fmt.rers.RERSProperty - query: Query[ε|D D I E L F E L F E L F / X X S R Y S R Y S R Y S]
13858299 [main] INFO nl.utwente.fmt.rers.RERSProperty - possibly false: #26, (false R ((letter == "N") && (!X (true U (letter == "L")) || X (true U ((letter == "L") && (true U (letter == "W"))))))) (1 times, relative)
13858300 [main] INFO nl.utwente.fmt.rers.RERSProperty - query: Query[ε|D D I E L F E L F E L F E L F E L F E L F E L F E L F E L F E L F E L F E L F E L F E L F E L F E L F E L F E L F E L F E L F E L F E L F E L F E L F E L F E L F E L F E L F E L F E L F E L F E L F E L F E L F E L F E L F E L F E L F E L F / X X S R Y S R Y S R Y S R Y S R Y S R Y S R Y S R Y S R Y S R Y S R Y S R Y S R Y S R Y S R Y S R Y S R Y S R Y S R Y S R Y S R Y S R Y S R Y S R Y S R Y S R Y S R Y S R Y S R Y S R Y S R Y S R Y S R Y S R Y S R Y S R Y S R Y S R Y S R Y S]
13858390 [main] INFO de.learnlib.api.logging.LoggingBlackBoxProperty - Property violated: '(false R (!(letter == "P") || (false R (!(letter == "F") || (true U (letter == "Q"))))))'
13858390 [main] INFO de.learnlib.api.logging.LoggingBlackBoxProperty - Counter example for property: OmegaQuery[ε|D D I O L C J A N L A F J C C C C C C C C C C C C C C C C C C C C C C C C C C C C C C C C C C C C C C C / X X S S X X V S P Z P Z S T T T T T T T T T T T T T T T T T T T T T T T T T T T T T T T T T T T T T T T, [13, 14, 15, 16, 17, 18, 19, 20, 21, 22, 23, 24, 25, 26, 27, 28, 29, 30, 31, 32, 33, 34, 35, 36, 37, 38, 39, 40, 41, 42, 43, 44, 45, 46, 47, 48, 49, 50, 51] - [-1036446059, -1036446059, -1036446059, -1036446059, -1036446059, -1036446059, -1036446059, -1036446059, -1036446059, -1036446059, -1036446059, -1036446059, -1036446059, -1036446059, -1036446059, -1036446059, -1036446059, -1036446059, -1036446059, -1036446059, -1036446059, -1036446059, -1036446059, -1036446059, -1036446059, -1036446059, -1036446059, -1036446059, -1036446059, -1036446059, -1036446059, -1036446059, -1036446059, -1036446059, -1036446059, -1036446059, -1036446059, -1036446059, -1036446059]]
13858671 [main] INFO de.learnlib.api.logging.LoggingBlackBoxProperty - Property violated: '(false R (!(letter == "J") || (true U (letter == "V"))))'
13858671 [main] INFO de.learnlib.api.logging.LoggingBlackBoxProperty - Counter example for property: OmegaQuery[ε|D D I O L C L A F J C C C C C C C C C C C C C C C C C C C C C C C C C C C C C C C C C C C C C C C / X X S S X X Z P Z S T T T T T T T T T T T T T T T T T T T T T T T T T T T T T T T T T T T T T T T, [10, 11, 12, 13, 14, 15, 16, 17, 18, 19, 20, 21, 22, 23, 24, 25, 26, 27, 28, 29, 30, 31, 32, 33, 34, 35, 36, 37, 38, 39, 40, 41, 42, 43, 44, 45, 46, 47, 48] - [2113754598, 2113754598, 2113754598, 2113754598, 2113754598, 2113754598, 2113754598, 2113754598, 2113754598, 2113754598, 2113754598, 2113754598, 2113754598, 2113754598, 2113754598, 2113754598, 2113754598, 2113754598, 2113754598, 2113754598, 2113754598, 2113754598, 2113754598, 2113754598, 2113754598, 2113754598, 2113754598, 2113754598, 2113754598, 2113754598, 2113754598, 2113754598, 2113754598, 2113754598, 2113754598, 2113754598, 2113754598, 2113754598, 2113754598]]
13859183 [main] INFO de.learnlib.api.logging.LoggingBlackBoxProperty - Property violated: '(!(true U (letter == "B")) || ((!(letter == "A") || (!(letter == "B") U ((((letter == "V") && !(letter == "B")) && !(letter == "X")) && X ((!(letter == "B") && !(letter == "X")) U (letter == "P"))))) U (letter == "B")))'
13859183 [main] INFO de.learnlib.api.logging.LoggingBlackBoxProperty - Counter example for property: OmegaQuery[ε|D D I O L C J A N L B M M M M M M M M M M M M M M M M M M M M M M M M M M M M M M M M M M M M M M M / X X S S X X V S P Z T P P P P P P P P P P P P P P P P P P P P P P P P P P P P P P P P P P P P P P P, [11, 12, 13, 14, 15, 16, 17, 18, 19, 20, 21, 22, 23, 24, 25, 26, 27, 28, 29, 30, 31, 32, 33, 34, 35, 36, 37, 38, 39, 40, 41, 42, 43, 44, 45, 46, 47, 48, 49] - [-791244259, -986122520, -986122520, -986122520, -986122520, -986122520, -986122520, -986122520, -986122520, -986122520, -986122520, -986122520, -986122520, -986122520, -986122520, -986122520, -986122520, -986122520, -986122520, -986122520, -986122520, -986122520, -986122520, -986122520, -986122520, -986122520, -986122520, -986122520, -986122520, -986122520, -986122520, -986122520, -986122520, -986122520, -986122520, -986122520, -986122520, -986122520, -986122520]]
13859425 [main] INFO de.learnlib.api.logging.LoggingBlackBoxProperty - Property violated: '(false R (!(letter == "B") || (false R (!(letter == "O") || (true U (letter == "S"))))))'
13859425 [main] INFO de.learnlib.api.logging.LoggingBlackBoxProperty - Counter example for property: OmegaQuery[ε|D D I O B L C J E O O O O O O O O O O O O O O O O O O O O O O O O O O O O O O O O O O O O O O O O / X X S S S X X V T V V V V V V V V V V V V V V V V V V V V V V V V V V V V V V V V V V V V V V V V, [10, 11, 12, 13, 14, 15, 16, 17, 18, 19, 20, 21, 22, 23, 24, 25, 26, 27, 28, 29, 30, 31, 32, 33, 34, 35, 36, 37, 38, 39, 40, 41, 42, 43, 44, 45, 46, 47, 48] - [-287719745, -287719745, -287719745, -287719745, -287719745, -287719745, -287719745, -287719745, -287719745, -287719745, -287719745, -287719745, -287719745, -287719745, -287719745, -287719745, -287719745, -287719745, -287719745, -287719745, -287719745, -287719745, -287719745, -287719745, -287719745, -287719745, -287719745, -287719745, -287719745, -287719745, -287719745, -287719745, -287719745, -287719745, -287719745, -287719745, -287719745, -287719745, -287719745]]
13860717 [main] INFO nl.utwente.fmt.rers.RERSProperty - possibly false: #18, (false R (!((letter == "I") && (true U (letter == "J"))) || (!(letter == "P") U ((letter == "J") || (((letter == "S") && !(letter == "P")) && X (!(letter == "P") U (letter == "M"))))))) (1 times, fixed)
13860717 [main] INFO nl.utwente.fmt.rers.RERSProperty - query: Query[ε|D D I O L C J A N I F F D A N L A F A M I L F G K J A N J A N J A N J / X X S S X X V S P Z S S X T V P T S S V V T T Y X V S P V S P V S P V]
13860885 [main] INFO nl.utwente.fmt.rers.RERSProperty - possibly false: #18, (false R (!((letter == "I") && (true U (letter == "J"))) || (!(letter == "P") U ((letter == "J") || (((letter == "S") && !(letter == "P")) && X (!(letter == "P") U (letter == "M"))))))) (1 times, relative)
13860885 [main] INFO nl.utwente.fmt.rers.RERSProperty - query: Query[ε|D D I O L C J A N I F F D A N L A F A M I L F G K J A N J A N J A N J A N J A N J A N J A N J A N J A N J A N J A N J A N J A N J A N J A N J A N J A N J A N J A N J A N J A N J A N J A N J A N J A N J A N J A N J A N J A N J A N J A N J A N J A N J A N J A N J A N J A N J A N J A N J / X X S S X X V S P Z S S X T V P T S S V V T T Y X V S P V S P V S P V S P V S P V S P V S P V S P V S P V S P V S P V S P V S P V S P V S P V S P V S P V S P V S P V S P V S P V S P V S P V S P V S P V S P V S P V S P V S P V S P V S P V S P V S P V S P V S P V S P V S P V S P V S P V]
13861543 [main] INFO nl.utwente.fmt.rers.RERSProperty - possibly false: #17, (false R (!(letter == "R") || (false R (!(letter == "A") || ((letter == "Z") && X (true U (letter == "P"))))))) (1 times, fixed)
13861543 [main] INFO nl.utwente.fmt.rers.RERSProperty - query: Query[ε|D D I E L F O L C J A N J A N J A N J A / X X S R Y S S X X V S P V S P V S P V S]
13861611 [main] INFO nl.utwente.fmt.rers.RERSProperty - possibly false: #17, (false R (!(letter == "R") || (false R (!(letter == "A") || ((letter == "Z") && X (true U (letter == "P"))))))) (1 times, relative)
13861611 [main] INFO nl.utwente.fmt.rers.RERSProperty - query: Query[ε|D D I E L F O L C J A N J A N J A N J A N J A N J A N J A N J A N J A N J A N J A N J A N J A N J A N J A N J A N J A N J A N J A N J A N J A N J A N J A N J A N J A N J A N J A N J A N J A N J A N J A N J A N J A N J A N J A N J A N J A N J A N J A N J A / X X S R Y S S X X V S P V S P V S P V S P V S P V S P V S P V S P V S P V S P V S P V S P V S P V S P V S P V S P V S P V S P V S P V S P V S P V S P V S P V S P V S P V S P V S P V S P V S P V S P V S P V S P V S P V S P V S P V S P V S P V S P V S P V S]
13863450 [main] INFO nl.utwente.fmt.rers.RERSProperty - possibly false: #76, (false R ((letter == "A") && (!X (true U (letter == "E")) || X (true U ((letter == "E") && (true U (letter == "P"))))))) (1 times, fixed)
13863450 [main] INFO nl.utwente.fmt.rers.RERSProperty - query: Query[ε|D D I E L F E L F E L F / X X S R Y S R Y S R Y S]
13863487 [main] INFO nl.utwente.fmt.rers.RERSProperty - possibly false: #76, (false R ((letter == "A") && (!X (true U (letter == "E")) || X (true U ((letter == "E") && (true U (letter == "P"))))))) (1 times, relative)
13863487 [main] INFO nl.utwente.fmt.rers.RERSProperty - query: Query[ε|D D I E L F E L F E L F E L F E L F E L F E L F E L F E L F E L F E L F E L F E L F E L F E L F E L F E L F E L F E L F E L F E L F E L F E L F E L F E L F E L F E L F E L F E L F E L F E L F E L F E L F E L F E L F E L F E L F E L F E L F / X X S R Y S R Y S R Y S R Y S R Y S R Y S R Y S R Y S R Y S R Y S R Y S R Y S R Y S R Y S R Y S R Y S R Y S R Y S R Y S R Y S R Y S R Y S R Y S R Y S R Y S R Y S R Y S R Y S R Y S R Y S R Y S R Y S R Y S R Y S R Y S R Y S R Y S R Y S R Y S]
13864697 [main] INFO de.learnlib.api.logging.LoggingBlackBoxProperty - Property violated: '(false R (!(((letter == "S") && !(letter == "K")) && (true U (letter == "K"))) || (!(letter == "Y") U ((letter == "F") || (letter == "K")))))'
13864697 [main] INFO de.learnlib.api.logging.LoggingBlackBoxProperty - Counter example for property: OmegaQuery[ε|D D I E L F O L C L A F K C C C C C C C C C C C C C C C C C C C C C C C C C C C C C C C C C C C C C C C / X X S R Y S S X X Z P Z T T T T T T T T T T T T T T T T T T T T T T T T T T T T T T T T T T T T T T T T, [13, 14, 15, 16, 17, 18, 19, 20, 21, 22, 23, 24, 25, 26, 27, 28, 29, 30, 31, 32, 33, 34, 35, 36, 37, 38, 39, 40, 41, 42, 43, 44, 45, 46, 47, 48, 49, 50, 51] - [2002576441, 2002576441, 2002576441, 2002576441, 2002576441, 2002576441, 2002576441, 2002576441, 2002576441, 2002576441, 2002576441, 2002576441, 2002576441, 2002576441, 2002576441, 2002576441, 2002576441, 2002576441, 2002576441, 2002576441, 2002576441, 2002576441, 2002576441, 2002576441, 2002576441, 2002576441, 2002576441, 2002576441, 2002576441, 2002576441, 2002576441, 2002576441, 2002576441, 2002576441, 2002576441, 2002576441, 2002576441, 2002576441, 2002576441]]
13865135 [main] INFO nl.utwente.fmt.rers.RERSProperty - possibly false: #85, (!(true U ((letter == "S") && X (true U (letter == "X")))) || (!(letter == "S") U (letter == "Z"))) (1 times, fixed)
13865135 [main] INFO nl.utwente.fmt.rers.RERSProperty - query: Query[ε|D D I O L C J A N J A N J A N / X X S S X X V S P V S P V S P]
13865186 [main] INFO nl.utwente.fmt.rers.RERSProperty - possibly false: #85, (!(true U ((letter == "S") && X (true U (letter == "X")))) || (!(letter == "S") U (letter == "Z"))) (1 times, relative)
13865186 [main] INFO nl.utwente.fmt.rers.RERSProperty - query: Query[ε|D D I O L C J A N J A N J A N J A N J A N J A N J A N J A N J A N J A N J A N J A N J A N J A N J A N J A N J A N J A N J A N J A N J A N J A N J A N J A N J A N J A N J A N J A N J A N J A N J A N J A N J A N J A N J A N J A N J A N J A N J A N / X X S S X X V S P V S P V S P V S P V S P V S P V S P V S P V S P V S P V S P V S P V S P V S P V S P V S P V S P V S P V S P V S P V S P V S P V S P V S P V S P V S P V S P V S P V S P V S P V S P V S P V S P V S P V S P V S P V S P V S P V S P]
13866244 [main] INFO de.learnlib.api.logging.LoggingBlackBoxProperty - Property violated: '(!(true U (letter == "A")) || (!(letter == "Z") U ((letter == "A") || (((letter == "L") && !(letter == "Z")) && X (!(letter == "Z") U (letter == "O"))))))'
13866244 [main] INFO de.learnlib.api.logging.LoggingBlackBoxProperty - Counter example for property: OmegaQuery[ε|D D I O L C L A F J C C C C C C C C C C C C C C C C C C C C C C C C C C C C C C C C C C C C C C C / X X S S X X Z P Z S T T T T T T T T T T T T T T T T T T T T T T T T T T T T T T T T T T T T T T T, [10, 11, 12, 13, 14, 15, 16, 17, 18, 19, 20, 21, 22, 23, 24, 25, 26, 27, 28, 29, 30, 31, 32, 33, 34, 35, 36, 37, 38, 39, 40, 41, 42, 43, 44, 45, 46, 47, 48] - [2113754598, 2113754598, 2113754598, 2113754598, 2113754598, 2113754598, 2113754598, 2113754598, 2113754598, 2113754598, 2113754598, 2113754598, 2113754598, 2113754598, 2113754598, 2113754598, 2113754598, 2113754598, 2113754598, 2113754598, 2113754598, 2113754598, 2113754598, 2113754598, 2113754598, 2113754598, 2113754598, 2113754598, 2113754598, 2113754598, 2113754598, 2113754598, 2113754598, 2113754598, 2113754598, 2113754598, 2113754598, 2113754598, 2113754598]]
13868166 [main] INFO de.learnlib.api.logging.LoggingBlackBoxProperty - Property violated: '(false R (!(((letter == "X") && !(letter == "T")) && (true U (letter == "T"))) || ((!(letter == "E") || (!(letter == "T") U ((letter == "Y") && !(letter == "T")))) U (letter == "T"))))'
13868166 [main] INFO de.learnlib.api.logging.LoggingBlackBoxProperty - Counter example for property: OmegaQuery[ε|D D I O L C J E C C C C C C C C C C C C C C C C C C C C C C C C C C C C C C C C C C C C C C C / X X S S X X V T T T T T T T T T T T T T T T T T T T T T T T T T T T T T T T T T T T T T T T T, [8, 9, 10, 11, 12, 13, 14, 15, 16, 17, 18, 19, 20, 21, 22, 23, 24, 25, 26, 27, 28, 29, 30, 31, 32, 33, 34, 35, 36, 37, 38, 39, 40, 41, 42, 43, 44, 45, 46] - [-287719745, -287719745, -287719745, -287719745, -287719745, -287719745, -287719745, -287719745, -287719745, -287719745, -287719745, -287719745, -287719745, -287719745, -287719745, -287719745, -287719745, -287719745, -287719745, -287719745, -287719745, -287719745, -287719745, -287719745, -287719745, -287719745, -287719745, -287719745, -287719745, -287719745, -287719745, -287719745, -287719745, -287719745, -287719745, -287719745, -287719745, -287719745, -287719745]]
13868486 [main] INFO nl.utwente.fmt.rers.RERSProperty - possibly false: #75, (false R (!((letter == "M") && (true U (letter == "N"))) || ((!(letter == "A") || (!(letter == "N") U ((((letter == "R") && !(letter == "N")) && !(letter == "T")) && X ((!(letter == "N") && !(letter == "T")) U (letter == "X"))))) U (letter == "N")))) (1 times, fixed)
13868486 [main] INFO nl.utwente.fmt.rers.RERSProperty - query: Query[ε|D D I O L C L B M K J A N J A N J A N J A N / X X S S X X Z T P P V S P V S P V S P V S P]
13868588 [main] INFO nl.utwente.fmt.rers.RERSProperty - possibly false: #75, (false R (!((letter == "M") && (true U (letter == "N"))) || ((!(letter == "A") || (!(letter == "N") U ((((letter == "R") && !(letter == "N")) && !(letter == "T")) && X ((!(letter == "N") && !(letter == "T")) U (letter == "X"))))) U (letter == "N")))) (1 times, relative)
13868588 [main] INFO nl.utwente.fmt.rers.RERSProperty - query: Query[ε|D D I O L C L B M K J A N J A N J A N J A N J A N J A N J A N J A N J A N J A N J A N J A N J A N J A N J A N J A N J A N J A N J A N J A N J A N J A N J A N J A N J A N J A N J A N J A N J A N J A N J A N J A N J A N J A N J A N J A N J A N J A N J A N J A N / X X S S X X Z T P P V S P V S P V S P V S P V S P V S P V S P V S P V S P V S P V S P V S P V S P V S P V S P V S P V S P V S P V S P V S P V S P V S P V S P V S P V S P V S P V S P V S P V S P V S P V S P V S P V S P V S P V S P V S P V S P V S P V S P V S P]
13868704 [main] INFO de.learnlib.api.logging.LoggingBlackBoxProperty - Property violated: '(!(true U (letter == "D")) || ((!(letter == "E") || (!(letter == "D") U ((letter == "W") && !(letter == "D")))) U (letter == "D")))'
13868704 [main] INFO de.learnlib.api.logging.LoggingBlackBoxProperty - Counter example for property: OmegaQuery[ε|L E F A M I L F G K I F F D N N N N N N N N N N N N N N N N N N N N N N N N N N N N N N N N N N N N N N N / P Z S S V V T T Y X Z S S X X X X X X X X X X X X X X X X X X X X X X X X X X X X X X X X X X X X X X X X, [14, 15, 16, 17, 18, 19, 20, 21, 22, 23, 24, 25, 26, 27, 28, 29, 30, 31, 32, 33, 34, 35, 36, 37, 38, 39, 40, 41, 42, 43, 44, 45, 46, 47, 48, 49, 50, 51, 52] - [940051415, -688628042, -688628042, -688628042, -688628042, -688628042, -688628042, -688628042, -688628042, -688628042, -688628042, -688628042, -688628042, -688628042, -688628042, -688628042, -688628042, -688628042, -688628042, -688628042, -688628042, -688628042, -688628042, -688628042, -688628042, -688628042, -688628042, -688628042, -688628042, -688628042, -688628042, -688628042, -688628042, -688628042, -688628042, -688628042, -688628042, -688628042, -688628042]]
13869032 [main] INFO de.learnlib.api.logging.LoggingBlackBoxProperty - Property violated: '(false R (!((letter == "L") && (true U (letter == "E"))) || ((!(letter == "B") || (!(letter == "E") U ((((letter == "W") && !(letter == "E")) && !(letter == "S")) && X ((!(letter == "E") && !(letter == "S")) U (letter == "Z"))))) U (letter == "E"))))'
13869032 [main] INFO de.learnlib.api.logging.LoggingBlackBoxProperty - Counter example for property: OmegaQuery[ε|D D I E L F O B L C J E C C C C C C C C C C C C C C C C C C C C C C C C C C C C C C C C C C C C C C C / X X S R Y S S S X X V T T T T T T T T T T T T T T T T T T T T T T T T T T T T T T T T T T T T T T T T, [12, 13, 14, 15, 16, 17, 18, 19, 20, 21, 22, 23, 24, 25, 26, 27, 28, 29, 30, 31, 32, 33, 34, 35, 36, 37, 38, 39, 40, 41, 42, 43, 44, 45, 46, 47, 48, 49, 50] - [-123491956, -123491956, -123491956, -123491956, -123491956, -123491956, -123491956, -123491956, -123491956, -123491956, -123491956, -123491956, -123491956, -123491956, -123491956, -123491956, -123491956, -123491956, -123491956, -123491956, -123491956, -123491956, -123491956, -123491956, -123491956, -123491956, -123491956, -123491956, -123491956, -123491956, -123491956, -123491956, -123491956, -123491956, -123491956, -123491956, -123491956, -123491956, -123491956]]
13870381 [main] INFO de.learnlib.api.logging.LoggingBlackBoxProperty - Property violated: '(false R (!((letter == "I") && (true U (letter == "T"))) || ((!(letter == "K") || (!(letter == "T") U ((((letter == "X") && !(letter == "T")) && !(letter == "U")) && X ((!(letter == "T") && !(letter == "U")) U (letter == "Z"))))) U (letter == "T"))))'
13870381 [main] INFO de.learnlib.api.logging.LoggingBlackBoxProperty - Counter example for property: OmegaQuery[ε|D D I O L C L A F K C C C C C C C C C C C C C C C C C C C C C C C C C C C C C C C C C C C C C C C / X X S S X X Z P Z T T T T T T T T T T T T T T T T T T T T T T T T T T T T T T T T T T T T T T T T, [10, 11, 12, 13, 14, 15, 16, 17, 18, 19, 20, 21, 22, 23, 24, 25, 26, 27, 28, 29, 30, 31, 32, 33, 34, 35, 36, 37, 38, 39, 40, 41, 42, 43, 44, 45, 46, 47, 48] - [-1318960521, -1318960521, -1318960521, -1318960521, -1318960521, -1318960521, -1318960521, -1318960521, -1318960521, -1318960521, -1318960521, -1318960521, -1318960521, -1318960521, -1318960521, -1318960521, -1318960521, -1318960521, -1318960521, -1318960521, -1318960521, -1318960521, -1318960521, -1318960521, -1318960521, -1318960521, -1318960521, -1318960521, -1318960521, -1318960521, -1318960521, -1318960521, -1318960521, -1318960521, -1318960521, -1318960521, -1318960521, -1318960521, -1318960521]]
13872111 [main] INFO de.learnlib.api.logging.LoggingBlackBoxProperty - Property violated: '(false R (!(letter == "M") || (true U ((letter == "Z") && X (true U (letter == "R"))))))'
13872111 [main] INFO de.learnlib.api.logging.LoggingBlackBoxProperty - Counter example for property: OmegaQuery[ε|D D I O L C L B M M M M M M M M M M M M M M M M M M M M M M M M M M M M M M M M M M M M M M M M / X X S S X X Z T P P P P P P P P P P P P P P P P P P P P P P P P P P P P P P P P P P P P P P P P, [9, 10, 11, 12, 13, 14, 15, 16, 17, 18, 19, 20, 21, 22, 23, 24, 25, 26, 27, 28, 29, 30, 31, 32, 33, 34, 35, 36, 37, 38, 39, 40, 41, 42, 43, 44, 45, 46, 47] - [1288350491, 1288350491, 1288350491, 1288350491, 1288350491, 1288350491, 1288350491, 1288350491, 1288350491, 1288350491, 1288350491, 1288350491, 1288350491, 1288350491, 1288350491, 1288350491, 1288350491, 1288350491, 1288350491, 1288350491, 1288350491, 1288350491, 1288350491, 1288350491, 1288350491, 1288350491, 1288350491, 1288350491, 1288350491, 1288350491, 1288350491, 1288350491, 1288350491, 1288350491, 1288350491, 1288350491, 1288350491, 1288350491, 1288350491]]
