18 [main] INFO nl.utwente.fmt.rers.Main - multiplier is: 1.0
18 [main] INFO nl.utwente.fmt.rers.Main - minimum unfolds is : 3
257 [main] INFO nl.utwente.fmt.rers.RERSExperiment - Parsed formula #1: (false R (!(letter == "Z") || ((!(((letter == "W") && !(letter == "C")) && X (!(letter == "C") U ((letter == "S") && !(letter == "C")))) U ((letter == "C") || (letter == "U"))) || (false R !((letter == "W") && X (true U (letter == "S")))))))
259 [main] INFO nl.utwente.fmt.rers.RERSExperiment - Parsed formula #2: (false R ((letter == "B") && (!!(letter == "F") || ((!(letter == "C") || (!(letter == "F") U ((letter == "X") && !(letter == "F")))) W (letter == "F")))))
260 [main] INFO nl.utwente.fmt.rers.RERSExperiment - Parsed formula #3: (!(true U (letter == "X")) || (!(letter == "S") U ((letter == "Z") || (letter == "X"))))
262 [main] INFO nl.utwente.fmt.rers.RERSExperiment - Parsed formula #4: (false R (!((letter == "F") && (true U (letter == "A"))) || (!(letter == "O") U ((letter == "A") || (((letter == "U") && !(letter == "O")) && X (!(letter == "O") U (letter == "B")))))))
263 [main] INFO nl.utwente.fmt.rers.RERSExperiment - Parsed formula #5: (false R (!(letter == "G") || (false R (!(letter == "H") || ((letter == "T") && X (true U (letter == "Q")))))))
266 [main] INFO nl.utwente.fmt.rers.RERSExperiment - Parsed formula #6: (false R (!(letter == "V") || ((!(((letter == "X") && !(letter == "O")) && X (!(letter == "O") U ((letter == "T") && !(letter == "O")))) U ((letter == "O") || (letter == "G"))) || (false R !((letter == "X") && X (true U (letter == "T")))))))
267 [main] INFO nl.utwente.fmt.rers.RERSExperiment - Parsed formula #7: (false R (!(letter == "I") || (true U ((letter == "P") && X (true U (letter == "Q"))))))
269 [main] INFO nl.utwente.fmt.rers.RERSExperiment - Parsed formula #8: (false R (!((letter == "Z") && (true U (letter == "G"))) || (!(((letter == "U") && !(letter == "G")) && X (!(letter == "G") U ((letter == "X") && !(letter == "G")))) U ((letter == "G") || (letter == "F")))))
269 [main] INFO nl.utwente.fmt.rers.RERSExperiment - Parsed formula #9: (false R (!(letter == "H") || (true U ((letter == "V") && X (true U (letter == "Y"))))))
272 [main] INFO nl.utwente.fmt.rers.RERSExperiment - Parsed formula #10: ((false R !(letter == "E")) || (true U ((letter == "E") && (!(letter == "Z") W (letter == "T")))))
273 [main] INFO nl.utwente.fmt.rers.RERSExperiment - Parsed formula #11: (!(true U (letter == "Q")) || (!(letter == "Q") U (((letter == "U") && !(letter == "Q")) && X (!(letter == "Q") U (letter == "A")))))
274 [main] INFO nl.utwente.fmt.rers.RERSExperiment - Parsed formula #12: (false R (!(letter == "R") || (false R (!(letter == "E") || ((letter == "O") && X (true U (letter == "V")))))))
275 [main] INFO nl.utwente.fmt.rers.RERSExperiment - Parsed formula #13: (false R (!((letter == "Z") && (true U (letter == "I"))) || (((letter == "H") && (!X (!(letter == "I") U (letter == "D")) || X (!(letter == "I") U ((letter == "D") && (true U (letter == "W")))))) U (letter == "I"))))
276 [main] INFO nl.utwente.fmt.rers.RERSExperiment - Parsed formula #14: (false R (!(letter == "E") || (true U (((letter == "S") && !(letter == "X")) && X (!(letter == "X") U (letter == "T"))))))
278 [main] INFO nl.utwente.fmt.rers.RERSExperiment - Parsed formula #15: (!(true U (letter == "Q")) || ((!(letter == "J") || (!(letter == "Q") U ((((letter == "S") && !(letter == "Q")) && !(letter == "P")) && X ((!(letter == "Q") && !(letter == "P")) U (letter == "Z"))))) U (letter == "Q")))
278 [main] INFO nl.utwente.fmt.rers.RERSExperiment - Parsed formula #16: (!(true U ((letter == "T") && X (true U (letter == "Y")))) || (!(letter == "T") U (letter == "W")))
279 [main] INFO nl.utwente.fmt.rers.RERSExperiment - Parsed formula #17: (!(true U (letter == "A")) || (!(letter == "W") U ((letter == "A") || (((letter == "H") && !(letter == "W")) && X (!(letter == "W") U (letter == "I"))))))
280 [main] INFO nl.utwente.fmt.rers.RERSExperiment - Parsed formula #18: (false R (!(letter == "F") || ((!(letter == "C") || (!(letter == "O") U ((((letter == "Y") && !(letter == "O")) && !(letter == "R")) && X ((!(letter == "O") && !(letter == "R")) U (letter == "T"))))) U ((letter == "O") || (false R (!(letter == "C") || (((letter == "Y") && !(letter == "R")) && X (!(letter == "R") U (letter == "T")))))))))
281 [main] INFO nl.utwente.fmt.rers.RERSExperiment - Parsed formula #19: ((false R !(letter == "D")) || (true U ((letter == "D") && (!(letter == "P") W (letter == "R")))))
282 [main] INFO nl.utwente.fmt.rers.RERSExperiment - Parsed formula #20: (!(true U ((letter == "U") && X (true U (letter == "Y")))) || (!(letter == "U") U (letter == "E")))
283 [main] INFO nl.utwente.fmt.rers.RERSExperiment - Parsed formula #21: (false R (!(letter == "H") || ((!(letter == "C") || (!(letter == "O") U ((((letter == "X") && !(letter == "O")) && !(letter == "P")) && X ((!(letter == "O") && !(letter == "P")) U (letter == "Y"))))) U ((letter == "O") || (false R (!(letter == "C") || (((letter == "X") && !(letter == "P")) && X (!(letter == "P") U (letter == "Y")))))))))
284 [main] INFO nl.utwente.fmt.rers.RERSExperiment - Parsed formula #22: (false R (!((letter == "T") && (true U (letter == "B"))) || (((letter == "E") && (!X (!(letter == "B") U (letter == "G")) || X (!(letter == "B") U ((letter == "G") && (true U (letter == "O")))))) U (letter == "B"))))
285 [main] INFO nl.utwente.fmt.rers.RERSExperiment - Parsed formula #23: ((false R !(letter == "Z")) || (true U ((letter == "Z") && (!(letter == "V") W (letter == "O")))))
285 [main] INFO nl.utwente.fmt.rers.RERSExperiment - Parsed formula #24: (false R (!(letter == "S") || (false R ((letter == "J") && (!X (true U (letter == "I")) || X (!(letter == "I") U ((letter == "I") && (true U (letter == "Z")))))))))
286 [main] INFO nl.utwente.fmt.rers.RERSExperiment - Parsed formula #25: (false R (!((letter == "O") && (true U (letter == "T"))) || (!(((letter == "S") && !(letter == "T")) && X (!(letter == "T") U ((letter == "W") && !(letter == "T")))) U ((letter == "T") || (letter == "V")))))
287 [main] INFO nl.utwente.fmt.rers.RERSExperiment - Parsed formula #26: (!(true U (letter == "F")) || (((letter == "G") && (!X (!(letter == "F") U (letter == "B")) || X (!(letter == "F") U ((letter == "B") && (true U (letter == "V")))))) U (letter == "F")))
287 [main] INFO nl.utwente.fmt.rers.RERSExperiment - Parsed formula #27: (!(true U (letter == "R")) || (!(letter == "R") U (((letter == "J") && !(letter == "R")) && X (!(letter == "R") U (letter == "D")))))
288 [main] INFO nl.utwente.fmt.rers.RERSExperiment - Parsed formula #28: (!(true U (letter == "A")) || (!(letter == "W") U ((letter == "C") || (letter == "A"))))
289 [main] INFO nl.utwente.fmt.rers.RERSExperiment - Parsed formula #29: (false R (!((letter == "J") && (true U (letter == "E"))) || (!(letter == "O") U ((letter == "E") || (((letter == "P") && !(letter == "O")) && X (!(letter == "O") U (letter == "Z")))))))
289 [main] INFO nl.utwente.fmt.rers.RERSExperiment - Parsed formula #30: (false R (!(((letter == "I") && !(letter == "P")) && (true U (letter == "P"))) || ((!(letter == "E") || (!(letter == "P") U ((letter == "S") && !(letter == "P")))) U (letter == "P"))))
290 [main] INFO nl.utwente.fmt.rers.RERSExperiment - Parsed formula #31: (!(true U (letter == "Q")) || ((!(letter == "D") || (!(letter == "Q") U ((letter == "P") && !(letter == "Q")))) U (letter == "Q")))
291 [main] INFO nl.utwente.fmt.rers.RERSExperiment - Parsed formula #32: (!(true U (letter == "V")) || (!(((letter == "O") && !(letter == "V")) && X (!(letter == "V") U ((letter == "Z") && !(letter == "V")))) U ((letter == "V") || (letter == "B"))))
291 [main] INFO nl.utwente.fmt.rers.RERSExperiment - Parsed formula #33: (false R (!(letter == "H") || (true U ((letter == "V") && X (true U (letter == "U"))))))
292 [main] INFO nl.utwente.fmt.rers.RERSExperiment - Parsed formula #34: (!(true U (letter == "O")) || ((!(letter == "C") || (!(letter == "O") U ((letter == "U") && !(letter == "O")))) U (letter == "O")))
292 [main] INFO nl.utwente.fmt.rers.RERSExperiment - Parsed formula #35: ((false R !(letter == "T")) || (!(letter == "T") U ((letter == "T") && (!(true U (letter == "S")) || (!(letter == "S") U (((letter == "B") && !(letter == "S")) && X (!(letter == "S") U (letter == "Q"))))))))
293 [main] INFO nl.utwente.fmt.rers.RERSExperiment - Parsed formula #36: (false R (!(letter == "I") || (true U (letter == "W"))))
294 [main] INFO nl.utwente.fmt.rers.RERSExperiment - Parsed formula #37: (false R (!((letter == "J") && (true U (letter == "H"))) || (!(((letter == "Q") && !(letter == "H")) && X (!(letter == "H") U ((letter == "V") && !(letter == "H")))) U ((letter == "H") || (letter == "D")))))
294 [main] INFO nl.utwente.fmt.rers.RERSExperiment - Parsed formula #38: (false R (!(letter == "A") || (false R ((letter == "B") && (!X (true U (letter == "F")) || X (!(letter == "F") U ((letter == "F") && (true U (letter == "Q")))))))))
295 [main] INFO nl.utwente.fmt.rers.RERSExperiment - Parsed formula #39: (false R (!(letter == "I") || (true U ((letter == "Q") && X (true U (letter == "V"))))))
295 [main] INFO nl.utwente.fmt.rers.RERSExperiment - Parsed formula #40: (false R (!(letter == "G") || (false R (!(letter == "J") || (true U (letter == "R"))))))
296 [main] INFO nl.utwente.fmt.rers.RERSExperiment - Parsed formula #41: ((false R !(letter == "S")) || (!(letter == "S") U ((letter == "S") && (!(true U (letter == "P")) || (!(letter == "P") U (((letter == "O") && !(letter == "P")) && X (!(letter == "P") U (letter == "I"))))))))
296 [main] INFO nl.utwente.fmt.rers.RERSExperiment - Parsed formula #42: ((false R !(letter == "D")) || (true U ((letter == "D") && (!(letter == "S") W (letter == "U")))))
297 [main] INFO nl.utwente.fmt.rers.RERSExperiment - Parsed formula #43: (false R (!(letter == "D") || (true U ((letter == "W") && X (true U (letter == "P"))))))
298 [main] INFO nl.utwente.fmt.rers.RERSExperiment - Parsed formula #44: (false R (!(letter == "C") || ((!(letter == "I") || (!(letter == "U") U (((letter == "Q") && !(letter == "U")) && X (!(letter == "U") U (letter == "O"))))) U ((letter == "U") || (false R (!(letter == "I") || ((letter == "Q") && X (true U (letter == "O")))))))))
298 [main] INFO nl.utwente.fmt.rers.RERSExperiment - Parsed formula #45: (false R ((letter == "U") && (!!(letter == "W") || (!(letter == "Z") W ((letter == "O") || (letter == "W"))))))
299 [main] INFO nl.utwente.fmt.rers.RERSExperiment - Parsed formula #46: (false R (!(letter == "J") || (true U ((letter == "X") && X (true U (letter == "Q"))))))
299 [main] INFO nl.utwente.fmt.rers.RERSExperiment - Parsed formula #47: (false R (!(letter == "V") || (false R (!(letter == "C") || (((letter == "S") && !(letter == "T")) && X (!(letter == "T") U (letter == "Z")))))))
300 [main] INFO nl.utwente.fmt.rers.RERSExperiment - Parsed formula #48: (!(true U (letter == "R")) || ((!(letter == "F") || (!(letter == "R") U ((((letter == "U") && !(letter == "R")) && !(letter == "W")) && X ((!(letter == "R") && !(letter == "W")) U (letter == "S"))))) U (letter == "R")))
300 [main] INFO nl.utwente.fmt.rers.RERSExperiment - Parsed formula #49: (false R (!((letter == "A") && (true U (letter == "W"))) || (!(letter == "O") U ((letter == "W") || (((letter == "Z") && !(letter == "O")) && X (!(letter == "O") U (letter == "E")))))))
301 [main] INFO nl.utwente.fmt.rers.RERSExperiment - Parsed formula #50: (false R (!(letter == "H") || ((!(letter == "E") || (!(letter == "X") U (((letter == "U") && !(letter == "X")) && X (!(letter == "X") U (letter == "V"))))) U ((letter == "X") || (false R (!(letter == "E") || ((letter == "U") && X (true U (letter == "V")))))))))
301 [main] INFO nl.utwente.fmt.rers.RERSExperiment - Parsed formula #51: (false R (!(letter == "S") || ((!(letter == "J") || (!(letter == "Z") U ((((letter == "X") && !(letter == "Z")) && !(letter == "R")) && X ((!(letter == "Z") && !(letter == "R")) U (letter == "U"))))) U ((letter == "Z") || (false R (!(letter == "J") || (((letter == "X") && !(letter == "R")) && X (!(letter == "R") U (letter == "U")))))))))
302 [main] INFO nl.utwente.fmt.rers.RERSExperiment - Parsed formula #52: (false R (!((letter == "A") && (true U (letter == "W"))) || (((letter == "H") && (!X (!(letter == "W") U (letter == "I")) || X (!(letter == "W") U ((letter == "I") && (true U (letter == "S")))))) U (letter == "W"))))
302 [main] INFO nl.utwente.fmt.rers.RERSExperiment - Parsed formula #53: (!(true U (letter == "T")) || (!(letter == "Z") U ((letter == "P") || (letter == "T"))))
303 [main] INFO nl.utwente.fmt.rers.RERSExperiment - Parsed formula #54: (!(true U (letter == "S")) || (!(letter == "V") U ((letter == "S") || (((letter == "O") && !(letter == "V")) && X (!(letter == "V") U (letter == "G"))))))
303 [main] INFO nl.utwente.fmt.rers.RERSExperiment - Parsed formula #55: (false R (!(letter == "Q") || (!(true U (letter == "Y")) || (!(letter == "Y") U ((letter == "X") || (((letter == "Z") && !(letter == "Y")) && X (!(letter == "Y") U (letter == "B"))))))))
304 [main] INFO nl.utwente.fmt.rers.RERSExperiment - Parsed formula #56: (false R ((letter == "U") && (!!(letter == "D") || ((!(letter == "C") || (!(letter == "D") U ((letter == "T") && !(letter == "D")))) W (letter == "D")))))
304 [main] INFO nl.utwente.fmt.rers.RERSExperiment - Parsed formula #57: (!(true U (letter == "J")) || (!(letter == "Z") U ((letter == "J") || (((letter == "W") && !(letter == "Z")) && X (!(letter == "Z") U (letter == "I"))))))
304 [main] INFO nl.utwente.fmt.rers.RERSExperiment - Parsed formula #58: (!(true U (letter == "O")) || (!(letter == "X") U ((letter == "E") || (letter == "O"))))
305 [main] INFO nl.utwente.fmt.rers.RERSExperiment - Parsed formula #59: (false R (!(letter == "A") || (true U ((letter == "X") && X (true U (letter == "Q"))))))
305 [main] INFO nl.utwente.fmt.rers.RERSExperiment - Parsed formula #60: (!(letter == "S") W (letter == "X"))
306 [main] INFO nl.utwente.fmt.rers.RERSExperiment - Parsed formula #61: (false R (!(letter == "F") || (true U ((letter == "Q") && X (true U (letter == "P"))))))
306 [main] INFO nl.utwente.fmt.rers.RERSExperiment - Parsed formula #62: ((false R !(letter == "W")) || (!(letter == "W") U ((letter == "W") && (!(true U ((letter == "Z") && X (true U (letter == "X")))) || (!(letter == "Z") U (letter == "I"))))))
307 [main] INFO nl.utwente.fmt.rers.RERSExperiment - Parsed formula #63: (false R (!(letter == "J") || (!(true U (letter == "T")) || (!(letter == "T") U ((letter == "R") || (((letter == "E") && !(letter == "T")) && X (!(letter == "T") U (letter == "F"))))))))
307 [main] INFO nl.utwente.fmt.rers.RERSExperiment - Parsed formula #64: (false R (!(((letter == "I") && !(letter == "D")) && (true U (letter == "D"))) || (!(letter == "R") U ((letter == "F") || (letter == "D")))))
308 [main] INFO nl.utwente.fmt.rers.RERSExperiment - Parsed formula #65: (false R (!(((letter == "U") && !(letter == "O")) && (true U (letter == "O"))) || (!(letter == "S") U ((letter == "Y") || (letter == "O")))))
308 [main] INFO nl.utwente.fmt.rers.RERSExperiment - Parsed formula #66: (false R (!((letter == "R") && (true U (letter == "Q"))) || (!(letter == "W") U ((letter == "Q") || (((letter == "X") && !(letter == "W")) && X (!(letter == "W") U (letter == "E")))))))
309 [main] INFO nl.utwente.fmt.rers.RERSExperiment - Parsed formula #67: (!(true U (letter == "U")) || (!(((letter == "X") && !(letter == "U")) && X (!(letter == "U") U ((letter == "W") && !(letter == "U")))) U ((letter == "U") || (letter == "E"))))
309 [main] INFO nl.utwente.fmt.rers.RERSExperiment - Parsed formula #68: (false R (!((letter == "C") && (true U (letter == "A"))) || (!(letter == "V") U ((letter == "A") || (((letter == "P") && !(letter == "V")) && X (!(letter == "V") U (letter == "X")))))))
309 [main] INFO nl.utwente.fmt.rers.RERSExperiment - Parsed formula #69: (false R ((letter == "Y") && (!!(letter == "R") || (!(letter == "U") W ((letter == "D") || (letter == "R"))))))
310 [main] INFO nl.utwente.fmt.rers.RERSExperiment - Parsed formula #70: (!(true U (letter == "H")) || (!(((letter == "O") && !(letter == "H")) && X (!(letter == "H") U ((letter == "R") && !(letter == "H")))) U ((letter == "H") || (letter == "W"))))
310 [main] INFO nl.utwente.fmt.rers.RERSExperiment - Parsed formula #71: (false R (!((letter == "D") && (true U (letter == "Y"))) || (((letter == "E") && (!X (!(letter == "Y") U (letter == "I")) || X (!(letter == "Y") U ((letter == "I") && (true U (letter == "P")))))) U (letter == "Y"))))
311 [main] INFO nl.utwente.fmt.rers.RERSExperiment - Parsed formula #72: ((false R !(letter == "I")) || (!(letter == "I") U ((letter == "I") && (!(true U (letter == "W")) || (!(letter == "W") U (((letter == "U") && !(letter == "W")) && X (!(letter == "W") U (letter == "Y"))))))))
311 [main] INFO nl.utwente.fmt.rers.RERSExperiment - Parsed formula #73: (!(letter == "Q") W (letter == "C"))
311 [main] INFO nl.utwente.fmt.rers.RERSExperiment - Parsed formula #74: ((false R !(letter == "E")) || (!(letter == "E") U ((letter == "E") && (!(true U ((letter == "V") && X (true U (letter == "Q")))) || (!(letter == "V") U (letter == "W"))))))
312 [main] INFO nl.utwente.fmt.rers.RERSExperiment - Parsed formula #75: (false R (!((letter == "P") && (true U (letter == "Z"))) || (((letter == "A") && (!X (!(letter == "Z") U (letter == "J")) || X (!(letter == "Z") U ((letter == "J") && (true U (letter == "V")))))) U (letter == "Z"))))
312 [main] INFO nl.utwente.fmt.rers.RERSExperiment - Parsed formula #76: (false R (!(letter == "S") || (!(true U (letter == "T")) || (!(letter == "T") U ((letter == "V") || (((letter == "C") && !(letter == "T")) && X (!(letter == "T") U (letter == "Q"))))))))
313 [main] INFO nl.utwente.fmt.rers.RERSExperiment - Parsed formula #77: (!(true U (letter == "C")) || ((!(letter == "J") || (!(letter == "C") U (((letter == "P") && !(letter == "C")) && X (!(letter == "C") U (letter == "O"))))) U (letter == "C")))
313 [main] INFO nl.utwente.fmt.rers.RERSExperiment - Parsed formula #78: (!(true U (letter == "D")) || (!(letter == "T") U ((letter == "D") || (((letter == "W") && !(letter == "T")) && X (!(letter == "T") U (letter == "H"))))))
313 [main] INFO nl.utwente.fmt.rers.RERSExperiment - Parsed formula #79: (false R (!(letter == "G") || (false R (!(letter == "J") || (true U (letter == "W"))))))
314 [main] INFO nl.utwente.fmt.rers.RERSExperiment - Parsed formula #80: ((false R !(letter == "Z")) || (!(letter == "Z") U ((letter == "Z") && (!(true U ((letter == "X") && X (true U (letter == "Q")))) || (!(letter == "X") U (letter == "D"))))))
314 [main] INFO nl.utwente.fmt.rers.RERSExperiment - Parsed formula #81: (false R (!(((letter == "Q") && !(letter == "B")) && (true U (letter == "B"))) || (!(letter == "W") U ((letter == "O") || (letter == "B")))))
315 [main] INFO nl.utwente.fmt.rers.RERSExperiment - Parsed formula #82: ((false R !(letter == "J")) || (true U ((letter == "J") && (!(letter == "R") W (letter == "C")))))
316 [main] INFO nl.utwente.fmt.rers.RERSExperiment - Parsed formula #83: (false R (!(((letter == "X") && !(letter == "P")) && (true U (letter == "P"))) || ((!(letter == "C") || (!(letter == "P") U ((letter == "S") && !(letter == "P")))) U (letter == "P"))))
316 [main] INFO nl.utwente.fmt.rers.RERSExperiment - Parsed formula #84: (false R (!((letter == "P") && (true U (letter == "S"))) || (!(((letter == "Z") && !(letter == "S")) && X (!(letter == "S") U ((letter == "R") && !(letter == "S")))) U ((letter == "S") || (letter == "O")))))
317 [main] INFO nl.utwente.fmt.rers.RERSExperiment - Parsed formula #85: ((false R !(letter == "H")) || (!(letter == "H") U ((letter == "H") && (!(true U ((letter == "S") && X (true U (letter == "X")))) || (!(letter == "S") U (letter == "V"))))))
317 [main] INFO nl.utwente.fmt.rers.RERSExperiment - Parsed formula #86: (false R (!(letter == "D") || (!(true U (letter == "Q")) || (!(letter == "Q") U ((letter == "B") || (((letter == "C") && !(letter == "Q")) && X (!(letter == "Q") U (letter == "Y"))))))))
317 [main] INFO nl.utwente.fmt.rers.RERSExperiment - Parsed formula #87: (!(true U (letter == "O")) || ((!(letter == "D") || (!(letter == "O") U ((((letter == "V") && !(letter == "O")) && !(letter == "T")) && X ((!(letter == "O") && !(letter == "T")) U (letter == "S"))))) U (letter == "O")))
318 [main] INFO nl.utwente.fmt.rers.RERSExperiment - Parsed formula #88: (false R ((letter == "P") && (!!(letter == "W") || ((!(letter == "I") || (!(letter == "W") U ((letter == "Y") && !(letter == "W")))) W (letter == "W")))))
318 [main] INFO nl.utwente.fmt.rers.RERSExperiment - Parsed formula #89: (!(true U (letter == "H")) || ((!(letter == "E") || (!(letter == "H") U ((letter == "S") && !(letter == "H")))) U (letter == "H")))
319 [main] INFO nl.utwente.fmt.rers.RERSExperiment - Parsed formula #90: (false R (!(letter == "J") || (!(true U (letter == "P")) || (!(letter == "P") U ((letter == "V") || (((letter == "W") && !(letter == "P")) && X (!(letter == "P") U (letter == "Y"))))))))
319 [main] INFO nl.utwente.fmt.rers.RERSExperiment - Parsed formula #91: ((false R !(letter == "H")) || (!(letter == "H") U ((letter == "H") && (!(true U (letter == "X")) || (!(letter == "X") U (((letter == "A") && !(letter == "X")) && X (!(letter == "X") U (letter == "J"))))))))
320 [main] INFO nl.utwente.fmt.rers.RERSExperiment - Parsed formula #92: (false R (!((letter == "X") && (true U (letter == "U"))) || (!(letter == "V") U ((letter == "U") || (((letter == "C") && !(letter == "V")) && X (!(letter == "V") U (letter == "S")))))))
320 [main] INFO nl.utwente.fmt.rers.RERSExperiment - Parsed formula #93: (false R (!(((letter == "A") && !(letter == "P")) && (true U (letter == "P"))) || ((!(letter == "J") || (!(letter == "P") U ((letter == "U") && !(letter == "P")))) U (letter == "P"))))
320 [main] INFO nl.utwente.fmt.rers.RERSExperiment - Parsed formula #94: (false R (!(letter == "E") || (true U (letter == "S"))))
321 [main] INFO nl.utwente.fmt.rers.RERSExperiment - Parsed formula #95: (false R (!(letter == "D") || ((!(letter == "E") || (!(letter == "Y") U (((letter == "V") && !(letter == "Y")) && X (!(letter == "Y") U (letter == "T"))))) U ((letter == "Y") || (false R (!(letter == "E") || ((letter == "V") && X (true U (letter == "T")))))))))
321 [main] INFO nl.utwente.fmt.rers.RERSExperiment - Parsed formula #96: (!(true U (letter == "P")) || (((letter == "E") && (!X (!(letter == "P") U (letter == "H")) || X (!(letter == "P") U ((letter == "H") && (true U (letter == "U")))))) U (letter == "P")))
322 [main] INFO nl.utwente.fmt.rers.RERSExperiment - Parsed formula #97: (false R (!(letter == "H") || (true U ((letter == "T") && X (true U (letter == "S"))))))
322 [main] INFO nl.utwente.fmt.rers.RERSExperiment - Parsed formula #98: ((false R !(letter == "E")) || (!(letter == "E") U ((letter == "E") && (!(true U ((letter == "R") && X (true U (letter == "O")))) || (!(letter == "R") U (letter == "P"))))))
322 [main] INFO nl.utwente.fmt.rers.RERSExperiment - Parsed formula #99: ((false R !(letter == "V")) || (!(letter == "V") U ((letter == "V") && (!(true U ((letter == "W") && X (true U (letter == "R")))) || (!(letter == "W") U (letter == "A"))))))
323 [main] INFO nl.utwente.fmt.rers.RERSExperiment - Parsed formula #100: (false R (!(((letter == "B") && !(letter == "Q")) && (true U (letter == "Q"))) || (!(letter == "S") U ((letter == "Z") || (letter == "Q")))))
458 [main] INFO nl.utwente.fmt.rers.Main - Searching for counterexample
686 [main] INFO nl.utwente.fmt.rers.Main - Query[ε|E H D D F D G C C E B F F E / W S X W W P R S Y W X W Y ]
746 [main] INFO nl.utwente.fmt.rers.Main - Searching for counterexample
16451466 [main] INFO nl.utwente.fmt.rers.Main - timeout reached, not using counter example
16451466 [main] INFO nl.utwente.fmt.rers.Main - Useless equivalence symbols: 5509809738
16451466 [main] INFO nl.utwente.fmt.rers.Main - Useless equivalence queries: 101042902
16452521 [main] INFO de.learnlib.api.logging.LoggingBlackBoxProperty - Property violated: '(false R (!(letter == "C") || ((!(letter == "I") || (!(letter == "U") U (((letter == "Q") && !(letter == "U")) && X (!(letter == "U") U (letter == "O"))))) U ((letter == "U") || (false R (!(letter == "I") || ((letter == "Q") && X (true U (letter == "O")))))))))'
16452521 [main] INFO de.learnlib.api.logging.LoggingBlackBoxProperty - Counter example for property: OmegaQuery[ε|I F C F C A B I I I I I I I I I I I I I I I I I I I I I I I I I I I / O T R Y T S Z V V V V V V V V V V V V V V V V V V V V V V V V V V V, [8, 9, 10, 11, 12, 13, 14, 15, 16, 17, 18, 19, 20, 21, 22, 23, 24, 25, 26, 27, 28, 29, 30, 31, 32, 33] - [809844101, 809844101, 809844101, 809844101, 809844101, 809844101, 809844101, 809844101, 809844101, 809844101, 809844101, 809844101, 809844101, 809844101, 809844101, 809844101, 809844101, 809844101, 809844101, 809844101, 809844101, 809844101, 809844101, 809844101, 809844101, 809844101]]
16454366 [main] INFO de.learnlib.api.logging.LoggingBlackBoxProperty - Property violated: '(!(true U (letter == "H")) || (!(((letter == "O") && !(letter == "H")) && X (!(letter == "H") U ((letter == "R") && !(letter == "H")))) U ((letter == "H") || (letter == "W"))))'
16454366 [main] INFO de.learnlib.api.logging.LoggingBlackBoxProperty - Counter example for property: OmegaQuery[ε|I F C H C H C H C H C H C H C H C H C H C H C H C H C H C H C H C H C H C H C H C H C H C H C H C H C H C H C H / O T R T R T R T R T R T R T R T R T R T R T R T R T R T R T R T R T R T R T R T R T R T R T R T R T R T R T R T, [4, 6, 8, 10, 12, 14, 16, 18, 20, 22, 24, 26, 28, 30, 32, 34, 36, 38, 40, 42, 44, 46, 48, 50, 52, 54] - [-1332477942, -1332477942, -1332477942, -1332477942, -1332477942, -1332477942, -1332477942, -1332477942, -1332477942, -1332477942, -1332477942, -1332477942, -1332477942, -1332477942, -1332477942, -1332477942, -1332477942, -1332477942, -1332477942, -1332477942, -1332477942, -1332477942, -1332477942, -1332477942, -1332477942, -1332477942]]
16454918 [main] INFO de.learnlib.api.logging.LoggingBlackBoxProperty - Property violated: '(false R (!(letter == "D") || ((!(letter == "E") || (!(letter == "Y") U (((letter == "V") && !(letter == "Y")) && X (!(letter == "Y") U (letter == "T"))))) U ((letter == "Y") || (false R (!(letter == "E") || ((letter == "V") && X (true U (letter == "T")))))))))'
16454919 [main] INFO de.learnlib.api.logging.LoggingBlackBoxProperty - Counter example for property: OmegaQuery[ε|E H D D F D G C C E B F F D E D F D G C C E B F F D E D F D G C C E B F F D E D F D G C C E B F F D E D F D G C C E B F F D E D F D G C C E B F F D E D F D G C C E B F F D E D F D G C C E B F F D E D F D G C C E B F F D E D F D G C C E B F F D E D F D G C C E B F F D E D F D G C C E B F F D E D F D G C C E B F F D E D F D G C C E B F F D E D F D G C C E B F F D E D F D G C C E B F F D E D F D G C C E B F F D E D F D G C C E B F F D E D F D G C C E B F F D E D F D G C C E B F F D E D F D G C C E B F F D E D F D G C C E B F F D E D F D G C C E B F F D E D F D G C C E B F F D E D F D G C C E B F F D E D F D G C C E B F F D E D F D G C C E B F F D E D F D G C C / W S X W W P R S Y W X W Y U R W W P R S Y W X W Y U R W W P R S Y W X W Y U R W W P R S Y W X W Y U R W W P R S Y W X W Y U R W W P R S Y W X W Y U R W W P R S Y W X W Y U R W W P R S Y W X W Y U R W W P R S Y W X W Y U R W W P R S Y W X W Y U R W W P R S Y W X W Y U R W W P R S Y W X W Y U R W W P R S Y W X W Y U R W W P R S Y W X W Y U R W W P R S Y W X W Y U R W W P R S Y W X W Y U R W W P R S Y W X W Y U R W W P R S Y W X W Y U R W W P R S Y W X W Y U R W W P R S Y W X W Y U R W W P R S Y W X W Y U R W W P R S Y W X W Y U R W W P R S Y W X W Y U R W W P R S Y W X W Y U R W W P R S Y W X W Y U R W W P R S Y W X W Y U R W W P R S Y W X W Y U R W W P R S Y, [21, 33, 45, 57, 69, 81, 93, 105, 117, 129, 141, 153, 165, 177, 189, 201, 213, 225, 237, 249, 261, 273, 285, 297, 309, 321] - [376305517, 376305517, 376305517, 376305517, 376305517, 376305517, 376305517, 376305517, 376305517, 376305517, 376305517, 376305517, 376305517, 376305517, 376305517, 376305517, 376305517, 376305517, 376305517, 376305517, 376305517, 376305517, 376305517, 376305517, 376305517, 376305517]]
16455329 [main] INFO de.learnlib.api.logging.LoggingBlackBoxProperty - Property violated: '(false R ((letter == "U") && (!!(letter == "W") || (!(letter == "Z") W ((letter == "O") || (letter == "W"))))))'
16455329 [main] INFO de.learnlib.api.logging.LoggingBlackBoxProperty - Counter example for property: OmegaQuery[ε|I F C H C H C H C H C H C H C H C H C H C H C H C H C H C H C H C H C H C H C H C H C H C H C H C H C H C H / O T R T R T R T R T R T R T R T R T R T R T R T R T R T R T R T R T R T R T R T R T R T R T R T R T R T R T, [2, 4, 6, 8, 10, 12, 14, 16, 18, 20, 22, 24, 26, 28, 30, 32, 34, 36, 38, 40, 42, 44, 46, 48, 50, 52] - [-256198708, -1332477942, -1332477942, -1332477942, -1332477942, -1332477942, -1332477942, -1332477942, -1332477942, -1332477942, -1332477942, -1332477942, -1332477942, -1332477942, -1332477942, -1332477942, -1332477942, -1332477942, -1332477942, -1332477942, -1332477942, -1332477942, -1332477942, -1332477942, -1332477942, -1332477942]]
16455931 [main] INFO de.learnlib.api.logging.LoggingBlackBoxProperty - Property violated: '((false R !(letter == "T")) || (!(letter == "T") U ((letter == "T") && (!(true U (letter == "S")) || (!(letter == "S") U (((letter == "B") && !(letter == "S")) && X (!(letter == "S") U (letter == "Q"))))))))'
16455931 [main] INFO de.learnlib.api.logging.LoggingBlackBoxProperty - Counter example for property: OmegaQuery[ε|I F C F C A B I I I I I I I I I I I I I I I I I I I I I I I I I I / O T R Y T S Z V V V V V V V V V V V V V V V V V V V V V V V V V V, [7, 8, 9, 10, 11, 12, 13, 14, 15, 16, 17, 18, 19, 20, 21, 22, 23, 24, 25, 26, 27, 28, 29, 30, 31, 32] - [809844101, 809844101, 809844101, 809844101, 809844101, 809844101, 809844101, 809844101, 809844101, 809844101, 809844101, 809844101, 809844101, 809844101, 809844101, 809844101, 809844101, 809844101, 809844101, 809844101, 809844101, 809844101, 809844101, 809844101, 809844101, 809844101]]
16456166 [main] INFO de.learnlib.api.logging.LoggingBlackBoxProperty - Property violated: '(false R (!(letter == "F") || (true U ((letter == "Q") && X (true U (letter == "P"))))))'
16456167 [main] INFO de.learnlib.api.logging.LoggingBlackBoxProperty - Counter example for property: OmegaQuery[ε|I F C H C H C H C H C H C H C H C H C H C H C H C H C H C H C H C H C H C H C H C H C H C H C H C H C H C H / O T R T R T R T R T R T R T R T R T R T R T R T R T R T R T R T R T R T R T R T R T R T R T R T R T R T R T, [2, 4, 6, 8, 10, 12, 14, 16, 18, 20, 22, 24, 26, 28, 30, 32, 34, 36, 38, 40, 42, 44, 46, 48, 50, 52] - [-256198708, -1332477942, -1332477942, -1332477942, -1332477942, -1332477942, -1332477942, -1332477942, -1332477942, -1332477942, -1332477942, -1332477942, -1332477942, -1332477942, -1332477942, -1332477942, -1332477942, -1332477942, -1332477942, -1332477942, -1332477942, -1332477942, -1332477942, -1332477942, -1332477942, -1332477942]]
16456403 [main] INFO de.learnlib.api.logging.LoggingBlackBoxProperty - Property violated: '(!(true U (letter == "H")) || ((!(letter == "E") || (!(letter == "H") U ((letter == "S") && !(letter == "H")))) U (letter == "H")))'
16456403 [main] INFO de.learnlib.api.logging.LoggingBlackBoxProperty - Counter example for property: OmegaQuery[ε|I F E A H C H C H C H C H C H C H C H C H C H C H C H C H C H C H C H C H C H C H C H C H C H C H C H C H C H C H / O T Y T T R T R T R T R T R T R T R T R T R T R T R T R T R T R T R T R T R T R T R T R T R T R T R T R T R T R T, [5, 7, 9, 11, 13, 15, 17, 19, 21, 23, 25, 27, 29, 31, 33, 35, 37, 39, 41, 43, 45, 47, 49, 51, 53, 55] - [-1332481423, -1332481423, -1332481423, -1332481423, -1332481423, -1332481423, -1332481423, -1332481423, -1332481423, -1332481423, -1332481423, -1332481423, -1332481423, -1332481423, -1332481423, -1332481423, -1332481423, -1332481423, -1332481423, -1332481423, -1332481423, -1332481423, -1332481423, -1332481423, -1332481423, -1332481423]]
16457656 [main] INFO de.learnlib.api.logging.LoggingBlackBoxProperty - Property violated: '(false R (!((letter == "D") && (true U (letter == "Y"))) || (((letter == "E") && (!X (!(letter == "Y") U (letter == "I")) || X (!(letter == "Y") U ((letter == "I") && (true U (letter == "P")))))) U (letter == "Y"))))'
16457656 [main] INFO de.learnlib.api.logging.LoggingBlackBoxProperty - Counter example for property: OmegaQuery[ε|E H D D F D G C C E B F F D E D F D G C C E B F F D E D F D G C C E B F F D E D F D G C C E B F F D E D F D G C C E B F F D E D F D G C C E B F F D E D F D G C C E B F F D E D F D G C C E B F F D E D F D G C C E B F F D E D F D G C C E B F F D E D F D G C C E B F F D E D F D G C C E B F F D E D F D G C C E B F F D E D F D G C C E B F F D E D F D G C C E B F F D E D F D G C C E B F F D E D F D G C C E B F F D E D F D G C C E B F F D E D F D G C C E B F F D E D F D G C C E B F F D E D F D G C C E B F F D E D F D G C C E B F F D E D F D G C C E B F F D E D F D G C C E B F F D E D F D G C C E B F F D E D F D G C C E B F F D E D F D G C C / W S X W W P R S Y W X W Y U R W W P R S Y W X W Y U R W W P R S Y W X W Y U R W W P R S Y W X W Y U R W W P R S Y W X W Y U R W W P R S Y W X W Y U R W W P R S Y W X W Y U R W W P R S Y W X W Y U R W W P R S Y W X W Y U R W W P R S Y W X W Y U R W W P R S Y W X W Y U R W W P R S Y W X W Y U R W W P R S Y W X W Y U R W W P R S Y W X W Y U R W W P R S Y W X W Y U R W W P R S Y W X W Y U R W W P R S Y W X W Y U R W W P R S Y W X W Y U R W W P R S Y W X W Y U R W W P R S Y W X W Y U R W W P R S Y W X W Y U R W W P R S Y W X W Y U R W W P R S Y W X W Y U R W W P R S Y W X W Y U R W W P R S Y W X W Y U R W W P R S Y W X W Y U R W W P R S Y, [9, 21, 33, 45, 57, 69, 81, 93, 105, 117, 129, 141, 153, 165, 177, 189, 201, 213, 225, 237, 249, 261, 273, 285, 297, 309] - [376319382, 376305517, 376305517, 376305517, 376305517, 376305517, 376305517, 376305517, 376305517, 376305517, 376305517, 376305517, 376305517, 376305517, 376305517, 376305517, 376305517, 376305517, 376305517, 376305517, 376305517, 376305517, 376305517, 376305517, 376305517, 376305517]]
16458054 [main] INFO de.learnlib.api.logging.LoggingBlackBoxProperty - Property violated: '((false R !(letter == "S")) || (!(letter == "S") U ((letter == "S") && (!(true U (letter == "P")) || (!(letter == "P") U (((letter == "O") && !(letter == "P")) && X (!(letter == "P") U (letter == "I"))))))))'
16458054 [main] INFO de.learnlib.api.logging.LoggingBlackBoxProperty - Counter example for property: OmegaQuery[ε|I F C F C A E I F I B I I I I I I I I I I I I I I I I I I I I I I I I I I / O T R Y T S Y Z P S Z V V V V V V V V V V V V V V V V V V V V V V V V V V, [11, 12, 13, 14, 15, 16, 17, 18, 19, 20, 21, 22, 23, 24, 25, 26, 27, 28, 29, 30, 31, 32, 33, 34, 35, 36] - [797754588, 797754588, 797754588, 797754588, 797754588, 797754588, 797754588, 797754588, 797754588, 797754588, 797754588, 797754588, 797754588, 797754588, 797754588, 797754588, 797754588, 797754588, 797754588, 797754588, 797754588, 797754588, 797754588, 797754588, 797754588, 797754588]]
16458922 [main] INFO de.learnlib.api.logging.LoggingBlackBoxProperty - Property violated: '(false R (!(letter == "H") || ((!(letter == "E") || (!(letter == "X") U (((letter == "U") && !(letter == "X")) && X (!(letter == "X") U (letter == "V"))))) U ((letter == "X") || (false R (!(letter == "E") || ((letter == "U") && X (true U (letter == "V")))))))))'
16458922 [main] INFO de.learnlib.api.logging.LoggingBlackBoxProperty - Counter example for property: OmegaQuery[ε|I F C H C F C A E I E E E E E E E E E E E E E E E E E E E E E E E E E E / O T R T R Y T S Y Z Z Z Z Z Z Z Z Z Z Z Z Z Z Z Z Z Z Z Z Z Z Z Z Z Z Z, [10, 11, 12, 13, 14, 15, 16, 17, 18, 19, 20, 21, 22, 23, 24, 25, 26, 27, 28, 29, 30, 31, 32, 33, 34, 35] - [-1887868677, -1887868677, -1887868677, -1887868677, -1887868677, -1887868677, -1887868677, -1887868677, -1887868677, -1887868677, -1887868677, -1887868677, -1887868677, -1887868677, -1887868677, -1887868677, -1887868677, -1887868677, -1887868677, -1887868677, -1887868677, -1887868677, -1887868677, -1887868677, -1887868677, -1887868677]]
16459508 [main] INFO de.learnlib.api.logging.LoggingBlackBoxProperty - Property violated: '(false R (!(letter == "H") || (true U ((letter == "V") && X (true U (letter == "U"))))))'
16459509 [main] INFO de.learnlib.api.logging.LoggingBlackBoxProperty - Counter example for property: OmegaQuery[ε|I F C H C H C H C H C H C H C H C H C H C H C H C H C H C H C H C H C H C H C H C H C H C H C H C H C H C H C H / O T R T R T R T R T R T R T R T R T R T R T R T R T R T R T R T R T R T R T R T R T R T R T R T R T R T R T R T, [4, 6, 8, 10, 12, 14, 16, 18, 20, 22, 24, 26, 28, 30, 32, 34, 36, 38, 40, 42, 44, 46, 48, 50, 52, 54] - [-1332477942, -1332477942, -1332477942, -1332477942, -1332477942, -1332477942, -1332477942, -1332477942, -1332477942, -1332477942, -1332477942, -1332477942, -1332477942, -1332477942, -1332477942, -1332477942, -1332477942, -1332477942, -1332477942, -1332477942, -1332477942, -1332477942, -1332477942, -1332477942, -1332477942, -1332477942]]
16459734 [main] INFO de.learnlib.api.logging.LoggingBlackBoxProperty - Property violated: '(!(true U (letter == "P")) || (((letter == "E") && (!X (!(letter == "P") U (letter == "H")) || X (!(letter == "P") U ((letter == "H") && (true U (letter == "U")))))) U (letter == "P")))'
16459735 [main] INFO de.learnlib.api.logging.LoggingBlackBoxProperty - Counter example for property: OmegaQuery[ε|I F C F C A E I F I B I I I I I I I I I I I I I I I I I I I I I I I I I I / O T R Y T S Y Z P S Z V V V V V V V V V V V V V V V V V V V V V V V V V V, [11, 12, 13, 14, 15, 16, 17, 18, 19, 20, 21, 22, 23, 24, 25, 26, 27, 28, 29, 30, 31, 32, 33, 34, 35, 36] - [797754588, 797754588, 797754588, 797754588, 797754588, 797754588, 797754588, 797754588, 797754588, 797754588, 797754588, 797754588, 797754588, 797754588, 797754588, 797754588, 797754588, 797754588, 797754588, 797754588, 797754588, 797754588, 797754588, 797754588, 797754588, 797754588]]
16460786 [main] INFO de.learnlib.api.logging.LoggingBlackBoxProperty - Property violated: '((false R !(letter == "H")) || (!(letter == "H") U ((letter == "H") && (!(true U (letter == "X")) || (!(letter == "X") U (((letter == "A") && !(letter == "X")) && X (!(letter == "X") U (letter == "J"))))))))'
16460787 [main] INFO de.learnlib.api.logging.LoggingBlackBoxProperty - Counter example for property: OmegaQuery[ε|I F C H C F C A E B B I I I I I I I I I I I I I I I I I I I I I I I I I I / O T R T R Y T S Y X Z V V V V V V V V V V V V V V V V V V V V V V V V V V, [11, 12, 13, 14, 15, 16, 17, 18, 19, 20, 21, 22, 23, 24, 25, 26, 27, 28, 29, 30, 31, 32, 33, 34, 35, 36] - [797726740, 797726740, 797726740, 797726740, 797726740, 797726740, 797726740, 797726740, 797726740, 797726740, 797726740, 797726740, 797726740, 797726740, 797726740, 797726740, 797726740, 797726740, 797726740, 797726740, 797726740, 797726740, 797726740, 797726740, 797726740, 797726740]]
16461509 [main] INFO de.learnlib.api.logging.LoggingBlackBoxProperty - Property violated: '((false R !(letter == "E")) || (!(letter == "E") U ((letter == "E") && (!(true U ((letter == "R") && X (true U (letter == "O")))) || (!(letter == "R") U (letter == "P"))))))'
16461510 [main] INFO de.learnlib.api.logging.LoggingBlackBoxProperty - Counter example for property: OmegaQuery[ε|I F E A H C F C A B A A B I I I I I I I I I I I I I I I I I I I I I I I I I I / O T Y T T R Y T S Z O S Z V V V V V V V V V V V V V V V V V V V V V V V V V V, [13, 14, 15, 16, 17, 18, 19, 20, 21, 22, 23, 24, 25, 26, 27, 28, 29, 30, 31, 32, 33, 34, 35, 36, 37, 38] - [809826696, 809826696, 809826696, 809826696, 809826696, 809826696, 809826696, 809826696, 809826696, 809826696, 809826696, 809826696, 809826696, 809826696, 809826696, 809826696, 809826696, 809826696, 809826696, 809826696, 809826696, 809826696, 809826696, 809826696, 809826696, 809826696]]
16461864 [main] INFO de.learnlib.api.logging.LoggingBlackBoxProperty - Property violated: '(false R (!((letter == "Z") && (true U (letter == "I"))) || (((letter == "H") && (!X (!(letter == "I") U (letter == "D")) || X (!(letter == "I") U ((letter == "D") && (true U (letter == "W")))))) U (letter == "I"))))'
16461864 [main] INFO de.learnlib.api.logging.LoggingBlackBoxProperty - Counter example for property: OmegaQuery[ε|I F C F C A B I I I I I I I I I I I I I I I I I I I I I I I I I I I / O T R Y T S Z V V V V V V V V V V V V V V V V V V V V V V V V V V V, [8, 9, 10, 11, 12, 13, 14, 15, 16, 17, 18, 19, 20, 21, 22, 23, 24, 25, 26, 27, 28, 29, 30, 31, 32, 33] - [809844101, 809844101, 809844101, 809844101, 809844101, 809844101, 809844101, 809844101, 809844101, 809844101, 809844101, 809844101, 809844101, 809844101, 809844101, 809844101, 809844101, 809844101, 809844101, 809844101, 809844101, 809844101, 809844101, 809844101, 809844101, 809844101]]
16462448 [main] INFO de.learnlib.api.logging.LoggingBlackBoxProperty - Property violated: '(false R (!((letter == "P") && (true U (letter == "Z"))) || (((letter == "A") && (!X (!(letter == "Z") U (letter == "J")) || X (!(letter == "Z") U ((letter == "J") && (true U (letter == "V")))))) U (letter == "Z"))))'
16462448 [main] INFO de.learnlib.api.logging.LoggingBlackBoxProperty - Counter example for property: OmegaQuery[ε|I F C F C A E I F I B I I I I I I I I I I I I I I I I I I I I I I I I I I / O T R Y T S Y Z P S Z V V V V V V V V V V V V V V V V V V V V V V V V V V, [11, 12, 13, 14, 15, 16, 17, 18, 19, 20, 21, 22, 23, 24, 25, 26, 27, 28, 29, 30, 31, 32, 33, 34, 35, 36] - [797754588, 797754588, 797754588, 797754588, 797754588, 797754588, 797754588, 797754588, 797754588, 797754588, 797754588, 797754588, 797754588, 797754588, 797754588, 797754588, 797754588, 797754588, 797754588, 797754588, 797754588, 797754588, 797754588, 797754588, 797754588, 797754588]]
16462957 [main] INFO de.learnlib.api.logging.LoggingBlackBoxProperty - Property violated: '(false R (!(letter == "I") || (true U (letter == "W"))))'
16462958 [main] INFO de.learnlib.api.logging.LoggingBlackBoxProperty - Counter example for property: OmegaQuery[ε|I F C H C H C H C H C H C H C H C H C H C H C H C H C H C H C H C H C H C H C H C H C H C H C H C H C H C H / O T R T R T R T R T R T R T R T R T R T R T R T R T R T R T R T R T R T R T R T R T R T R T R T R T R T R T, [2, 4, 6, 8, 10, 12, 14, 16, 18, 20, 22, 24, 26, 28, 30, 32, 34, 36, 38, 40, 42, 44, 46, 48, 50, 52] - [-256198708, -1332477942, -1332477942, -1332477942, -1332477942, -1332477942, -1332477942, -1332477942, -1332477942, -1332477942, -1332477942, -1332477942, -1332477942, -1332477942, -1332477942, -1332477942, -1332477942, -1332477942, -1332477942, -1332477942, -1332477942, -1332477942, -1332477942, -1332477942, -1332477942, -1332477942]]
16463150 [main] INFO de.learnlib.api.logging.LoggingBlackBoxProperty - Property violated: '(false R (!(letter == "R") || (false R (!(letter == "E") || ((letter == "O") && X (true U (letter == "V")))))))'
16463150 [main] INFO de.learnlib.api.logging.LoggingBlackBoxProperty - Counter example for property: OmegaQuery[ε|I F C H E A H E A H E A H E A H E A H E A H E A H E A H E A H E A H E A H E A H E A H E A H E A H E A H E A H E A H E A H E A H E A H E A H E A H E A H E A H E A H E / O T R T Y T T Y T T Y T T Y T T Y T T Y T T Y T T Y T T Y T T Y T T Y T T Y T T Y T T Y T T Y T T Y T T Y T T Y T T Y T T Y T T Y T T Y T T Y T T Y T T Y T T Y T T Y, [5, 8, 11, 14, 17, 20, 23, 26, 29, 32, 35, 38, 41, 44, 47, 50, 53, 56, 59, 62, 65, 68, 71, 74, 77, 80] - [-512668464, -512671945, -512675426, -512678907, -512682388, -512685869, -512689350, -512692831, -512696312, -512661502, -512664983, -512668464, -512671945, -512675426, -512678907, -512682388, -512685869, -512689350, -512692831, -512696312, -512661502, -512664983, -512668464, -512671945, -512675426, -512678907]]
16463350 [main] INFO de.learnlib.api.logging.LoggingBlackBoxProperty - Property violated: '(false R (!(letter == "I") || (true U ((letter == "P") && X (true U (letter == "Q"))))))'
16463350 [main] INFO de.learnlib.api.logging.LoggingBlackBoxProperty - Counter example for property: OmegaQuery[ε|I F C H C H C H C H C H C H C H C H C H C H C H C H C H C H C H C H C H C H C H C H C H C H C H C H C H C H / O T R T R T R T R T R T R T R T R T R T R T R T R T R T R T R T R T R T R T R T R T R T R T R T R T R T R T, [2, 4, 6, 8, 10, 12, 14, 16, 18, 20, 22, 24, 26, 28, 30, 32, 34, 36, 38, 40, 42, 44, 46, 48, 50, 52] - [-256198708, -1332477942, -1332477942, -1332477942, -1332477942, -1332477942, -1332477942, -1332477942, -1332477942, -1332477942, -1332477942, -1332477942, -1332477942, -1332477942, -1332477942, -1332477942, -1332477942, -1332477942, -1332477942, -1332477942, -1332477942, -1332477942, -1332477942, -1332477942, -1332477942, -1332477942]]
16463842 [main] INFO de.learnlib.api.logging.LoggingBlackBoxProperty - Property violated: '(false R (!(letter == "H") || (true U ((letter == "T") && X (true U (letter == "S"))))))'
16463842 [main] INFO de.learnlib.api.logging.LoggingBlackBoxProperty - Counter example for property: OmegaQuery[ε|I F C H C H C H C H C H C H C H C H C H C H C H C H C H C H C H C H C H C H C H C H C H C H C H C H C H C H C H / O T R T R T R T R T R T R T R T R T R T R T R T R T R T R T R T R T R T R T R T R T R T R T R T R T R T R T R T, [4, 6, 8, 10, 12, 14, 16, 18, 20, 22, 24, 26, 28, 30, 32, 34, 36, 38, 40, 42, 44, 46, 48, 50, 52, 54] - [-1332477942, -1332477942, -1332477942, -1332477942, -1332477942, -1332477942, -1332477942, -1332477942, -1332477942, -1332477942, -1332477942, -1332477942, -1332477942, -1332477942, -1332477942, -1332477942, -1332477942, -1332477942, -1332477942, -1332477942, -1332477942, -1332477942, -1332477942, -1332477942, -1332477942, -1332477942]]
16464051 [main] INFO de.learnlib.api.logging.LoggingBlackBoxProperty - Property violated: '(!(true U (letter == "R")) || ((!(letter == "F") || (!(letter == "R") U ((((letter == "U") && !(letter == "R")) && !(letter == "W")) && X ((!(letter == "R") && !(letter == "W")) U (letter == "S"))))) U (letter == "R")))'
16464051 [main] INFO de.learnlib.api.logging.LoggingBlackBoxProperty - Counter example for property: OmegaQuery[ε|I F C H C H C H C H C H C H C H C H C H C H C H C H C H C H C H C H C H C H C H C H C H C H C H C H C H C H C / O T R T R T R T R T R T R T R T R T R T R T R T R T R T R T R T R T R T R T R T R T R T R T R T R T R T R T R, [3, 5, 7, 9, 11, 13, 15, 17, 19, 21, 23, 25, 27, 29, 31, 33, 35, 37, 39, 41, 43, 45, 47, 49, 51, 53] - [-1332477940, -1332477940, -1332477940, -1332477940, -1332477940, -1332477940, -1332477940, -1332477940, -1332477940, -1332477940, -1332477940, -1332477940, -1332477940, -1332477940, -1332477940, -1332477940, -1332477940, -1332477940, -1332477940, -1332477940, -1332477940, -1332477940, -1332477940, -1332477940, -1332477940, -1332477940]]
16464502 [main] INFO de.learnlib.api.logging.LoggingBlackBoxProperty - Property violated: '(false R (!(letter == "I") || (true U ((letter == "Q") && X (true U (letter == "V"))))))'
16464502 [main] INFO de.learnlib.api.logging.LoggingBlackBoxProperty - Counter example for property: OmegaQuery[ε|I F C H C H C H C H C H C H C H C H C H C H C H C H C H C H C H C H C H C H C H C H C H C H C H C H C H C H / O T R T R T R T R T R T R T R T R T R T R T R T R T R T R T R T R T R T R T R T R T R T R T R T R T R T R T, [2, 4, 6, 8, 10, 12, 14, 16, 18, 20, 22, 24, 26, 28, 30, 32, 34, 36, 38, 40, 42, 44, 46, 48, 50, 52] - [-256198708, -1332477942, -1332477942, -1332477942, -1332477942, -1332477942, -1332477942, -1332477942, -1332477942, -1332477942, -1332477942, -1332477942, -1332477942, -1332477942, -1332477942, -1332477942, -1332477942, -1332477942, -1332477942, -1332477942, -1332477942, -1332477942, -1332477942, -1332477942, -1332477942, -1332477942]]
16464761 [main] INFO de.learnlib.api.logging.LoggingBlackBoxProperty - Property violated: '(false R (!(letter == "F") || ((!(letter == "C") || (!(letter == "O") U ((((letter == "Y") && !(letter == "O")) && !(letter == "R")) && X ((!(letter == "O") && !(letter == "R")) U (letter == "T"))))) U ((letter == "O") || (false R (!(letter == "C") || (((letter == "Y") && !(letter == "R")) && X (!(letter == "R") U (letter == "T")))))))))'
16464761 [main] INFO de.learnlib.api.logging.LoggingBlackBoxProperty - Counter example for property: OmegaQuery[ε|I F C F G C H C H C H C H C H C H C H C H C H C H C H C H C H C H C H C H C H C H C H C H C H C H C H C H C H C H / O T R Y Y R T R T R T R T R T R T R T R T R T R T R T R T R T R T R T R T R T R T R T R T R T R T R T R T R T R T, [5, 7, 9, 11, 13, 15, 17, 19, 21, 23, 25, 27, 29, 31, 33, 35, 37, 39, 41, 43, 45, 47, 49, 51, 53, 55] - [809885633, -1332523195, -1332523195, -1332523195, -1332523195, -1332523195, -1332523195, -1332523195, -1332523195, -1332523195, -1332523195, -1332523195, -1332523195, -1332523195, -1332523195, -1332523195, -1332523195, -1332523195, -1332523195, -1332523195, -1332523195, -1332523195, -1332523195, -1332523195, -1332523195, -1332523195]]
16465302 [main] INFO de.learnlib.api.logging.LoggingBlackBoxProperty - Property violated: '((false R !(letter == "E")) || (true U ((letter == "E") && (!(letter == "Z") W (letter == "T")))))'
16465302 [main] INFO de.learnlib.api.logging.LoggingBlackBoxProperty - Counter example for property: OmegaQuery[ε|I F C F C A E I I I I I I I I I I I I I I I I I I I I I I I I I I I / O T R Y T S Y Z Z Z Z Z Z Z Z Z Z Z Z Z Z Z Z Z Z Z Z Z Z Z Z Z Z Z, [8, 9, 10, 11, 12, 13, 14, 15, 16, 17, 18, 19, 20, 21, 22, 23, 24, 25, 26, 27, 28, 29, 30, 31, 32, 33] - [-1887868677, -1887868677, -1887868677, -1887868677, -1887868677, -1887868677, -1887868677, -1887868677, -1887868677, -1887868677, -1887868677, -1887868677, -1887868677, -1887868677, -1887868677, -1887868677, -1887868677, -1887868677, -1887868677, -1887868677, -1887868677, -1887868677, -1887868677, -1887868677, -1887868677, -1887868677]]
16465538 [main] INFO de.learnlib.api.logging.LoggingBlackBoxProperty - Property violated: '(false R ((letter == "P") && (!!(letter == "W") || ((!(letter == "I") || (!(letter == "W") U ((letter == "Y") && !(letter == "W")))) W (letter == "W")))))'
16465538 [main] INFO de.learnlib.api.logging.LoggingBlackBoxProperty - Counter example for property: OmegaQuery[ε|I F C H C H C H C H C H C H C H C H C H C H C H C H C H C H C H C H C H C H C H C H C H C H C H C H C H C H / O T R T R T R T R T R T R T R T R T R T R T R T R T R T R T R T R T R T R T R T R T R T R T R T R T R T R T, [2, 4, 6, 8, 10, 12, 14, 16, 18, 20, 22, 24, 26, 28, 30, 32, 34, 36, 38, 40, 42, 44, 46, 48, 50, 52] - [-256198708, -1332477942, -1332477942, -1332477942, -1332477942, -1332477942, -1332477942, -1332477942, -1332477942, -1332477942, -1332477942, -1332477942, -1332477942, -1332477942, -1332477942, -1332477942, -1332477942, -1332477942, -1332477942, -1332477942, -1332477942, -1332477942, -1332477942, -1332477942, -1332477942, -1332477942]]
16466742 [main] INFO de.learnlib.api.logging.LoggingBlackBoxProperty - Property violated: '(!(letter == "S") W (letter == "X"))'
16466742 [main] INFO de.learnlib.api.logging.LoggingBlackBoxProperty - Counter example for property: OmegaQuery[ε|I F C F C A B I I I I I I I I I I I I I I I I I I I I I I I I I I / O T R Y T S Z V V V V V V V V V V V V V V V V V V V V V V V V V V, [7, 8, 9, 10, 11, 12, 13, 14, 15, 16, 17, 18, 19, 20, 21, 22, 23, 24, 25, 26, 27, 28, 29, 30, 31, 32] - [809844101, 809844101, 809844101, 809844101, 809844101, 809844101, 809844101, 809844101, 809844101, 809844101, 809844101, 809844101, 809844101, 809844101, 809844101, 809844101, 809844101, 809844101, 809844101, 809844101, 809844101, 809844101, 809844101, 809844101, 809844101, 809844101]]
16467627 [main] INFO de.learnlib.api.logging.LoggingBlackBoxProperty - Property violated: '(false R (!(letter == "H") || (true U ((letter == "V") && X (true U (letter == "Y"))))))'
16467627 [main] INFO de.learnlib.api.logging.LoggingBlackBoxProperty - Counter example for property: OmegaQuery[ε|I F C H C H C H C H C H C H C H C H C H C H C H C H C H C H C H C H C H C H C H C H C H C H C H C H C H C H C H / O T R T R T R T R T R T R T R T R T R T R T R T R T R T R T R T R T R T R T R T R T R T R T R T R T R T R T R T, [4, 6, 8, 10, 12, 14, 16, 18, 20, 22, 24, 26, 28, 30, 32, 34, 36, 38, 40, 42, 44, 46, 48, 50, 52, 54] - [-1332477942, -1332477942, -1332477942, -1332477942, -1332477942, -1332477942, -1332477942, -1332477942, -1332477942, -1332477942, -1332477942, -1332477942, -1332477942, -1332477942, -1332477942, -1332477942, -1332477942, -1332477942, -1332477942, -1332477942, -1332477942, -1332477942, -1332477942, -1332477942, -1332477942, -1332477942]]
16468113 [main] INFO de.learnlib.api.logging.LoggingBlackBoxProperty - Property violated: '((false R !(letter == "Z")) || (true U ((letter == "Z") && (!(letter == "V") W (letter == "O")))))'
16468113 [main] INFO de.learnlib.api.logging.LoggingBlackBoxProperty - Counter example for property: OmegaQuery[ε|I F C F C A B I I I I I I I I I I I I I I I I I I I I I I I I I I I / O T R Y T S Z V V V V V V V V V V V V V V V V V V V V V V V V V V V, [8, 9, 10, 11, 12, 13, 14, 15, 16, 17, 18, 19, 20, 21, 22, 23, 24, 25, 26, 27, 28, 29, 30, 31, 32, 33] - [809844101, 809844101, 809844101, 809844101, 809844101, 809844101, 809844101, 809844101, 809844101, 809844101, 809844101, 809844101, 809844101, 809844101, 809844101, 809844101, 809844101, 809844101, 809844101, 809844101, 809844101, 809844101, 809844101, 809844101, 809844101, 809844101]]
16468356 [main] INFO de.learnlib.api.logging.LoggingBlackBoxProperty - Property violated: '((false R !(letter == "H")) || (!(letter == "H") U ((letter == "H") && (!(true U ((letter == "S") && X (true U (letter == "X")))) || (!(letter == "S") U (letter == "V"))))))'
16468357 [main] INFO de.learnlib.api.logging.LoggingBlackBoxProperty - Counter example for property: OmegaQuery[ε|I F C H C F C A E B B I I I I I I I I I I I I I I I I I I I I I I I I I I / O T R T R Y T S Y X Z V V V V V V V V V V V V V V V V V V V V V V V V V V, [11, 12, 13, 14, 15, 16, 17, 18, 19, 20, 21, 22, 23, 24, 25, 26, 27, 28, 29, 30, 31, 32, 33, 34, 35, 36] - [797726740, 797726740, 797726740, 797726740, 797726740, 797726740, 797726740, 797726740, 797726740, 797726740, 797726740, 797726740, 797726740, 797726740, 797726740, 797726740, 797726740, 797726740, 797726740, 797726740, 797726740, 797726740, 797726740, 797726740, 797726740, 797726740]]
16468881 [main] INFO de.learnlib.api.logging.LoggingBlackBoxProperty - Property violated: '(false R ((letter == "Y") && (!!(letter == "R") || (!(letter == "U") W ((letter == "D") || (letter == "R"))))))'
16468881 [main] INFO de.learnlib.api.logging.LoggingBlackBoxProperty - Counter example for property: OmegaQuery[ε|I F C H C H C H C H C H C H C H C H C H C H C H C H C H C H C H C H C H C H C H C H C H C H C H C H C H C H / O T R T R T R T R T R T R T R T R T R T R T R T R T R T R T R T R T R T R T R T R T R T R T R T R T R T R T, [2, 4, 6, 8, 10, 12, 14, 16, 18, 20, 22, 24, 26, 28, 30, 32, 34, 36, 38, 40, 42, 44, 46, 48, 50, 52] - [-256198708, -1332477942, -1332477942, -1332477942, -1332477942, -1332477942, -1332477942, -1332477942, -1332477942, -1332477942, -1332477942, -1332477942, -1332477942, -1332477942, -1332477942, -1332477942, -1332477942, -1332477942, -1332477942, -1332477942, -1332477942, -1332477942, -1332477942, -1332477942, -1332477942, -1332477942]]
16469093 [main] INFO de.learnlib.api.logging.LoggingBlackBoxProperty - Property violated: '(false R (!(letter == "E") || (true U (letter == "S"))))'
16469093 [main] INFO de.learnlib.api.logging.LoggingBlackBoxProperty - Counter example for property: OmegaQuery[ε|I F C F C A E I E I I I I I I I I I I I I I I I I I I I I I I I I I I / O T R Y T S Y Z Z Z Z Z Z Z Z Z Z Z Z Z Z Z Z Z Z Z Z Z Z Z Z Z Z Z Z, [9, 10, 11, 12, 13, 14, 15, 16, 17, 18, 19, 20, 21, 22, 23, 24, 25, 26, 27, 28, 29, 30, 31, 32, 33, 34] - [-1887868677, -1887868677, -1887868677, -1887868677, -1887868677, -1887868677, -1887868677, -1887868677, -1887868677, -1887868677, -1887868677, -1887868677, -1887868677, -1887868677, -1887868677, -1887868677, -1887868677, -1887868677, -1887868677, -1887868677, -1887868677, -1887868677, -1887868677, -1887868677, -1887868677, -1887868677]]
16470545 [main] INFO de.learnlib.api.logging.LoggingBlackBoxProperty - Property violated: '(false R (!(letter == "A") || (false R ((letter == "B") && (!X (true U (letter == "F")) || X (!(letter == "F") U ((letter == "F") && (true U (letter == "Q")))))))))'
16470545 [main] INFO de.learnlib.api.logging.LoggingBlackBoxProperty - Counter example for property: OmegaQuery[ε|I F C F C A B I I I I I I I I I I I I I I I I I I I I I I I I I I / O T R Y T S Z V V V V V V V V V V V V V V V V V V V V V V V V V V, [7, 8, 9, 10, 11, 12, 13, 14, 15, 16, 17, 18, 19, 20, 21, 22, 23, 24, 25, 26, 27, 28, 29, 30, 31, 32] - [809844101, 809844101, 809844101, 809844101, 809844101, 809844101, 809844101, 809844101, 809844101, 809844101, 809844101, 809844101, 809844101, 809844101, 809844101, 809844101, 809844101, 809844101, 809844101, 809844101, 809844101, 809844101, 809844101, 809844101, 809844101, 809844101]]
16471462 [main] INFO de.learnlib.api.logging.LoggingBlackBoxProperty - Property violated: '(false R (!(letter == "S") || (false R ((letter == "J") && (!X (true U (letter == "I")) || X (!(letter == "I") U ((letter == "I") && (true U (letter == "Z")))))))))'
16471462 [main] INFO de.learnlib.api.logging.LoggingBlackBoxProperty - Counter example for property: OmegaQuery[ε|I F C F C A B I I I I I I I I I I I I I I I I I I I I I I I I I I / O T R Y T S Z V V V V V V V V V V V V V V V V V V V V V V V V V V, [7, 8, 9, 10, 11, 12, 13, 14, 15, 16, 17, 18, 19, 20, 21, 22, 23, 24, 25, 26, 27, 28, 29, 30, 31, 32] - [809844101, 809844101, 809844101, 809844101, 809844101, 809844101, 809844101, 809844101, 809844101, 809844101, 809844101, 809844101, 809844101, 809844101, 809844101, 809844101, 809844101, 809844101, 809844101, 809844101, 809844101, 809844101, 809844101, 809844101, 809844101, 809844101]]
16471715 [main] INFO de.learnlib.api.logging.LoggingBlackBoxProperty - Property violated: '(false R (!(letter == "G") || (false R (!(letter == "H") || ((letter == "T") && X (true U (letter == "Q")))))))'
16471715 [main] INFO de.learnlib.api.logging.LoggingBlackBoxProperty - Counter example for property: OmegaQuery[ε|I F C F G C H C H C H C H C H C H C H C H C H C H C H C H C H C H C H C H C H C H C H C H C H C H C H C H C H C H C H / O T R Y Y R T R T R T R T R T R T R T R T R T R T R T R T R T R T R T R T R T R T R T R T R T R T R T R T R T R T R T, [7, 9, 11, 13, 15, 17, 19, 21, 23, 25, 27, 29, 31, 33, 35, 37, 39, 41, 43, 45, 47, 49, 51, 53, 55, 57] - [-1332523195, -1332523195, -1332523195, -1332523195, -1332523195, -1332523195, -1332523195, -1332523195, -1332523195, -1332523195, -1332523195, -1332523195, -1332523195, -1332523195, -1332523195, -1332523195, -1332523195, -1332523195, -1332523195, -1332523195, -1332523195, -1332523195, -1332523195, -1332523195, -1332523195, -1332523195]]
16472931 [main] INFO de.learnlib.api.logging.LoggingBlackBoxProperty - Property violated: '(!(true U (letter == "F")) || (((letter == "G") && (!X (!(letter == "F") U (letter == "B")) || X (!(letter == "F") U ((letter == "B") && (true U (letter == "V")))))) U (letter == "F")))'
16472931 [main] INFO de.learnlib.api.logging.LoggingBlackBoxProperty - Counter example for property: OmegaQuery[ε|I F C H C H C H C H C H C H C H C H C H C H C H C H C H C H C H C H C H C H C H C H C H C H C H C H C H C H / O T R T R T R T R T R T R T R T R T R T R T R T R T R T R T R T R T R T R T R T R T R T R T R T R T R T R T, [2, 4, 6, 8, 10, 12, 14, 16, 18, 20, 22, 24, 26, 28, 30, 32, 34, 36, 38, 40, 42, 44, 46, 48, 50, 52] - [-256198708, -1332477942, -1332477942, -1332477942, -1332477942, -1332477942, -1332477942, -1332477942, -1332477942, -1332477942, -1332477942, -1332477942, -1332477942, -1332477942, -1332477942, -1332477942, -1332477942, -1332477942, -1332477942, -1332477942, -1332477942, -1332477942, -1332477942, -1332477942, -1332477942, -1332477942]]
16474071 [main] INFO de.learnlib.api.logging.LoggingBlackBoxProperty - Property violated: '(false R (!(letter == "H") || ((!(letter == "C") || (!(letter == "O") U ((((letter == "X") && !(letter == "O")) && !(letter == "P")) && X ((!(letter == "O") && !(letter == "P")) U (letter == "Y"))))) U ((letter == "O") || (false R (!(letter == "C") || (((letter == "X") && !(letter == "P")) && X (!(letter == "P") U (letter == "Y")))))))))'
16474071 [main] INFO de.learnlib.api.logging.LoggingBlackBoxProperty - Counter example for property: OmegaQuery[ε|I F C H C H C H C H C H C H C H C H C H C H C H C H C H C H C H C H C H C H C H C H C H C H C H C H C H C H C H / O T R T R T R T R T R T R T R T R T R T R T R T R T R T R T R T R T R T R T R T R T R T R T R T R T R T R T R T, [4, 6, 8, 10, 12, 14, 16, 18, 20, 22, 24, 26, 28, 30, 32, 34, 36, 38, 40, 42, 44, 46, 48, 50, 52, 54] - [-1332477942, -1332477942, -1332477942, -1332477942, -1332477942, -1332477942, -1332477942, -1332477942, -1332477942, -1332477942, -1332477942, -1332477942, -1332477942, -1332477942, -1332477942, -1332477942, -1332477942, -1332477942, -1332477942, -1332477942, -1332477942, -1332477942, -1332477942, -1332477942, -1332477942, -1332477942]]
16474417 [main] INFO de.learnlib.api.logging.LoggingBlackBoxProperty - Property violated: '(!(true U (letter == "V")) || (!(((letter == "O") && !(letter == "V")) && X (!(letter == "V") U ((letter == "Z") && !(letter == "V")))) U ((letter == "V") || (letter == "B"))))'
16474417 [main] INFO de.learnlib.api.logging.LoggingBlackBoxProperty - Counter example for property: OmegaQuery[ε|I F C F C A B I I I I I I I I I I I I I I I I I I I I I I I I I I I / O T R Y T S Z V V V V V V V V V V V V V V V V V V V V V V V V V V V, [8, 9, 10, 11, 12, 13, 14, 15, 16, 17, 18, 19, 20, 21, 22, 23, 24, 25, 26, 27, 28, 29, 30, 31, 32, 33] - [809844101, 809844101, 809844101, 809844101, 809844101, 809844101, 809844101, 809844101, 809844101, 809844101, 809844101, 809844101, 809844101, 809844101, 809844101, 809844101, 809844101, 809844101, 809844101, 809844101, 809844101, 809844101, 809844101, 809844101, 809844101, 809844101]]
16475055 [main] INFO de.learnlib.api.logging.LoggingBlackBoxProperty - Property violated: '(false R (!((letter == "T") && (true U (letter == "B"))) || (((letter == "E") && (!X (!(letter == "B") U (letter == "G")) || X (!(letter == "B") U ((letter == "G") && (true U (letter == "O")))))) U (letter == "B"))))'
16475056 [main] INFO de.learnlib.api.logging.LoggingBlackBoxProperty - Counter example for property: OmegaQuery[ε|I F C F C A B I I I I I I I I I I I I I I I I I I I I I I I I I I / O T R Y T S Z V V V V V V V V V V V V V V V V V V V V V V V V V V, [7, 8, 9, 10, 11, 12, 13, 14, 15, 16, 17, 18, 19, 20, 21, 22, 23, 24, 25, 26, 27, 28, 29, 30, 31, 32] - [809844101, 809844101, 809844101, 809844101, 809844101, 809844101, 809844101, 809844101, 809844101, 809844101, 809844101, 809844101, 809844101, 809844101, 809844101, 809844101, 809844101, 809844101, 809844101, 809844101, 809844101, 809844101, 809844101, 809844101, 809844101, 809844101]]
16475576 [main] INFO de.learnlib.api.logging.LoggingBlackBoxProperty - Property violated: '(false R ((letter == "B") && (!!(letter == "F") || ((!(letter == "C") || (!(letter == "F") U ((letter == "X") && !(letter == "F")))) W (letter == "F")))))'
16475576 [main] INFO de.learnlib.api.logging.LoggingBlackBoxProperty - Counter example for property: OmegaQuery[ε|I F C H C H C H C H C H C H C H C H C H C H C H C H C H C H C H C H C H C H C H C H C H C H C H C H C H C H / O T R T R T R T R T R T R T R T R T R T R T R T R T R T R T R T R T R T R T R T R T R T R T R T R T R T R T, [2, 4, 6, 8, 10, 12, 14, 16, 18, 20, 22, 24, 26, 28, 30, 32, 34, 36, 38, 40, 42, 44, 46, 48, 50, 52] - [-256198708, -1332477942, -1332477942, -1332477942, -1332477942, -1332477942, -1332477942, -1332477942, -1332477942, -1332477942, -1332477942, -1332477942, -1332477942, -1332477942, -1332477942, -1332477942, -1332477942, -1332477942, -1332477942, -1332477942, -1332477942, -1332477942, -1332477942, -1332477942, -1332477942, -1332477942]]
16476154 [main] INFO de.learnlib.api.logging.LoggingBlackBoxProperty - Property violated: '(!(true U (letter == "X")) || (!(letter == "S") U ((letter == "Z") || (letter == "X"))))'
16476154 [main] INFO de.learnlib.api.logging.LoggingBlackBoxProperty - Counter example for property: OmegaQuery[ε|I F C F C A E B B I I I I I I I I I I I I I I I I I I I I I I I I I I / O T R Y T S Y X Z V V V V V V V V V V V V V V V V V V V V V V V V V V, [9, 10, 11, 12, 13, 14, 15, 16, 17, 18, 19, 20, 21, 22, 23, 24, 25, 26, 27, 28, 29, 30, 31, 32, 33, 34] - [797726740, 797726740, 797726740, 797726740, 797726740, 797726740, 797726740, 797726740, 797726740, 797726740, 797726740, 797726740, 797726740, 797726740, 797726740, 797726740, 797726740, 797726740, 797726740, 797726740, 797726740, 797726740, 797726740, 797726740, 797726740, 797726740]]
16476408 [main] INFO de.learnlib.api.logging.LoggingBlackBoxProperty - Property violated: '(!(true U (letter == "R")) || (!(letter == "R") U (((letter == "J") && !(letter == "R")) && X (!(letter == "R") U (letter == "D")))))'
16476408 [main] INFO de.learnlib.api.logging.LoggingBlackBoxProperty - Counter example for property: OmegaQuery[ε|I F C H C H C H C H C H C H C H C H C H C H C H C H C H C H C H C H C H C H C H C H C H C H C H C H C H C H C / O T R T R T R T R T R T R T R T R T R T R T R T R T R T R T R T R T R T R T R T R T R T R T R T R T R T R T R, [3, 5, 7, 9, 11, 13, 15, 17, 19, 21, 23, 25, 27, 29, 31, 33, 35, 37, 39, 41, 43, 45, 47, 49, 51, 53] - [-1332477940, -1332477940, -1332477940, -1332477940, -1332477940, -1332477940, -1332477940, -1332477940, -1332477940, -1332477940, -1332477940, -1332477940, -1332477940, -1332477940, -1332477940, -1332477940, -1332477940, -1332477940, -1332477940, -1332477940, -1332477940, -1332477940, -1332477940, -1332477940, -1332477940, -1332477940]]
16476607 [main] INFO de.learnlib.api.logging.LoggingBlackBoxProperty - Property violated: '(false R ((letter == "U") && (!!(letter == "D") || ((!(letter == "C") || (!(letter == "D") U ((letter == "T") && !(letter == "D")))) W (letter == "D")))))'
16476607 [main] INFO de.learnlib.api.logging.LoggingBlackBoxProperty - Counter example for property: OmegaQuery[ε|I F C H C H C H C H C H C H C H C H C H C H C H C H C H C H C H C H C H C H C H C H C H C H C H C H C H C H / O T R T R T R T R T R T R T R T R T R T R T R T R T R T R T R T R T R T R T R T R T R T R T R T R T R T R T, [2, 4, 6, 8, 10, 12, 14, 16, 18, 20, 22, 24, 26, 28, 30, 32, 34, 36, 38, 40, 42, 44, 46, 48, 50, 52] - [-256198708, -1332477942, -1332477942, -1332477942, -1332477942, -1332477942, -1332477942, -1332477942, -1332477942, -1332477942, -1332477942, -1332477942, -1332477942, -1332477942, -1332477942, -1332477942, -1332477942, -1332477942, -1332477942, -1332477942, -1332477942, -1332477942, -1332477942, -1332477942, -1332477942, -1332477942]]
16477638 [main] INFO de.learnlib.api.logging.LoggingBlackBoxProperty - Property violated: '(false R (!(letter == "E") || (true U (((letter == "S") && !(letter == "X")) && X (!(letter == "X") U (letter == "T"))))))'
16477638 [main] INFO de.learnlib.api.logging.LoggingBlackBoxProperty - Counter example for property: OmegaQuery[ε|I F C F C A E I I I I I I I I I I I I I I I I I I I I I I I I I I I / O T R Y T S Y Z Z Z Z Z Z Z Z Z Z Z Z Z Z Z Z Z Z Z Z Z Z Z Z Z Z Z, [8, 9, 10, 11, 12, 13, 14, 15, 16, 17, 18, 19, 20, 21, 22, 23, 24, 25, 26, 27, 28, 29, 30, 31, 32, 33] - [-1887868677, -1887868677, -1887868677, -1887868677, -1887868677, -1887868677, -1887868677, -1887868677, -1887868677, -1887868677, -1887868677, -1887868677, -1887868677, -1887868677, -1887868677, -1887868677, -1887868677, -1887868677, -1887868677, -1887868677, -1887868677, -1887868677, -1887868677, -1887868677, -1887868677, -1887868677]]
16477885 [main] INFO de.learnlib.api.logging.LoggingBlackBoxProperty - Property violated: '(false R (!(letter == "A") || (true U ((letter == "X") && X (true U (letter == "Q"))))))'
16477886 [main] INFO de.learnlib.api.logging.LoggingBlackBoxProperty - Counter example for property: OmegaQuery[ε|I F C F C A B I I I I I I I I I I I I I I I I I I I I I I I I I I / O T R Y T S Z V V V V V V V V V V V V V V V V V V V V V V V V V V, [7, 8, 9, 10, 11, 12, 13, 14, 15, 16, 17, 18, 19, 20, 21, 22, 23, 24, 25, 26, 27, 28, 29, 30, 31, 32] - [809844101, 809844101, 809844101, 809844101, 809844101, 809844101, 809844101, 809844101, 809844101, 809844101, 809844101, 809844101, 809844101, 809844101, 809844101, 809844101, 809844101, 809844101, 809844101, 809844101, 809844101, 809844101, 809844101, 809844101, 809844101, 809844101]]
16478773 [main] INFO de.learnlib.api.logging.LoggingBlackBoxProperty - Property violated: '(false R (!(((letter == "I") && !(letter == "P")) && (true U (letter == "P"))) || ((!(letter == "E") || (!(letter == "P") U ((letter == "S") && !(letter == "P")))) U (letter == "P"))))'
16478773 [main] INFO de.learnlib.api.logging.LoggingBlackBoxProperty - Counter example for property: OmegaQuery[ε|I F C F C A E I F I B I I I I I I I I I I I I I I I I I I I I I I I I I I / O T R Y T S Y Z P S Z V V V V V V V V V V V V V V V V V V V V V V V V V V, [11, 12, 13, 14, 15, 16, 17, 18, 19, 20, 21, 22, 23, 24, 25, 26, 27, 28, 29, 30, 31, 32, 33, 34, 35, 36] - [797754588, 797754588, 797754588, 797754588, 797754588, 797754588, 797754588, 797754588, 797754588, 797754588, 797754588, 797754588, 797754588, 797754588, 797754588, 797754588, 797754588, 797754588, 797754588, 797754588, 797754588, 797754588, 797754588, 797754588, 797754588, 797754588]]
16479434 [main] INFO de.learnlib.api.logging.LoggingBlackBoxProperty - Property violated: '(!(true U ((letter == "T") && X (true U (letter == "Y")))) || (!(letter == "T") U (letter == "W")))'
16479434 [main] INFO de.learnlib.api.logging.LoggingBlackBoxProperty - Counter example for property: OmegaQuery[ε|I F C F C A B I I I I I I I I I I I I I I I I I I I I I I I I I I / O T R Y T S Z V V V V V V V V V V V V V V V V V V V V V V V V V V, [7, 8, 9, 10, 11, 12, 13, 14, 15, 16, 17, 18, 19, 20, 21, 22, 23, 24, 25, 26, 27, 28, 29, 30, 31, 32] - [809844101, 809844101, 809844101, 809844101, 809844101, 809844101, 809844101, 809844101, 809844101, 809844101, 809844101, 809844101, 809844101, 809844101, 809844101, 809844101, 809844101, 809844101, 809844101, 809844101, 809844101, 809844101, 809844101, 809844101, 809844101, 809844101]]
